3

Victim model accuracy on test set = 0.9016


Loaded supervised labeled set of length  13500
Labeled set expanded to length  54000 , unique indices  13500
dataset root /home/ankita/scratch/data_msa_medical/GBUSV-Shared
Num of videos 64 frames 15800
15800
15800
Num of videos 64 frames 15800

  0%|          | 0/422 [00:00<?, ?it/s]
  0%|          | 1/422 [00:05<35:17,  5.03s/it]
  0%|          | 2/422 [00:06<19:18,  2.76s/it]
  1%|          | 3/422 [00:07<14:23,  2.06s/it]
  1%|          | 4/422 [00:08<11:56,  1.71s/it]
  1%|          | 5/422 [00:09<10:21,  1.49s/it]
  1%|▏         | 6/422 [00:10<09:27,  1.36s/it]
  2%|▏         | 7/422 [00:11<08:51,  1.28s/it]
  2%|▏         | 8/422 [00:13<08:28,  1.23s/it]
  2%|▏         | 9/422 [00:14<08:10,  1.19s/it]
  2%|▏         | 10/422 [00:15<08:01,  1.17s/it]
  3%|▎         | 11/422 [00:16<07:56,  1.16s/it]
  3%|▎         | 12/422 [00:17<07:45,  1.13s/it]
  3%|▎         | 13/422 [00:18<07:40,  1.13s/it]
  3%|▎         | 14/422 [00:19<07:31,  1.11s/it]
  4%|▎         | 15/422 [00:20<07:34,  1.12s/it]
  4%|▍         | 16/422 [00:21<07:35,  1.12s/it]
  4%|▍         | 17/422 [00:23<07:32,  1.12s/it]
  4%|▍         | 18/422 [00:24<07:27,  1.11s/it]
  5%|▍         | 19/422 [00:25<07:23,  1.10s/it]
  5%|▍         | 20/422 [00:26<07:16,  1.09s/it]
  5%|▍         | 21/422 [00:27<07:20,  1.10s/it]
  5%|▌         | 22/422 [00:28<07:25,  1.11s/it]
  5%|▌         | 23/422 [00:29<07:30,  1.13s/it]
  6%|▌         | 24/422 [00:30<07:34,  1.14s/it]
  6%|▌         | 25/422 [00:31<07:22,  1.11s/it]
  6%|▌         | 26/422 [00:33<07:22,  1.12s/it]
  6%|▋         | 27/422 [00:34<07:16,  1.11s/it]
  7%|▋         | 28/422 [00:35<07:16,  1.11s/it]
  7%|▋         | 29/422 [00:36<07:17,  1.11s/it]
  7%|▋         | 30/422 [00:37<07:10,  1.10s/it]
  7%|▋         | 31/422 [00:38<07:08,  1.10s/it]
  8%|▊         | 32/422 [00:39<07:02,  1.08s/it]
  8%|▊         | 33/422 [00:40<07:08,  1.10s/it]
  8%|▊         | 34/422 [00:41<07:08,  1.10s/it]
  8%|▊         | 35/422 [00:42<07:01,  1.09s/it]
  9%|▊         | 36/422 [00:44<07:06,  1.11s/it]
  9%|▉         | 37/422 [00:45<07:08,  1.11s/it]
  9%|▉         | 38/422 [00:46<07:08,  1.12s/it]
  9%|▉         | 39/422 [00:47<07:05,  1.11s/it]
  9%|▉         | 40/422 [00:48<07:10,  1.13s/it]
 10%|▉         | 41/422 [00:49<07:01,  1.11s/it]
 10%|▉         | 42/422 [00:50<07:23,  1.17s/it]
 10%|█         | 43/422 [00:52<07:15,  1.15s/it]
 10%|█         | 44/422 [00:53<07:13,  1.15s/it]
 11%|█         | 45/422 [00:54<07:46,  1.24s/it]
 11%|█         | 46/422 [00:55<07:52,  1.26s/it]
 11%|█         | 47/422 [00:57<08:11,  1.31s/it]
 11%|█▏        | 48/422 [00:58<08:14,  1.32s/it]
 12%|█▏        | 49/422 [00:59<07:58,  1.28s/it]
 12%|█▏        | 50/422 [01:01<07:49,  1.26s/it]
 12%|█▏        | 51/422 [01:02<08:14,  1.33s/it]
 12%|█▏        | 52/422 [01:04<08:23,  1.36s/it]
 13%|█▎        | 53/422 [01:05<08:39,  1.41s/it]
 13%|█▎        | 54/422 [01:06<08:39,  1.41s/it]
 13%|█▎        | 55/422 [01:08<09:01,  1.48s/it]
 13%|█▎        | 56/422 [01:10<09:05,  1.49s/it]
 14%|█▎        | 57/422 [01:11<08:55,  1.47s/it]
 14%|█▎        | 58/422 [01:12<08:43,  1.44s/it]
 14%|█▍        | 59/422 [01:14<09:22,  1.55s/it]
 14%|█▍        | 60/422 [01:16<09:27,  1.57s/it]
 14%|█▍        | 61/422 [01:18<09:39,  1.61s/it]
 15%|█▍        | 62/422 [01:19<09:42,  1.62s/it]
 15%|█▍        | 63/422 [01:21<09:27,  1.58s/it]
 15%|█▌        | 64/422 [01:23<10:42,  1.79s/it]
 15%|█▌        | 65/422 [01:24<09:53,  1.66s/it]
 16%|█▌        | 66/422 [01:26<09:27,  1.59s/it]
 16%|█▌        | 67/422 [01:28<10:37,  1.80s/it]
 16%|█▌        | 68/422 [01:30<10:43,  1.82s/it]
 16%|█▋        | 69/422 [01:32<11:37,  1.98s/it]
 17%|█▋        | 70/422 [01:35<12:34,  2.14s/it]
 17%|█▋        | 71/422 [01:37<11:53,  2.03s/it]
 17%|█▋        | 72/422 [01:39<12:00,  2.06s/it]
 17%|█▋        | 73/422 [01:41<12:15,  2.11s/it]
 18%|█▊        | 74/422 [01:43<12:25,  2.14s/it]
 18%|█▊        | 75/422 [01:45<12:38,  2.18s/it]
 18%|█▊        | 76/422 [01:48<12:33,  2.18s/it]
 18%|█▊        | 77/422 [01:49<12:00,  2.09s/it]
 18%|█▊        | 78/422 [01:52<12:54,  2.25s/it]
 19%|█▊        | 79/422 [01:54<12:50,  2.25s/it]
 19%|█▉        | 80/422 [01:57<14:10,  2.49s/it]
 19%|█▉        | 81/422 [02:00<14:06,  2.48s/it]
 19%|█▉        | 82/422 [02:02<13:41,  2.42s/it]
 20%|█▉        | 83/422 [02:05<14:33,  2.58s/it]
 20%|█▉        | 84/422 [02:08<15:42,  2.79s/it]
 20%|██        | 85/422 [02:11<14:47,  2.63s/it]
 20%|██        | 86/422 [02:13<13:58,  2.49s/it]
 21%|██        | 87/422 [02:15<13:34,  2.43s/it]
 21%|██        | 88/422 [02:17<13:22,  2.40s/it]
 21%|██        | 89/422 [02:20<14:25,  2.60s/it]
 21%|██▏       | 90/422 [02:22<13:22,  2.42s/it]
 22%|██▏       | 91/422 [02:25<12:59,  2.35s/it]
 22%|██▏       | 92/422 [02:27<12:58,  2.36s/it]
 22%|██▏       | 93/422 [02:29<12:42,  2.32s/it]
 22%|██▏       | 94/422 [02:32<12:55,  2.37s/it]
 23%|██▎       | 95/422 [02:34<12:45,  2.34s/it]
 23%|██▎       | 96/422 [02:36<11:56,  2.20s/it]
 23%|██▎       | 97/422 [02:38<11:33,  2.13s/it]
 23%|██▎       | 98/422 [02:40<12:19,  2.28s/it]
 23%|██▎       | 99/422 [02:43<12:21,  2.29s/it]
 24%|██▎       | 100/422 [02:45<11:44,  2.19s/it]
 24%|██▍       | 101/422 [02:47<11:32,  2.16s/it]
 24%|██▍       | 102/422 [02:49<11:15,  2.11s/it]
 24%|██▍       | 103/422 [02:51<11:49,  2.22s/it]
 25%|██▍       | 104/422 [02:53<11:04,  2.09s/it]
 25%|██▍       | 105/422 [02:55<10:59,  2.08s/it]
 25%|██▌       | 106/422 [02:58<11:28,  2.18s/it]
 25%|██▌       | 107/422 [03:00<12:37,  2.41s/it]
 26%|██▌       | 108/422 [03:03<13:01,  2.49s/it]
 26%|██▌       | 109/422 [03:05<12:28,  2.39s/it]
 26%|██▌       | 110/422 [03:07<12:01,  2.31s/it]
 26%|██▋       | 111/422 [03:10<11:47,  2.28s/it]
 27%|██▋       | 112/422 [03:12<11:59,  2.32s/it]
 27%|██▋       | 113/422 [03:14<12:00,  2.33s/it]
 27%|██▋       | 114/422 [03:16<11:24,  2.22s/it]
 27%|██▋       | 115/422 [03:18<10:53,  2.13s/it]
 27%|██▋       | 116/422 [03:20<10:56,  2.15s/it]
 28%|██▊       | 117/422 [03:23<11:13,  2.21s/it]
 28%|██▊       | 118/422 [03:26<12:06,  2.39s/it]
 28%|██▊       | 119/422 [03:29<12:58,  2.57s/it]
 28%|██▊       | 120/422 [03:31<12:51,  2.56s/it]
 29%|██▊       | 121/422 [03:34<13:32,  2.70s/it]
 29%|██▉       | 122/422 [03:37<14:09,  2.83s/it]
 29%|██▉       | 123/422 [03:40<13:18,  2.67s/it]
 29%|██▉       | 124/422 [03:42<12:33,  2.53s/it]
 30%|██▉       | 125/422 [03:44<12:32,  2.53s/it]
 30%|██▉       | 126/422 [03:47<12:09,  2.46s/it]
 30%|███       | 127/422 [03:49<12:11,  2.48s/it]
 30%|███       | 128/422 [03:52<12:06,  2.47s/it]
 31%|███       | 129/422 [03:54<12:20,  2.53s/it]
 31%|███       | 130/422 [03:57<11:52,  2.44s/it]
 31%|███       | 131/422 [03:59<11:46,  2.43s/it]
 31%|███▏      | 132/422 [04:01<11:04,  2.29s/it]
 32%|███▏      | 133/422 [04:03<10:27,  2.17s/it]
 32%|███▏      | 134/422 [04:05<10:32,  2.20s/it]
 32%|███▏      | 135/422 [04:08<11:14,  2.35s/it]
 32%|███▏      | 136/422 [04:10<11:41,  2.45s/it]
 32%|███▏      | 137/422 [04:13<12:27,  2.62s/it]
 33%|███▎      | 138/422 [04:16<12:58,  2.74s/it]
 33%|███▎      | 139/422 [04:19<13:04,  2.77s/it]
 33%|███▎      | 140/422 [04:22<13:08,  2.80s/it]
 33%|███▎      | 141/422 [04:25<12:36,  2.69s/it]
 34%|███▎      | 142/422 [04:27<12:32,  2.69s/it]
 34%|███▍      | 143/422 [04:30<12:07,  2.61s/it]
 34%|███▍      | 144/422 [04:33<12:39,  2.73s/it]
 34%|███▍      | 145/422 [04:35<12:12,  2.65s/it]
 35%|███▍      | 146/422 [04:39<13:09,  2.86s/it]
 35%|███▍      | 147/422 [04:41<12:36,  2.75s/it]
 35%|███▌      | 148/422 [04:44<13:31,  2.96s/it]
 35%|███▌      | 149/422 [04:47<12:55,  2.84s/it]
 36%|███▌      | 150/422 [04:49<12:00,  2.65s/it]
 36%|███▌      | 151/422 [04:52<11:38,  2.58s/it]
 36%|███▌      | 152/422 [04:54<11:35,  2.57s/it]
 36%|███▋      | 153/422 [04:57<11:36,  2.59s/it]
 36%|███▋      | 154/422 [04:59<11:15,  2.52s/it]
 37%|███▋      | 155/422 [05:02<11:47,  2.65s/it]
 37%|███▋      | 156/422 [05:04<10:54,  2.46s/it]
 37%|███▋      | 157/422 [05:06<10:34,  2.39s/it]
 37%|███▋      | 158/422 [05:09<11:06,  2.52s/it]
 38%|███▊      | 159/422 [05:13<12:37,  2.88s/it]
 38%|███▊      | 160/422 [05:16<12:58,  2.97s/it]
 38%|███▊      | 161/422 [05:20<13:26,  3.09s/it]
 38%|███▊      | 162/422 [05:22<13:04,  3.02s/it]
 39%|███▊      | 163/422 [05:25<12:42,  2.94s/it]
 39%|███▉      | 164/422 [05:28<13:04,  3.04s/it]
 39%|███▉      | 165/422 [05:31<12:37,  2.95s/it]
 39%|███▉      | 166/422 [05:33<11:17,  2.65s/it]
 40%|███▉      | 167/422 [05:35<10:10,  2.39s/it]
 40%|███▉      | 168/422 [05:38<10:37,  2.51s/it]
 40%|████      | 169/422 [05:40<10:29,  2.49s/it]
 40%|████      | 170/422 [05:43<10:23,  2.47s/it]
 41%|████      | 171/422 [05:45<10:05,  2.41s/it]
 41%|████      | 172/422 [05:47<09:26,  2.27s/it]
 41%|████      | 173/422 [05:49<09:23,  2.26s/it]
 41%|████      | 174/422 [05:51<09:35,  2.32s/it]
 41%|████▏     | 175/422 [05:54<09:31,  2.31s/it]
 42%|████▏     | 176/422 [05:57<10:27,  2.55s/it]
 42%|████▏     | 177/422 [05:59<09:38,  2.36s/it]
 42%|████▏     | 178/422 [06:01<10:03,  2.47s/it]
 42%|████▏     | 179/422 [06:03<09:23,  2.32s/it]
 43%|████▎     | 180/422 [06:06<09:55,  2.46s/it]
 43%|████▎     | 181/422 [06:09<09:42,  2.42s/it]
 43%|████▎     | 182/422 [06:11<09:40,  2.42s/it]
 43%|████▎     | 183/422 [06:14<09:46,  2.45s/it]
 44%|████▎     | 184/422 [06:16<09:20,  2.35s/it]
 44%|████▍     | 185/422 [06:18<09:44,  2.47s/it]
 44%|████▍     | 186/422 [06:21<09:33,  2.43s/it]
 44%|████▍     | 187/422 [06:23<09:46,  2.50s/it]
 45%|████▍     | 188/422 [06:26<10:10,  2.61s/it]
 45%|████▍     | 189/422 [06:30<10:57,  2.82s/it]
 45%|████▌     | 190/422 [06:32<10:46,  2.79s/it]
 45%|████▌     | 191/422 [06:34<09:55,  2.58s/it]
 45%|████▌     | 192/422 [06:37<10:10,  2.65s/it]
 46%|████▌     | 193/422 [06:40<10:03,  2.64s/it]
 46%|████▌     | 194/422 [06:42<09:43,  2.56s/it]
 46%|████▌     | 195/422 [06:45<09:50,  2.60s/it]
 46%|████▋     | 196/422 [06:48<10:18,  2.74s/it]
 47%|████▋     | 197/422 [06:51<10:23,  2.77s/it]
 47%|████▋     | 198/422 [06:54<10:28,  2.81s/it]
 47%|████▋     | 199/422 [06:56<10:13,  2.75s/it]
 47%|████▋     | 200/422 [06:59<10:25,  2.82s/it]
 48%|████▊     | 201/422 [07:01<09:39,  2.62s/it]
 48%|████▊     | 202/422 [07:04<09:08,  2.49s/it]
 48%|████▊     | 203/422 [07:07<10:06,  2.77s/it]
 48%|████▊     | 204/422 [07:09<09:34,  2.63s/it]
 49%|████▊     | 205/422 [07:12<09:07,  2.52s/it]
 49%|████▉     | 206/422 [07:14<09:20,  2.59s/it]
 49%|████▉     | 207/422 [07:16<08:24,  2.34s/it]
 49%|████▉     | 208/422 [07:19<08:31,  2.39s/it]
 50%|████▉     | 209/422 [07:21<08:24,  2.37s/it]
 50%|████▉     | 210/422 [07:23<07:55,  2.24s/it]
 50%|█████     | 211/422 [07:25<08:02,  2.29s/it]
 50%|█████     | 212/422 [07:28<08:09,  2.33s/it]
 50%|█████     | 213/422 [07:30<07:51,  2.25s/it]
 51%|█████     | 214/422 [07:33<08:46,  2.53s/it]
 51%|█████     | 215/422 [07:35<08:32,  2.48s/it]
 51%|█████     | 216/422 [07:38<09:00,  2.62s/it]
 51%|█████▏    | 217/422 [07:40<08:16,  2.42s/it]
 52%|█████▏    | 218/422 [07:43<08:20,  2.46s/it]
 52%|█████▏    | 219/422 [07:45<08:32,  2.52s/it]
 52%|█████▏    | 220/422 [07:48<08:03,  2.40s/it]
 52%|█████▏    | 221/422 [07:50<08:26,  2.52s/it]
 53%|█████▎    | 222/422 [07:53<08:38,  2.59s/it]
 53%|█████▎    | 223/422 [07:56<09:15,  2.79s/it]
 53%|█████▎    | 224/422 [07:59<09:00,  2.73s/it]
 53%|█████▎    | 225/422 [08:02<08:47,  2.68s/it]
 54%|█████▎    | 226/422 [08:04<08:50,  2.71s/it]
 54%|█████▍    | 227/422 [08:07<09:01,  2.78s/it]
 54%|█████▍    | 228/422 [08:09<08:26,  2.61s/it]
 54%|█████▍    | 229/422 [08:12<08:44,  2.72s/it]
 55%|█████▍    | 230/422 [08:15<08:31,  2.66s/it]
 55%|█████▍    | 231/422 [08:18<08:26,  2.65s/it]
 55%|█████▍    | 232/422 [08:20<08:16,  2.61s/it]
 55%|█████▌    | 233/422 [08:23<08:06,  2.57s/it]
 55%|█████▌    | 234/422 [08:25<07:41,  2.45s/it]
 56%|█████▌    | 235/422 [08:28<08:19,  2.67s/it]
 56%|█████▌    | 236/422 [08:31<08:20,  2.69s/it]
 56%|█████▌    | 237/422 [08:33<08:23,  2.72s/it]
 56%|█████▋    | 238/422 [08:36<08:12,  2.68s/it]
 57%|█████▋    | 239/422 [08:38<07:44,  2.54s/it]
 57%|█████▋    | 240/422 [08:41<07:30,  2.47s/it]
 57%|█████▋    | 241/422 [08:43<07:22,  2.45s/it]
 57%|█████▋    | 242/422 [08:46<07:46,  2.59s/it]
 58%|█████▊    | 243/422 [08:49<08:09,  2.73s/it]
 58%|█████▊    | 244/422 [08:51<07:46,  2.62s/it]
 58%|█████▊    | 245/422 [08:54<07:48,  2.65s/it]
 58%|█████▊    | 246/422 [08:57<08:25,  2.87s/it]
 59%|█████▊    | 247/422 [09:00<08:19,  2.85s/it]
 59%|█████▉    | 248/422 [09:03<07:47,  2.69s/it]
 59%|█████▉    | 249/422 [09:06<08:39,  3.00s/it]
 59%|█████▉    | 250/422 [09:09<08:27,  2.95s/it]
 59%|█████▉    | 251/422 [09:12<08:12,  2.88s/it]
 60%|█████▉    | 252/422 [09:14<07:40,  2.71s/it]
 60%|█████▉    | 253/422 [09:17<07:48,  2.77s/it]
 60%|██████    | 254/422 [09:20<07:34,  2.70s/it]
 60%|██████    | 255/422 [09:22<07:12,  2.59s/it]
 61%|██████    | 256/422 [09:24<06:48,  2.46s/it]
 61%|██████    | 257/422 [09:27<06:48,  2.47s/it]
 61%|██████    | 258/422 [09:30<07:12,  2.64s/it]
 61%|██████▏   | 259/422 [09:32<06:43,  2.47s/it]
 62%|██████▏   | 260/422 [09:34<06:39,  2.46s/it]
 62%|██████▏   | 261/422 [09:37<06:52,  2.56s/it]
 62%|██████▏   | 262/422 [09:41<07:40,  2.88s/it]
 62%|██████▏   | 263/422 [09:43<07:27,  2.81s/it]
 63%|██████▎   | 264/422 [09:47<07:48,  2.96s/it]
 63%|██████▎   | 265/422 [09:49<07:34,  2.90s/it]
 63%|██████▎   | 266/422 [09:52<07:19,  2.82s/it]
 63%|██████▎   | 267/422 [09:54<06:49,  2.64s/it]
 64%|██████▎   | 268/422 [09:57<06:54,  2.69s/it]
 64%|██████▎   | 269/422 [10:00<07:02,  2.76s/it]
 64%|██████▍   | 270/422 [10:03<06:55,  2.73s/it]
 64%|██████▍   | 271/422 [10:05<06:58,  2.77s/it]
 64%|██████▍   | 272/422 [10:08<06:54,  2.76s/it]
 65%|██████▍   | 273/422 [10:10<06:27,  2.60s/it]
 65%|██████▍   | 274/422 [10:13<06:37,  2.69s/it]
 65%|██████▌   | 275/422 [10:17<07:04,  2.89s/it]
 65%|██████▌   | 276/422 [10:20<07:07,  2.93s/it]
 66%|██████▌   | 277/422 [10:22<06:55,  2.86s/it]
 66%|██████▌   | 278/422 [10:25<06:56,  2.89s/it]
 66%|██████▌   | 279/422 [10:28<06:46,  2.84s/it]
 66%|██████▋   | 280/422 [10:31<06:33,  2.77s/it]
 67%|██████▋   | 281/422 [10:33<06:20,  2.70s/it]
 67%|██████▋   | 282/422 [10:37<07:01,  3.01s/it]
 67%|██████▋   | 283/422 [10:40<06:50,  2.96s/it]
 67%|██████▋   | 284/422 [10:42<06:12,  2.70s/it]
 68%|██████▊   | 285/422 [10:45<06:24,  2.81s/it]
 68%|██████▊   | 286/422 [10:48<06:39,  2.94s/it]
 68%|██████▊   | 287/422 [10:51<06:30,  2.89s/it]
 68%|██████▊   | 288/422 [10:54<06:43,  3.01s/it]
 68%|██████▊   | 289/422 [10:57<06:30,  2.94s/it]
 69%|██████▊   | 290/422 [10:59<06:08,  2.79s/it]
 69%|██████▉   | 291/422 [11:02<06:14,  2.86s/it]
 69%|██████▉   | 292/422 [11:05<06:10,  2.85s/it]
 69%|██████▉   | 293/422 [11:08<06:12,  2.89s/it]
 70%|██████▉   | 294/422 [11:11<06:14,  2.93s/it]
 70%|██████▉   | 295/422 [11:14<06:00,  2.84s/it]
 70%|███████   | 296/422 [11:18<07:01,  3.35s/it]
 70%|███████   | 297/422 [11:22<06:50,  3.29s/it]
 71%|███████   | 298/422 [11:24<05:58,  2.89s/it]
 71%|███████   | 299/422 [11:27<05:59,  2.92s/it]
 71%|███████   | 300/422 [11:30<06:09,  3.03s/it]
 71%|███████▏  | 301/422 [11:32<05:43,  2.84s/it]
 72%|███████▏  | 302/422 [11:35<05:55,  2.96s/it]
 72%|███████▏  | 303/422 [11:39<06:07,  3.09s/it]
 72%|███████▏  | 304/422 [11:42<05:54,  3.00s/it]
 72%|███████▏  | 305/422 [11:45<06:11,  3.17s/it]
 73%|███████▎  | 306/422 [11:48<05:39,  2.93s/it]
 73%|███████▎  | 307/422 [11:50<05:33,  2.90s/it]
 73%|███████▎  | 308/422 [11:53<05:13,  2.75s/it]
 73%|███████▎  | 309/422 [11:56<05:19,  2.83s/it]
 73%|███████▎  | 310/422 [11:58<05:11,  2.78s/it]
 74%|███████▎  | 311/422 [12:01<04:55,  2.66s/it]
 74%|███████▍  | 312/422 [12:04<04:56,  2.69s/it]
 74%|███████▍  | 313/422 [12:07<05:08,  2.83s/it]
 74%|███████▍  | 314/422 [12:10<05:23,  3.00s/it]
 75%|███████▍  | 315/422 [12:13<05:26,  3.05s/it]
 75%|███████▍  | 316/422 [12:16<05:01,  2.85s/it]
 75%|███████▌  | 317/422 [12:18<04:49,  2.76s/it]
 75%|███████▌  | 318/422 [12:20<04:23,  2.53s/it]
 76%|███████▌  | 319/422 [12:23<04:16,  2.49s/it]
 76%|███████▌  | 320/422 [12:24<03:47,  2.23s/it]
 76%|███████▌  | 321/422 [12:27<03:48,  2.27s/it]
 76%|███████▋  | 322/422 [12:29<04:00,  2.40s/it]
 77%|███████▋  | 323/422 [12:32<03:57,  2.40s/it]
 77%|███████▋  | 324/422 [12:35<04:13,  2.59s/it]
 77%|███████▋  | 325/422 [12:38<04:39,  2.89s/it]
 77%|███████▋  | 326/422 [12:42<04:46,  2.98s/it]
 77%|███████▋  | 327/422 [12:45<04:49,  3.05s/it]
 78%|███████▊  | 328/422 [12:47<04:21,  2.78s/it]
 78%|███████▊  | 329/422 [12:51<04:51,  3.13s/it]
 78%|███████▊  | 330/422 [12:54<04:42,  3.07s/it]
 78%|███████▊  | 331/422 [12:57<04:36,  3.04s/it]
 79%|███████▊  | 332/422 [13:01<05:00,  3.33s/it]
 79%|███████▉  | 333/422 [13:03<04:37,  3.11s/it]
 79%|███████▉  | 334/422 [13:06<04:33,  3.11s/it]
 79%|███████▉  | 335/422 [13:08<04:02,  2.78s/it]
 80%|███████▉  | 336/422 [13:11<03:51,  2.69s/it]
 80%|███████▉  | 337/422 [13:14<03:47,  2.68s/it]
 80%|████████  | 338/422 [13:17<03:51,  2.76s/it]
 80%|████████  | 339/422 [13:19<03:28,  2.51s/it]
 81%|████████  | 340/422 [13:21<03:18,  2.42s/it]
 81%|████████  | 341/422 [13:23<03:04,  2.28s/it]
 81%|████████  | 342/422 [13:25<02:55,  2.20s/it]
 81%|████████▏ | 343/422 [13:27<03:00,  2.28s/it]
 82%|████████▏ | 344/422 [13:30<03:17,  2.54s/it]
 82%|████████▏ | 345/422 [13:32<03:06,  2.42s/it]
 82%|████████▏ | 346/422 [13:36<03:30,  2.77s/it]
 82%|████████▏ | 347/422 [13:38<03:07,  2.51s/it]
 82%|████████▏ | 348/422 [13:40<03:02,  2.46s/it]
 83%|████████▎ | 349/422 [13:43<02:59,  2.45s/it]
 83%|████████▎ | 350/422 [13:44<02:41,  2.24s/it]
 83%|████████▎ | 351/422 [13:47<02:38,  2.24s/it]
 83%|████████▎ | 352/422 [13:48<02:26,  2.10s/it]
 84%|████████▎ | 353/422 [13:52<03:01,  2.63s/it]
 84%|████████▍ | 354/422 [13:55<02:50,  2.51s/it]
 84%|████████▍ | 355/422 [13:57<02:42,  2.42s/it]
 84%|████████▍ | 356/422 [14:01<03:10,  2.88s/it]
 85%|████████▍ | 357/422 [14:04<03:10,  2.94s/it]
 85%|████████▍ | 358/422 [14:07<03:09,  2.95s/it]
 85%|████████▌ | 359/422 [14:10<03:14,  3.09s/it]
 85%|████████▌ | 360/422 [14:12<02:57,  2.86s/it]
 86%|████████▌ | 361/422 [14:14<02:36,  2.57s/it]
 86%|████████▌ | 362/422 [14:16<02:25,  2.43s/it]
 86%|████████▌ | 363/422 [14:18<02:09,  2.20s/it]
 86%|████████▋ | 364/422 [14:21<02:10,  2.25s/it]
 86%|████████▋ | 365/422 [14:23<02:11,  2.31s/it]
 87%|████████▋ | 366/422 [14:26<02:18,  2.47s/it]
 87%|████████▋ | 367/422 [14:28<02:07,  2.32s/it]
 87%|████████▋ | 368/422 [14:31<02:17,  2.55s/it]
 87%|████████▋ | 369/422 [14:33<02:14,  2.54s/it]
 88%|████████▊ | 370/422 [14:36<02:05,  2.41s/it]
 88%|████████▊ | 371/422 [14:38<02:03,  2.42s/it]
 88%|████████▊ | 372/422 [14:41<02:03,  2.47s/it]
 88%|████████▊ | 373/422 [14:43<01:58,  2.43s/it]
 89%|████████▊ | 374/422 [14:46<02:04,  2.60s/it]
 89%|████████▉ | 375/422 [14:49<02:04,  2.65s/it]
 89%|████████▉ | 376/422 [14:51<01:56,  2.54s/it]
 89%|████████▉ | 377/422 [14:53<01:43,  2.31s/it]
 90%|████████▉ | 378/422 [14:55<01:40,  2.27s/it]
 90%|████████▉ | 379/422 [14:57<01:34,  2.21s/it]
 90%|█████████ | 380/422 [14:59<01:34,  2.26s/it]
 90%|█████████ | 381/422 [15:02<01:38,  2.40s/it]
 91%|█████████ | 382/422 [15:05<01:38,  2.47s/it]
 91%|█████████ | 383/422 [15:08<01:50,  2.84s/it]
 91%|█████████ | 384/422 [15:11<01:51,  2.93s/it]
 91%|█████████ | 385/422 [15:14<01:43,  2.80s/it]
 91%|█████████▏| 386/422 [15:16<01:34,  2.62s/it]
 92%|█████████▏| 387/422 [15:19<01:30,  2.60s/it]
 92%|█████████▏| 388/422 [15:21<01:25,  2.51s/it]
 92%|█████████▏| 389/422 [15:24<01:23,  2.52s/it]
 92%|█████████▏| 390/422 [15:26<01:18,  2.44s/it]
 93%|█████████▎| 391/422 [15:28<01:15,  2.44s/it]
 93%|█████████▎| 392/422 [15:31<01:16,  2.54s/it]
 93%|█████████▎| 393/422 [15:33<01:11,  2.45s/it]
 93%|█████████▎| 394/422 [15:37<01:18,  2.81s/it]
 94%|█████████▎| 395/422 [15:40<01:18,  2.90s/it]
 94%|█████████▍| 396/422 [15:43<01:12,  2.80s/it]
 94%|█████████▍| 397/422 [15:46<01:11,  2.88s/it]
 94%|█████████▍| 398/422 [15:48<01:06,  2.77s/it]
 95%|█████████▍| 399/422 [15:51<01:06,  2.88s/it]
 95%|█████████▍| 400/422 [15:55<01:10,  3.21s/it]
 95%|█████████▌| 401/422 [15:57<00:58,  2.80s/it]
 95%|█████████▌| 402/422 [15:59<00:52,  2.60s/it]
 95%|█████████▌| 403/422 [16:02<00:51,  2.71s/it]
 96%|█████████▌| 404/422 [16:06<00:52,  2.90s/it]
 96%|█████████▌| 405/422 [16:09<00:50,  2.97s/it]
 96%|█████████▌| 406/422 [16:11<00:44,  2.76s/it]
 96%|█████████▋| 407/422 [16:14<00:43,  2.92s/it]
 97%|█████████▋| 408/422 [16:19<00:47,  3.38s/it]
 97%|█████████▋| 409/422 [16:22<00:45,  3.47s/it]
 97%|█████████▋| 410/422 [16:25<00:38,  3.24s/it]
 97%|█████████▋| 411/422 [16:28<00:34,  3.18s/it]
 98%|█████████▊| 412/422 [16:31<00:31,  3.10s/it]
 98%|█████████▊| 413/422 [16:34<00:26,  3.00s/it]
 98%|█████████▊| 414/422 [16:36<00:22,  2.78s/it]
 98%|█████████▊| 415/422 [16:39<00:19,  2.82s/it]
 99%|█████████▊| 416/422 [16:42<00:16,  2.73s/it]
 99%|█████████▉| 417/422 [16:44<00:12,  2.52s/it]
 99%|█████████▉| 418/422 [16:46<00:09,  2.48s/it]
 99%|█████████▉| 419/422 [16:48<00:07,  2.47s/it]
100%|█████████▉| 420/422 [16:51<00:04,  2.47s/it]
100%|█████████▉| 421/422 [16:54<00:02,  2.65s/it]
100%|██████████| 422/422 [16:59<00:00,  3.41s/it]
100%|██████████| 422/422 [17:00<00:00,  2.42s/it]
Num of videos 64 frames 15800

  0%|          | 0/12 [00:00<?, ?it/s]
  8%|▊         | 1/12 [00:04<00:52,  4.78s/it]
 17%|█▋        | 2/12 [00:07<00:36,  3.61s/it]
 25%|██▌       | 3/12 [00:10<00:28,  3.15s/it]
 33%|███▎      | 4/12 [00:13<00:24,  3.03s/it]
 42%|████▏     | 5/12 [00:15<00:19,  2.81s/it]
 50%|█████     | 6/12 [00:17<00:15,  2.65s/it]
 58%|█████▊    | 7/12 [00:19<00:12,  2.42s/it]
 67%|██████▋   | 8/12 [00:22<00:10,  2.59s/it]
 75%|███████▌  | 9/12 [00:24<00:07,  2.47s/it]
 83%|████████▎ | 10/12 [00:27<00:04,  2.49s/it]
 92%|█████████▏| 11/12 [00:29<00:02,  2.41s/it]
100%|██████████| 12/12 [00:33<00:00,  2.94s/it]
100%|██████████| 12/12 [00:34<00:00,  2.85s/it]Num of videos 64 frames 15800

Load pretrained model for initializing the thief
/home/deepankar_v/scratch/ssl/saved_models/radformer/selfkd_v8_exp1/latest_model.pth


Best model on target dataset (without EMA): acc = 0.6311, agreement = 0.6475
Best model on target dataset (with EMA): acc = 0.6475, agreement = 0.6557
