[2024-03-03 00:08:04,183 INFO] Use GPU: None for training
[2024-03-03 00:08:04,184 INFO] 

[2024-03-03 00:08:05,514 INFO] Total params: 109.04M
[2024-03-03 00:08:15,313 INFO] acc: 0.90
[2024-03-03 00:08:15,323 INFO] Victim model accuracy = 0.9016, spec = 0.90, sens = 0.93
[2024-03-03 00:08:15,323 INFO] Loading thief dataset ...
[2024-03-03 00:08:15,328 INFO] 
Initializing thief model ...


Loaded supervised labeled set of length  900
Labeled set expanded to length  3600 , unique indices  900
dataset root /home/deepankar/mnt/vision3_data_ckpts_msa_medical/GBUSV-Shared
Num of videos 64 frames 15800
15800
15800
Num of videos 64 frames 15800

  0%|          | 0/29 [00:00<?, ?it/s]
  3%|â–Ž         | 1/29 [00:06<03:06,  6.67s/it]
  7%|â–‹         | 2/29 [00:08<01:47,  3.97s/it]
 10%|â–ˆ         | 3/29 [00:11<01:23,  3.20s/it]
 14%|â–ˆâ–        | 4/29 [00:12<01:05,  2.63s/it]
 17%|â–ˆâ–‹        | 5/29 [00:14<00:59,  2.46s/it]
 21%|â–ˆâ–ˆ        | 6/29 [00:16<00:51,  2.25s/it]
 24%|â–ˆâ–ˆâ–       | 7/29 [00:18<00:48,  2.19s/it]
 28%|â–ˆâ–ˆâ–Š       | 8/29 [00:20<00:45,  2.16s/it]
 31%|â–ˆâ–ˆâ–ˆ       | 9/29 [00:22<00:41,  2.06s/it]
 34%|â–ˆâ–ˆâ–ˆâ–      | 10/29 [00:25<00:43,  2.28s/it]
 38%|â–ˆâ–ˆâ–ˆâ–Š      | 11/29 [00:27<00:39,  2.21s/it]
 41%|â–ˆâ–ˆâ–ˆâ–ˆâ–     | 12/29 [00:30<00:42,  2.52s/it]
 45%|â–ˆâ–ˆâ–ˆâ–ˆâ–     | 13/29 [00:32<00:36,  2.26s/it]
 48%|â–ˆâ–ˆâ–ˆâ–ˆâ–Š     | 14/29 [00:34<00:31,  2.11s/it]
 52%|â–ˆâ–ˆâ–ˆâ–ˆâ–ˆâ–    | 15/29 [00:36<00:30,  2.20s/it]
 55%|â–ˆâ–ˆâ–ˆâ–ˆâ–ˆâ–Œ    | 16/29 [00:38<00:27,  2.14s/it]
 59%|â–ˆâ–ˆâ–ˆâ–ˆâ–ˆâ–Š    | 17/29 [00:41<00:26,  2.21s/it]
 62%|â–ˆâ–ˆâ–ˆâ–ˆâ–ˆâ–ˆâ–   | 18/29 [00:43<00:25,  2.32s/it]
 66%|â–ˆâ–ˆâ–ˆâ–ˆâ–ˆâ–ˆâ–Œ   | 19/29 [00:45<00:22,  2.26s/it]
 69%|â–ˆâ–ˆâ–ˆâ–ˆâ–ˆâ–ˆâ–‰   | 20/29 [00:47<00:19,  2.21s/it]
 72%|â–ˆâ–ˆâ–ˆâ–ˆâ–ˆâ–ˆâ–ˆâ–  | 21/29 [00:50<00:19,  2.42s/it]
 76%|â–ˆâ–ˆâ–ˆâ–ˆâ–ˆâ–ˆâ–ˆâ–Œ  | 22/29 [00:52<00:15,  2.28s/it]
 79%|â–ˆâ–ˆâ–ˆâ–ˆâ–ˆâ–ˆâ–ˆâ–‰  | 23/29 [00:54<00:13,  2.25s/it]
 83%|â–ˆâ–ˆâ–ˆâ–ˆâ–ˆâ–ˆâ–ˆâ–ˆâ–Ž | 24/29 [00:57<00:11,  2.38s/it]
 86%|â–ˆâ–ˆâ–ˆâ–ˆâ–ˆâ–ˆâ–ˆâ–ˆâ–Œ | 25/29 [00:59<00:08,  2.19s/it]
 90%|â–ˆâ–ˆâ–ˆâ–ˆâ–ˆâ–ˆâ–ˆâ–ˆâ–‰ | 26/29 [01:01<00:06,  2.19s/it]
 93%|â–ˆâ–ˆâ–ˆâ–ˆâ–ˆâ–ˆâ–ˆâ–ˆâ–ˆâ–Ž| 27/29 [01:03<00:04,  2.20s/it]
 97%|â–ˆâ–ˆâ–ˆâ–ˆâ–ˆâ–ˆâ–ˆâ–ˆâ–ˆâ–‹| 28/29 [01:06<00:02,  2.23s/it]
100%|â–ˆâ–ˆâ–ˆâ–ˆâ–ˆâ–ˆâ–ˆâ–ˆâ–ˆâ–ˆ| 29/29 [01:07<00:00,  2.04s/it]
100%|â–ˆâ–ˆâ–ˆâ–ˆâ–ˆâ–ˆâ–ˆâ–ˆâ–ˆâ–ˆ| 29/29 [01:07<00:00,  2.34s/it]
Num of videos 64 frames 15800

  0%|          | 0/1 [00:00<?, ?it/s]
100%|â–ˆâ–ˆâ–ˆâ–ˆâ–ˆâ–ˆâ–ˆâ–ˆâ–ˆâ–ˆ| 1/1 [00:05<00:00,  5.01s/it]
100%|â–ˆâ–ˆâ–ˆâ–ˆâ–ˆâ–ˆâ–ˆâ–ˆâ–ˆâ–ˆ| 1/1 [00:05<00:00,  5.16s/it]
[2024-03-03 00:09:28,383 INFO] unlabeled data number: 15800, labeled data number 3600
[2024-03-03 00:09:28,383 INFO] Create train and test data loaders
[2024-03-03 00:09:28,384 INFO] [!] data loader keys: dict_keys(['train_lb', 'train_ulb', 'eval', 'test'])
[2024-03-03 00:09:32,264 INFO] Create optimizer and scheduler
[2024-03-03 00:09:32,274 INFO] Number of Trainable Params: 85800963
Num of videos 64 frames 15800
Load pretrained model for initializing the thief from  /home/deepankar/scratch/MSA_Medical/activethief/pretrained/deit_base_patch16_224-b5f2ef4d.pth
key not found head.weight
key not found head.bias
Common keys pretrained model:  150
Load anchor model /home/deepankar/mnt/vision1_outputs/gbusg_radformer/GBUSV_deit/SGD/1000_val100/random_v1_transforms/trial_4_cycle_1_best.pth
thief state:  ['cls_token', 'pos_embed', 'patch_embed.proj.weight', 'patch_embed.proj.bias', 'blocks.0.norm1.weight']
pretrained state:  ['cls_token', 'pos_embed', 'patch_embed.proj.weight', 'patch_embed.proj.bias', 'blocks.0.norm1.weight']
Common keys anchor model:  152
[2024-03-03 00:09:45,475 INFO] Anchor model on target dataset: acc = 0.6803, spec = 0.72, sens = 0.83
[2024-03-03 00:09:45,997 INFO] Arguments: Namespace(T=0.5, algorithm='selfkd', amp=False, batch_size=16, c='configs/gbc/selfkd_deit.yaml', clip=0.0, clip_grad=0, crop_ratio=0.875, data_dir='./data', dataset='GBUSV', device=device(type='cuda'), dist_backend='nccl', dist_url='tcp://127.0.0.1:26410', distributed=False, ds_seed=123, ema_m=0.999, epoch=100, eval_batch_size=16, eval_step=234, expand_labels=True, gpu=None, hard_label=True, imb_algorithm=None, img_size=224, include_lb_to_ulb=True, kd_alpha=0.4, kd_alpha_ulb=0.5, kd_temp=1.5, kd_temp_ulb=1.5, la=False, labeled_set_path='/home/deepankar/mnt/vision1_outputs/gbusg_radformer/GBUSV_deit/SGD/1000_val100/random_v1_transforms/X_trial_4_cycle_1_labeled_set.npy', layer_decay=0.5, lb_dest_len=3600, lb_imb_ratio=1, load_labeled_set=True, load_path=None, local_rank=-1, lr=0.01, max_length=512, max_length_seconds=4.0, momentum=0.9, multiprocessing_distributed=False, net='deit_base_patch16_224', net_from_name=False, no_progress=True, num_classes=3, num_eval_iter=234, num_labels=1000, num_log_iter=234, num_train_iter=900000, num_warmup_iter=5120, num_workers=4, optim='SGD', overwrite=True, p_cutoff=0.95, pretrain_path='', pretrained_dir='/home/deepankar/scratch/MSA_Medical/activethief/pretrained/deit_base_patch16_224-b5f2ef4d.pth', rank=0, resume=False, sample_rate=16000, save_dir='saved_models/radformer', save_name='selfkd_deit_v8_exp4_tr_4', scheduler_type='cosine', seed=5, subset=128116, thief_root='/home/deepankar/mnt/vision3_data_ckpts_msa_medical/GBUSV-Shared', train_sampler='RandomSampler', tro=1, ulb_dest_len=15800, ulb_imb_ratio=1, ulb_loss_ratio=1.0, ulb_num_labels=None, uratio=1, use_aim=False, use_cat=True, use_pretrain=True, use_tensorboard=True, use_wandb=True, val_set_path='/home/deepankar/mnt/vision1_outputs/gbusg_radformer/GBUSV_deit/SGD/1000_val100/random_v1_transforms/X_trial_4_cycle_1_val_set.npy', victim_arch='radformer', victim_data_root='/home/deepankar/mnt/vision3_data_ckpts_msa_medical/GBCU-Shared', victim_dataset='gbusg', victim_model_path='/home/deepankar/mnt/vision3_data_ckpts_msa_medical/victim_models/radformer/radformer.pkl', warmstart=False, warmstart_dir='/home/deepankar/mnt/vision1_outputs/gbusg_radformer/GBUSV_deit/SGD/1000_val100/random_v1_transforms/trial_4_cycle_1_best.pth', warmup=0, warmup_epoch=10, weight_decay=0.005, world_size=1)
[2024-03-03 00:09:45,997 INFO] Validation set distribution: 
anchor model temp =  1.0
Number of samples  100
[2024-03-03 00:09:46,974 INFO] {0: 19, 1: 24, 2: 57}
[2024-03-03 00:09:46,975 INFO] Labeled set distribution: 
Number of samples  3600
[2024-03-03 00:09:53,695 INFO] {0: 456, 1: 840, 2: 2304}
[2024-03-03 00:09:58,026 INFO] Initial model on target dataset (without EMA): acc = 0.3934, agreement = 0.3689, spec = 0.74, sens = 0.31
[2024-03-03 00:09:58,027 INFO] Resume load path None does not exist
[2024-03-03 00:09:58,027 INFO] 
Model training
wandb: Currently logged in as: satwikdpshrit. Use `wandb login --relogin` to force relogin
wandb: - Waiting for wandb.init()...
wandb: \ Waiting for wandb.init()...
wandb: Tracking run with wandb version 0.16.3
wandb: Run data is saved locally in saved_models/radformer/wandb/selfkd_deit_v8_exp4_tr_4/wandb/run-20240303_001000-4zi79x4x
wandb: Run `wandb offline` to turn off syncing.
wandb: Syncing run selfkd_deit_v8_exp4_tr_4
wandb: â­ï¸ View project at https://wandb.ai/satwikdpshrit/radformer
wandb: ðŸš€ View run at https://wandb.ai/satwikdpshrit/radformer/runs/4zi79x4x
[2024-03-03 00:10:03,979 INFO] 

epoch 0
[2024-03-03 00:12:36,295 INFO] validating...
[2024-03-03 00:12:41,454 INFO] model saved: saved_models/radformer/selfkd_deit_v8_exp4_tr_4/latest_model.pth
[2024-03-03 00:12:42,815 INFO] model saved: saved_models/radformer/selfkd_deit_v8_exp4_tr_4/model_best.pth
[2024-03-03 00:12:42,816 INFO] 226 iteration, USE_EMA: True, train/sup_loss: 1.51335, train/unsup_loss: 0.97948, train/total_loss: 2.49283, train/util_ratio: 0.81250, train/run_time: 0.64118, lr: 0.00000, train/prefecth_time: 0.00701, eval/loss: 1.12722, eval/top-1-acc: 0.31000, eval/balanced_acc: 0.36184, eval/precision: 0.42273, eval/recall: 0.36184, eval/F1: 0.24564, eval/spec: 0.95349, eval/sens: 0.15789, test/loss: 1.04015, test/top-1-acc: 0.39344, test/balanced_acc: 0.34522, test/precision: 0.42590, test/recall: 0.34522, test/F1: 0.30214, test/spec: 0.73750, test/sens: 0.30952 BEST_EVAL_ACC: 0.3100, at 226 iters BEST_TEST_ACC: 0.3934, at 226 iters
[2024-03-03 00:12:42,818 INFO] 

epoch 1
[2024-03-03 00:15:15,169 INFO] validating...
[2024-03-03 00:15:20,844 INFO] model saved: saved_models/radformer/selfkd_deit_v8_exp4_tr_4/latest_model.pth
[2024-03-03 00:15:23,131 INFO] model saved: saved_models/radformer/selfkd_deit_v8_exp4_tr_4/model_best.pth
[2024-03-03 00:15:23,132 INFO] 451 iteration, USE_EMA: True, train/sup_loss: 0.97805, train/unsup_loss: 0.64125, train/total_loss: 1.61930, train/util_ratio: 0.81250, train/run_time: 0.64248, lr: 0.00100, train/prefecth_time: 0.00656, eval/loss: 0.95645, eval/top-1-acc: 0.46000, eval/balanced_acc: 0.44152, eval/precision: 0.51499, eval/recall: 0.44152, eval/F1: 0.37056, eval/spec: 0.95349, eval/sens: 0.43860, test/loss: 1.02390, test/top-1-acc: 0.43443, test/balanced_acc: 0.37642, test/precision: 0.30968, test/recall: 0.37642, test/F1: 0.31582, test/spec: 0.83750, test/sens: 0.33333 BEST_EVAL_ACC: 0.4600, at 451 iters BEST_TEST_ACC: 0.4344, at 451 iters
[2024-03-03 00:15:23,136 INFO] 

epoch 2
[2024-03-03 00:17:55,668 INFO] validating...
[2024-03-03 00:18:01,584 INFO] model saved: saved_models/radformer/selfkd_deit_v8_exp4_tr_4/latest_model.pth
[2024-03-03 00:18:03,756 INFO] model saved: saved_models/radformer/selfkd_deit_v8_exp4_tr_4/model_best.pth
[2024-03-03 00:18:03,757 INFO] 676 iteration, USE_EMA: True, train/sup_loss: 0.79771, train/unsup_loss: 0.64871, train/total_loss: 1.44642, train/util_ratio: 0.81250, train/run_time: 0.64491, lr: 0.00200, train/prefecth_time: 0.00634, eval/loss: 0.85733, eval/top-1-acc: 0.63000, eval/balanced_acc: 0.54825, eval/precision: 0.66043, eval/recall: 0.54825, eval/F1: 0.52007, eval/spec: 0.81395, eval/sens: 0.73684, test/loss: 1.01876, test/top-1-acc: 0.45082, test/balanced_acc: 0.39002, test/precision: 0.33390, test/recall: 0.39002, test/F1: 0.32736, test/spec: 0.87500, test/sens: 0.33333 BEST_EVAL_ACC: 0.6300, at 676 iters BEST_TEST_ACC: 0.4508, at 676 iters
[2024-03-03 00:18:03,762 INFO] 

epoch 3
[2024-03-03 00:20:36,215 INFO] validating...
[2024-03-03 00:20:42,062 INFO] model saved: saved_models/radformer/selfkd_deit_v8_exp4_tr_4/latest_model.pth
[2024-03-03 00:20:44,055 INFO] model saved: saved_models/radformer/selfkd_deit_v8_exp4_tr_4/model_best.pth
[2024-03-03 00:20:44,056 INFO] 901 iteration, USE_EMA: True, train/sup_loss: 0.67607, train/unsup_loss: 0.47016, train/total_loss: 1.14622, train/util_ratio: 0.68750, train/run_time: 0.64274, lr: 0.00300, train/prefecth_time: 0.00658, eval/loss: 0.77674, eval/top-1-acc: 0.65000, eval/balanced_acc: 0.58699, eval/precision: 0.66750, eval/recall: 0.58699, eval/F1: 0.58145, eval/spec: 0.83721, eval/sens: 0.73684, test/loss: 1.00507, test/top-1-acc: 0.45902, test/balanced_acc: 0.40136, test/precision: 0.32824, test/recall: 0.40136, test/F1: 0.34442, test/spec: 0.82500, test/sens: 0.42857 BEST_EVAL_ACC: 0.6500, at 901 iters BEST_TEST_ACC: 0.4590, at 901 iters
[2024-03-03 00:20:44,061 INFO] 

epoch 4
[2024-03-03 00:23:16,387 INFO] validating...
[2024-03-03 00:23:22,413 INFO] model saved: saved_models/radformer/selfkd_deit_v8_exp4_tr_4/latest_model.pth
[2024-03-03 00:23:22,415 INFO] 1126 iteration, USE_EMA: True, train/sup_loss: 0.45797, train/unsup_loss: 0.24013, train/total_loss: 0.69810, train/util_ratio: 0.68750, train/run_time: 0.63942, lr: 0.00400, train/prefecth_time: 0.00639, eval/loss: 0.74845, eval/top-1-acc: 0.67000, eval/balanced_acc: 0.57895, eval/precision: 0.65525, eval/recall: 0.57895, eval/F1: 0.57499, eval/spec: 0.74419, eval/sens: 0.80702, test/loss: 0.99452, test/top-1-acc: 0.45902, test/balanced_acc: 0.40644, test/precision: 0.65382, test/recall: 0.40644, test/F1: 0.36311, test/spec: 0.80000, test/sens: 0.45238 BEST_EVAL_ACC: 0.6500, at 901 iters BEST_TEST_ACC: 0.4590, at 901 iters
[2024-03-03 00:23:22,418 INFO] 

epoch 5
[2024-03-03 00:25:55,646 INFO] validating...
[2024-03-03 00:26:01,585 INFO] model saved: saved_models/radformer/selfkd_deit_v8_exp4_tr_4/latest_model.pth
[2024-03-03 00:26:03,529 INFO] model saved: saved_models/radformer/selfkd_deit_v8_exp4_tr_4/model_best.pth
[2024-03-03 00:26:03,530 INFO] 1351 iteration, USE_EMA: True, train/sup_loss: 0.39593, train/unsup_loss: 0.34561, train/total_loss: 0.74154, train/util_ratio: 0.75000, train/run_time: 0.64204, lr: 0.00500, train/prefecth_time: 0.01110, eval/loss: 0.66531, eval/top-1-acc: 0.70000, eval/balanced_acc: 0.60819, eval/precision: 0.68272, eval/recall: 0.60819, eval/F1: 0.61032, eval/spec: 0.76744, eval/sens: 0.84211, test/loss: 0.99179, test/top-1-acc: 0.44262, test/balanced_acc: 0.40864, test/precision: 0.61746, test/recall: 0.40864, test/F1: 0.40468, test/spec: 0.71250, test/sens: 0.45238 BEST_EVAL_ACC: 0.7000, at 1351 iters BEST_TEST_ACC: 0.4426, at 1351 iters
[2024-03-03 00:26:03,534 INFO] 

epoch 6
[2024-03-03 00:28:36,816 INFO] validating...
[2024-03-03 00:28:42,477 INFO] model saved: saved_models/radformer/selfkd_deit_v8_exp4_tr_4/latest_model.pth
[2024-03-03 00:28:44,650 INFO] model saved: saved_models/radformer/selfkd_deit_v8_exp4_tr_4/model_best.pth
[2024-03-03 00:28:44,651 INFO] 1576 iteration, USE_EMA: True, train/sup_loss: 0.36339, train/unsup_loss: 0.27677, train/total_loss: 0.64016, train/util_ratio: 0.81250, train/run_time: 0.64264, lr: 0.00600, train/prefecth_time: 0.01537, eval/loss: 0.66211, eval/top-1-acc: 0.72000, eval/balanced_acc: 0.65058, eval/precision: 0.71111, eval/recall: 0.65058, eval/F1: 0.66805, eval/spec: 0.72093, eval/sens: 0.84211, test/loss: 0.99080, test/top-1-acc: 0.45902, test/balanced_acc: 0.43355, test/precision: 0.61936, test/recall: 0.43355, test/F1: 0.44050, test/spec: 0.66250, test/sens: 0.52381 BEST_EVAL_ACC: 0.7200, at 1576 iters BEST_TEST_ACC: 0.4590, at 1576 iters
[2024-03-03 00:28:44,654 INFO] 

epoch 7
[2024-03-03 00:31:16,945 INFO] validating...
[2024-03-03 00:31:22,584 INFO] model saved: saved_models/radformer/selfkd_deit_v8_exp4_tr_4/latest_model.pth
[2024-03-03 00:31:24,764 INFO] model saved: saved_models/radformer/selfkd_deit_v8_exp4_tr_4/model_best.pth
[2024-03-03 00:31:24,765 INFO] 1801 iteration, USE_EMA: True, train/sup_loss: 0.26255, train/unsup_loss: 0.22820, train/total_loss: 0.49075, train/util_ratio: 0.81250, train/run_time: 0.64084, lr: 0.00700, train/prefecth_time: 0.00689, eval/loss: 0.56997, eval/top-1-acc: 0.76000, eval/balanced_acc: 0.67398, eval/precision: 0.74306, eval/recall: 0.67398, eval/F1: 0.69600, eval/spec: 0.72093, eval/sens: 0.91228, test/loss: 1.00180, test/top-1-acc: 0.46721, test/balanced_acc: 0.44035, test/precision: 0.62541, test/recall: 0.44035, test/F1: 0.44669, test/spec: 0.67500, test/sens: 0.52381 BEST_EVAL_ACC: 0.7600, at 1801 iters BEST_TEST_ACC: 0.4672, at 1801 iters
[2024-03-03 00:31:24,768 INFO] 

epoch 8
[2024-03-03 00:33:57,730 INFO] validating...
[2024-03-03 00:34:03,665 INFO] model saved: saved_models/radformer/selfkd_deit_v8_exp4_tr_4/latest_model.pth
[2024-03-03 00:34:05,928 INFO] model saved: saved_models/radformer/selfkd_deit_v8_exp4_tr_4/model_best.pth
[2024-03-03 00:34:05,929 INFO] 2026 iteration, USE_EMA: True, train/sup_loss: 0.20923, train/unsup_loss: 0.21007, train/total_loss: 0.41930, train/util_ratio: 0.75000, train/run_time: 0.64385, lr: 0.00800, train/prefecth_time: 0.00710, eval/loss: 0.63469, eval/top-1-acc: 0.76000, eval/balanced_acc: 0.68933, eval/precision: 0.74831, eval/recall: 0.68933, eval/F1: 0.71182, eval/spec: 0.69767, eval/sens: 0.89474, test/loss: 1.01309, test/top-1-acc: 0.49180, test/balanced_acc: 0.46697, test/precision: 0.63834, test/recall: 0.46697, test/F1: 0.47546, test/spec: 0.66250, test/sens: 0.57143 BEST_EVAL_ACC: 0.7600, at 2026 iters BEST_TEST_ACC: 0.4918, at 2026 iters
[2024-03-03 00:34:05,933 INFO] 

epoch 9
[2024-03-03 00:36:39,310 INFO] validating...
[2024-03-03 00:36:44,957 INFO] model saved: saved_models/radformer/selfkd_deit_v8_exp4_tr_4/latest_model.pth
[2024-03-03 00:36:44,958 INFO] 2251 iteration, USE_EMA: True, train/sup_loss: 0.14510, train/unsup_loss: 0.19095, train/total_loss: 0.33606, train/util_ratio: 0.68750, train/run_time: 0.64097, lr: 0.00900, train/prefecth_time: 0.01127, eval/loss: 0.62574, eval/top-1-acc: 0.74000, eval/balanced_acc: 0.66594, eval/precision: 0.71128, eval/recall: 0.66594, eval/F1: 0.68289, eval/spec: 0.72093, eval/sens: 0.87719, test/loss: 1.03123, test/top-1-acc: 0.52459, test/balanced_acc: 0.50154, test/precision: 0.65870, test/recall: 0.50154, test/F1: 0.51073, test/spec: 0.67500, test/sens: 0.64286 BEST_EVAL_ACC: 0.7600, at 2026 iters BEST_TEST_ACC: 0.4918, at 2026 iters
[2024-03-03 00:36:44,961 INFO] 

epoch 10
[2024-03-03 00:39:17,728 INFO] validating...
[2024-03-03 00:39:24,135 INFO] model saved: saved_models/radformer/selfkd_deit_v8_exp4_tr_4/latest_model.pth
[2024-03-03 00:39:24,136 INFO] 2476 iteration, USE_EMA: True, train/sup_loss: 0.09744, train/unsup_loss: 0.13902, train/total_loss: 0.23646, train/util_ratio: 0.81250, train/run_time: 0.64428, lr: 0.01000, train/prefecth_time: 0.00702, eval/loss: 0.60089, eval/top-1-acc: 0.73000, eval/balanced_acc: 0.64839, eval/precision: 0.71566, eval/recall: 0.64839, eval/F1: 0.66970, eval/spec: 0.69767, eval/sens: 0.87719, test/loss: 1.04844, test/top-1-acc: 0.53279, test/balanced_acc: 0.50834, test/precision: 0.66488, test/recall: 0.50834, test/F1: 0.51725, test/spec: 0.68750, test/sens: 0.64286 BEST_EVAL_ACC: 0.7600, at 2026 iters BEST_TEST_ACC: 0.4918, at 2026 iters
[2024-03-03 00:39:24,139 INFO] 

epoch 11
[2024-03-03 00:41:57,505 INFO] validating...
[2024-03-03 00:42:03,146 INFO] model saved: saved_models/radformer/selfkd_deit_v8_exp4_tr_4/latest_model.pth
[2024-03-03 00:42:03,147 INFO] 2701 iteration, USE_EMA: True, train/sup_loss: 0.12307, train/unsup_loss: 0.16399, train/total_loss: 0.28707, train/util_ratio: 0.87500, train/run_time: 0.64245, lr: 0.01000, train/prefecth_time: 0.00790, eval/loss: 0.64120, eval/top-1-acc: 0.75000, eval/balanced_acc: 0.67982, eval/precision: 0.72517, eval/recall: 0.67982, eval/F1: 0.69678, eval/spec: 0.72093, eval/sens: 0.87719, test/loss: 1.06774, test/top-1-acc: 0.58197, test/balanced_acc: 0.55706, test/precision: 0.69670, test/recall: 0.55706, test/F1: 0.57154, test/spec: 0.75000, test/sens: 0.64286 BEST_EVAL_ACC: 0.7600, at 2026 iters BEST_TEST_ACC: 0.4918, at 2026 iters
[2024-03-03 00:42:03,151 INFO] 

epoch 12
[2024-03-03 00:44:35,441 INFO] validating...
[2024-03-03 00:44:41,277 INFO] model saved: saved_models/radformer/selfkd_deit_v8_exp4_tr_4/latest_model.pth
[2024-03-03 00:44:41,279 INFO] 2926 iteration, USE_EMA: True, train/sup_loss: 0.08420, train/unsup_loss: 0.09914, train/total_loss: 0.18334, train/util_ratio: 0.75000, train/run_time: 0.64507, lr: 0.01000, train/prefecth_time: 0.00649, eval/loss: 0.69434, eval/top-1-acc: 0.75000, eval/balanced_acc: 0.68713, eval/precision: 0.70994, eval/recall: 0.68713, eval/F1: 0.69714, eval/spec: 0.74419, eval/sens: 0.87719, test/loss: 1.07188, test/top-1-acc: 0.59836, test/balanced_acc: 0.57574, test/precision: 0.70520, test/recall: 0.57574, test/F1: 0.59165, test/spec: 0.75000, test/sens: 0.66667 BEST_EVAL_ACC: 0.7600, at 2026 iters BEST_TEST_ACC: 0.4918, at 2026 iters
[2024-03-03 00:44:41,283 INFO] 

epoch 13
[2024-03-03 00:47:13,548 INFO] validating...
[2024-03-03 00:47:19,368 INFO] model saved: saved_models/radformer/selfkd_deit_v8_exp4_tr_4/latest_model.pth
[2024-03-03 00:47:19,370 INFO] 3151 iteration, USE_EMA: True, train/sup_loss: 0.02699, train/unsup_loss: 0.09047, train/total_loss: 0.11746, train/util_ratio: 0.75000, train/run_time: 0.64247, lr: 0.00999, train/prefecth_time: 0.00651, eval/loss: 0.64236, eval/top-1-acc: 0.76000, eval/balanced_acc: 0.68129, eval/precision: 0.73333, eval/recall: 0.68129, eval/F1: 0.70127, eval/spec: 0.69767, eval/sens: 0.91228, test/loss: 1.07090, test/top-1-acc: 0.61475, test/balanced_acc: 0.59443, test/precision: 0.71505, test/recall: 0.59443, test/F1: 0.61178, test/spec: 0.76250, test/sens: 0.69048 BEST_EVAL_ACC: 0.7600, at 2026 iters BEST_TEST_ACC: 0.4918, at 2026 iters
[2024-03-03 00:47:19,374 INFO] 

epoch 14
[2024-03-03 00:49:51,623 INFO] validating...
[2024-03-03 00:49:57,535 INFO] model saved: saved_models/radformer/selfkd_deit_v8_exp4_tr_4/latest_model.pth
[2024-03-03 00:49:57,536 INFO] 3376 iteration, USE_EMA: True, train/sup_loss: 0.13618, train/unsup_loss: 0.06344, train/total_loss: 0.19962, train/util_ratio: 0.81250, train/run_time: 0.64254, lr: 0.00998, train/prefecth_time: 0.00701, eval/loss: 0.66205, eval/top-1-acc: 0.76000, eval/balanced_acc: 0.69298, eval/precision: 0.72111, eval/recall: 0.69298, eval/F1: 0.70361, eval/spec: 0.72093, eval/sens: 0.89474, test/loss: 1.08210, test/top-1-acc: 0.61475, test/balanced_acc: 0.59443, test/precision: 0.71395, test/recall: 0.59443, test/F1: 0.61126, test/spec: 0.75000, test/sens: 0.69048 BEST_EVAL_ACC: 0.7600, at 2026 iters BEST_TEST_ACC: 0.4918, at 2026 iters
[2024-03-03 00:49:57,539 INFO] 

epoch 15
[2024-03-03 00:52:29,629 INFO] validating...
[2024-03-03 00:52:35,160 INFO] model saved: saved_models/radformer/selfkd_deit_v8_exp4_tr_4/latest_model.pth
[2024-03-03 00:52:37,249 INFO] model saved: saved_models/radformer/selfkd_deit_v8_exp4_tr_4/model_best.pth
[2024-03-03 00:52:37,250 INFO] 3601 iteration, USE_EMA: True, train/sup_loss: 0.02055, train/unsup_loss: 0.07184, train/total_loss: 0.09239, train/util_ratio: 0.81250, train/run_time: 0.64143, lr: 0.00997, train/prefecth_time: 0.00647, eval/loss: 0.63353, eval/top-1-acc: 0.79000, eval/balanced_acc: 0.74196, eval/precision: 0.76542, eval/recall: 0.74196, eval/F1: 0.75042, eval/spec: 0.74419, eval/sens: 0.89474, test/loss: 1.09079, test/top-1-acc: 0.62295, test/balanced_acc: 0.60350, test/precision: 0.71919, test/recall: 0.60350, test/F1: 0.61809, test/spec: 0.73750, test/sens: 0.73810 BEST_EVAL_ACC: 0.7900, at 3601 iters BEST_TEST_ACC: 0.6230, at 3601 iters
[2024-03-03 00:52:37,253 INFO] 

epoch 16
[2024-03-03 00:55:09,520 INFO] validating...
[2024-03-03 00:55:15,094 INFO] model saved: saved_models/radformer/selfkd_deit_v8_exp4_tr_4/latest_model.pth
[2024-03-03 00:55:15,095 INFO] 3826 iteration, USE_EMA: True, train/sup_loss: 0.02760, train/unsup_loss: 0.05324, train/total_loss: 0.08084, train/util_ratio: 0.81250, train/run_time: 0.64016, lr: 0.00996, train/prefecth_time: 0.00657, eval/loss: 0.80459, eval/top-1-acc: 0.75000, eval/balanced_acc: 0.66374, eval/precision: 0.71905, eval/recall: 0.66374, eval/F1: 0.68415, eval/spec: 0.69767, eval/sens: 0.91228, test/loss: 1.10436, test/top-1-acc: 0.63934, test/balanced_acc: 0.62333, test/precision: 0.72830, test/recall: 0.62333, test/F1: 0.63683, test/spec: 0.72500, test/sens: 0.78571 BEST_EVAL_ACC: 0.7900, at 3601 iters BEST_TEST_ACC: 0.6230, at 3601 iters
[2024-03-03 00:55:15,098 INFO] 

epoch 17
[2024-03-03 00:57:46,900 INFO] validating...
[2024-03-03 00:57:52,654 INFO] model saved: saved_models/radformer/selfkd_deit_v8_exp4_tr_4/latest_model.pth
[2024-03-03 00:57:52,656 INFO] 4051 iteration, USE_EMA: True, train/sup_loss: 0.02178, train/unsup_loss: 0.13037, train/total_loss: 0.15215, train/util_ratio: 0.87500, train/run_time: 0.64198, lr: 0.00994, train/prefecth_time: 0.00662, eval/loss: 0.75445, eval/top-1-acc: 0.77000, eval/balanced_acc: 0.70249, eval/precision: 0.72445, eval/recall: 0.70249, eval/F1: 0.70911, eval/spec: 0.74419, eval/sens: 0.91228, test/loss: 1.11824, test/top-1-acc: 0.64754, test/balanced_acc: 0.63240, test/precision: 0.73448, test/recall: 0.63240, test/F1: 0.64276, test/spec: 0.71250, test/sens: 0.83333 BEST_EVAL_ACC: 0.7900, at 3601 iters BEST_TEST_ACC: 0.6230, at 3601 iters
[2024-03-03 00:57:52,661 INFO] 

epoch 18
[2024-03-03 01:00:24,563 INFO] validating...
[2024-03-03 01:00:29,817 INFO] model saved: saved_models/radformer/selfkd_deit_v8_exp4_tr_4/latest_model.pth
[2024-03-03 01:00:32,011 INFO] model saved: saved_models/radformer/selfkd_deit_v8_exp4_tr_4/model_best.pth
[2024-03-03 01:00:32,012 INFO] 4276 iteration, USE_EMA: True, train/sup_loss: 0.06744, train/unsup_loss: 0.05569, train/total_loss: 0.12313, train/util_ratio: 0.87500, train/run_time: 0.64263, lr: 0.00993, train/prefecth_time: 0.00725, eval/loss: 0.81937, eval/top-1-acc: 0.81000, eval/balanced_acc: 0.76535, eval/precision: 0.78834, eval/recall: 0.76535, eval/F1: 0.77357, eval/spec: 0.76744, eval/sens: 0.91228, test/loss: 1.14039, test/top-1-acc: 0.63934, test/balanced_acc: 0.62446, test/precision: 0.72802, test/recall: 0.62446, test/F1: 0.63672, test/spec: 0.72500, test/sens: 0.80952 BEST_EVAL_ACC: 0.8100, at 4276 iters BEST_TEST_ACC: 0.6393, at 4276 iters
[2024-03-03 01:00:32,016 INFO] 

epoch 19
[2024-03-03 01:03:04,500 INFO] validating...
[2024-03-03 01:03:10,173 INFO] model saved: saved_models/radformer/selfkd_deit_v8_exp4_tr_4/latest_model.pth
[2024-03-03 01:03:10,174 INFO] 4501 iteration, USE_EMA: True, train/sup_loss: 0.07763, train/unsup_loss: 0.05125, train/total_loss: 0.12888, train/util_ratio: 0.81250, train/run_time: 0.64146, lr: 0.00991, train/prefecth_time: 0.00637, eval/loss: 0.86966, eval/top-1-acc: 0.78000, eval/balanced_acc: 0.72003, eval/precision: 0.74199, eval/recall: 0.72003, eval/F1: 0.72665, eval/spec: 0.74419, eval/sens: 0.91228, test/loss: 1.16765, test/top-1-acc: 0.61475, test/balanced_acc: 0.60065, test/precision: 0.71012, test/recall: 0.60065, test/F1: 0.61726, test/spec: 0.72500, test/sens: 0.73810 BEST_EVAL_ACC: 0.8100, at 4276 iters BEST_TEST_ACC: 0.6393, at 4276 iters
[2024-03-03 01:03:10,178 INFO] 

epoch 20
[2024-03-03 01:05:43,136 INFO] validating...
[2024-03-03 01:05:48,463 INFO] model saved: saved_models/radformer/selfkd_deit_v8_exp4_tr_4/latest_model.pth
[2024-03-03 01:05:48,464 INFO] 4726 iteration, USE_EMA: True, train/sup_loss: 0.08149, train/unsup_loss: 0.03167, train/total_loss: 0.11316, train/util_ratio: 0.68750, train/run_time: 0.64005, lr: 0.00988, train/prefecth_time: 0.01316, eval/loss: 0.88040, eval/top-1-acc: 0.78000, eval/balanced_acc: 0.71637, eval/precision: 0.74492, eval/recall: 0.71637, eval/F1: 0.72719, eval/spec: 0.74419, eval/sens: 0.91228, test/loss: 1.19109, test/top-1-acc: 0.62295, test/balanced_acc: 0.60745, test/precision: 0.71658, test/recall: 0.60745, test/F1: 0.62409, test/spec: 0.73750, test/sens: 0.73810 BEST_EVAL_ACC: 0.8100, at 4276 iters BEST_TEST_ACC: 0.6393, at 4276 iters
[2024-03-03 01:05:48,468 INFO] 

epoch 21
[2024-03-03 01:08:20,542 INFO] validating...
[2024-03-03 01:08:26,127 INFO] model saved: saved_models/radformer/selfkd_deit_v8_exp4_tr_4/latest_model.pth
[2024-03-03 01:08:26,128 INFO] 4951 iteration, USE_EMA: True, train/sup_loss: 0.04571, train/unsup_loss: 0.03575, train/total_loss: 0.08146, train/util_ratio: 0.81250, train/run_time: 0.64210, lr: 0.00986, train/prefecth_time: 0.00630, eval/loss: 0.85651, eval/top-1-acc: 0.76000, eval/balanced_acc: 0.70102, eval/precision: 0.72510, eval/recall: 0.70102, eval/F1: 0.71163, eval/spec: 0.74419, eval/sens: 0.87719, test/loss: 1.20938, test/top-1-acc: 0.62295, test/balanced_acc: 0.60745, test/precision: 0.71658, test/recall: 0.60745, test/F1: 0.62409, test/spec: 0.73750, test/sens: 0.73810 BEST_EVAL_ACC: 0.8100, at 4276 iters BEST_TEST_ACC: 0.6393, at 4276 iters
[2024-03-03 01:08:26,131 INFO] 

epoch 22
[2024-03-03 01:10:58,159 INFO] validating...
[2024-03-03 01:11:03,816 INFO] model saved: saved_models/radformer/selfkd_deit_v8_exp4_tr_4/latest_model.pth
[2024-03-03 01:11:03,817 INFO] 5176 iteration, USE_EMA: True, train/sup_loss: 0.01954, train/unsup_loss: 0.03087, train/total_loss: 0.05041, train/util_ratio: 0.68750, train/run_time: 0.63942, lr: 0.00983, train/prefecth_time: 0.00688, eval/loss: 0.90607, eval/top-1-acc: 0.79000, eval/balanced_acc: 0.73392, eval/precision: 0.75325, eval/recall: 0.73392, eval/F1: 0.74052, eval/spec: 0.76744, eval/sens: 0.91228, test/loss: 1.21567, test/top-1-acc: 0.63934, test/balanced_acc: 0.62501, test/precision: 0.72642, test/recall: 0.62501, test/F1: 0.64279, test/spec: 0.75000, test/sens: 0.73810 BEST_EVAL_ACC: 0.8100, at 4276 iters BEST_TEST_ACC: 0.6393, at 4276 iters
[2024-03-03 01:11:03,821 INFO] 

epoch 23
[2024-03-03 01:13:35,835 INFO] validating...
[2024-03-03 01:13:41,377 INFO] model saved: saved_models/radformer/selfkd_deit_v8_exp4_tr_4/latest_model.pth
[2024-03-03 01:13:41,378 INFO] 5401 iteration, USE_EMA: True, train/sup_loss: 0.09863, train/unsup_loss: 0.25445, train/total_loss: 0.35308, train/util_ratio: 0.87500, train/run_time: 0.64543, lr: 0.00980, train/prefecth_time: 0.00679, eval/loss: 0.90332, eval/top-1-acc: 0.79000, eval/balanced_acc: 0.74196, eval/precision: 0.76282, eval/recall: 0.74196, eval/F1: 0.75100, eval/spec: 0.76744, eval/sens: 0.89474, test/loss: 1.20109, test/top-1-acc: 0.63934, test/balanced_acc: 0.62501, test/precision: 0.72599, test/recall: 0.62501, test/F1: 0.64238, test/spec: 0.73750, test/sens: 0.73810 BEST_EVAL_ACC: 0.8100, at 4276 iters BEST_TEST_ACC: 0.6393, at 4276 iters
[2024-03-03 01:13:41,381 INFO] 

epoch 24
[2024-03-03 01:16:13,907 INFO] validating...
[2024-03-03 01:16:19,618 INFO] model saved: saved_models/radformer/selfkd_deit_v8_exp4_tr_4/latest_model.pth
[2024-03-03 01:16:19,619 INFO] 5626 iteration, USE_EMA: True, train/sup_loss: 0.01875, train/unsup_loss: 0.03464, train/total_loss: 0.05339, train/util_ratio: 0.81250, train/run_time: 0.64267, lr: 0.00977, train/prefecth_time: 0.00746, eval/loss: 0.90660, eval/top-1-acc: 0.81000, eval/balanced_acc: 0.76535, eval/precision: 0.77886, eval/recall: 0.76535, eval/F1: 0.76680, eval/spec: 0.79070, eval/sens: 0.91228, test/loss: 1.19558, test/top-1-acc: 0.63934, test/balanced_acc: 0.62501, test/precision: 0.72642, test/recall: 0.62501, test/F1: 0.64279, test/spec: 0.75000, test/sens: 0.73810 BEST_EVAL_ACC: 0.8100, at 4276 iters BEST_TEST_ACC: 0.6393, at 4276 iters
[2024-03-03 01:16:19,622 INFO] 

epoch 25
[2024-03-03 01:18:52,496 INFO] validating...
[2024-03-03 01:18:58,168 INFO] model saved: saved_models/radformer/selfkd_deit_v8_exp4_tr_4/latest_model.pth
[2024-03-03 01:18:58,170 INFO] 5851 iteration, USE_EMA: True, train/sup_loss: 0.02748, train/unsup_loss: 0.02542, train/total_loss: 0.05290, train/util_ratio: 0.81250, train/run_time: 0.64239, lr: 0.00974, train/prefecth_time: 0.00734, eval/loss: 0.97654, eval/top-1-acc: 0.79000, eval/balanced_acc: 0.73026, eval/precision: 0.77315, eval/recall: 0.73026, eval/F1: 0.74815, eval/spec: 0.74419, eval/sens: 0.91228, test/loss: 1.19888, test/top-1-acc: 0.63934, test/balanced_acc: 0.62501, test/precision: 0.72642, test/recall: 0.62501, test/F1: 0.64279, test/spec: 0.75000, test/sens: 0.73810 BEST_EVAL_ACC: 0.8100, at 4276 iters BEST_TEST_ACC: 0.6393, at 4276 iters
[2024-03-03 01:18:58,172 INFO] 

epoch 26
[2024-03-03 01:21:31,206 INFO] validating...
[2024-03-03 01:21:37,065 INFO] model saved: saved_models/radformer/selfkd_deit_v8_exp4_tr_4/latest_model.pth
[2024-03-03 01:21:37,066 INFO] 6076 iteration, USE_EMA: True, train/sup_loss: 0.06923, train/unsup_loss: 0.03100, train/total_loss: 0.10022, train/util_ratio: 0.81250, train/run_time: 0.64248, lr: 0.00970, train/prefecth_time: 0.00722, eval/loss: 0.95146, eval/top-1-acc: 0.79000, eval/balanced_acc: 0.72588, eval/precision: 0.75521, eval/recall: 0.72588, eval/F1: 0.73175, eval/spec: 0.74419, eval/sens: 0.92982, test/loss: 1.20372, test/top-1-acc: 0.63934, test/balanced_acc: 0.62501, test/precision: 0.72599, test/recall: 0.62501, test/F1: 0.64238, test/spec: 0.73750, test/sens: 0.73810 BEST_EVAL_ACC: 0.8100, at 4276 iters BEST_TEST_ACC: 0.6393, at 4276 iters
[2024-03-03 01:21:37,070 INFO] 

epoch 27
[2024-03-03 01:24:10,050 INFO] validating...
[2024-03-03 01:24:15,712 INFO] model saved: saved_models/radformer/selfkd_deit_v8_exp4_tr_4/latest_model.pth
[2024-03-03 01:24:15,713 INFO] 6301 iteration, USE_EMA: True, train/sup_loss: 0.01017, train/unsup_loss: 0.02344, train/total_loss: 0.03360, train/util_ratio: 0.81250, train/run_time: 0.64376, lr: 0.00966, train/prefecth_time: 0.00733, eval/loss: 1.03921, eval/top-1-acc: 0.80000, eval/balanced_acc: 0.75950, eval/precision: 0.76537, eval/recall: 0.75950, eval/F1: 0.75882, eval/spec: 0.79070, eval/sens: 0.89474, test/loss: 1.18813, test/top-1-acc: 0.63115, test/balanced_acc: 0.61707, test/precision: 0.71989, test/recall: 0.61707, test/F1: 0.63562, test/spec: 0.73750, test/sens: 0.71429 BEST_EVAL_ACC: 0.8100, at 4276 iters BEST_TEST_ACC: 0.6393, at 4276 iters
[2024-03-03 01:24:15,717 INFO] 

epoch 28
[2024-03-03 01:26:47,964 INFO] validating...
[2024-03-03 01:26:53,476 INFO] model saved: saved_models/radformer/selfkd_deit_v8_exp4_tr_4/latest_model.pth
[2024-03-03 01:26:53,477 INFO] 6526 iteration, USE_EMA: True, train/sup_loss: 0.01005, train/unsup_loss: 0.01045, train/total_loss: 0.02050, train/util_ratio: 0.75000, train/run_time: 0.64260, lr: 0.00962, train/prefecth_time: 0.00681, eval/loss: 1.03091, eval/top-1-acc: 0.80000, eval/balanced_acc: 0.75146, eval/precision: 0.76034, eval/recall: 0.75146, eval/F1: 0.75093, eval/spec: 0.79070, eval/sens: 0.91228, test/loss: 1.18722, test/top-1-acc: 0.63115, test/balanced_acc: 0.61707, test/precision: 0.71989, test/recall: 0.61707, test/F1: 0.63562, test/spec: 0.73750, test/sens: 0.71429 BEST_EVAL_ACC: 0.8100, at 4276 iters BEST_TEST_ACC: 0.6393, at 4276 iters
[2024-03-03 01:26:53,480 INFO] 

epoch 29
[2024-03-03 01:29:26,357 INFO] validating...
[2024-03-03 01:29:31,945 INFO] model saved: saved_models/radformer/selfkd_deit_v8_exp4_tr_4/latest_model.pth
[2024-03-03 01:29:31,946 INFO] 6751 iteration, USE_EMA: True, train/sup_loss: 0.01812, train/unsup_loss: 0.01310, train/total_loss: 0.03122, train/util_ratio: 0.75000, train/run_time: 0.64031, lr: 0.00958, train/prefecth_time: 0.00607, eval/loss: 0.98989, eval/top-1-acc: 0.80000, eval/balanced_acc: 0.75146, eval/precision: 0.76846, eval/recall: 0.75146, eval/F1: 0.75530, eval/spec: 0.76744, eval/sens: 0.91228, test/loss: 1.18962, test/top-1-acc: 0.63115, test/balanced_acc: 0.61426, test/precision: 0.72224, test/recall: 0.61426, test/F1: 0.63008, test/spec: 0.72500, test/sens: 0.73810 BEST_EVAL_ACC: 0.8100, at 4276 iters BEST_TEST_ACC: 0.6393, at 4276 iters
[2024-03-03 01:29:31,949 INFO] 

epoch 30
[2024-03-03 01:32:05,208 INFO] validating...
[2024-03-03 01:32:10,605 INFO] model saved: saved_models/radformer/selfkd_deit_v8_exp4_tr_4/latest_model.pth
[2024-03-03 01:32:10,606 INFO] 6976 iteration, USE_EMA: True, train/sup_loss: 0.04069, train/unsup_loss: 0.05694, train/total_loss: 0.09762, train/util_ratio: 0.81250, train/run_time: 0.64358, lr: 0.00954, train/prefecth_time: 0.00742, eval/loss: 1.18227, eval/top-1-acc: 0.78000, eval/balanced_acc: 0.73173, eval/precision: 0.75219, eval/recall: 0.73173, eval/F1: 0.73570, eval/spec: 0.72093, eval/sens: 0.89474, test/loss: 1.18962, test/top-1-acc: 0.63934, test/balanced_acc: 0.62106, test/precision: 0.72848, test/recall: 0.62106, test/F1: 0.63679, test/spec: 0.73750, test/sens: 0.73810 BEST_EVAL_ACC: 0.8100, at 4276 iters BEST_TEST_ACC: 0.6393, at 4276 iters
[2024-03-03 01:32:10,610 INFO] 

epoch 31
[2024-03-03 01:34:42,674 INFO] validating...
[2024-03-03 01:34:48,391 INFO] model saved: saved_models/radformer/selfkd_deit_v8_exp4_tr_4/latest_model.pth
[2024-03-03 01:34:48,392 INFO] 7201 iteration, USE_EMA: True, train/sup_loss: 0.02653, train/unsup_loss: 0.04331, train/total_loss: 0.06984, train/util_ratio: 0.81250, train/run_time: 0.63986, lr: 0.00949, train/prefecth_time: 0.00691, eval/loss: 1.08955, eval/top-1-acc: 0.77000, eval/balanced_acc: 0.71418, eval/precision: 0.72049, eval/recall: 0.71418, eval/F1: 0.71274, eval/spec: 0.76744, eval/sens: 0.89474, test/loss: 1.19750, test/top-1-acc: 0.63934, test/balanced_acc: 0.62106, test/precision: 0.72893, test/recall: 0.62106, test/F1: 0.63718, test/spec: 0.75000, test/sens: 0.73810 BEST_EVAL_ACC: 0.8100, at 4276 iters BEST_TEST_ACC: 0.6393, at 4276 iters
[2024-03-03 01:34:48,396 INFO] 

epoch 32
[2024-03-03 01:37:20,555 INFO] validating...
[2024-03-03 01:37:26,079 INFO] model saved: saved_models/radformer/selfkd_deit_v8_exp4_tr_4/latest_model.pth
[2024-03-03 01:37:26,080 INFO] 7426 iteration, USE_EMA: True, train/sup_loss: 0.02236, train/unsup_loss: 0.01871, train/total_loss: 0.04107, train/util_ratio: 0.75000, train/run_time: 0.64265, lr: 0.00944, train/prefecth_time: 0.00642, eval/loss: 1.08993, eval/top-1-acc: 0.78000, eval/balanced_acc: 0.72003, eval/precision: 0.74199, eval/recall: 0.72003, eval/F1: 0.72665, eval/spec: 0.74419, eval/sens: 0.91228, test/loss: 1.17674, test/top-1-acc: 0.62295, test/balanced_acc: 0.60519, test/precision: 0.69805, test/recall: 0.60519, test/F1: 0.62096, test/spec: 0.75000, test/sens: 0.69048 BEST_EVAL_ACC: 0.8100, at 4276 iters BEST_TEST_ACC: 0.6393, at 4276 iters
[2024-03-03 01:37:26,083 INFO] 

epoch 33
[2024-03-03 01:39:58,093 INFO] validating...
[2024-03-03 01:40:03,438 INFO] model saved: saved_models/radformer/selfkd_deit_v8_exp4_tr_4/latest_model.pth
[2024-03-03 01:40:03,439 INFO] 7651 iteration, USE_EMA: True, train/sup_loss: 0.03679, train/unsup_loss: 0.01382, train/total_loss: 0.05060, train/util_ratio: 0.81250, train/run_time: 0.64415, lr: 0.00939, train/prefecth_time: 0.00698, eval/loss: 0.97457, eval/top-1-acc: 0.79000, eval/balanced_acc: 0.74196, eval/precision: 0.76864, eval/recall: 0.74196, eval/F1: 0.75295, eval/spec: 0.74419, eval/sens: 0.89474, test/loss: 1.16269, test/top-1-acc: 0.63115, test/balanced_acc: 0.61312, test/precision: 0.70409, test/recall: 0.61312, test/F1: 0.62784, test/spec: 0.75000, test/sens: 0.71429 BEST_EVAL_ACC: 0.8100, at 4276 iters BEST_TEST_ACC: 0.6393, at 4276 iters
[2024-03-03 01:40:03,443 INFO] 

epoch 34
[2024-03-03 01:42:35,576 INFO] validating...
[2024-03-03 01:42:41,050 INFO] model saved: saved_models/radformer/selfkd_deit_v8_exp4_tr_4/latest_model.pth
[2024-03-03 01:42:41,051 INFO] 7876 iteration, USE_EMA: True, train/sup_loss: 0.00590, train/unsup_loss: 0.00543, train/total_loss: 0.01133, train/util_ratio: 0.75000, train/run_time: 0.64504, lr: 0.00934, train/prefecth_time: 0.00678, eval/loss: 1.10962, eval/top-1-acc: 0.78000, eval/balanced_acc: 0.73977, eval/precision: 0.75042, eval/recall: 0.73977, eval/F1: 0.74204, eval/spec: 0.74419, eval/sens: 0.87719, test/loss: 1.14394, test/top-1-acc: 0.63115, test/balanced_acc: 0.61312, test/precision: 0.70409, test/recall: 0.61312, test/F1: 0.62784, test/spec: 0.75000, test/sens: 0.71429 BEST_EVAL_ACC: 0.8100, at 4276 iters BEST_TEST_ACC: 0.6393, at 4276 iters
[2024-03-03 01:42:41,054 INFO] 

epoch 35
[2024-03-03 01:45:13,248 INFO] validating...
[2024-03-03 01:45:18,597 INFO] model saved: saved_models/radformer/selfkd_deit_v8_exp4_tr_4/latest_model.pth
[2024-03-03 01:45:18,598 INFO] 8101 iteration, USE_EMA: True, train/sup_loss: 0.03756, train/unsup_loss: 0.00588, train/total_loss: 0.04345, train/util_ratio: 0.75000, train/run_time: 0.64326, lr: 0.00928, train/prefecth_time: 0.00652, eval/loss: 1.11772, eval/top-1-acc: 0.78000, eval/balanced_acc: 0.73173, eval/precision: 0.74385, eval/recall: 0.73173, eval/F1: 0.73124, eval/spec: 0.74419, eval/sens: 0.89474, test/loss: 1.13046, test/top-1-acc: 0.63934, test/balanced_acc: 0.61879, test/precision: 0.71251, test/recall: 0.61879, test/F1: 0.63472, test/spec: 0.78750, test/sens: 0.69048 BEST_EVAL_ACC: 0.8100, at 4276 iters BEST_TEST_ACC: 0.6393, at 4276 iters
[2024-03-03 01:45:18,601 INFO] 

epoch 36
[2024-03-03 01:47:50,621 INFO] validating...
[2024-03-03 01:47:56,259 INFO] model saved: saved_models/radformer/selfkd_deit_v8_exp4_tr_4/latest_model.pth
[2024-03-03 01:47:58,654 INFO] model saved: saved_models/radformer/selfkd_deit_v8_exp4_tr_4/model_best.pth
[2024-03-03 01:47:58,656 INFO] 8326 iteration, USE_EMA: True, train/sup_loss: 0.03036, train/unsup_loss: 0.03349, train/total_loss: 0.06385, train/util_ratio: 0.81250, train/run_time: 0.64042, lr: 0.00922, train/prefecth_time: 0.00650, eval/loss: 1.00434, eval/top-1-acc: 0.84000, eval/balanced_acc: 0.79898, eval/precision: 0.82032, eval/recall: 0.79898, eval/F1: 0.80741, eval/spec: 0.81395, eval/sens: 0.92982, test/loss: 1.13480, test/top-1-acc: 0.64754, test/balanced_acc: 0.62954, test/precision: 0.71591, test/recall: 0.62954, test/F1: 0.64604, test/spec: 0.77500, test/sens: 0.69048 BEST_EVAL_ACC: 0.8400, at 8326 iters BEST_TEST_ACC: 0.6475, at 8326 iters
[2024-03-03 01:47:58,659 INFO] 

epoch 37
[2024-03-03 01:50:30,745 INFO] validating...
[2024-03-03 01:50:36,424 INFO] model saved: saved_models/radformer/selfkd_deit_v8_exp4_tr_4/latest_model.pth
[2024-03-03 01:50:36,425 INFO] 8551 iteration, USE_EMA: True, train/sup_loss: 0.01374, train/unsup_loss: 0.00640, train/total_loss: 0.02014, train/util_ratio: 0.68750, train/run_time: 0.64088, lr: 0.00916, train/prefecth_time: 0.00678, eval/loss: 1.09483, eval/top-1-acc: 0.81000, eval/balanced_acc: 0.75365, eval/precision: 0.77569, eval/recall: 0.75365, eval/F1: 0.75968, eval/spec: 0.79070, eval/sens: 0.92982, test/loss: 1.13026, test/top-1-acc: 0.65574, test/balanced_acc: 0.64030, test/precision: 0.72055, test/recall: 0.64030, test/F1: 0.65752, test/spec: 0.77500, test/sens: 0.69048 BEST_EVAL_ACC: 0.8400, at 8326 iters BEST_TEST_ACC: 0.6475, at 8326 iters
[2024-03-03 01:50:36,430 INFO] 

epoch 38
[2024-03-03 01:53:09,243 INFO] validating...
[2024-03-03 01:53:15,021 INFO] model saved: saved_models/radformer/selfkd_deit_v8_exp4_tr_4/latest_model.pth
[2024-03-03 01:53:15,022 INFO] 8776 iteration, USE_EMA: True, train/sup_loss: 0.06995, train/unsup_loss: 0.01097, train/total_loss: 0.08092, train/util_ratio: 0.81250, train/run_time: 0.64303, lr: 0.00910, train/prefecth_time: 0.00709, eval/loss: 1.17497, eval/top-1-acc: 0.79000, eval/balanced_acc: 0.73026, eval/precision: 0.74976, eval/recall: 0.73026, eval/F1: 0.73863, eval/spec: 0.79070, eval/sens: 0.91228, test/loss: 1.12145, test/top-1-acc: 0.64754, test/balanced_acc: 0.63349, test/precision: 0.71394, test/recall: 0.63349, test/F1: 0.65087, test/spec: 0.76250, test/sens: 0.69048 BEST_EVAL_ACC: 0.8400, at 8326 iters BEST_TEST_ACC: 0.6475, at 8326 iters
[2024-03-03 01:53:15,025 INFO] 

epoch 39
[2024-03-03 01:55:47,801 INFO] validating...
[2024-03-03 01:55:53,313 INFO] model saved: saved_models/radformer/selfkd_deit_v8_exp4_tr_4/latest_model.pth
[2024-03-03 01:55:53,314 INFO] 9001 iteration, USE_EMA: True, train/sup_loss: 0.01420, train/unsup_loss: 0.03409, train/total_loss: 0.04829, train/util_ratio: 0.81250, train/run_time: 0.64054, lr: 0.00904, train/prefecth_time: 0.00693, eval/loss: 1.12973, eval/top-1-acc: 0.79000, eval/balanced_acc: 0.74196, eval/precision: 0.76282, eval/recall: 0.74196, eval/F1: 0.75100, eval/spec: 0.76744, eval/sens: 0.89474, test/loss: 1.11630, test/top-1-acc: 0.64754, test/balanced_acc: 0.63349, test/precision: 0.71394, test/recall: 0.63349, test/F1: 0.65087, test/spec: 0.76250, test/sens: 0.69048 BEST_EVAL_ACC: 0.8400, at 8326 iters BEST_TEST_ACC: 0.6475, at 8326 iters
[2024-03-03 01:55:53,318 INFO] 

epoch 40
[2024-03-03 01:58:26,303 INFO] validating...
[2024-03-03 01:58:31,672 INFO] model saved: saved_models/radformer/selfkd_deit_v8_exp4_tr_4/latest_model.pth
[2024-03-03 01:58:31,673 INFO] 9226 iteration, USE_EMA: True, train/sup_loss: 0.01079, train/unsup_loss: 0.01767, train/total_loss: 0.02847, train/util_ratio: 0.81250, train/run_time: 0.64399, lr: 0.00897, train/prefecth_time: 0.00694, eval/loss: 1.14044, eval/top-1-acc: 0.78000, eval/balanced_acc: 0.71637, eval/precision: 0.73883, eval/recall: 0.71637, eval/F1: 0.72539, eval/spec: 0.76744, eval/sens: 0.91228, test/loss: 1.11644, test/top-1-acc: 0.64754, test/balanced_acc: 0.63349, test/precision: 0.71480, test/recall: 0.63349, test/F1: 0.65129, test/spec: 0.77500, test/sens: 0.69048 BEST_EVAL_ACC: 0.8400, at 8326 iters BEST_TEST_ACC: 0.6475, at 8326 iters
[2024-03-03 01:58:31,677 INFO] 

epoch 41
[2024-03-03 02:01:03,877 INFO] validating...
[2024-03-03 02:01:09,114 INFO] model saved: saved_models/radformer/selfkd_deit_v8_exp4_tr_4/latest_model.pth
[2024-03-03 02:01:09,115 INFO] 9451 iteration, USE_EMA: True, train/sup_loss: 0.11781, train/unsup_loss: 0.01486, train/total_loss: 0.13267, train/util_ratio: 0.87500, train/run_time: 0.64402, lr: 0.00890, train/prefecth_time: 0.00739, eval/loss: 1.12396, eval/top-1-acc: 0.78000, eval/balanced_acc: 0.72807, eval/precision: 0.74788, eval/recall: 0.72807, eval/F1: 0.73492, eval/spec: 0.74419, eval/sens: 0.89474, test/loss: 1.11284, test/top-1-acc: 0.63934, test/balanced_acc: 0.62669, test/precision: 0.70743, test/recall: 0.62669, test/F1: 0.64420, test/spec: 0.75000, test/sens: 0.69048 BEST_EVAL_ACC: 0.8400, at 8326 iters BEST_TEST_ACC: 0.6475, at 8326 iters
[2024-03-03 02:01:09,119 INFO] 

epoch 42
[2024-03-03 02:03:41,268 INFO] validating...
[2024-03-03 02:03:46,399 INFO] model saved: saved_models/radformer/selfkd_deit_v8_exp4_tr_4/latest_model.pth
[2024-03-03 02:03:46,399 INFO] 9676 iteration, USE_EMA: True, train/sup_loss: 0.01499, train/unsup_loss: 0.01187, train/total_loss: 0.02686, train/util_ratio: 0.75000, train/run_time: 0.64334, lr: 0.00883, train/prefecth_time: 0.00705, eval/loss: 1.06728, eval/top-1-acc: 0.80000, eval/balanced_acc: 0.74781, eval/precision: 0.77401, eval/recall: 0.74781, eval/F1: 0.75856, eval/spec: 0.76744, eval/sens: 0.91228, test/loss: 1.10405, test/top-1-acc: 0.64754, test/balanced_acc: 0.63349, test/precision: 0.71339, test/recall: 0.63349, test/F1: 0.65055, test/spec: 0.75000, test/sens: 0.69048 BEST_EVAL_ACC: 0.8400, at 8326 iters BEST_TEST_ACC: 0.6475, at 8326 iters
[2024-03-03 02:03:46,403 INFO] 

epoch 43
[2024-03-03 02:06:18,405 INFO] validating...
[2024-03-03 02:06:23,770 INFO] model saved: saved_models/radformer/selfkd_deit_v8_exp4_tr_4/latest_model.pth
[2024-03-03 02:06:23,771 INFO] 9901 iteration, USE_EMA: True, train/sup_loss: 0.01400, train/unsup_loss: 0.08814, train/total_loss: 0.10214, train/util_ratio: 0.81250, train/run_time: 0.64251, lr: 0.00876, train/prefecth_time: 0.00711, eval/loss: 1.06292, eval/top-1-acc: 0.81000, eval/balanced_acc: 0.75365, eval/precision: 0.77617, eval/recall: 0.75365, eval/F1: 0.76163, eval/spec: 0.79070, eval/sens: 0.92982, test/loss: 1.10315, test/top-1-acc: 0.64754, test/balanced_acc: 0.62954, test/precision: 0.71591, test/recall: 0.62954, test/F1: 0.64604, test/spec: 0.77500, test/sens: 0.69048 BEST_EVAL_ACC: 0.8400, at 8326 iters BEST_TEST_ACC: 0.6475, at 8326 iters
[2024-03-03 02:06:23,775 INFO] 

epoch 44
[2024-03-03 02:08:55,942 INFO] validating...
[2024-03-03 02:09:01,395 INFO] model saved: saved_models/radformer/selfkd_deit_v8_exp4_tr_4/latest_model.pth
[2024-03-03 02:09:01,397 INFO] 10126 iteration, USE_EMA: True, train/sup_loss: 0.02215, train/unsup_loss: 0.01585, train/total_loss: 0.03799, train/util_ratio: 0.68750, train/run_time: 0.64392, lr: 0.00868, train/prefecth_time: 0.00708, eval/loss: 1.11908, eval/top-1-acc: 0.82000, eval/balanced_acc: 0.76754, eval/precision: 0.78611, eval/recall: 0.76754, eval/F1: 0.77471, eval/spec: 0.81395, eval/sens: 0.92982, test/loss: 1.10793, test/top-1-acc: 0.63934, test/balanced_acc: 0.62274, test/precision: 0.70929, test/recall: 0.62274, test/F1: 0.63942, test/spec: 0.76250, test/sens: 0.69048 BEST_EVAL_ACC: 0.8400, at 8326 iters BEST_TEST_ACC: 0.6475, at 8326 iters
[2024-03-03 02:09:01,400 INFO] 

epoch 45
[2024-03-03 02:11:33,443 INFO] validating...
[2024-03-03 02:11:38,836 INFO] model saved: saved_models/radformer/selfkd_deit_v8_exp4_tr_4/latest_model.pth
[2024-03-03 02:11:38,837 INFO] 10351 iteration, USE_EMA: True, train/sup_loss: 0.03637, train/unsup_loss: 0.00420, train/total_loss: 0.04057, train/util_ratio: 0.68750, train/run_time: 0.64311, lr: 0.00861, train/prefecth_time: 0.00672, eval/loss: 1.02124, eval/top-1-acc: 0.80000, eval/balanced_acc: 0.74415, eval/precision: 0.75594, eval/recall: 0.74415, eval/F1: 0.74968, eval/spec: 0.83721, eval/sens: 0.91228, test/loss: 1.11034, test/top-1-acc: 0.63934, test/balanced_acc: 0.62274, test/precision: 0.70861, test/recall: 0.62274, test/F1: 0.63906, test/spec: 0.75000, test/sens: 0.69048 BEST_EVAL_ACC: 0.8400, at 8326 iters BEST_TEST_ACC: 0.6475, at 8326 iters
[2024-03-03 02:11:38,841 INFO] 

epoch 46
[2024-03-03 02:14:10,781 INFO] validating...
[2024-03-03 02:14:16,183 INFO] model saved: saved_models/radformer/selfkd_deit_v8_exp4_tr_4/latest_model.pth
[2024-03-03 02:14:16,183 INFO] 10576 iteration, USE_EMA: True, train/sup_loss: 0.02132, train/unsup_loss: 0.01383, train/total_loss: 0.03515, train/util_ratio: 0.81250, train/run_time: 0.64251, lr: 0.00853, train/prefecth_time: 0.00731, eval/loss: 1.11375, eval/top-1-acc: 0.79000, eval/balanced_acc: 0.74196, eval/precision: 0.75000, eval/recall: 0.74196, eval/F1: 0.74398, eval/spec: 0.79070, eval/sens: 0.89474, test/loss: 1.11881, test/top-1-acc: 0.64754, test/balanced_acc: 0.63349, test/precision: 0.71312, test/recall: 0.63349, test/F1: 0.65032, test/spec: 0.73750, test/sens: 0.69048 BEST_EVAL_ACC: 0.8400, at 8326 iters BEST_TEST_ACC: 0.6475, at 8326 iters
[2024-03-03 02:14:16,186 INFO] 

epoch 47
[2024-03-03 02:16:48,047 INFO] validating...
[2024-03-03 02:16:53,390 INFO] model saved: saved_models/radformer/selfkd_deit_v8_exp4_tr_4/latest_model.pth
[2024-03-03 02:16:53,391 INFO] 10801 iteration, USE_EMA: True, train/sup_loss: 0.02412, train/unsup_loss: 0.02837, train/total_loss: 0.05249, train/util_ratio: 0.75000, train/run_time: 0.64310, lr: 0.00845, train/prefecth_time: 0.00662, eval/loss: 1.27607, eval/top-1-acc: 0.76000, eval/balanced_acc: 0.69664, eval/precision: 0.71916, eval/recall: 0.69664, eval/F1: 0.70355, eval/spec: 0.72093, eval/sens: 0.89474, test/loss: 1.12458, test/top-1-acc: 0.63934, test/balanced_acc: 0.62274, test/precision: 0.70929, test/recall: 0.62274, test/F1: 0.63942, test/spec: 0.76250, test/sens: 0.69048 BEST_EVAL_ACC: 0.8400, at 8326 iters BEST_TEST_ACC: 0.6475, at 8326 iters
[2024-03-03 02:16:53,394 INFO] 

epoch 48
[2024-03-03 02:19:25,621 INFO] validating...
[2024-03-03 02:19:30,994 INFO] model saved: saved_models/radformer/selfkd_deit_v8_exp4_tr_4/latest_model.pth
[2024-03-03 02:19:30,995 INFO] 11026 iteration, USE_EMA: True, train/sup_loss: 0.01080, train/unsup_loss: 0.01123, train/total_loss: 0.02202, train/util_ratio: 0.75000, train/run_time: 0.64268, lr: 0.00836, train/prefecth_time: 0.00692, eval/loss: 1.16272, eval/top-1-acc: 0.79000, eval/balanced_acc: 0.73392, eval/precision: 0.74468, eval/recall: 0.73392, eval/F1: 0.73624, eval/spec: 0.79070, eval/sens: 0.91228, test/loss: 1.11518, test/top-1-acc: 0.63934, test/balanced_acc: 0.62274, test/precision: 0.70821, test/recall: 0.62274, test/F1: 0.63878, test/spec: 0.73750, test/sens: 0.69048 BEST_EVAL_ACC: 0.8400, at 8326 iters BEST_TEST_ACC: 0.6475, at 8326 iters
[2024-03-03 02:19:30,998 INFO] 

epoch 49
[2024-03-03 02:22:03,123 INFO] validating...
[2024-03-03 02:22:08,602 INFO] model saved: saved_models/radformer/selfkd_deit_v8_exp4_tr_4/latest_model.pth
[2024-03-03 02:22:08,603 INFO] 11251 iteration, USE_EMA: True, train/sup_loss: 0.02721, train/unsup_loss: 0.01029, train/total_loss: 0.03750, train/util_ratio: 0.68750, train/run_time: 0.64077, lr: 0.00828, train/prefecth_time: 0.00689, eval/loss: 1.09840, eval/top-1-acc: 0.80000, eval/balanced_acc: 0.73977, eval/precision: 0.75717, eval/recall: 0.73977, eval/F1: 0.74381, eval/spec: 0.79070, eval/sens: 0.92982, test/loss: 1.10405, test/top-1-acc: 0.63934, test/balanced_acc: 0.62274, test/precision: 0.70821, test/recall: 0.62274, test/F1: 0.63878, test/spec: 0.73750, test/sens: 0.69048 BEST_EVAL_ACC: 0.8400, at 8326 iters BEST_TEST_ACC: 0.6475, at 8326 iters
[2024-03-03 02:22:08,606 INFO] 

epoch 50
[2024-03-03 02:24:40,739 INFO] validating...
[2024-03-03 02:24:46,233 INFO] model saved: saved_models/radformer/selfkd_deit_v8_exp4_tr_4/latest_model.pth
[2024-03-03 02:24:46,234 INFO] 11476 iteration, USE_EMA: True, train/sup_loss: 0.05355, train/unsup_loss: 0.05163, train/total_loss: 0.10518, train/util_ratio: 0.81250, train/run_time: 0.64253, lr: 0.00819, train/prefecth_time: 0.00662, eval/loss: 1.24703, eval/top-1-acc: 0.77000, eval/balanced_acc: 0.70249, eval/precision: 0.72737, eval/recall: 0.70249, eval/F1: 0.71168, eval/spec: 0.74419, eval/sens: 0.91228, test/loss: 1.09937, test/top-1-acc: 0.65574, test/balanced_acc: 0.64143, test/precision: 0.71968, test/recall: 0.64143, test/F1: 0.65734, test/spec: 0.73750, test/sens: 0.71429 BEST_EVAL_ACC: 0.8400, at 8326 iters BEST_TEST_ACC: 0.6475, at 8326 iters
[2024-03-03 02:24:46,237 INFO] 

epoch 51
[2024-03-03 02:27:18,223 INFO] validating...
[2024-03-03 02:27:23,362 INFO] model saved: saved_models/radformer/selfkd_deit_v8_exp4_tr_4/latest_model.pth
[2024-03-03 02:27:23,363 INFO] 11701 iteration, USE_EMA: True, train/sup_loss: 0.03560, train/unsup_loss: 0.04041, train/total_loss: 0.07601, train/util_ratio: 0.81250, train/run_time: 0.64509, lr: 0.00810, train/prefecth_time: 0.00716, eval/loss: 1.21978, eval/top-1-acc: 0.77000, eval/balanced_acc: 0.71857, eval/precision: 0.73883, eval/recall: 0.71857, eval/F1: 0.72733, eval/spec: 0.74419, eval/sens: 0.87719, test/loss: 1.09414, test/top-1-acc: 0.66393, test/balanced_acc: 0.64937, test/precision: 0.72664, test/recall: 0.64937, test/F1: 0.66419, test/spec: 0.72500, test/sens: 0.73810 BEST_EVAL_ACC: 0.8400, at 8326 iters BEST_TEST_ACC: 0.6475, at 8326 iters
[2024-03-03 02:27:23,366 INFO] 

epoch 52
[2024-03-03 02:29:55,898 INFO] validating...
[2024-03-03 02:30:01,711 INFO] model saved: saved_models/radformer/selfkd_deit_v8_exp4_tr_4/latest_model.pth
[2024-03-03 02:30:01,712 INFO] 11926 iteration, USE_EMA: True, train/sup_loss: 0.01591, train/unsup_loss: 0.00393, train/total_loss: 0.01984, train/util_ratio: 0.68750, train/run_time: 0.64367, lr: 0.00801, train/prefecth_time: 0.00701, eval/loss: 1.16436, eval/top-1-acc: 0.78000, eval/balanced_acc: 0.71637, eval/precision: 0.74297, eval/recall: 0.71637, eval/F1: 0.72498, eval/spec: 0.74419, eval/sens: 0.91228, test/loss: 1.09224, test/top-1-acc: 0.67213, test/balanced_acc: 0.66012, test/precision: 0.73148, test/recall: 0.66012, test/F1: 0.67557, test/spec: 0.73750, test/sens: 0.73810 BEST_EVAL_ACC: 0.8400, at 8326 iters BEST_TEST_ACC: 0.6475, at 8326 iters
[2024-03-03 02:30:01,715 INFO] 

epoch 53
[2024-03-03 02:32:34,968 INFO] validating...
[2024-03-03 02:32:40,319 INFO] model saved: saved_models/radformer/selfkd_deit_v8_exp4_tr_4/latest_model.pth
[2024-03-03 02:32:40,320 INFO] 12151 iteration, USE_EMA: True, train/sup_loss: 0.03701, train/unsup_loss: 0.01899, train/total_loss: 0.05600, train/util_ratio: 0.87500, train/run_time: 0.64802, lr: 0.00792, train/prefecth_time: 0.00774, eval/loss: 1.10410, eval/top-1-acc: 0.79000, eval/balanced_acc: 0.73392, eval/precision: 0.76344, eval/recall: 0.73392, eval/F1: 0.74521, eval/spec: 0.74419, eval/sens: 0.91228, test/loss: 1.08423, test/top-1-acc: 0.68852, test/balanced_acc: 0.67373, test/precision: 0.74384, test/recall: 0.67373, test/F1: 0.68881, test/spec: 0.75000, test/sens: 0.73810 BEST_EVAL_ACC: 0.8400, at 8326 iters BEST_TEST_ACC: 0.6475, at 8326 iters
[2024-03-03 02:32:40,324 INFO] 

epoch 54
[2024-03-03 02:35:12,316 INFO] validating...
[2024-03-03 02:35:17,829 INFO] model saved: saved_models/radformer/selfkd_deit_v8_exp4_tr_4/latest_model.pth
[2024-03-03 02:35:17,830 INFO] 12376 iteration, USE_EMA: True, train/sup_loss: 0.01418, train/unsup_loss: 0.01209, train/total_loss: 0.02627, train/util_ratio: 0.87500, train/run_time: 0.64273, lr: 0.00783, train/prefecth_time: 0.00676, eval/loss: 1.12802, eval/top-1-acc: 0.78000, eval/balanced_acc: 0.72442, eval/precision: 0.74430, eval/recall: 0.72442, eval/F1: 0.73298, eval/spec: 0.76744, eval/sens: 0.89474, test/loss: 1.07679, test/top-1-acc: 0.68033, test/balanced_acc: 0.66692, test/precision: 0.73789, test/recall: 0.66692, test/F1: 0.68217, test/spec: 0.73750, test/sens: 0.73810 BEST_EVAL_ACC: 0.8400, at 8326 iters BEST_TEST_ACC: 0.6475, at 8326 iters
[2024-03-03 02:35:17,833 INFO] 

epoch 55
[2024-03-03 02:37:49,648 INFO] validating...
[2024-03-03 02:37:55,255 INFO] model saved: saved_models/radformer/selfkd_deit_v8_exp4_tr_4/latest_model.pth
[2024-03-03 02:37:55,257 INFO] 12601 iteration, USE_EMA: True, train/sup_loss: 0.01778, train/unsup_loss: 0.01909, train/total_loss: 0.03687, train/util_ratio: 0.75000, train/run_time: 0.64128, lr: 0.00773, train/prefecth_time: 0.00662, eval/loss: 1.14034, eval/top-1-acc: 0.80000, eval/balanced_acc: 0.75585, eval/precision: 0.76871, eval/recall: 0.75585, eval/F1: 0.76116, eval/spec: 0.79070, eval/sens: 0.89474, test/loss: 1.07251, test/top-1-acc: 0.68852, test/balanced_acc: 0.67768, test/precision: 0.74327, test/recall: 0.67768, test/F1: 0.69319, test/spec: 0.73750, test/sens: 0.73810 BEST_EVAL_ACC: 0.8400, at 8326 iters BEST_TEST_ACC: 0.6475, at 8326 iters
[2024-03-03 02:37:55,260 INFO] 

epoch 56
[2024-03-03 02:40:27,367 INFO] validating...
[2024-03-03 02:40:32,823 INFO] model saved: saved_models/radformer/selfkd_deit_v8_exp4_tr_4/latest_model.pth
[2024-03-03 02:40:32,824 INFO] 12826 iteration, USE_EMA: True, train/sup_loss: 0.12813, train/unsup_loss: 0.14399, train/total_loss: 0.27212, train/util_ratio: 0.87500, train/run_time: 0.64329, lr: 0.00763, train/prefecth_time: 0.00663, eval/loss: 1.09786, eval/top-1-acc: 0.78000, eval/balanced_acc: 0.72807, eval/precision: 0.74788, eval/recall: 0.72807, eval/F1: 0.73492, eval/spec: 0.74419, eval/sens: 0.89474, test/loss: 1.07527, test/top-1-acc: 0.68033, test/balanced_acc: 0.66692, test/precision: 0.73789, test/recall: 0.66692, test/F1: 0.68217, test/spec: 0.73750, test/sens: 0.73810 BEST_EVAL_ACC: 0.8400, at 8326 iters BEST_TEST_ACC: 0.6475, at 8326 iters
[2024-03-03 02:40:32,827 INFO] 

epoch 57
[2024-03-03 02:43:04,716 INFO] validating...
[2024-03-03 02:43:10,428 INFO] model saved: saved_models/radformer/selfkd_deit_v8_exp4_tr_4/latest_model.pth
[2024-03-03 02:43:10,429 INFO] 13051 iteration, USE_EMA: True, train/sup_loss: 0.05098, train/unsup_loss: 0.12981, train/total_loss: 0.18079, train/util_ratio: 0.75000, train/run_time: 0.64485, lr: 0.00753, train/prefecth_time: 0.00696, eval/loss: 1.13882, eval/top-1-acc: 0.78000, eval/balanced_acc: 0.72807, eval/precision: 0.74788, eval/recall: 0.72807, eval/F1: 0.73492, eval/spec: 0.74419, eval/sens: 0.89474, test/loss: 1.07460, test/top-1-acc: 0.68033, test/balanced_acc: 0.66692, test/precision: 0.73755, test/recall: 0.66692, test/F1: 0.68227, test/spec: 0.75000, test/sens: 0.73810 BEST_EVAL_ACC: 0.8400, at 8326 iters BEST_TEST_ACC: 0.6475, at 8326 iters
[2024-03-03 02:43:10,432 INFO] 

epoch 58
[2024-03-03 02:45:42,319 INFO] validating...
[2024-03-03 02:45:47,659 INFO] model saved: saved_models/radformer/selfkd_deit_v8_exp4_tr_4/latest_model.pth
[2024-03-03 02:45:47,661 INFO] 13276 iteration, USE_EMA: True, train/sup_loss: 0.01280, train/unsup_loss: 0.02863, train/total_loss: 0.04142, train/util_ratio: 0.93750, train/run_time: 0.64218, lr: 0.00743, train/prefecth_time: 0.00701, eval/loss: 1.20175, eval/top-1-acc: 0.80000, eval/balanced_acc: 0.73611, eval/precision: 0.79153, eval/recall: 0.73611, eval/F1: 0.75783, eval/spec: 0.72093, eval/sens: 0.92982, test/loss: 1.08034, test/top-1-acc: 0.68852, test/balanced_acc: 0.67373, test/precision: 0.74370, test/recall: 0.67373, test/F1: 0.68894, test/spec: 0.76250, test/sens: 0.73810 BEST_EVAL_ACC: 0.8400, at 8326 iters BEST_TEST_ACC: 0.6475, at 8326 iters
[2024-03-03 02:45:47,664 INFO] 

epoch 59
[2024-03-03 02:48:20,808 INFO] validating...
[2024-03-03 02:48:26,564 INFO] model saved: saved_models/radformer/selfkd_deit_v8_exp4_tr_4/latest_model.pth
[2024-03-03 02:48:26,565 INFO] 13501 iteration, USE_EMA: True, train/sup_loss: 0.01434, train/unsup_loss: 0.01156, train/total_loss: 0.02591, train/util_ratio: 0.75000, train/run_time: 0.64497, lr: 0.00733, train/prefecth_time: 0.01171, eval/loss: 1.25042, eval/top-1-acc: 0.78000, eval/balanced_acc: 0.71637, eval/precision: 0.74492, eval/recall: 0.71637, eval/F1: 0.72719, eval/spec: 0.74419, eval/sens: 0.91228, test/loss: 1.08552, test/top-1-acc: 0.68033, test/balanced_acc: 0.66297, test/precision: 0.73857, test/recall: 0.66297, test/F1: 0.67763, test/spec: 0.76250, test/sens: 0.73810 BEST_EVAL_ACC: 0.8400, at 8326 iters BEST_TEST_ACC: 0.6475, at 8326 iters
[2024-03-03 02:48:26,569 INFO] 

epoch 60
[2024-03-03 02:50:59,706 INFO] validating...
[2024-03-03 02:51:05,229 INFO] model saved: saved_models/radformer/selfkd_deit_v8_exp4_tr_4/latest_model.pth
[2024-03-03 02:51:05,230 INFO] 13726 iteration, USE_EMA: True, train/sup_loss: 0.01552, train/unsup_loss: 0.01445, train/total_loss: 0.02998, train/util_ratio: 0.75000, train/run_time: 0.64109, lr: 0.00722, train/prefecth_time: 0.01489, eval/loss: 1.16143, eval/top-1-acc: 0.78000, eval/balanced_acc: 0.72003, eval/precision: 0.73327, eval/recall: 0.72003, eval/F1: 0.72233, eval/spec: 0.76744, eval/sens: 0.91228, test/loss: 1.08367, test/top-1-acc: 0.67213, test/balanced_acc: 0.65617, test/precision: 0.71930, test/recall: 0.65617, test/F1: 0.66915, test/spec: 0.77500, test/sens: 0.73810 BEST_EVAL_ACC: 0.8400, at 8326 iters BEST_TEST_ACC: 0.6475, at 8326 iters
[2024-03-03 02:51:05,234 INFO] 

epoch 61
[2024-03-03 02:53:37,784 INFO] validating...
[2024-03-03 02:53:43,196 INFO] model saved: saved_models/radformer/selfkd_deit_v8_exp4_tr_4/latest_model.pth
[2024-03-03 02:53:43,198 INFO] 13951 iteration, USE_EMA: True, train/sup_loss: 0.02264, train/unsup_loss: 0.02383, train/total_loss: 0.04647, train/util_ratio: 0.81250, train/run_time: 0.64356, lr: 0.00712, train/prefecth_time: 0.00682, eval/loss: 1.16716, eval/top-1-acc: 0.80000, eval/balanced_acc: 0.74781, eval/precision: 0.77401, eval/recall: 0.74781, eval/F1: 0.75856, eval/spec: 0.76744, eval/sens: 0.91228, test/loss: 1.07508, test/top-1-acc: 0.66393, test/balanced_acc: 0.64937, test/precision: 0.71284, test/recall: 0.64937, test/F1: 0.66239, test/spec: 0.76250, test/sens: 0.73810 BEST_EVAL_ACC: 0.8400, at 8326 iters BEST_TEST_ACC: 0.6475, at 8326 iters
[2024-03-03 02:53:43,201 INFO] 

epoch 62
[2024-03-03 02:56:16,170 INFO] validating...
[2024-03-03 02:56:21,461 INFO] model saved: saved_models/radformer/selfkd_deit_v8_exp4_tr_4/latest_model.pth
[2024-03-03 02:56:21,462 INFO] 14176 iteration, USE_EMA: True, train/sup_loss: 0.02041, train/unsup_loss: 0.00968, train/total_loss: 0.03009, train/util_ratio: 0.68750, train/run_time: 0.63879, lr: 0.00701, train/prefecth_time: 0.00837, eval/loss: 1.16515, eval/top-1-acc: 0.79000, eval/balanced_acc: 0.73026, eval/precision: 0.76631, eval/recall: 0.73026, eval/F1: 0.74512, eval/spec: 0.74419, eval/sens: 0.91228, test/loss: 1.07258, test/top-1-acc: 0.68033, test/balanced_acc: 0.66692, test/precision: 0.72564, test/recall: 0.66692, test/F1: 0.68066, test/spec: 0.78750, test/sens: 0.73810 BEST_EVAL_ACC: 0.8400, at 8326 iters BEST_TEST_ACC: 0.6475, at 8326 iters
[2024-03-03 02:56:21,465 INFO] 

epoch 63
[2024-03-03 02:58:53,188 INFO] validating...
[2024-03-03 02:58:58,464 INFO] model saved: saved_models/radformer/selfkd_deit_v8_exp4_tr_4/latest_model.pth
[2024-03-03 02:58:58,465 INFO] 14401 iteration, USE_EMA: True, train/sup_loss: 0.05599, train/unsup_loss: 0.01702, train/total_loss: 0.07301, train/util_ratio: 0.81250, train/run_time: 0.64266, lr: 0.00690, train/prefecth_time: 0.00686, eval/loss: 1.11879, eval/top-1-acc: 0.76000, eval/balanced_acc: 0.68860, eval/precision: 0.72200, eval/recall: 0.68860, eval/F1: 0.69901, eval/spec: 0.69767, eval/sens: 0.91228, test/loss: 1.06891, test/top-1-acc: 0.66393, test/balanced_acc: 0.64937, test/precision: 0.71324, test/recall: 0.64937, test/F1: 0.66274, test/spec: 0.77500, test/sens: 0.73810 BEST_EVAL_ACC: 0.8400, at 8326 iters BEST_TEST_ACC: 0.6475, at 8326 iters
[2024-03-03 02:58:58,468 INFO] 

epoch 64
[2024-03-03 03:01:30,465 INFO] validating...
[2024-03-03 03:01:35,983 INFO] model saved: saved_models/radformer/selfkd_deit_v8_exp4_tr_4/latest_model.pth
[2024-03-03 03:01:35,984 INFO] 14626 iteration, USE_EMA: True, train/sup_loss: 0.01383, train/unsup_loss: 0.10393, train/total_loss: 0.11776, train/util_ratio: 0.81250, train/run_time: 0.64270, lr: 0.00679, train/prefecth_time: 0.00698, eval/loss: 1.15732, eval/top-1-acc: 0.79000, eval/balanced_acc: 0.73026, eval/precision: 0.76043, eval/recall: 0.73026, eval/F1: 0.74317, eval/spec: 0.76744, eval/sens: 0.91228, test/loss: 1.05137, test/top-1-acc: 0.67213, test/balanced_acc: 0.66012, test/precision: 0.71901, test/recall: 0.66012, test/F1: 0.67384, test/spec: 0.77500, test/sens: 0.73810 BEST_EVAL_ACC: 0.8400, at 8326 iters BEST_TEST_ACC: 0.6475, at 8326 iters
[2024-03-03 03:01:35,987 INFO] 

epoch 65
[2024-03-03 03:04:09,190 INFO] validating...
[2024-03-03 03:04:14,593 INFO] model saved: saved_models/radformer/selfkd_deit_v8_exp4_tr_4/latest_model.pth
[2024-03-03 03:04:14,594 INFO] 14851 iteration, USE_EMA: True, train/sup_loss: 0.01027, train/unsup_loss: 0.01217, train/total_loss: 0.02244, train/util_ratio: 0.75000, train/run_time: 0.64278, lr: 0.00668, train/prefecth_time: 0.00644, eval/loss: 1.05259, eval/top-1-acc: 0.79000, eval/balanced_acc: 0.74561, eval/precision: 0.75588, eval/recall: 0.74561, eval/F1: 0.74769, eval/spec: 0.76744, eval/sens: 0.89474, test/loss: 1.04451, test/top-1-acc: 0.67213, test/balanced_acc: 0.66012, test/precision: 0.71901, test/recall: 0.66012, test/F1: 0.67384, test/spec: 0.77500, test/sens: 0.73810 BEST_EVAL_ACC: 0.8400, at 8326 iters BEST_TEST_ACC: 0.6475, at 8326 iters
[2024-03-03 03:04:14,597 INFO] 

epoch 66
[2024-03-03 03:06:47,820 INFO] validating...
[2024-03-03 03:06:53,598 INFO] model saved: saved_models/radformer/selfkd_deit_v8_exp4_tr_4/latest_model.pth
[2024-03-03 03:06:53,599 INFO] 15076 iteration, USE_EMA: True, train/sup_loss: 0.03529, train/unsup_loss: 0.01921, train/total_loss: 0.05450, train/util_ratio: 0.87500, train/run_time: 0.64222, lr: 0.00656, train/prefecth_time: 0.00711, eval/loss: 1.13076, eval/top-1-acc: 0.79000, eval/balanced_acc: 0.73392, eval/precision: 0.76344, eval/recall: 0.73392, eval/F1: 0.74521, eval/spec: 0.74419, eval/sens: 0.91228, test/loss: 1.04310, test/top-1-acc: 0.68033, test/balanced_acc: 0.66692, test/precision: 0.72564, test/recall: 0.66692, test/F1: 0.68066, test/spec: 0.78750, test/sens: 0.73810 BEST_EVAL_ACC: 0.8400, at 8326 iters BEST_TEST_ACC: 0.6475, at 8326 iters
[2024-03-03 03:06:53,602 INFO] 

epoch 67
[2024-03-03 03:09:25,703 INFO] validating...
[2024-03-03 03:09:31,212 INFO] model saved: saved_models/radformer/selfkd_deit_v8_exp4_tr_4/latest_model.pth
[2024-03-03 03:09:31,213 INFO] 15301 iteration, USE_EMA: True, train/sup_loss: 0.05432, train/unsup_loss: 0.00739, train/total_loss: 0.06171, train/util_ratio: 0.81250, train/run_time: 0.64338, lr: 0.00644, train/prefecth_time: 0.00605, eval/loss: 1.07364, eval/top-1-acc: 0.80000, eval/balanced_acc: 0.74781, eval/precision: 0.76398, eval/recall: 0.74781, eval/F1: 0.75391, eval/spec: 0.79070, eval/sens: 0.91228, test/loss: 1.04229, test/top-1-acc: 0.68852, test/balanced_acc: 0.67486, test/precision: 0.73198, test/recall: 0.67486, test/F1: 0.68764, test/spec: 0.78750, test/sens: 0.76190 BEST_EVAL_ACC: 0.8400, at 8326 iters BEST_TEST_ACC: 0.6475, at 8326 iters
[2024-03-03 03:09:31,216 INFO] 

epoch 68
[2024-03-03 03:12:03,331 INFO] validating...
[2024-03-03 03:12:08,923 INFO] model saved: saved_models/radformer/selfkd_deit_v8_exp4_tr_4/latest_model.pth
[2024-03-03 03:12:08,924 INFO] 15526 iteration, USE_EMA: True, train/sup_loss: 0.02463, train/unsup_loss: 0.02732, train/total_loss: 0.05195, train/util_ratio: 0.81250, train/run_time: 0.64555, lr: 0.00633, train/prefecth_time: 0.00681, eval/loss: 1.15446, eval/top-1-acc: 0.80000, eval/balanced_acc: 0.75146, eval/precision: 0.75338, eval/recall: 0.75146, eval/F1: 0.74901, eval/spec: 0.81395, eval/sens: 0.91228, test/loss: 1.05783, test/top-1-acc: 0.68033, test/balanced_acc: 0.66411, test/precision: 0.72568, test/recall: 0.66411, test/F1: 0.67611, test/spec: 0.77500, test/sens: 0.76190 BEST_EVAL_ACC: 0.8400, at 8326 iters BEST_TEST_ACC: 0.6475, at 8326 iters
[2024-03-03 03:12:08,928 INFO] 

epoch 69
[2024-03-03 03:14:41,992 INFO] validating...
[2024-03-03 03:14:47,441 INFO] model saved: saved_models/radformer/selfkd_deit_v8_exp4_tr_4/latest_model.pth
[2024-03-03 03:14:47,442 INFO] 15751 iteration, USE_EMA: True, train/sup_loss: 0.06402, train/unsup_loss: 0.00671, train/total_loss: 0.07072, train/util_ratio: 0.75000, train/run_time: 0.64587, lr: 0.00621, train/prefecth_time: 0.01622, eval/loss: 1.20870, eval/top-1-acc: 0.78000, eval/balanced_acc: 0.72442, eval/precision: 0.74430, eval/recall: 0.72442, eval/F1: 0.73298, eval/spec: 0.76744, eval/sens: 0.89474, test/loss: 1.06502, test/top-1-acc: 0.66393, test/balanced_acc: 0.64260, test/precision: 0.71333, test/recall: 0.64260, test/F1: 0.65269, test/spec: 0.77500, test/sens: 0.76190 BEST_EVAL_ACC: 0.8400, at 8326 iters BEST_TEST_ACC: 0.6475, at 8326 iters
[2024-03-03 03:14:47,445 INFO] 

epoch 70
[2024-03-03 03:17:20,157 INFO] validating...
[2024-03-03 03:17:25,756 INFO] model saved: saved_models/radformer/selfkd_deit_v8_exp4_tr_4/latest_model.pth
[2024-03-03 03:17:25,757 INFO] 15976 iteration, USE_EMA: True, train/sup_loss: 0.01546, train/unsup_loss: 0.02514, train/total_loss: 0.04060, train/util_ratio: 0.81250, train/run_time: 0.64867, lr: 0.00609, train/prefecth_time: 0.01540, eval/loss: 1.14182, eval/top-1-acc: 0.78000, eval/balanced_acc: 0.72003, eval/precision: 0.74199, eval/recall: 0.72003, eval/F1: 0.72665, eval/spec: 0.74419, eval/sens: 0.91228, test/loss: 1.06990, test/top-1-acc: 0.68033, test/balanced_acc: 0.66411, test/precision: 0.72568, test/recall: 0.66411, test/F1: 0.67611, test/spec: 0.77500, test/sens: 0.76190 BEST_EVAL_ACC: 0.8400, at 8326 iters BEST_TEST_ACC: 0.6475, at 8326 iters
[2024-03-03 03:17:25,761 INFO] 

epoch 71
[2024-03-03 03:19:58,912 INFO] validating...
[2024-03-03 03:20:04,260 INFO] model saved: saved_models/radformer/selfkd_deit_v8_exp4_tr_4/latest_model.pth
[2024-03-03 03:20:04,261 INFO] 16201 iteration, USE_EMA: True, train/sup_loss: 0.01521, train/unsup_loss: 0.01214, train/total_loss: 0.02735, train/util_ratio: 0.81250, train/run_time: 0.63990, lr: 0.00597, train/prefecth_time: 0.00754, eval/loss: 1.20779, eval/top-1-acc: 0.78000, eval/balanced_acc: 0.72442, eval/precision: 0.74097, eval/recall: 0.72442, eval/F1: 0.73072, eval/spec: 0.76744, eval/sens: 0.89474, test/loss: 1.07567, test/top-1-acc: 0.68852, test/balanced_acc: 0.67486, test/precision: 0.73198, test/recall: 0.67486, test/F1: 0.68764, test/spec: 0.78750, test/sens: 0.76190 BEST_EVAL_ACC: 0.8400, at 8326 iters BEST_TEST_ACC: 0.6475, at 8326 iters
[2024-03-03 03:20:04,264 INFO] 

epoch 72
[2024-03-03 03:22:36,315 INFO] validating...
[2024-03-03 03:22:41,707 INFO] model saved: saved_models/radformer/selfkd_deit_v8_exp4_tr_4/latest_model.pth
[2024-03-03 03:22:41,708 INFO] 16426 iteration, USE_EMA: True, train/sup_loss: 0.04285, train/unsup_loss: 0.00753, train/total_loss: 0.05038, train/util_ratio: 0.81250, train/run_time: 0.64448, lr: 0.00584, train/prefecth_time: 0.00677, eval/loss: 1.22091, eval/top-1-acc: 0.78000, eval/balanced_acc: 0.72003, eval/precision: 0.73327, eval/recall: 0.72003, eval/F1: 0.72233, eval/spec: 0.76744, eval/sens: 0.91228, test/loss: 1.08859, test/top-1-acc: 0.68852, test/balanced_acc: 0.67486, test/precision: 0.73198, test/recall: 0.67486, test/F1: 0.68764, test/spec: 0.78750, test/sens: 0.76190 BEST_EVAL_ACC: 0.8400, at 8326 iters BEST_TEST_ACC: 0.6475, at 8326 iters
[2024-03-03 03:22:41,711 INFO] 

epoch 73
[2024-03-03 03:25:13,889 INFO] validating...
[2024-03-03 03:25:19,668 INFO] model saved: saved_models/radformer/selfkd_deit_v8_exp4_tr_4/latest_model.pth
[2024-03-03 03:25:19,669 INFO] 16651 iteration, USE_EMA: True, train/sup_loss: 0.12971, train/unsup_loss: 0.01143, train/total_loss: 0.14114, train/util_ratio: 0.75000, train/run_time: 0.64456, lr: 0.00572, train/prefecth_time: 0.01258, eval/loss: 1.23634, eval/top-1-acc: 0.78000, eval/balanced_acc: 0.72442, eval/precision: 0.72782, eval/recall: 0.72442, eval/F1: 0.72501, eval/spec: 0.81395, eval/sens: 0.89474, test/loss: 1.08894, test/top-1-acc: 0.67213, test/balanced_acc: 0.65617, test/precision: 0.71991, test/recall: 0.65617, test/F1: 0.66954, test/spec: 0.78750, test/sens: 0.73810 BEST_EVAL_ACC: 0.8400, at 8326 iters BEST_TEST_ACC: 0.6475, at 8326 iters
[2024-03-03 03:25:19,674 INFO] 

epoch 74
[2024-03-03 03:27:51,567 INFO] validating...
[2024-03-03 03:27:56,963 INFO] model saved: saved_models/radformer/selfkd_deit_v8_exp4_tr_4/latest_model.pth
[2024-03-03 03:27:56,965 INFO] 16876 iteration, USE_EMA: True, train/sup_loss: 0.01542, train/unsup_loss: 0.01193, train/total_loss: 0.02736, train/util_ratio: 0.81250, train/run_time: 0.64307, lr: 0.00559, train/prefecth_time: 0.00682, eval/loss: 1.13479, eval/top-1-acc: 0.79000, eval/balanced_acc: 0.73026, eval/precision: 0.75550, eval/recall: 0.73026, eval/F1: 0.74054, eval/spec: 0.76744, eval/sens: 0.91228, test/loss: 1.09027, test/top-1-acc: 0.66393, test/balanced_acc: 0.64937, test/precision: 0.71275, test/recall: 0.64937, test/F1: 0.66213, test/spec: 0.75000, test/sens: 0.73810 BEST_EVAL_ACC: 0.8400, at 8326 iters BEST_TEST_ACC: 0.6475, at 8326 iters
[2024-03-03 03:27:56,968 INFO] 

epoch 75
[2024-03-03 03:30:29,883 INFO] validating...
[2024-03-03 03:30:35,249 INFO] model saved: saved_models/radformer/selfkd_deit_v8_exp4_tr_4/latest_model.pth
[2024-03-03 03:30:35,250 INFO] 17101 iteration, USE_EMA: True, train/sup_loss: 0.01637, train/unsup_loss: 0.06333, train/total_loss: 0.07970, train/util_ratio: 0.81250, train/run_time: 0.64177, lr: 0.00546, train/prefecth_time: 0.00869, eval/loss: 1.20129, eval/top-1-acc: 0.77000, eval/balanced_acc: 0.70249, eval/precision: 0.71817, eval/recall: 0.70249, eval/F1: 0.70747, eval/spec: 0.76744, eval/sens: 0.91228, test/loss: 1.08794, test/top-1-acc: 0.66393, test/balanced_acc: 0.64937, test/precision: 0.71284, test/recall: 0.64937, test/F1: 0.66239, test/spec: 0.76250, test/sens: 0.73810 BEST_EVAL_ACC: 0.8400, at 8326 iters BEST_TEST_ACC: 0.6475, at 8326 iters
[2024-03-03 03:30:35,254 INFO] 

epoch 76
[2024-03-03 03:33:08,087 INFO] validating...
[2024-03-03 03:33:13,866 INFO] model saved: saved_models/radformer/selfkd_deit_v8_exp4_tr_4/latest_model.pth
[2024-03-03 03:33:13,868 INFO] 17326 iteration, USE_EMA: True, train/sup_loss: 0.00659, train/unsup_loss: 0.01568, train/total_loss: 0.02227, train/util_ratio: 0.81250, train/run_time: 0.64302, lr: 0.00534, train/prefecth_time: 0.00799, eval/loss: 1.22846, eval/top-1-acc: 0.76000, eval/balanced_acc: 0.70468, eval/precision: 0.71886, eval/recall: 0.70468, eval/F1: 0.71107, eval/spec: 0.76744, eval/sens: 0.87719, test/loss: 1.08224, test/top-1-acc: 0.68033, test/balanced_acc: 0.67087, test/precision: 0.72472, test/recall: 0.67087, test/F1: 0.68462, test/spec: 0.77500, test/sens: 0.73810 BEST_EVAL_ACC: 0.8400, at 8326 iters BEST_TEST_ACC: 0.6475, at 8326 iters
[2024-03-03 03:33:13,872 INFO] 

epoch 77
[2024-03-03 03:35:46,668 INFO] validating...
[2024-03-03 03:35:52,232 INFO] model saved: saved_models/radformer/selfkd_deit_v8_exp4_tr_4/latest_model.pth
[2024-03-03 03:35:52,233 INFO] 17551 iteration, USE_EMA: True, train/sup_loss: 0.04294, train/unsup_loss: 0.00898, train/total_loss: 0.05192, train/util_ratio: 0.87500, train/run_time: 0.64093, lr: 0.00521, train/prefecth_time: 0.00717, eval/loss: 1.09022, eval/top-1-acc: 0.79000, eval/balanced_acc: 0.73392, eval/precision: 0.74468, eval/recall: 0.73392, eval/F1: 0.73624, eval/spec: 0.79070, eval/sens: 0.91228, test/loss: 1.07177, test/top-1-acc: 0.68033, test/balanced_acc: 0.67087, test/precision: 0.72472, test/recall: 0.67087, test/F1: 0.68462, test/spec: 0.77500, test/sens: 0.73810 BEST_EVAL_ACC: 0.8400, at 8326 iters BEST_TEST_ACC: 0.6475, at 8326 iters
[2024-03-03 03:35:52,236 INFO] 

epoch 78
[2024-03-03 03:38:25,235 INFO] validating...
[2024-03-03 03:38:30,729 INFO] model saved: saved_models/radformer/selfkd_deit_v8_exp4_tr_4/latest_model.pth
[2024-03-03 03:38:30,730 INFO] 17776 iteration, USE_EMA: True, train/sup_loss: 0.00930, train/unsup_loss: 0.00424, train/total_loss: 0.01354, train/util_ratio: 0.75000, train/run_time: 0.64426, lr: 0.00508, train/prefecth_time: 0.00736, eval/loss: 1.12066, eval/top-1-acc: 0.81000, eval/balanced_acc: 0.76535, eval/precision: 0.77889, eval/recall: 0.76535, eval/F1: 0.76884, eval/spec: 0.79070, eval/sens: 0.91228, test/loss: 1.05613, test/top-1-acc: 0.68852, test/balanced_acc: 0.67768, test/precision: 0.73133, test/recall: 0.67768, test/F1: 0.69146, test/spec: 0.78750, test/sens: 0.73810 BEST_EVAL_ACC: 0.8400, at 8326 iters BEST_TEST_ACC: 0.6475, at 8326 iters
[2024-03-03 03:38:30,734 INFO] 

epoch 79
[2024-03-03 03:41:02,766 INFO] validating...
[2024-03-03 03:41:08,137 INFO] model saved: saved_models/radformer/selfkd_deit_v8_exp4_tr_4/latest_model.pth
[2024-03-03 03:41:08,138 INFO] 18001 iteration, USE_EMA: True, train/sup_loss: 0.01910, train/unsup_loss: 0.01751, train/total_loss: 0.03662, train/util_ratio: 0.81250, train/run_time: 0.64261, lr: 0.00494, train/prefecth_time: 0.00630, eval/loss: 1.12511, eval/top-1-acc: 0.81000, eval/balanced_acc: 0.75365, eval/precision: 0.78627, eval/recall: 0.75365, eval/F1: 0.76627, eval/spec: 0.76744, eval/sens: 0.92982, test/loss: 1.04852, test/top-1-acc: 0.68852, test/balanced_acc: 0.67768, test/precision: 0.73133, test/recall: 0.67768, test/F1: 0.69146, test/spec: 0.78750, test/sens: 0.73810 BEST_EVAL_ACC: 0.8400, at 8326 iters BEST_TEST_ACC: 0.6475, at 8326 iters
[2024-03-03 03:41:08,142 INFO] 

epoch 80
[2024-03-03 03:43:40,116 INFO] validating...
[2024-03-03 03:43:45,577 INFO] model saved: saved_models/radformer/selfkd_deit_v8_exp4_tr_4/latest_model.pth
[2024-03-03 03:43:45,578 INFO] 18226 iteration, USE_EMA: True, train/sup_loss: 0.00608, train/unsup_loss: 0.01139, train/total_loss: 0.01747, train/util_ratio: 0.81250, train/run_time: 0.64401, lr: 0.00481, train/prefecth_time: 0.00711, eval/loss: 1.22553, eval/top-1-acc: 0.75000, eval/balanced_acc: 0.69883, eval/precision: 0.70427, eval/recall: 0.69883, eval/F1: 0.70114, eval/spec: 0.76744, eval/sens: 0.85965, test/loss: 1.03874, test/top-1-acc: 0.68852, test/balanced_acc: 0.67768, test/precision: 0.73133, test/recall: 0.67768, test/F1: 0.69146, test/spec: 0.78750, test/sens: 0.73810 BEST_EVAL_ACC: 0.8400, at 8326 iters BEST_TEST_ACC: 0.6475, at 8326 iters
[2024-03-03 03:43:45,583 INFO] 

epoch 81
[2024-03-03 03:46:18,961 INFO] validating...
[2024-03-03 03:46:24,539 INFO] model saved: saved_models/radformer/selfkd_deit_v8_exp4_tr_4/latest_model.pth
[2024-03-03 03:46:24,540 INFO] 18451 iteration, USE_EMA: True, train/sup_loss: 0.01001, train/unsup_loss: 0.01048, train/total_loss: 0.02049, train/util_ratio: 0.81250, train/run_time: 0.64426, lr: 0.00468, train/prefecth_time: 0.00688, eval/loss: 1.16089, eval/top-1-acc: 0.78000, eval/balanced_acc: 0.72003, eval/precision: 0.73335, eval/recall: 0.72003, eval/F1: 0.72018, eval/spec: 0.76744, eval/sens: 0.91228, test/loss: 1.03685, test/top-1-acc: 0.68033, test/balanced_acc: 0.66974, test/precision: 0.72489, test/recall: 0.66974, test/F1: 0.68437, test/spec: 0.78750, test/sens: 0.71429 BEST_EVAL_ACC: 0.8400, at 8326 iters BEST_TEST_ACC: 0.6475, at 8326 iters
[2024-03-03 03:46:24,544 INFO] 

epoch 82
[2024-03-03 03:48:57,539 INFO] validating...
[2024-03-03 03:49:03,098 INFO] model saved: saved_models/radformer/selfkd_deit_v8_exp4_tr_4/latest_model.pth
[2024-03-03 03:49:03,099 INFO] 18676 iteration, USE_EMA: True, train/sup_loss: 0.01243, train/unsup_loss: 0.01892, train/total_loss: 0.03135, train/util_ratio: 0.81250, train/run_time: 0.64366, lr: 0.00454, train/prefecth_time: 0.00773, eval/loss: 1.09832, eval/top-1-acc: 0.81000, eval/balanced_acc: 0.76170, eval/precision: 0.77879, eval/recall: 0.76170, eval/F1: 0.76947, eval/spec: 0.81395, eval/sens: 0.91228, test/loss: 1.04510, test/top-1-acc: 0.68033, test/balanced_acc: 0.66974, test/precision: 0.72489, test/recall: 0.66974, test/F1: 0.68437, test/spec: 0.78750, test/sens: 0.71429 BEST_EVAL_ACC: 0.8400, at 8326 iters BEST_TEST_ACC: 0.6475, at 8326 iters
[2024-03-03 03:49:03,102 INFO] 

epoch 83
[2024-03-03 03:51:35,057 INFO] validating...
[2024-03-03 03:51:40,583 INFO] model saved: saved_models/radformer/selfkd_deit_v8_exp4_tr_4/latest_model.pth
[2024-03-03 03:51:40,584 INFO] 18901 iteration, USE_EMA: True, train/sup_loss: 0.01627, train/unsup_loss: 0.00463, train/total_loss: 0.02089, train/util_ratio: 0.62500, train/run_time: 0.64247, lr: 0.00440, train/prefecth_time: 0.00605, eval/loss: 1.26122, eval/top-1-acc: 0.77000, eval/balanced_acc: 0.71418, eval/precision: 0.72049, eval/recall: 0.71418, eval/F1: 0.71274, eval/spec: 0.76744, eval/sens: 0.89474, test/loss: 1.04758, test/top-1-acc: 0.67213, test/balanced_acc: 0.66294, test/precision: 0.71821, test/recall: 0.66294, test/F1: 0.67758, test/spec: 0.77500, test/sens: 0.71429 BEST_EVAL_ACC: 0.8400, at 8326 iters BEST_TEST_ACC: 0.6475, at 8326 iters
[2024-03-03 03:51:40,588 INFO] 

epoch 84
[2024-03-03 03:54:13,700 INFO] validating...
[2024-03-03 03:54:19,306 INFO] model saved: saved_models/radformer/selfkd_deit_v8_exp4_tr_4/latest_model.pth
[2024-03-03 03:54:19,308 INFO] 19126 iteration, USE_EMA: True, train/sup_loss: 0.03579, train/unsup_loss: 0.00661, train/total_loss: 0.04240, train/util_ratio: 0.81250, train/run_time: 0.64295, lr: 0.00427, train/prefecth_time: 0.01490, eval/loss: 1.13983, eval/top-1-acc: 0.78000, eval/balanced_acc: 0.73611, eval/precision: 0.74728, eval/recall: 0.73611, eval/F1: 0.74065, eval/spec: 0.76744, eval/sens: 0.87719, test/loss: 1.05339, test/top-1-acc: 0.68033, test/balanced_acc: 0.67087, test/precision: 0.72472, test/recall: 0.67087, test/F1: 0.68462, test/spec: 0.77500, test/sens: 0.73810 BEST_EVAL_ACC: 0.8400, at 8326 iters BEST_TEST_ACC: 0.6475, at 8326 iters
[2024-03-03 03:54:19,311 INFO] 

epoch 85
[2024-03-03 03:56:52,499 INFO] validating...
[2024-03-03 03:56:57,825 INFO] model saved: saved_models/radformer/selfkd_deit_v8_exp4_tr_4/latest_model.pth
[2024-03-03 03:56:57,826 INFO] 19351 iteration, USE_EMA: True, train/sup_loss: 0.01461, train/unsup_loss: 0.05600, train/total_loss: 0.07061, train/util_ratio: 0.87500, train/run_time: 0.64314, lr: 0.00413, train/prefecth_time: 0.00729, eval/loss: 1.18432, eval/top-1-acc: 0.75000, eval/balanced_acc: 0.68713, eval/precision: 0.69237, eval/recall: 0.68713, eval/F1: 0.68934, eval/spec: 0.79070, eval/sens: 0.87719, test/loss: 1.05378, test/top-1-acc: 0.68033, test/balanced_acc: 0.67087, test/precision: 0.72472, test/recall: 0.67087, test/F1: 0.68462, test/spec: 0.77500, test/sens: 0.73810 BEST_EVAL_ACC: 0.8400, at 8326 iters BEST_TEST_ACC: 0.6475, at 8326 iters
[2024-03-03 03:56:57,828 INFO] 

epoch 86
[2024-03-03 03:59:29,939 INFO] validating...
[2024-03-03 03:59:35,416 INFO] model saved: saved_models/radformer/selfkd_deit_v8_exp4_tr_4/latest_model.pth
[2024-03-03 03:59:35,417 INFO] 19576 iteration, USE_EMA: True, train/sup_loss: 0.00601, train/unsup_loss: 0.12726, train/total_loss: 0.13327, train/util_ratio: 0.81250, train/run_time: 0.64217, lr: 0.00399, train/prefecth_time: 0.00738, eval/loss: 1.11680, eval/top-1-acc: 0.80000, eval/balanced_acc: 0.74781, eval/precision: 0.77401, eval/recall: 0.74781, eval/F1: 0.75856, eval/spec: 0.76744, eval/sens: 0.91228, test/loss: 1.05033, test/top-1-acc: 0.68033, test/balanced_acc: 0.67087, test/precision: 0.72472, test/recall: 0.67087, test/F1: 0.68462, test/spec: 0.77500, test/sens: 0.73810 BEST_EVAL_ACC: 0.8400, at 8326 iters BEST_TEST_ACC: 0.6475, at 8326 iters
[2024-03-03 03:59:35,420 INFO] 

epoch 87
[2024-03-03 04:02:08,183 INFO] validating...
[2024-03-03 04:02:13,465 INFO] model saved: saved_models/radformer/selfkd_deit_v8_exp4_tr_4/latest_model.pth
[2024-03-03 04:02:13,466 INFO] 19801 iteration, USE_EMA: True, train/sup_loss: 0.02130, train/unsup_loss: 0.04476, train/total_loss: 0.06606, train/util_ratio: 0.81250, train/run_time: 0.64407, lr: 0.00385, train/prefecth_time: 0.00731, eval/loss: 1.17657, eval/top-1-acc: 0.79000, eval/balanced_acc: 0.74196, eval/precision: 0.74448, eval/recall: 0.74196, eval/F1: 0.74211, eval/spec: 0.81395, eval/sens: 0.89474, test/loss: 1.05358, test/top-1-acc: 0.68033, test/balanced_acc: 0.67087, test/precision: 0.72472, test/recall: 0.67087, test/F1: 0.68462, test/spec: 0.77500, test/sens: 0.73810 BEST_EVAL_ACC: 0.8400, at 8326 iters BEST_TEST_ACC: 0.6475, at 8326 iters
[2024-03-03 04:02:13,470 INFO] 

epoch 88
[2024-03-03 04:04:45,333 INFO] validating...
[2024-03-03 04:04:50,678 INFO] model saved: saved_models/radformer/selfkd_deit_v8_exp4_tr_4/latest_model.pth
[2024-03-03 04:04:50,679 INFO] 20026 iteration, USE_EMA: True, train/sup_loss: 0.02793, train/unsup_loss: 0.00682, train/total_loss: 0.03474, train/util_ratio: 0.75000, train/run_time: 0.64198, lr: 0.00371, train/prefecth_time: 0.00655, eval/loss: 1.11340, eval/top-1-acc: 0.81000, eval/balanced_acc: 0.76535, eval/precision: 0.77093, eval/recall: 0.76535, eval/F1: 0.76451, eval/spec: 0.81395, eval/sens: 0.91228, test/loss: 1.05648, test/top-1-acc: 0.68033, test/balanced_acc: 0.67087, test/precision: 0.72472, test/recall: 0.67087, test/F1: 0.68462, test/spec: 0.77500, test/sens: 0.73810 BEST_EVAL_ACC: 0.8400, at 8326 iters BEST_TEST_ACC: 0.6475, at 8326 iters
[2024-03-03 04:04:50,682 INFO] 

epoch 89
[2024-03-03 04:07:22,543 INFO] validating...
[2024-03-03 04:07:27,934 INFO] model saved: saved_models/radformer/selfkd_deit_v8_exp4_tr_4/latest_model.pth
[2024-03-03 04:07:27,935 INFO] 20251 iteration, USE_EMA: True, train/sup_loss: 0.01657, train/unsup_loss: 0.01883, train/total_loss: 0.03540, train/util_ratio: 0.81250, train/run_time: 0.64329, lr: 0.00356, train/prefecth_time: 0.00679, eval/loss: 1.10900, eval/top-1-acc: 0.82000, eval/balanced_acc: 0.77120, eval/precision: 0.80187, eval/recall: 0.77120, eval/F1: 0.78150, eval/spec: 0.76744, eval/sens: 0.92982, test/loss: 1.06518, test/top-1-acc: 0.68033, test/balanced_acc: 0.67087, test/precision: 0.72472, test/recall: 0.67087, test/F1: 0.68462, test/spec: 0.77500, test/sens: 0.73810 BEST_EVAL_ACC: 0.8400, at 8326 iters BEST_TEST_ACC: 0.6475, at 8326 iters
[2024-03-03 04:07:27,939 INFO] 

epoch 90
[2024-03-03 04:10:00,779 INFO] validating...
[2024-03-03 04:10:06,303 INFO] model saved: saved_models/radformer/selfkd_deit_v8_exp4_tr_4/latest_model.pth
[2024-03-03 04:10:06,304 INFO] 20476 iteration, USE_EMA: True, train/sup_loss: 0.02959, train/unsup_loss: 0.00909, train/total_loss: 0.03868, train/util_ratio: 0.68750, train/run_time: 0.64324, lr: 0.00342, train/prefecth_time: 0.00721, eval/loss: 1.13191, eval/top-1-acc: 0.82000, eval/balanced_acc: 0.77120, eval/precision: 0.78433, eval/recall: 0.77120, eval/F1: 0.77245, eval/spec: 0.81395, eval/sens: 0.92982, test/loss: 1.06481, test/top-1-acc: 0.68033, test/balanced_acc: 0.67087, test/precision: 0.72472, test/recall: 0.67087, test/F1: 0.68462, test/spec: 0.77500, test/sens: 0.73810 BEST_EVAL_ACC: 0.8400, at 8326 iters BEST_TEST_ACC: 0.6475, at 8326 iters
[2024-03-03 04:10:06,307 INFO] 

epoch 91
[2024-03-03 04:12:39,134 INFO] validating...
[2024-03-03 04:12:44,404 INFO] model saved: saved_models/radformer/selfkd_deit_v8_exp4_tr_4/latest_model.pth
[2024-03-03 04:12:44,405 INFO] 20701 iteration, USE_EMA: True, train/sup_loss: 0.01127, train/unsup_loss: 0.02710, train/total_loss: 0.03837, train/util_ratio: 0.81250, train/run_time: 0.64557, lr: 0.00328, train/prefecth_time: 0.00681, eval/loss: 1.13932, eval/top-1-acc: 0.78000, eval/balanced_acc: 0.72807, eval/precision: 0.73921, eval/recall: 0.72807, eval/F1: 0.73059, eval/spec: 0.76744, eval/sens: 0.89474, test/loss: 1.06244, test/top-1-acc: 0.68852, test/balanced_acc: 0.67881, test/precision: 0.73128, test/recall: 0.67881, test/F1: 0.69160, test/spec: 0.77500, test/sens: 0.76190 BEST_EVAL_ACC: 0.8400, at 8326 iters BEST_TEST_ACC: 0.6475, at 8326 iters
[2024-03-03 04:12:44,408 INFO] 

epoch 92
[2024-03-03 04:15:16,391 INFO] validating...
[2024-03-03 04:15:21,859 INFO] model saved: saved_models/radformer/selfkd_deit_v8_exp4_tr_4/latest_model.pth
[2024-03-03 04:15:21,861 INFO] 20926 iteration, USE_EMA: True, train/sup_loss: 0.01329, train/unsup_loss: 0.00825, train/total_loss: 0.02154, train/util_ratio: 0.75000, train/run_time: 0.64163, lr: 0.00313, train/prefecth_time: 0.00635, eval/loss: 1.11842, eval/top-1-acc: 0.80000, eval/balanced_acc: 0.75950, eval/precision: 0.76537, eval/recall: 0.75950, eval/F1: 0.75882, eval/spec: 0.79070, eval/sens: 0.89474, test/loss: 1.05735, test/top-1-acc: 0.68033, test/balanced_acc: 0.67087, test/precision: 0.72472, test/recall: 0.67087, test/F1: 0.68462, test/spec: 0.77500, test/sens: 0.73810 BEST_EVAL_ACC: 0.8400, at 8326 iters BEST_TEST_ACC: 0.6475, at 8326 iters
[2024-03-03 04:15:21,864 INFO] 

epoch 93
[2024-03-03 04:17:54,935 INFO] validating...
[2024-03-03 04:18:00,703 INFO] model saved: saved_models/radformer/selfkd_deit_v8_exp4_tr_4/latest_model.pth
[2024-03-03 04:18:00,704 INFO] 21151 iteration, USE_EMA: True, train/sup_loss: 0.01198, train/unsup_loss: 0.01918, train/total_loss: 0.03116, train/util_ratio: 0.75000, train/run_time: 0.64755, lr: 0.00299, train/prefecth_time: 0.01442, eval/loss: 1.15846, eval/top-1-acc: 0.79000, eval/balanced_acc: 0.73392, eval/precision: 0.74468, eval/recall: 0.73392, eval/F1: 0.73624, eval/spec: 0.79070, eval/sens: 0.91228, test/loss: 1.05658, test/top-1-acc: 0.68033, test/balanced_acc: 0.67087, test/precision: 0.72472, test/recall: 0.67087, test/F1: 0.68462, test/spec: 0.77500, test/sens: 0.73810 BEST_EVAL_ACC: 0.8400, at 8326 iters BEST_TEST_ACC: 0.6475, at 8326 iters
[2024-03-03 04:18:00,708 INFO] 

epoch 94
[2024-03-03 04:20:33,715 INFO] validating...
[2024-03-03 04:20:39,243 INFO] model saved: saved_models/radformer/selfkd_deit_v8_exp4_tr_4/latest_model.pth
[2024-03-03 04:20:39,244 INFO] 21376 iteration, USE_EMA: True, train/sup_loss: 0.02017, train/unsup_loss: 0.04232, train/total_loss: 0.06249, train/util_ratio: 0.81250, train/run_time: 0.64246, lr: 0.00284, train/prefecth_time: 0.00789, eval/loss: 1.14052, eval/top-1-acc: 0.75000, eval/balanced_acc: 0.67909, eval/precision: 0.70370, eval/recall: 0.67909, eval/F1: 0.68942, eval/spec: 0.74419, eval/sens: 0.89474, test/loss: 1.06254, test/top-1-acc: 0.67213, test/balanced_acc: 0.66294, test/precision: 0.71821, test/recall: 0.66294, test/F1: 0.67758, test/spec: 0.77500, test/sens: 0.71429 BEST_EVAL_ACC: 0.8400, at 8326 iters BEST_TEST_ACC: 0.6475, at 8326 iters
[2024-03-03 04:20:39,247 INFO] 

epoch 95
[2024-03-03 04:23:11,315 INFO] validating...
[2024-03-03 04:23:16,846 INFO] model saved: saved_models/radformer/selfkd_deit_v8_exp4_tr_4/latest_model.pth
[2024-03-03 04:23:16,847 INFO] 21601 iteration, USE_EMA: True, train/sup_loss: 0.00609, train/unsup_loss: 0.01655, train/total_loss: 0.02264, train/util_ratio: 0.68750, train/run_time: 0.64084, lr: 0.00269, train/prefecth_time: 0.00706, eval/loss: 1.20547, eval/top-1-acc: 0.78000, eval/balanced_acc: 0.72807, eval/precision: 0.74185, eval/recall: 0.72807, eval/F1: 0.73311, eval/spec: 0.76744, eval/sens: 0.89474, test/loss: 1.06859, test/top-1-acc: 0.66393, test/balanced_acc: 0.65500, test/precision: 0.71173, test/recall: 0.65500, test/F1: 0.67047, test/spec: 0.77500, test/sens: 0.69048 BEST_EVAL_ACC: 0.8400, at 8326 iters BEST_TEST_ACC: 0.6475, at 8326 iters
[2024-03-03 04:23:16,850 INFO] 

epoch 96
[2024-03-03 04:25:49,760 INFO] validating...
[2024-03-03 04:25:55,624 INFO] model saved: saved_models/radformer/selfkd_deit_v8_exp4_tr_4/latest_model.pth
[2024-03-03 04:25:55,625 INFO] 21826 iteration, USE_EMA: True, train/sup_loss: 0.01364, train/unsup_loss: 0.02290, train/total_loss: 0.03653, train/util_ratio: 0.81250, train/run_time: 0.64345, lr: 0.00255, train/prefecth_time: 0.00720, eval/loss: 1.30213, eval/top-1-acc: 0.78000, eval/balanced_acc: 0.71637, eval/precision: 0.73571, eval/recall: 0.71637, eval/F1: 0.72298, eval/spec: 0.76744, eval/sens: 0.91228, test/loss: 1.07532, test/top-1-acc: 0.66393, test/balanced_acc: 0.65500, test/precision: 0.71173, test/recall: 0.65500, test/F1: 0.67047, test/spec: 0.77500, test/sens: 0.69048 BEST_EVAL_ACC: 0.8400, at 8326 iters BEST_TEST_ACC: 0.6475, at 8326 iters
[2024-03-03 04:25:55,629 INFO] 

epoch 97
[2024-03-03 04:28:27,581 INFO] validating...
[2024-03-03 04:28:33,039 INFO] model saved: saved_models/radformer/selfkd_deit_v8_exp4_tr_4/latest_model.pth
[2024-03-03 04:28:33,041 INFO] 22051 iteration, USE_EMA: True, train/sup_loss: 0.00544, train/unsup_loss: 0.01019, train/total_loss: 0.01564, train/util_ratio: 0.75000, train/run_time: 0.64172, lr: 0.00240, train/prefecth_time: 0.00600, eval/loss: 1.13278, eval/top-1-acc: 0.79000, eval/balanced_acc: 0.73392, eval/precision: 0.74468, eval/recall: 0.73392, eval/F1: 0.73624, eval/spec: 0.79070, eval/sens: 0.91228, test/loss: 1.08479, test/top-1-acc: 0.66393, test/balanced_acc: 0.65500, test/precision: 0.71173, test/recall: 0.65500, test/F1: 0.67047, test/spec: 0.77500, test/sens: 0.69048 BEST_EVAL_ACC: 0.8400, at 8326 iters BEST_TEST_ACC: 0.6475, at 8326 iters
[2024-03-03 04:28:33,044 INFO] 

epoch 98
[2024-03-03 04:31:04,790 INFO] validating...
[2024-03-03 04:31:09,871 INFO] model saved: saved_models/radformer/selfkd_deit_v8_exp4_tr_4/latest_model.pth
[2024-03-03 04:31:09,873 INFO] 22276 iteration, USE_EMA: True, train/sup_loss: 0.00767, train/unsup_loss: 0.01888, train/total_loss: 0.02655, train/util_ratio: 0.81250, train/run_time: 0.64422, lr: 0.00225, train/prefecth_time: 0.00608, eval/loss: 1.18751, eval/top-1-acc: 0.79000, eval/balanced_acc: 0.73392, eval/precision: 0.77083, eval/recall: 0.73392, eval/F1: 0.74725, eval/spec: 0.72093, eval/sens: 0.91228, test/loss: 1.08539, test/top-1-acc: 0.66393, test/balanced_acc: 0.65500, test/precision: 0.71173, test/recall: 0.65500, test/F1: 0.67047, test/spec: 0.77500, test/sens: 0.69048 BEST_EVAL_ACC: 0.8400, at 8326 iters BEST_TEST_ACC: 0.6475, at 8326 iters
[2024-03-03 04:31:09,876 INFO] 

epoch 99
[2024-03-03 04:33:41,379 INFO] validating...
[2024-03-03 04:33:46,936 INFO] model saved: saved_models/radformer/selfkd_deit_v8_exp4_tr_4/latest_model.pth
[2024-03-03 04:33:46,938 INFO] 22501 iteration, USE_EMA: True, train/sup_loss: 0.09305, train/unsup_loss: 0.00455, train/total_loss: 0.09761, train/util_ratio: 0.81250, train/run_time: 0.64079, lr: 0.00210, train/prefecth_time: 0.00651, eval/loss: 1.21250, eval/top-1-acc: 0.77000, eval/balanced_acc: 0.70249, eval/precision: 0.73380, eval/recall: 0.70249, eval/F1: 0.71336, eval/spec: 0.72093, eval/sens: 0.91228, test/loss: 1.08833, test/top-1-acc: 0.67213, test/balanced_acc: 0.66294, test/precision: 0.71821, test/recall: 0.66294, test/F1: 0.67758, test/spec: 0.77500, test/sens: 0.71429 BEST_EVAL_ACC: 0.8400, at 8326 iters BEST_TEST_ACC: 0.6475, at 8326 iters
[2024-03-03 04:33:48,979 INFO] model saved: saved_models/radformer/selfkd_deit_v8_exp4_tr_4/latest_model.pth
[2024-03-03 04:33:49,917 INFO] Model loaded
wandb: - 0.009 MB of 0.009 MB uploaded
wandb: \ 0.009 MB of 0.009 MB uploaded
wandb: | 0.009 MB of 0.009 MB uploaded
wandb: / 0.009 MB of 0.105 MB uploaded
wandb: - 0.105 MB of 0.105 MB uploaded
wandb: \ 0.105 MB of 0.105 MB uploaded
wandb: | 0.105 MB of 0.105 MB uploaded
wandb: / 0.105 MB of 0.105 MB uploaded
wandb:                                                                                
wandb: 
wandb: Run history:
wandb:          eval/F1 â–â–…â–†â–‡â–‡â–‡â–ˆâ–‡â–‡â–ˆâ–ˆâ–ˆâ–ˆâ–ˆâ–‡â–ˆâ–‡â–ˆâ–ˆâ–ˆâ–‡â–ˆâ–ˆâ–ˆâ–‡â–‡â–ˆâ–ˆâ–‡â–‡â–‡â–ˆâ–‡â–‡â–ˆâ–ˆâ–‡â–ˆâ–‡â–‡
wandb:    eval/best-acc â–â–…â–…â–‡â–‡â–‡â–‡â–‡â–ˆâ–ˆâ–ˆâ–ˆâ–ˆâ–ˆâ–ˆâ–ˆâ–ˆâ–ˆâ–ˆâ–ˆâ–ˆâ–ˆâ–ˆâ–ˆâ–ˆâ–ˆâ–ˆâ–ˆâ–ˆâ–ˆâ–ˆâ–ˆâ–ˆâ–ˆâ–ˆâ–ˆâ–ˆâ–ˆâ–ˆâ–ˆ
wandb:   eval/precision â–â–†â–†â–‡â–‡â–†â–ˆâ–‡â–‡â–‡â–ˆâ–ˆâ–‡â–ˆâ–‡â–‡â–‡â–ˆâ–‡â–‡â–‡â–‡â–ˆâ–ˆâ–‡â–‡â–‡â–‡â–‡â–‡â–‡â–ˆâ–‡â–‡â–ˆâ–ˆâ–‡â–‡â–‡â–‡
wandb:      eval/recall â–â–„â–…â–†â–†â–‡â–ˆâ–‡â–‡â–‡â–‡â–ˆâ–‡â–ˆâ–‡â–‡â–‡â–ˆâ–ˆâ–‡â–‡â–‡â–ˆâ–‡â–‡â–‡â–‡â–ˆâ–‡â–‡â–‡â–ˆâ–‡â–‡â–ˆâ–ˆâ–‡â–‡â–‡â–‡
wandb:   eval/top-1-acc â–â–…â–†â–‡â–‡â–‡â–ˆâ–‡â–ˆâ–ˆâ–ˆâ–ˆâ–ˆâ–ˆâ–ˆâ–ˆâ–ˆâ–ˆâ–ˆâ–ˆâ–‡â–ˆâ–ˆâ–ˆâ–ˆâ–‡â–ˆâ–ˆâ–ˆâ–ˆâ–‡â–ˆâ–ˆâ–‡â–ˆâ–ˆâ–ˆâ–ˆâ–ˆâ–‡
wandb:               lr â–â–ƒâ–„â–†â–ˆâ–ˆâ–ˆâ–ˆâ–ˆâ–ˆâ–ˆâ–ˆâ–ˆâ–ˆâ–‡â–‡â–‡â–‡â–‡â–‡â–‡â–†â–†â–†â–†â–†â–…â–…â–…â–…â–„â–„â–„â–„â–ƒâ–ƒâ–ƒâ–‚â–‚â–‚
wandb:          test/F1 â–â–â–ƒâ–„â–…â–†â–‡â–‡â–‡â–‡â–‡â–‡â–‡â–‡â–‡â–‡â–‡â–‡â–‡â–‡â–‡â–ˆâ–ˆâ–ˆâ–ˆâ–‡â–ˆâ–ˆâ–ˆâ–ˆâ–ˆâ–ˆâ–ˆâ–ˆâ–ˆâ–ˆâ–ˆâ–ˆâ–ˆâ–ˆ
wandb:   test/precision â–ƒâ–â–†â–†â–‡â–‡â–ˆâ–ˆâ–ˆâ–ˆâ–ˆâ–ˆâ–ˆâ–‡â–‡â–‡â–ˆâ–ˆâ–‡â–‡â–ˆâ–ˆâ–ˆâ–ˆâ–ˆâ–‡â–ˆâ–ˆâ–ˆâ–ˆâ–ˆâ–ˆâ–ˆâ–ˆâ–ˆâ–ˆâ–ˆâ–ˆâ–‡â–ˆ
wandb:      test/recall â–â–‚â–‚â–ƒâ–„â–†â–†â–‡â–‡â–‡â–‡â–‡â–‡â–‡â–‡â–‡â–‡â–‡â–‡â–‡â–‡â–ˆâ–ˆâ–ˆâ–ˆâ–‡â–ˆâ–ˆâ–ˆâ–ˆâ–ˆâ–ˆâ–ˆâ–ˆâ–ˆâ–ˆâ–ˆâ–ˆâ–ˆâ–ˆ
wandb:   test/top-1-acc â–â–‚â–‚â–ƒâ–„â–†â–†â–‡â–†â–‡â–‡â–‡â–‡â–‡â–‡â–‡â–‡â–‡â–‡â–‡â–‡â–ˆâ–ˆâ–ˆâ–ˆâ–‡â–ˆâ–ˆâ–ˆâ–ˆâ–ˆâ–ˆâ–ˆâ–ˆâ–ˆâ–ˆâ–ˆâ–ˆâ–‡â–ˆ
wandb:   train/run_time â–â–…â–ƒâ–‚â–ƒâ–ƒâ–„â–†â–„â–„â–„â–„â–…â–…â–„â–„â–…â–„â–„â–„â–„â–ƒâ–ƒâ–ƒâ–†â–…â–‚â–ˆâ–ˆâ–„â–†â–„â–…â–„â–„â–„â–†â–„â–…â–ƒ
wandb:   train/sup_loss â–ˆâ–‚â–‚â–‚â–â–â–â–â–â–â–â–â–â–â–â–â–â–â–â–â–â–â–â–â–â–â–â–â–â–â–â–â–â–â–â–â–â–â–â–
wandb: train/total_loss â–ˆâ–‚â–‚â–â–â–â–â–â–â–â–â–â–â–â–â–â–â–â–â–â–â–â–â–â–â–â–â–â–â–â–â–â–â–â–â–â–â–â–â–
wandb: train/unsup_loss â–ˆâ–‚â–‚â–â–â–â–â–â–â–â–â–â–â–â–â–â–â–â–â–â–â–â–â–â–â–â–â–â–â–â–â–â–â–â–â–â–â–â–â–
wandb: train/util_ratio â–‡â–„â–„â–‚â–„â–…â–„â–‡â–„â–‡â–„â–‚â–„â–„â–‚â–„â–„â–„â–â–‚â–„â–…â–„â–‡â–ˆâ–‡â–‚â–‚â–‡â–„â–„â–„â–„â–„â–„â–„â–„â–„â–„â–„
wandb: 
wandb: Run summary:
wandb:          eval/F1 0.71336
wandb:    eval/best-acc 0.84
wandb:   eval/precision 0.7338
wandb:      eval/recall 0.70249
wandb:   eval/top-1-acc 0.77
wandb:               lr 0.0021
wandb:          test/F1 0.67758
wandb:   test/precision 0.71821
wandb:      test/recall 0.66294
wandb:   test/top-1-acc 0.67213
wandb:   train/run_time 0.64079
wandb:   train/sup_loss 0.09305
wandb: train/total_loss 0.09761
wandb: train/unsup_loss 0.00455
wandb: train/util_ratio 0.8125
wandb: 
wandb: ðŸš€ View run selfkd_deit_v8_exp4_tr_4 at: https://wandb.ai/satwikdpshrit/radformer/runs/4zi79x4x
wandb: ï¸âš¡ View job at https://wandb.ai/satwikdpshrit/radformer/jobs/QXJ0aWZhY3RDb2xsZWN0aW9uOjE0Mzc3ODU5NQ==/version_details/v4
wandb: Synced 6 W&B file(s), 0 media file(s), 0 artifact file(s) and 0 other file(s)
wandb: Find logs at: saved_models/radformer/wandb/selfkd_deit_v8_exp4_tr_4/wandb/run-20240303_001000-4zi79x4x/logs
[2024-03-03 04:34:02,214 INFO] Model result - eval/best_f1 : 0.8074095099072797
[2024-03-03 04:34:02,215 INFO] Model result - eval/best_it : 8325
[2024-03-03 04:34:02,215 INFO] Model result - test/best_acc : 0.6475409836065574
[2024-03-03 04:34:06,349 INFO] Best model on target dataset (without EMA): acc = 0.6393, agreement = 0.6475, spec = 0.71, sens = 0.76
[2024-03-03 04:34:10,087 INFO] Best model on target dataset (with EMA): acc = 0.6475, agreement = 0.6475, spec = 0.78, sens = 0.69
[2024-03-03 04:34:10,087 WARNING] GPU 0 training is FINISHED
