
[24/02/22 12:50:12] [conf.py:  298]: PyTorch Version: torch=1.11.0, cuda=11.3, cudnn=8200
[24/02/22 12:50:12] [conf.py:  300]: ACTIVE:
  ADDENDUM: 0
  ALPHA: 0.2
  AUGMENT: None
  BETA: 1.0
  BUDGET: 5000
  CUTMIX_PROB: 0.0
  CYCLES: 1
  INITIAL: 4500
  LA: False
  METHOD: random
  PRETRAINED_PATH: /home/deepankar/scratch/model_stealing_encoders_copy/MSA/ckpts/ViT_Imagenet21k_Pretrained/vit_l_32-imagenet21k.pth
  TEMP: 1.0
  TRO: 1.0
  USE_PRETRAINED: True
  VAL: 500
AM:
  SGR: 1000
  THRESHOLD: 0.5
CUDNN_BENCHMARK: True
DS_SEED: 123
EDM:
  HASH: /home/harsh_s/scratch/msacopy/exp/hash/alpha.pt
  NUM_MODELS: 5
  PATH1: /home/harsh_s/scratch/msacopy/exp/cifar10/alpha/T0.pt
  PATH2: /home/harsh_s/scratch/msacopy/exp/cifar10/alpha/T1.pt
  PATH3: /home/harsh_s/scratch/msacopy/exp/cifar10/alpha/T2.pt
  PATH4: /home/harsh_s/scratch/msacopy/exp/cifar10/alpha/T3.pt
  PATH5: /home/harsh_s/scratch/msacopy/exp/cifar10/alpha/T4.pt
GR:
  EPSILON: 0.1
  SUR_PATH: /home/harsh_s/scratch/msacopy/GRAD2/batch_training/outputs/trained_models/imagenet_cifar10_to_cifar10_surrogate_10epochs.pt
LOG_DEST: radformer_vitl32_21k_gbusv_240222_125012.txt
LOG_TIME: 240222_125012
METHOD_NAME: v1_256
OUT_DIR: /home/deepankar/scratch/MSA_Medical/results_deepankar
PL:
  CLASS_BLNC: 10
  ITERATIONS: 20
  KAPPA_N: 0.005
  KAPPA_P: 0.05
  NO_PROGRESS: False
  NO_UNCERTAINTY: False
  TAU_N: 0.05
  TAU_P: 0.7
  TEMP_NL: 2.0
RNG_SEED: 1
SAVE_DIR: /home/deepankar/scratch/MSA_Medical/results_deepankar/gbusg_radformer/GBUSV_vit_l_32_21k/SGD/5000_val500/random_v1_256
THIEF:
  ARCH: vit_l_32_21k
  DATASET: GBUSV
  DATA_ROOT: /home/deepankar/mnt/vision3_data_ckpts_msa_medical/GBUSV-Shared
  HARD_LABELS: True
  NUM_TRAIN: 1281167
  SUBSET: 128116
TRAIN:
  BATCH: 256
  EPOCH: 40
  GAMMA: 0.1
  LR: 0.005
  MILESTONES: [20, 40, 60, 80]
  MOMENTUM: 0.9
  OPTIMIZER: SGD
  WDECAY: 0.0005
VICTIM:
  ARCH: radformer
  DATASET: gbusg
  DATA_ROOT: /home/deepankar/mnt/vision3_data_ckpts_msa_medical/GBCU-Shared
  HEIGHT: 224
  PATH: /home/deepankar/mnt/vision3_data_ckpts_msa_medical/victim_models/radformer/radformer.pkl
  PATHIN: /home/harsh_s/scratch/msacopy/ckpts/cifar10-resnet32-inaccurate/checkpoint.pth.tar
  WIDTH: 224
Loaded target dataset of size 122 with 3 classes
target model keys:  695
checkpoint keys:  695
specificity = 72/80
sensitivity = 39/42

Target model acc = 0.9016393442622951
Val-Acc: 0.9016 Val-Spec: 0.9000 Val-Sens: 0.9286
/home/deepankar/scratch/MSA_Medical/all_names.pkl
Num of videos 64 frames 15800
/home/deepankar/scratch/MSA_Medical/all_names.pkl
Num of videos 64 frames 15800
replacing labeled set labels with victim labels

  0%|          | 0/18 [00:00<?, ?it/s]
  6%|▌         | 1/18 [00:05<01:39,  5.88s/it]
 11%|█         | 2/18 [00:09<01:15,  4.73s/it]
 17%|█▋        | 3/18 [00:13<01:06,  4.40s/it]
 22%|██▏       | 4/18 [00:17<00:58,  4.19s/it]
 28%|██▊       | 5/18 [00:21<00:53,  4.10s/it]
 33%|███▎      | 6/18 [00:25<00:48,  4.04s/it]
 39%|███▉      | 7/18 [00:29<00:42,  3.87s/it]
 44%|████▍     | 8/18 [00:32<00:36,  3.63s/it]
 50%|█████     | 9/18 [00:35<00:31,  3.45s/it]
 56%|█████▌    | 10/18 [00:38<00:27,  3.41s/it]
 61%|██████    | 11/18 [00:42<00:24,  3.56s/it]
 67%|██████▋   | 12/18 [00:46<00:21,  3.65s/it]
 72%|███████▏  | 13/18 [00:49<00:18,  3.63s/it]
 78%|███████▊  | 14/18 [00:53<00:14,  3.71s/it]
 83%|████████▎ | 15/18 [00:57<00:11,  3.77s/it]
 89%|████████▉ | 16/18 [01:01<00:07,  3.80s/it]
 94%|█████████▍| 17/18 [01:04<00:03,  3.56s/it]
100%|██████████| 18/18 [01:06<00:00,  3.21s/it]
100%|██████████| 18/18 [01:07<00:00,  3.72s/it]
replacing val labels with victim labels

  0%|          | 0/2 [00:00<?, ?it/s]
 50%|█████     | 1/2 [00:05<00:05,  5.83s/it]
100%|██████████| 2/2 [00:10<00:00,  4.97s/it]
100%|██████████| 2/2 [00:10<00:00,  5.15s/it]Validation set distribution: 
Number of samples  500

{0: 74, 1: 123, 2: 303}
Labeled set distribution: 
Number of samples  4500
{0: 581, 1: 1040, 2: 2879}
odict_keys(['class_token', 'patch_embedding.weight', 'patch_embedding.bias', 'positional_embedding.pos_embedding', 'transformer.blocks.0.attn.proj_q.weight', 'transformer.blocks.0.attn.proj_q.bias', 'transformer.blocks.0.attn.proj_k.weight', 'transformer.blocks.0.attn.proj_k.bias', 'transformer.blocks.0.attn.proj_v.weight', 'transformer.blocks.0.attn.proj_v.bias', 'transformer.blocks.0.proj.weight', 'transformer.blocks.0.proj.bias', 'transformer.blocks.0.norm1.weight', 'transformer.blocks.0.norm1.bias', 'transformer.blocks.0.pwff.fc1.weight', 'transformer.blocks.0.pwff.fc1.bias', 'transformer.blocks.0.pwff.fc2.weight', 'transformer.blocks.0.pwff.fc2.bias', 'transformer.blocks.0.norm2.weight', 'transformer.blocks.0.norm2.bias', 'transformer.blocks.1.attn.proj_q.weight', 'transformer.blocks.1.attn.proj_q.bias', 'transformer.blocks.1.attn.proj_k.weight', 'transformer.blocks.1.attn.proj_k.bias', 'transformer.blocks.1.attn.proj_v.weight', 'transformer.blocks.1.attn.proj_v.bias', 'transformer.blocks.1.proj.weight', 'transformer.blocks.1.proj.bias', 'transformer.blocks.1.norm1.weight', 'transformer.blocks.1.norm1.bias', 'transformer.blocks.1.pwff.fc1.weight', 'transformer.blocks.1.pwff.fc1.bias', 'transformer.blocks.1.pwff.fc2.weight', 'transformer.blocks.1.pwff.fc2.bias', 'transformer.blocks.1.norm2.weight', 'transformer.blocks.1.norm2.bias', 'transformer.blocks.2.attn.proj_q.weight', 'transformer.blocks.2.attn.proj_q.bias', 'transformer.blocks.2.attn.proj_k.weight', 'transformer.blocks.2.attn.proj_k.bias', 'transformer.blocks.2.attn.proj_v.weight', 'transformer.blocks.2.attn.proj_v.bias', 'transformer.blocks.2.proj.weight', 'transformer.blocks.2.proj.bias', 'transformer.blocks.2.norm1.weight', 'transformer.blocks.2.norm1.bias', 'transformer.blocks.2.pwff.fc1.weight', 'transformer.blocks.2.pwff.fc1.bias', 'transformer.blocks.2.pwff.fc2.weight', 'transformer.blocks.2.pwff.fc2.bias', 'transformer.blocks.2.norm2.weight', 'transformer.blocks.2.norm2.bias', 'transformer.blocks.3.attn.proj_q.weight', 'transformer.blocks.3.attn.proj_q.bias', 'transformer.blocks.3.attn.proj_k.weight', 'transformer.blocks.3.attn.proj_k.bias', 'transformer.blocks.3.attn.proj_v.weight', 'transformer.blocks.3.attn.proj_v.bias', 'transformer.blocks.3.proj.weight', 'transformer.blocks.3.proj.bias', 'transformer.blocks.3.norm1.weight', 'transformer.blocks.3.norm1.bias', 'transformer.blocks.3.pwff.fc1.weight', 'transformer.blocks.3.pwff.fc1.bias', 'transformer.blocks.3.pwff.fc2.weight', 'transformer.blocks.3.pwff.fc2.bias', 'transformer.blocks.3.norm2.weight', 'transformer.blocks.3.norm2.bias', 'transformer.blocks.4.attn.proj_q.weight', 'transformer.blocks.4.attn.proj_q.bias', 'transformer.blocks.4.attn.proj_k.weight', 'transformer.blocks.4.attn.proj_k.bias', 'transformer.blocks.4.attn.proj_v.weight', 'transformer.blocks.4.attn.proj_v.bias', 'transformer.blocks.4.proj.weight', 'transformer.blocks.4.proj.bias', 'transformer.blocks.4.norm1.weight', 'transformer.blocks.4.norm1.bias', 'transformer.blocks.4.pwff.fc1.weight', 'transformer.blocks.4.pwff.fc1.bias', 'transformer.blocks.4.pwff.fc2.weight', 'transformer.blocks.4.pwff.fc2.bias', 'transformer.blocks.4.norm2.weight', 'transformer.blocks.4.norm2.bias', 'transformer.blocks.5.attn.proj_q.weight', 'transformer.blocks.5.attn.proj_q.bias', 'transformer.blocks.5.attn.proj_k.weight', 'transformer.blocks.5.attn.proj_k.bias', 'transformer.blocks.5.attn.proj_v.weight', 'transformer.blocks.5.attn.proj_v.bias', 'transformer.blocks.5.proj.weight', 'transformer.blocks.5.proj.bias', 'transformer.blocks.5.norm1.weight', 'transformer.blocks.5.norm1.bias', 'transformer.blocks.5.pwff.fc1.weight', 'transformer.blocks.5.pwff.fc1.bias', 'transformer.blocks.5.pwff.fc2.weight', 'transformer.blocks.5.pwff.fc2.bias', 'transformer.blocks.5.norm2.weight', 'transformer.blocks.5.norm2.bias', 'transformer.blocks.6.attn.proj_q.weight', 'transformer.blocks.6.attn.proj_q.bias', 'transformer.blocks.6.attn.proj_k.weight', 'transformer.blocks.6.attn.proj_k.bias', 'transformer.blocks.6.attn.proj_v.weight', 'transformer.blocks.6.attn.proj_v.bias', 'transformer.blocks.6.proj.weight', 'transformer.blocks.6.proj.bias', 'transformer.blocks.6.norm1.weight', 'transformer.blocks.6.norm1.bias', 'transformer.blocks.6.pwff.fc1.weight', 'transformer.blocks.6.pwff.fc1.bias', 'transformer.blocks.6.pwff.fc2.weight', 'transformer.blocks.6.pwff.fc2.bias', 'transformer.blocks.6.norm2.weight', 'transformer.blocks.6.norm2.bias', 'transformer.blocks.7.attn.proj_q.weight', 'transformer.blocks.7.attn.proj_q.bias', 'transformer.blocks.7.attn.proj_k.weight', 'transformer.blocks.7.attn.proj_k.bias', 'transformer.blocks.7.attn.proj_v.weight', 'transformer.blocks.7.attn.proj_v.bias', 'transformer.blocks.7.proj.weight', 'transformer.blocks.7.proj.bias', 'transformer.blocks.7.norm1.weight', 'transformer.blocks.7.norm1.bias', 'transformer.blocks.7.pwff.fc1.weight', 'transformer.blocks.7.pwff.fc1.bias', 'transformer.blocks.7.pwff.fc2.weight', 'transformer.blocks.7.pwff.fc2.bias', 'transformer.blocks.7.norm2.weight', 'transformer.blocks.7.norm2.bias', 'transformer.blocks.8.attn.proj_q.weight', 'transformer.blocks.8.attn.proj_q.bias', 'transformer.blocks.8.attn.proj_k.weight', 'transformer.blocks.8.attn.proj_k.bias', 'transformer.blocks.8.attn.proj_v.weight', 'transformer.blocks.8.attn.proj_v.bias', 'transformer.blocks.8.proj.weight', 'transformer.blocks.8.proj.bias', 'transformer.blocks.8.norm1.weight', 'transformer.blocks.8.norm1.bias', 'transformer.blocks.8.pwff.fc1.weight', 'transformer.blocks.8.pwff.fc1.bias', 'transformer.blocks.8.pwff.fc2.weight', 'transformer.blocks.8.pwff.fc2.bias', 'transformer.blocks.8.norm2.weight', 'transformer.blocks.8.norm2.bias', 'transformer.blocks.9.attn.proj_q.weight', 'transformer.blocks.9.attn.proj_q.bias', 'transformer.blocks.9.attn.proj_k.weight', 'transformer.blocks.9.attn.proj_k.bias', 'transformer.blocks.9.attn.proj_v.weight', 'transformer.blocks.9.attn.proj_v.bias', 'transformer.blocks.9.proj.weight', 'transformer.blocks.9.proj.bias', 'transformer.blocks.9.norm1.weight', 'transformer.blocks.9.norm1.bias', 'transformer.blocks.9.pwff.fc1.weight', 'transformer.blocks.9.pwff.fc1.bias', 'transformer.blocks.9.pwff.fc2.weight', 'transformer.blocks.9.pwff.fc2.bias', 'transformer.blocks.9.norm2.weight', 'transformer.blocks.9.norm2.bias', 'transformer.blocks.10.attn.proj_q.weight', 'transformer.blocks.10.attn.proj_q.bias', 'transformer.blocks.10.attn.proj_k.weight', 'transformer.blocks.10.attn.proj_k.bias', 'transformer.blocks.10.attn.proj_v.weight', 'transformer.blocks.10.attn.proj_v.bias', 'transformer.blocks.10.proj.weight', 'transformer.blocks.10.proj.bias', 'transformer.blocks.10.norm1.weight', 'transformer.blocks.10.norm1.bias', 'transformer.blocks.10.pwff.fc1.weight', 'transformer.blocks.10.pwff.fc1.bias', 'transformer.blocks.10.pwff.fc2.weight', 'transformer.blocks.10.pwff.fc2.bias', 'transformer.blocks.10.norm2.weight', 'transformer.blocks.10.norm2.bias', 'transformer.blocks.11.attn.proj_q.weight', 'transformer.blocks.11.attn.proj_q.bias', 'transformer.blocks.11.attn.proj_k.weight', 'transformer.blocks.11.attn.proj_k.bias', 'transformer.blocks.11.attn.proj_v.weight', 'transformer.blocks.11.attn.proj_v.bias', 'transformer.blocks.11.proj.weight', 'transformer.blocks.11.proj.bias', 'transformer.blocks.11.norm1.weight', 'transformer.blocks.11.norm1.bias', 'transformer.blocks.11.pwff.fc1.weight', 'transformer.blocks.11.pwff.fc1.bias', 'transformer.blocks.11.pwff.fc2.weight', 'transformer.blocks.11.pwff.fc2.bias', 'transformer.blocks.11.norm2.weight', 'transformer.blocks.11.norm2.bias', 'transformer.blocks.12.attn.proj_q.weight', 'transformer.blocks.12.attn.proj_q.bias', 'transformer.blocks.12.attn.proj_k.weight', 'transformer.blocks.12.attn.proj_k.bias', 'transformer.blocks.12.attn.proj_v.weight', 'transformer.blocks.12.attn.proj_v.bias', 'transformer.blocks.12.proj.weight', 'transformer.blocks.12.proj.bias', 'transformer.blocks.12.norm1.weight', 'transformer.blocks.12.norm1.bias', 'transformer.blocks.12.pwff.fc1.weight', 'transformer.blocks.12.pwff.fc1.bias', 'transformer.blocks.12.pwff.fc2.weight', 'transformer.blocks.12.pwff.fc2.bias', 'transformer.blocks.12.norm2.weight', 'transformer.blocks.12.norm2.bias', 'transformer.blocks.13.attn.proj_q.weight', 'transformer.blocks.13.attn.proj_q.bias', 'transformer.blocks.13.attn.proj_k.weight', 'transformer.blocks.13.attn.proj_k.bias', 'transformer.blocks.13.attn.proj_v.weight', 'transformer.blocks.13.attn.proj_v.bias', 'transformer.blocks.13.proj.weight', 'transformer.blocks.13.proj.bias', 'transformer.blocks.13.norm1.weight', 'transformer.blocks.13.norm1.bias', 'transformer.blocks.13.pwff.fc1.weight', 'transformer.blocks.13.pwff.fc1.bias', 'transformer.blocks.13.pwff.fc2.weight', 'transformer.blocks.13.pwff.fc2.bias', 'transformer.blocks.13.norm2.weight', 'transformer.blocks.13.norm2.bias', 'transformer.blocks.14.attn.proj_q.weight', 'transformer.blocks.14.attn.proj_q.bias', 'transformer.blocks.14.attn.proj_k.weight', 'transformer.blocks.14.attn.proj_k.bias', 'transformer.blocks.14.attn.proj_v.weight', 'transformer.blocks.14.attn.proj_v.bias', 'transformer.blocks.14.proj.weight', 'transformer.blocks.14.proj.bias', 'transformer.blocks.14.norm1.weight', 'transformer.blocks.14.norm1.bias', 'transformer.blocks.14.pwff.fc1.weight', 'transformer.blocks.14.pwff.fc1.bias', 'transformer.blocks.14.pwff.fc2.weight', 'transformer.blocks.14.pwff.fc2.bias', 'transformer.blocks.14.norm2.weight', 'transformer.blocks.14.norm2.bias', 'transformer.blocks.15.attn.proj_q.weight', 'transformer.blocks.15.attn.proj_q.bias', 'transformer.blocks.15.attn.proj_k.weight', 'transformer.blocks.15.attn.proj_k.bias', 'transformer.blocks.15.attn.proj_v.weight', 'transformer.blocks.15.attn.proj_v.bias', 'transformer.blocks.15.proj.weight', 'transformer.blocks.15.proj.bias', 'transformer.blocks.15.norm1.weight', 'transformer.blocks.15.norm1.bias', 'transformer.blocks.15.pwff.fc1.weight', 'transformer.blocks.15.pwff.fc1.bias', 'transformer.blocks.15.pwff.fc2.weight', 'transformer.blocks.15.pwff.fc2.bias', 'transformer.blocks.15.norm2.weight', 'transformer.blocks.15.norm2.bias', 'transformer.blocks.16.attn.proj_q.weight', 'transformer.blocks.16.attn.proj_q.bias', 'transformer.blocks.16.attn.proj_k.weight', 'transformer.blocks.16.attn.proj_k.bias', 'transformer.blocks.16.attn.proj_v.weight', 'transformer.blocks.16.attn.proj_v.bias', 'transformer.blocks.16.proj.weight', 'transformer.blocks.16.proj.bias', 'transformer.blocks.16.norm1.weight', 'transformer.blocks.16.norm1.bias', 'transformer.blocks.16.pwff.fc1.weight', 'transformer.blocks.16.pwff.fc1.bias', 'transformer.blocks.16.pwff.fc2.weight', 'transformer.blocks.16.pwff.fc2.bias', 'transformer.blocks.16.norm2.weight', 'transformer.blocks.16.norm2.bias', 'transformer.blocks.17.attn.proj_q.weight', 'transformer.blocks.17.attn.proj_q.bias', 'transformer.blocks.17.attn.proj_k.weight', 'transformer.blocks.17.attn.proj_k.bias', 'transformer.blocks.17.attn.proj_v.weight', 'transformer.blocks.17.attn.proj_v.bias', 'transformer.blocks.17.proj.weight', 'transformer.blocks.17.proj.bias', 'transformer.blocks.17.norm1.weight', 'transformer.blocks.17.norm1.bias', 'transformer.blocks.17.pwff.fc1.weight', 'transformer.blocks.17.pwff.fc1.bias', 'transformer.blocks.17.pwff.fc2.weight', 'transformer.blocks.17.pwff.fc2.bias', 'transformer.blocks.17.norm2.weight', 'transformer.blocks.17.norm2.bias', 'transformer.blocks.18.attn.proj_q.weight', 'transformer.blocks.18.attn.proj_q.bias', 'transformer.blocks.18.attn.proj_k.weight', 'transformer.blocks.18.attn.proj_k.bias', 'transformer.blocks.18.attn.proj_v.weight', 'transformer.blocks.18.attn.proj_v.bias', 'transformer.blocks.18.proj.weight', 'transformer.blocks.18.proj.bias', 'transformer.blocks.18.norm1.weight', 'transformer.blocks.18.norm1.bias', 'transformer.blocks.18.pwff.fc1.weight', 'transformer.blocks.18.pwff.fc1.bias', 'transformer.blocks.18.pwff.fc2.weight', 'transformer.blocks.18.pwff.fc2.bias', 'transformer.blocks.18.norm2.weight', 'transformer.blocks.18.norm2.bias', 'transformer.blocks.19.attn.proj_q.weight', 'transformer.blocks.19.attn.proj_q.bias', 'transformer.blocks.19.attn.proj_k.weight', 'transformer.blocks.19.attn.proj_k.bias', 'transformer.blocks.19.attn.proj_v.weight', 'transformer.blocks.19.attn.proj_v.bias', 'transformer.blocks.19.proj.weight', 'transformer.blocks.19.proj.bias', 'transformer.blocks.19.norm1.weight', 'transformer.blocks.19.norm1.bias', 'transformer.blocks.19.pwff.fc1.weight', 'transformer.blocks.19.pwff.fc1.bias', 'transformer.blocks.19.pwff.fc2.weight', 'transformer.blocks.19.pwff.fc2.bias', 'transformer.blocks.19.norm2.weight', 'transformer.blocks.19.norm2.bias', 'transformer.blocks.20.attn.proj_q.weight', 'transformer.blocks.20.attn.proj_q.bias', 'transformer.blocks.20.attn.proj_k.weight', 'transformer.blocks.20.attn.proj_k.bias', 'transformer.blocks.20.attn.proj_v.weight', 'transformer.blocks.20.attn.proj_v.bias', 'transformer.blocks.20.proj.weight', 'transformer.blocks.20.proj.bias', 'transformer.blocks.20.norm1.weight', 'transformer.blocks.20.norm1.bias', 'transformer.blocks.20.pwff.fc1.weight', 'transformer.blocks.20.pwff.fc1.bias', 'transformer.blocks.20.pwff.fc2.weight', 'transformer.blocks.20.pwff.fc2.bias', 'transformer.blocks.20.norm2.weight', 'transformer.blocks.20.norm2.bias', 'transformer.blocks.21.attn.proj_q.weight', 'transformer.blocks.21.attn.proj_q.bias', 'transformer.blocks.21.attn.proj_k.weight', 'transformer.blocks.21.attn.proj_k.bias', 'transformer.blocks.21.attn.proj_v.weight', 'transformer.blocks.21.attn.proj_v.bias', 'transformer.blocks.21.proj.weight', 'transformer.blocks.21.proj.bias', 'transformer.blocks.21.norm1.weight', 'transformer.blocks.21.norm1.bias', 'transformer.blocks.21.pwff.fc1.weight', 'transformer.blocks.21.pwff.fc1.bias', 'transformer.blocks.21.pwff.fc2.weight', 'transformer.blocks.21.pwff.fc2.bias', 'transformer.blocks.21.norm2.weight', 'transformer.blocks.21.norm2.bias', 'transformer.blocks.22.attn.proj_q.weight', 'transformer.blocks.22.attn.proj_q.bias', 'transformer.blocks.22.attn.proj_k.weight', 'transformer.blocks.22.attn.proj_k.bias', 'transformer.blocks.22.attn.proj_v.weight', 'transformer.blocks.22.attn.proj_v.bias', 'transformer.blocks.22.proj.weight', 'transformer.blocks.22.proj.bias', 'transformer.blocks.22.norm1.weight', 'transformer.blocks.22.norm1.bias', 'transformer.blocks.22.pwff.fc1.weight', 'transformer.blocks.22.pwff.fc1.bias', 'transformer.blocks.22.pwff.fc2.weight', 'transformer.blocks.22.pwff.fc2.bias', 'transformer.blocks.22.norm2.weight', 'transformer.blocks.22.norm2.bias', 'transformer.blocks.23.attn.proj_q.weight', 'transformer.blocks.23.attn.proj_q.bias', 'transformer.blocks.23.attn.proj_k.weight', 'transformer.blocks.23.attn.proj_k.bias', 'transformer.blocks.23.attn.proj_v.weight', 'transformer.blocks.23.attn.proj_v.bias', 'transformer.blocks.23.proj.weight', 'transformer.blocks.23.proj.bias', 'transformer.blocks.23.norm1.weight', 'transformer.blocks.23.norm1.bias', 'transformer.blocks.23.pwff.fc1.weight', 'transformer.blocks.23.pwff.fc1.bias', 'transformer.blocks.23.pwff.fc2.weight', 'transformer.blocks.23.pwff.fc2.bias', 'transformer.blocks.23.norm2.weight', 'transformer.blocks.23.norm2.bias', 'norm.weight', 'norm.bias', 'fc.weight', 'fc.bias'])
thief state:  None
Load pretrained model for initializing the thief
pretrained state:  dict_keys(['class_token', 'patch_embedding.weight', 'patch_embedding.bias', 'positional_embedding.pos_embedding', 'transformer.blocks.0.attn.proj_q.weight', 'transformer.blocks.0.attn.proj_q.bias', 'transformer.blocks.0.attn.proj_k.weight', 'transformer.blocks.0.attn.proj_k.bias', 'transformer.blocks.0.attn.proj_v.weight', 'transformer.blocks.0.attn.proj_v.bias', 'transformer.blocks.0.proj.weight', 'transformer.blocks.0.proj.bias', 'transformer.blocks.0.norm1.weight', 'transformer.blocks.0.norm1.bias', 'transformer.blocks.0.pwff.fc1.weight', 'transformer.blocks.0.pwff.fc1.bias', 'transformer.blocks.0.pwff.fc2.weight', 'transformer.blocks.0.pwff.fc2.bias', 'transformer.blocks.0.norm2.weight', 'transformer.blocks.0.norm2.bias', 'transformer.blocks.1.attn.proj_q.weight', 'transformer.blocks.1.attn.proj_q.bias', 'transformer.blocks.1.attn.proj_k.weight', 'transformer.blocks.1.attn.proj_k.bias', 'transformer.blocks.1.attn.proj_v.weight', 'transformer.blocks.1.attn.proj_v.bias', 'transformer.blocks.1.proj.weight', 'transformer.blocks.1.proj.bias', 'transformer.blocks.1.norm1.weight', 'transformer.blocks.1.norm1.bias', 'transformer.blocks.1.pwff.fc1.weight', 'transformer.blocks.1.pwff.fc1.bias', 'transformer.blocks.1.pwff.fc2.weight', 'transformer.blocks.1.pwff.fc2.bias', 'transformer.blocks.1.norm2.weight', 'transformer.blocks.1.norm2.bias', 'transformer.blocks.2.attn.proj_q.weight', 'transformer.blocks.2.attn.proj_q.bias', 'transformer.blocks.2.attn.proj_k.weight', 'transformer.blocks.2.attn.proj_k.bias', 'transformer.blocks.2.attn.proj_v.weight', 'transformer.blocks.2.attn.proj_v.bias', 'transformer.blocks.2.proj.weight', 'transformer.blocks.2.proj.bias', 'transformer.blocks.2.norm1.weight', 'transformer.blocks.2.norm1.bias', 'transformer.blocks.2.pwff.fc1.weight', 'transformer.blocks.2.pwff.fc1.bias', 'transformer.blocks.2.pwff.fc2.weight', 'transformer.blocks.2.pwff.fc2.bias', 'transformer.blocks.2.norm2.weight', 'transformer.blocks.2.norm2.bias', 'transformer.blocks.3.attn.proj_q.weight', 'transformer.blocks.3.attn.proj_q.bias', 'transformer.blocks.3.attn.proj_k.weight', 'transformer.blocks.3.attn.proj_k.bias', 'transformer.blocks.3.attn.proj_v.weight', 'transformer.blocks.3.attn.proj_v.bias', 'transformer.blocks.3.proj.weight', 'transformer.blocks.3.proj.bias', 'transformer.blocks.3.norm1.weight', 'transformer.blocks.3.norm1.bias', 'transformer.blocks.3.pwff.fc1.weight', 'transformer.blocks.3.pwff.fc1.bias', 'transformer.blocks.3.pwff.fc2.weight', 'transformer.blocks.3.pwff.fc2.bias', 'transformer.blocks.3.norm2.weight', 'transformer.blocks.3.norm2.bias', 'transformer.blocks.4.attn.proj_q.weight', 'transformer.blocks.4.attn.proj_q.bias', 'transformer.blocks.4.attn.proj_k.weight', 'transformer.blocks.4.attn.proj_k.bias', 'transformer.blocks.4.attn.proj_v.weight', 'transformer.blocks.4.attn.proj_v.bias', 'transformer.blocks.4.proj.weight', 'transformer.blocks.4.proj.bias', 'transformer.blocks.4.norm1.weight', 'transformer.blocks.4.norm1.bias', 'transformer.blocks.4.pwff.fc1.weight', 'transformer.blocks.4.pwff.fc1.bias', 'transformer.blocks.4.pwff.fc2.weight', 'transformer.blocks.4.pwff.fc2.bias', 'transformer.blocks.4.norm2.weight', 'transformer.blocks.4.norm2.bias', 'transformer.blocks.5.attn.proj_q.weight', 'transformer.blocks.5.attn.proj_q.bias', 'transformer.blocks.5.attn.proj_k.weight', 'transformer.blocks.5.attn.proj_k.bias', 'transformer.blocks.5.attn.proj_v.weight', 'transformer.blocks.5.attn.proj_v.bias', 'transformer.blocks.5.proj.weight', 'transformer.blocks.5.proj.bias', 'transformer.blocks.5.norm1.weight', 'transformer.blocks.5.norm1.bias', 'transformer.blocks.5.pwff.fc1.weight', 'transformer.blocks.5.pwff.fc1.bias', 'transformer.blocks.5.pwff.fc2.weight', 'transformer.blocks.5.pwff.fc2.bias', 'transformer.blocks.5.norm2.weight', 'transformer.blocks.5.norm2.bias', 'transformer.blocks.6.attn.proj_q.weight', 'transformer.blocks.6.attn.proj_q.bias', 'transformer.blocks.6.attn.proj_k.weight', 'transformer.blocks.6.attn.proj_k.bias', 'transformer.blocks.6.attn.proj_v.weight', 'transformer.blocks.6.attn.proj_v.bias', 'transformer.blocks.6.proj.weight', 'transformer.blocks.6.proj.bias', 'transformer.blocks.6.norm1.weight', 'transformer.blocks.6.norm1.bias', 'transformer.blocks.6.pwff.fc1.weight', 'transformer.blocks.6.pwff.fc1.bias', 'transformer.blocks.6.pwff.fc2.weight', 'transformer.blocks.6.pwff.fc2.bias', 'transformer.blocks.6.norm2.weight', 'transformer.blocks.6.norm2.bias', 'transformer.blocks.7.attn.proj_q.weight', 'transformer.blocks.7.attn.proj_q.bias', 'transformer.blocks.7.attn.proj_k.weight', 'transformer.blocks.7.attn.proj_k.bias', 'transformer.blocks.7.attn.proj_v.weight', 'transformer.blocks.7.attn.proj_v.bias', 'transformer.blocks.7.proj.weight', 'transformer.blocks.7.proj.bias', 'transformer.blocks.7.norm1.weight', 'transformer.blocks.7.norm1.bias', 'transformer.blocks.7.pwff.fc1.weight', 'transformer.blocks.7.pwff.fc1.bias', 'transformer.blocks.7.pwff.fc2.weight', 'transformer.blocks.7.pwff.fc2.bias', 'transformer.blocks.7.norm2.weight', 'transformer.blocks.7.norm2.bias', 'transformer.blocks.8.attn.proj_q.weight', 'transformer.blocks.8.attn.proj_q.bias', 'transformer.blocks.8.attn.proj_k.weight', 'transformer.blocks.8.attn.proj_k.bias', 'transformer.blocks.8.attn.proj_v.weight', 'transformer.blocks.8.attn.proj_v.bias', 'transformer.blocks.8.proj.weight', 'transformer.blocks.8.proj.bias', 'transformer.blocks.8.norm1.weight', 'transformer.blocks.8.norm1.bias', 'transformer.blocks.8.pwff.fc1.weight', 'transformer.blocks.8.pwff.fc1.bias', 'transformer.blocks.8.pwff.fc2.weight', 'transformer.blocks.8.pwff.fc2.bias', 'transformer.blocks.8.norm2.weight', 'transformer.blocks.8.norm2.bias', 'transformer.blocks.9.attn.proj_q.weight', 'transformer.blocks.9.attn.proj_q.bias', 'transformer.blocks.9.attn.proj_k.weight', 'transformer.blocks.9.attn.proj_k.bias', 'transformer.blocks.9.attn.proj_v.weight', 'transformer.blocks.9.attn.proj_v.bias', 'transformer.blocks.9.proj.weight', 'transformer.blocks.9.proj.bias', 'transformer.blocks.9.norm1.weight', 'transformer.blocks.9.norm1.bias', 'transformer.blocks.9.pwff.fc1.weight', 'transformer.blocks.9.pwff.fc1.bias', 'transformer.blocks.9.pwff.fc2.weight', 'transformer.blocks.9.pwff.fc2.bias', 'transformer.blocks.9.norm2.weight', 'transformer.blocks.9.norm2.bias', 'transformer.blocks.10.attn.proj_q.weight', 'transformer.blocks.10.attn.proj_q.bias', 'transformer.blocks.10.attn.proj_k.weight', 'transformer.blocks.10.attn.proj_k.bias', 'transformer.blocks.10.attn.proj_v.weight', 'transformer.blocks.10.attn.proj_v.bias', 'transformer.blocks.10.proj.weight', 'transformer.blocks.10.proj.bias', 'transformer.blocks.10.norm1.weight', 'transformer.blocks.10.norm1.bias', 'transformer.blocks.10.pwff.fc1.weight', 'transformer.blocks.10.pwff.fc1.bias', 'transformer.blocks.10.pwff.fc2.weight', 'transformer.blocks.10.pwff.fc2.bias', 'transformer.blocks.10.norm2.weight', 'transformer.blocks.10.norm2.bias', 'transformer.blocks.11.attn.proj_q.weight', 'transformer.blocks.11.attn.proj_q.bias', 'transformer.blocks.11.attn.proj_k.weight', 'transformer.blocks.11.attn.proj_k.bias', 'transformer.blocks.11.attn.proj_v.weight', 'transformer.blocks.11.attn.proj_v.bias', 'transformer.blocks.11.proj.weight', 'transformer.blocks.11.proj.bias', 'transformer.blocks.11.norm1.weight', 'transformer.blocks.11.norm1.bias', 'transformer.blocks.11.pwff.fc1.weight', 'transformer.blocks.11.pwff.fc1.bias', 'transformer.blocks.11.pwff.fc2.weight', 'transformer.blocks.11.pwff.fc2.bias', 'transformer.blocks.11.norm2.weight', 'transformer.blocks.11.norm2.bias', 'transformer.blocks.12.attn.proj_q.weight', 'transformer.blocks.12.attn.proj_q.bias', 'transformer.blocks.12.attn.proj_k.weight', 'transformer.blocks.12.attn.proj_k.bias', 'transformer.blocks.12.attn.proj_v.weight', 'transformer.blocks.12.attn.proj_v.bias', 'transformer.blocks.12.proj.weight', 'transformer.blocks.12.proj.bias', 'transformer.blocks.12.norm1.weight', 'transformer.blocks.12.norm1.bias', 'transformer.blocks.12.pwff.fc1.weight', 'transformer.blocks.12.pwff.fc1.bias', 'transformer.blocks.12.pwff.fc2.weight', 'transformer.blocks.12.pwff.fc2.bias', 'transformer.blocks.12.norm2.weight', 'transformer.blocks.12.norm2.bias', 'transformer.blocks.13.attn.proj_q.weight', 'transformer.blocks.13.attn.proj_q.bias', 'transformer.blocks.13.attn.proj_k.weight', 'transformer.blocks.13.attn.proj_k.bias', 'transformer.blocks.13.attn.proj_v.weight', 'transformer.blocks.13.attn.proj_v.bias', 'transformer.blocks.13.proj.weight', 'transformer.blocks.13.proj.bias', 'transformer.blocks.13.norm1.weight', 'transformer.blocks.13.norm1.bias', 'transformer.blocks.13.pwff.fc1.weight', 'transformer.blocks.13.pwff.fc1.bias', 'transformer.blocks.13.pwff.fc2.weight', 'transformer.blocks.13.pwff.fc2.bias', 'transformer.blocks.13.norm2.weight', 'transformer.blocks.13.norm2.bias', 'transformer.blocks.14.attn.proj_q.weight', 'transformer.blocks.14.attn.proj_q.bias', 'transformer.blocks.14.attn.proj_k.weight', 'transformer.blocks.14.attn.proj_k.bias', 'transformer.blocks.14.attn.proj_v.weight', 'transformer.blocks.14.attn.proj_v.bias', 'transformer.blocks.14.proj.weight', 'transformer.blocks.14.proj.bias', 'transformer.blocks.14.norm1.weight', 'transformer.blocks.14.norm1.bias', 'transformer.blocks.14.pwff.fc1.weight', 'transformer.blocks.14.pwff.fc1.bias', 'transformer.blocks.14.pwff.fc2.weight', 'transformer.blocks.14.pwff.fc2.bias', 'transformer.blocks.14.norm2.weight', 'transformer.blocks.14.norm2.bias', 'transformer.blocks.15.attn.proj_q.weight', 'transformer.blocks.15.attn.proj_q.bias', 'transformer.blocks.15.attn.proj_k.weight', 'transformer.blocks.15.attn.proj_k.bias', 'transformer.blocks.15.attn.proj_v.weight', 'transformer.blocks.15.attn.proj_v.bias', 'transformer.blocks.15.proj.weight', 'transformer.blocks.15.proj.bias', 'transformer.blocks.15.norm1.weight', 'transformer.blocks.15.norm1.bias', 'transformer.blocks.15.pwff.fc1.weight', 'transformer.blocks.15.pwff.fc1.bias', 'transformer.blocks.15.pwff.fc2.weight', 'transformer.blocks.15.pwff.fc2.bias', 'transformer.blocks.15.norm2.weight', 'transformer.blocks.15.norm2.bias', 'transformer.blocks.16.attn.proj_q.weight', 'transformer.blocks.16.attn.proj_q.bias', 'transformer.blocks.16.attn.proj_k.weight', 'transformer.blocks.16.attn.proj_k.bias', 'transformer.blocks.16.attn.proj_v.weight', 'transformer.blocks.16.attn.proj_v.bias', 'transformer.blocks.16.proj.weight', 'transformer.blocks.16.proj.bias', 'transformer.blocks.16.norm1.weight', 'transformer.blocks.16.norm1.bias', 'transformer.blocks.16.pwff.fc1.weight', 'transformer.blocks.16.pwff.fc1.bias', 'transformer.blocks.16.pwff.fc2.weight', 'transformer.blocks.16.pwff.fc2.bias', 'transformer.blocks.16.norm2.weight', 'transformer.blocks.16.norm2.bias', 'transformer.blocks.17.attn.proj_q.weight', 'transformer.blocks.17.attn.proj_q.bias', 'transformer.blocks.17.attn.proj_k.weight', 'transformer.blocks.17.attn.proj_k.bias', 'transformer.blocks.17.attn.proj_v.weight', 'transformer.blocks.17.attn.proj_v.bias', 'transformer.blocks.17.proj.weight', 'transformer.blocks.17.proj.bias', 'transformer.blocks.17.norm1.weight', 'transformer.blocks.17.norm1.bias', 'transformer.blocks.17.pwff.fc1.weight', 'transformer.blocks.17.pwff.fc1.bias', 'transformer.blocks.17.pwff.fc2.weight', 'transformer.blocks.17.pwff.fc2.bias', 'transformer.blocks.17.norm2.weight', 'transformer.blocks.17.norm2.bias', 'transformer.blocks.18.attn.proj_q.weight', 'transformer.blocks.18.attn.proj_q.bias', 'transformer.blocks.18.attn.proj_k.weight', 'transformer.blocks.18.attn.proj_k.bias', 'transformer.blocks.18.attn.proj_v.weight', 'transformer.blocks.18.attn.proj_v.bias', 'transformer.blocks.18.proj.weight', 'transformer.blocks.18.proj.bias', 'transformer.blocks.18.norm1.weight', 'transformer.blocks.18.norm1.bias', 'transformer.blocks.18.pwff.fc1.weight', 'transformer.blocks.18.pwff.fc1.bias', 'transformer.blocks.18.pwff.fc2.weight', 'transformer.blocks.18.pwff.fc2.bias', 'transformer.blocks.18.norm2.weight', 'transformer.blocks.18.norm2.bias', 'transformer.blocks.19.attn.proj_q.weight', 'transformer.blocks.19.attn.proj_q.bias', 'transformer.blocks.19.attn.proj_k.weight', 'transformer.blocks.19.attn.proj_k.bias', 'transformer.blocks.19.attn.proj_v.weight', 'transformer.blocks.19.attn.proj_v.bias', 'transformer.blocks.19.proj.weight', 'transformer.blocks.19.proj.bias', 'transformer.blocks.19.norm1.weight', 'transformer.blocks.19.norm1.bias', 'transformer.blocks.19.pwff.fc1.weight', 'transformer.blocks.19.pwff.fc1.bias', 'transformer.blocks.19.pwff.fc2.weight', 'transformer.blocks.19.pwff.fc2.bias', 'transformer.blocks.19.norm2.weight', 'transformer.blocks.19.norm2.bias', 'transformer.blocks.20.attn.proj_q.weight', 'transformer.blocks.20.attn.proj_q.bias', 'transformer.blocks.20.attn.proj_k.weight', 'transformer.blocks.20.attn.proj_k.bias', 'transformer.blocks.20.attn.proj_v.weight', 'transformer.blocks.20.attn.proj_v.bias', 'transformer.blocks.20.proj.weight', 'transformer.blocks.20.proj.bias', 'transformer.blocks.20.norm1.weight', 'transformer.blocks.20.norm1.bias', 'transformer.blocks.20.pwff.fc1.weight', 'transformer.blocks.20.pwff.fc1.bias', 'transformer.blocks.20.pwff.fc2.weight', 'transformer.blocks.20.pwff.fc2.bias', 'transformer.blocks.20.norm2.weight', 'transformer.blocks.20.norm2.bias', 'transformer.blocks.21.attn.proj_q.weight', 'transformer.blocks.21.attn.proj_q.bias', 'transformer.blocks.21.attn.proj_k.weight', 'transformer.blocks.21.attn.proj_k.bias', 'transformer.blocks.21.attn.proj_v.weight', 'transformer.blocks.21.attn.proj_v.bias', 'transformer.blocks.21.proj.weight', 'transformer.blocks.21.proj.bias', 'transformer.blocks.21.norm1.weight', 'transformer.blocks.21.norm1.bias', 'transformer.blocks.21.pwff.fc1.weight', 'transformer.blocks.21.pwff.fc1.bias', 'transformer.blocks.21.pwff.fc2.weight', 'transformer.blocks.21.pwff.fc2.bias', 'transformer.blocks.21.norm2.weight', 'transformer.blocks.21.norm2.bias', 'transformer.blocks.22.attn.proj_q.weight', 'transformer.blocks.22.attn.proj_q.bias', 'transformer.blocks.22.attn.proj_k.weight', 'transformer.blocks.22.attn.proj_k.bias', 'transformer.blocks.22.attn.proj_v.weight', 'transformer.blocks.22.attn.proj_v.bias', 'transformer.blocks.22.proj.weight', 'transformer.blocks.22.proj.bias', 'transformer.blocks.22.norm1.weight', 'transformer.blocks.22.norm1.bias', 'transformer.blocks.22.pwff.fc1.weight', 'transformer.blocks.22.pwff.fc1.bias', 'transformer.blocks.22.pwff.fc2.weight', 'transformer.blocks.22.pwff.fc2.bias', 'transformer.blocks.22.norm2.weight', 'transformer.blocks.22.norm2.bias', 'transformer.blocks.23.attn.proj_q.weight', 'transformer.blocks.23.attn.proj_q.bias', 'transformer.blocks.23.attn.proj_k.weight', 'transformer.blocks.23.attn.proj_k.bias', 'transformer.blocks.23.attn.proj_v.weight', 'transformer.blocks.23.attn.proj_v.bias', 'transformer.blocks.23.proj.weight', 'transformer.blocks.23.proj.bias', 'transformer.blocks.23.norm1.weight', 'transformer.blocks.23.norm1.bias', 'transformer.blocks.23.pwff.fc1.weight', 'transformer.blocks.23.pwff.fc1.bias', 'transformer.blocks.23.pwff.fc2.weight', 'transformer.blocks.23.pwff.fc2.bias', 'transformer.blocks.23.norm2.weight', 'transformer.blocks.23.norm2.bias', 'norm.weight', 'norm.bias'])
Thief model initialized successfully
specificity = 80/80
sensitivity = 0/42
Initial model on target dataset: acc = 0.2541, agreement = 0.2377, f1 = 0.1351, spec = 1.0000, sens = 0.0000
specificity = 197/197
sensitivity = 0/303
Initial model on validation dataset: acc = 0.1480, agreement = 0.1480, f1 = 0.0859, spec = 1.0000, sens = 0.0000
la:  None
>> Train a Model.

  0%|          | 0/40 [00:00<?, ?it/s]
  2%|▎         | 1/40 [00:36<23:52, 36.74s/it]
  5%|▌         | 2/40 [01:18<25:11, 39.78s/it]
  8%|▊         | 3/40 [01:55<23:45, 38.53s/it]
 10%|█         | 4/40 [02:38<24:08, 40.23s/it]
 12%|█▎        | 5/40 [03:37<27:30, 47.15s/it]Epoch 5: Train acc/f1 = 0.7880 / 0.6604 / 0.7446 / 0.9326 
                Val acc/f1/spec/sens = 0.7240 / 0.4945 / 0.8325 / 0.8680
                Test acc/f1/spec/sens = 0.4262 / 0.3785 / 0.2750 / 0.8571

 15%|█▌        | 6/40 [04:21<25:58, 45.85s/it]
 18%|█▊        | 7/40 [04:58<23:40, 43.04s/it]
 20%|██        | 8/40 [05:41<22:57, 43.05s/it]
 22%|██▎       | 9/40 [06:18<21:17, 41.22s/it]
 25%|██▌       | 10/40 [07:20<23:50, 47.69s/it]Epoch 10: Train acc/f1 = 0.8482 / 0.7748 / 0.8408 / 0.9441 
                Val acc/f1/spec/sens = 0.8320 / 0.7739 / 0.8325 / 0.9340
                Test acc/f1/spec/sens = 0.5000 / 0.4860 / 0.3625 / 0.8810

 28%|██▊       | 11/40 [07:58<21:28, 44.44s/it]
 30%|███       | 12/40 [08:40<20:29, 43.92s/it]
 32%|███▎      | 13/40 [09:17<18:48, 41.81s/it]
 35%|███▌      | 14/40 [10:00<18:16, 42.18s/it]
 38%|███▊      | 15/40 [10:57<19:25, 46.61s/it]Epoch 15: Train acc/f1 = 0.9011 / 0.8600 / 0.9081 / 0.9510 
                Val acc/f1/spec/sens = 0.8460 / 0.8016 / 0.8528 / 0.9208
                Test acc/f1/spec/sens = 0.5164 / 0.5099 / 0.3750 / 0.8810

 40%|████      | 16/40 [11:40<18:14, 45.58s/it]
 42%|████▎     | 17/40 [12:18<16:30, 43.06s/it]
 45%|████▌     | 18/40 [13:01<15:50, 43.19s/it]
 48%|████▊     | 19/40 [13:38<14:29, 41.38s/it]
 50%|█████     | 20/40 [14:41<15:54, 47.74s/it]Epoch 20: Train acc/f1 = 0.9222 / 0.8871 / 0.8988 / 0.9792 
                Val acc/f1/spec/sens = 0.8600 / 0.8178 / 0.8426 / 0.9439
                Test acc/f1/spec/sens = 0.5082 / 0.4886 / 0.3625 / 0.9048

 52%|█████▎    | 21/40 [15:18<14:05, 44.50s/it]
 55%|█████▌    | 22/40 [16:00<13:11, 43.96s/it]
 57%|█████▊    | 23/40 [16:38<11:52, 41.90s/it]
 60%|██████    | 24/40 [17:18<11:02, 41.41s/it]
 62%|██████▎   | 25/40 [18:15<11:32, 46.18s/it]Epoch 25: Train acc/f1 = 0.9344 / 0.9034 / 0.9389 / 0.9739 
                Val acc/f1/spec/sens = 0.8740 / 0.8416 / 0.8883 / 0.9274
                Test acc/f1/spec/sens = 0.5000 / 0.4914 / 0.4000 / 0.8333

 65%|██████▌   | 26/40 [18:56<10:25, 44.67s/it]
 68%|██████▊   | 27/40 [19:33<09:11, 42.40s/it]
 70%|███████   | 28/40 [20:14<08:21, 41.76s/it]
 72%|███████▎  | 29/40 [20:51<07:24, 40.38s/it]
 75%|███████▌  | 30/40 [21:50<07:41, 46.10s/it]Epoch 30: Train acc/f1 = 0.9353 / 0.9059 / 0.9278 / 0.9785 
                Val acc/f1/spec/sens = 0.8680 / 0.8315 / 0.8579 / 0.9373
                Test acc/f1/spec/sens = 0.4918 / 0.4800 / 0.3875 / 0.8333

 78%|███████▊  | 31/40 [22:27<06:30, 43.36s/it]
 80%|████████  | 32/40 [23:07<05:39, 42.40s/it]
 82%|████████▎ | 33/40 [23:44<04:45, 40.76s/it]
 85%|████████▌ | 34/40 [24:25<04:03, 40.61s/it]
 88%|████████▊ | 35/40 [25:21<03:47, 45.46s/it]Epoch 35: Train acc/f1 = 0.9398 / 0.9116 / 0.9420 / 0.9771 
                Val acc/f1/spec/sens = 0.8700 / 0.8330 / 0.8629 / 0.9373
                Test acc/f1/spec/sens = 0.4918 / 0.4859 / 0.4000 / 0.8095

 90%|█████████ | 36/40 [26:01<02:55, 43.84s/it]
 92%|█████████▎| 37/40 [26:38<02:05, 41.78s/it]
 95%|█████████▌| 38/40 [27:19<01:22, 41.34s/it]
 98%|█████████▊| 39/40 [27:56<00:40, 40.07s/it]
100%|██████████| 40/40 [28:57<00:00, 46.31s/it]
                                               Epoch 40: Train acc/f1 = 0.9413 / 0.9141 / 0.9469 / 0.9757 
                Val acc/f1/spec/sens = 0.8740 / 0.8393 / 0.8731 / 0.9373
                Test acc/f1/spec/sens = 0.5082 / 0.5038 / 0.4375 / 0.8095

specificity = 1535/1621
sensitivity = 2809/2879
specificity = 172/197
sensitivity = 284/303
specificity = 35/80
sensitivity = 34/42
Trial 1, Cycle 1
Train acc/f1/spec/sens = 0.9413 / 0.9141 / 0.9469 / 0.9757
Val acc/f1/spec/sens = 0.8740 / 0.8393 / 0.8731 / 0.9373
Test acc/f1/spec/sens = 0.5082 / 0.5038 / 0.4375 / 0.8095
>> Finished.
specificity = 35/80
sensitivity = 34/42
Acc, agreement for latest model:  0.5081967213114754 0.5573770491803278
Load best checkpoint for thief model
specificity = 36/80
sensitivity = 34/42
Acc, agreement for best model:  0.5245901639344263 0.5737704918032787
Trial 0/1 || Cycle 1/1 || Label set size 4500 || Test acc 0.5246 || Test agreement 0.5738 || Spec 0.4500 || Sens 0.8095
**************************************************************************************************** 

specificity = 36/80
sensitivity = 34/42
Number of samples  4500
0.5737704918032787 0.0
       acc      agr  spec      sens                  label dist
0  0.52459  0.57377  0.45  0.809524  {0: 581, 1: 1040, 2: 2879}
Results saved to  /home/deepankar/scratch/MSA_Medical/results_deepankar/gbusg_radformer/GBUSV_vit_l_32_21k/SGD/5000_val500/random_v1_256
