[24/02/22 13:44:10] [conf.py:  298]: PyTorch Version: torch=1.11.0, cuda=11.3, cudnn=8200
[24/02/22 13:44:10] [conf.py:  300]: ACTIVE:
  ADDENDUM: 0
  ALPHA: 0.2
  AUGMENT: None
  BETA: 1.0
  BUDGET: 5000
  CUTMIX_PROB: 0.0
  CYCLES: 1
  INITIAL: 4500
  LA: False
  METHOD: random
  PRETRAINED_PATH: /home/deepankar/scratch/model_stealing_encoders_copy/MSA/ckpts/ViT_Imagenet21k_Pretrained/vit_l_32-imagenet21k.pth
  TEMP: 1.0
  TRO: 1.0
  USE_PRETRAINED: True
  VAL: 500
AM:
  SGR: 1000
  THRESHOLD: 0.5
CUDNN_BENCHMARK: True
DS_SEED: 123
EDM:
  HASH: /home/harsh_s/scratch/msacopy/exp/hash/alpha.pt
  NUM_MODELS: 5
  PATH1: /home/harsh_s/scratch/msacopy/exp/cifar10/alpha/T0.pt
  PATH2: /home/harsh_s/scratch/msacopy/exp/cifar10/alpha/T1.pt
  PATH3: /home/harsh_s/scratch/msacopy/exp/cifar10/alpha/T2.pt
  PATH4: /home/harsh_s/scratch/msacopy/exp/cifar10/alpha/T3.pt
  PATH5: /home/harsh_s/scratch/msacopy/exp/cifar10/alpha/T4.pt
GR:
  EPSILON: 0.1
  SUR_PATH: /home/harsh_s/scratch/msacopy/GRAD2/batch_training/outputs/trained_models/imagenet_cifar10_to_cifar10_surrogate_10epochs.pt
LOG_DEST: radformer_vitl32_21k_gbusv_240222_134410.txt
LOG_TIME: 240222_134410
METHOD_NAME: v1_milestone_0.0005
OUT_DIR: /home/deepankar/scratch/MSA_Medical/results_deepankar
PL:
  CLASS_BLNC: 10
  ITERATIONS: 20
  KAPPA_N: 0.005
  KAPPA_P: 0.05
  NO_PROGRESS: False
  NO_UNCERTAINTY: False
  TAU_N: 0.05
  TAU_P: 0.7
  TEMP_NL: 2.0
RNG_SEED: 1
SAVE_DIR: /home/deepankar/scratch/MSA_Medical/results_deepankar/gbusg_radformer/GBUSV_vit_l_32_21k/SGD/5000_val500/random_v1_train_milestone_0.0005
THIEF:
  ARCH: vit_l_32_21k
  DATASET: GBUSV
  DATA_ROOT: /home/deepankar/mnt/vision3_data_ckpts_msa_medical/GBUSV-Shared
  HARD_LABELS: True
  NUM_TRAIN: 1281167
  SUBSET: 128116
TRAIN:
  BATCH: 16
  EPOCH: 40
  GAMMA: 0.2
  LR: 0.0005
  MILESTONES: [60, 120, 180]
  MOMENTUM: 0.9
  OPTIMIZER: SGD
  WDECAY: 0.0005
VICTIM:
  ARCH: radformer
  DATASET: gbusg
  DATA_ROOT: /home/deepankar/mnt/vision3_data_ckpts_msa_medical/GBCU-Shared
  HEIGHT: 224
  PATH: /home/deepankar/mnt/vision3_data_ckpts_msa_medical/victim_models/radformer/radformer.pkl
  PATHIN: /home/harsh_s/scratch/msacopy/ckpts/cifar10-resnet32-inaccurate/checkpoint.pth.tar
  WIDTH: 224
Loaded target dataset of size 122 with 3 classes
target model keys:  695
checkpoint keys:  695
specificity = 72/80
sensitivity = 39/42

Target model acc = 0.9016393442622951
Val-Acc: 0.9016 Val-Spec: 0.9000 Val-Sens: 0.9286
/home/deepankar/scratch/MSA_Medical/all_names.pkl
Num of videos 64 frames 15800
/home/deepankar/scratch/MSA_Medical/all_names.pkl
Num of videos 64 frames 15800
replacing labeled set labels with victim labels

  0%|          | 0/282 [00:00<?, ?it/s]
  0%|          | 1/282 [00:00<02:51,  1.63it/s]
  1%|          | 2/282 [00:00<01:52,  2.50it/s]
  1%|          | 3/282 [00:01<01:34,  2.95it/s]
  1%|▏         | 4/282 [00:01<01:25,  3.23it/s]
  2%|▏         | 5/282 [00:01<01:16,  3.64it/s]
  2%|▏         | 6/282 [00:01<01:08,  4.06it/s]
  2%|▏         | 7/282 [00:02<01:03,  4.30it/s]
  3%|▎         | 8/282 [00:02<01:01,  4.49it/s]
  3%|▎         | 9/282 [00:02<00:59,  4.57it/s]
  4%|▎         | 10/282 [00:02<00:58,  4.64it/s]
  4%|▍         | 11/282 [00:02<00:57,  4.74it/s]
  4%|▍         | 12/282 [00:03<00:56,  4.80it/s]
  5%|▍         | 13/282 [00:03<00:55,  4.81it/s]
  5%|▍         | 14/282 [00:03<00:55,  4.85it/s]
  5%|▌         | 15/282 [00:03<00:54,  4.91it/s]
  6%|▌         | 16/282 [00:03<00:54,  4.92it/s]
  6%|▌         | 17/282 [00:04<00:53,  4.92it/s]
  6%|▋         | 18/282 [00:04<00:53,  4.93it/s]
  7%|▋         | 19/282 [00:04<00:58,  4.49it/s]
  7%|▋         | 20/282 [00:04<00:56,  4.67it/s]
  7%|▋         | 21/282 [00:04<01:00,  4.35it/s]
  8%|▊         | 22/282 [00:05<00:57,  4.49it/s]
  8%|▊         | 23/282 [00:05<00:56,  4.62it/s]
  9%|▊         | 24/282 [00:05<00:55,  4.67it/s]
  9%|▉         | 25/282 [00:05<00:56,  4.55it/s]
  9%|▉         | 26/282 [00:06<01:02,  4.11it/s]
 10%|▉         | 27/282 [00:06<01:03,  4.02it/s]
 10%|▉         | 28/282 [00:06<01:04,  3.97it/s]
 10%|█         | 29/282 [00:06<01:04,  3.94it/s]
 11%|█         | 30/282 [00:07<01:04,  3.93it/s]
 11%|█         | 31/282 [00:07<01:04,  3.87it/s]
 11%|█▏        | 32/282 [00:07<01:04,  3.87it/s]
 12%|█▏        | 33/282 [00:07<01:03,  3.89it/s]
 12%|█▏        | 34/282 [00:08<01:04,  3.85it/s]
 12%|█▏        | 35/282 [00:08<01:04,  3.86it/s]
 13%|█▎        | 36/282 [00:08<01:03,  3.86it/s]
 13%|█▎        | 37/282 [00:08<01:04,  3.78it/s]
 13%|█▎        | 38/282 [00:09<01:03,  3.83it/s]
 14%|█▍        | 39/282 [00:09<01:03,  3.86it/s]
 14%|█▍        | 40/282 [00:09<01:02,  3.86it/s]
 15%|█▍        | 41/282 [00:09<00:59,  4.07it/s]
 15%|█▍        | 42/282 [00:10<00:55,  4.32it/s]
 15%|█▌        | 43/282 [00:10<00:57,  4.19it/s]
 16%|█▌        | 44/282 [00:10<01:01,  3.89it/s]
 16%|█▌        | 45/282 [00:10<00:59,  3.98it/s]
 16%|█▋        | 46/282 [00:11<01:00,  3.93it/s]
 17%|█▋        | 47/282 [00:11<00:59,  3.95it/s]
 17%|█▋        | 48/282 [00:11<00:59,  3.91it/s]
 17%|█▋        | 49/282 [00:11<00:59,  3.89it/s]
 18%|█▊        | 50/282 [00:12<01:00,  3.84it/s]
 18%|█▊        | 51/282 [00:12<01:00,  3.84it/s]
 18%|█▊        | 52/282 [00:12<00:59,  3.88it/s]
 19%|█▉        | 53/282 [00:13<00:59,  3.84it/s]
 19%|█▉        | 54/282 [00:13<00:59,  3.86it/s]
 20%|█▉        | 55/282 [00:13<00:58,  3.89it/s]
 20%|█▉        | 56/282 [00:13<00:57,  3.92it/s]
 20%|██        | 57/282 [00:14<00:55,  4.08it/s]
 21%|██        | 58/282 [00:14<00:54,  4.11it/s]
 21%|██        | 59/282 [00:14<00:51,  4.35it/s]
 21%|██▏       | 60/282 [00:14<00:48,  4.53it/s]
 22%|██▏       | 61/282 [00:14<00:50,  4.37it/s]
 22%|██▏       | 62/282 [00:15<00:48,  4.56it/s]
 22%|██▏       | 63/282 [00:15<00:50,  4.32it/s]
 23%|██▎       | 64/282 [00:15<00:48,  4.50it/s]
 23%|██▎       | 65/282 [00:15<00:51,  4.25it/s]
 23%|██▎       | 66/282 [00:16<00:49,  4.38it/s]
 24%|██▍       | 67/282 [00:16<00:50,  4.23it/s]
 24%|██▍       | 68/282 [00:16<00:52,  4.07it/s]
 24%|██▍       | 69/282 [00:16<00:53,  3.96it/s]
 25%|██▍       | 70/282 [00:17<00:54,  3.90it/s]
 25%|██▌       | 71/282 [00:17<00:54,  3.86it/s]
 26%|██▌       | 72/282 [00:17<00:53,  3.90it/s]
 26%|██▌       | 73/282 [00:17<00:53,  3.93it/s]
 26%|██▌       | 74/282 [00:18<00:53,  3.91it/s]
 27%|██▋       | 75/282 [00:18<00:52,  3.95it/s]
 27%|██▋       | 76/282 [00:18<00:52,  3.91it/s]
 27%|██▋       | 77/282 [00:18<00:52,  3.92it/s]
 28%|██▊       | 78/282 [00:19<00:51,  3.95it/s]
 28%|██▊       | 79/282 [00:19<00:52,  3.87it/s]
 28%|██▊       | 80/282 [00:19<00:51,  3.89it/s]
 29%|██▊       | 81/282 [00:19<00:51,  3.91it/s]
 29%|██▉       | 82/282 [00:20<00:52,  3.82it/s]
 29%|██▉       | 83/282 [00:20<00:51,  3.88it/s]
 30%|██▉       | 84/282 [00:20<00:50,  3.91it/s]
 30%|███       | 85/282 [00:20<00:50,  3.92it/s]
 30%|███       | 86/282 [00:21<00:50,  3.90it/s]
 31%|███       | 87/282 [00:21<00:49,  3.90it/s]
 31%|███       | 88/282 [00:21<00:49,  3.90it/s]
 32%|███▏      | 89/282 [00:21<00:50,  3.85it/s]
 32%|███▏      | 90/282 [00:22<00:49,  3.87it/s]
 32%|███▏      | 91/282 [00:22<00:49,  3.84it/s]
 33%|███▎      | 92/282 [00:22<00:49,  3.86it/s]
 33%|███▎      | 93/282 [00:23<00:48,  3.86it/s]
 33%|███▎      | 94/282 [00:23<00:49,  3.82it/s]
 34%|███▎      | 95/282 [00:23<00:48,  3.86it/s]
 34%|███▍      | 96/282 [00:23<00:48,  3.84it/s]
 34%|███▍      | 97/282 [00:24<00:48,  3.85it/s]
 35%|███▍      | 98/282 [00:24<00:47,  3.84it/s]
 35%|███▌      | 99/282 [00:24<00:47,  3.85it/s]
 35%|███▌      | 100/282 [00:24<00:47,  3.85it/s]
 36%|███▌      | 101/282 [00:25<00:46,  3.87it/s]
 36%|███▌      | 102/282 [00:25<00:46,  3.83it/s]
 37%|███▋      | 103/282 [00:25<00:46,  3.87it/s]
 37%|███▋      | 104/282 [00:25<00:46,  3.82it/s]
 37%|███▋      | 105/282 [00:26<00:46,  3.84it/s]
 38%|███▊      | 106/282 [00:26<00:45,  3.88it/s]
 38%|███▊      | 107/282 [00:26<00:45,  3.86it/s]
 38%|███▊      | 108/282 [00:26<00:44,  3.87it/s]
 39%|███▊      | 109/282 [00:27<00:44,  3.91it/s]
 39%|███▉      | 110/282 [00:27<00:44,  3.86it/s]
 39%|███▉      | 111/282 [00:27<00:44,  3.85it/s]
 40%|███▉      | 112/282 [00:27<00:43,  3.87it/s]
 40%|████      | 113/282 [00:28<00:43,  3.89it/s]
 40%|████      | 114/282 [00:28<00:43,  3.87it/s]
 41%|████      | 115/282 [00:28<00:42,  3.91it/s]
 41%|████      | 116/282 [00:28<00:42,  3.87it/s]
 41%|████▏     | 117/282 [00:29<00:42,  3.92it/s]
 42%|████▏     | 118/282 [00:29<00:41,  3.91it/s]
 42%|████▏     | 119/282 [00:29<00:41,  3.91it/s]
 43%|████▎     | 120/282 [00:30<00:42,  3.85it/s]
 43%|████▎     | 121/282 [00:30<00:42,  3.82it/s]
 43%|████▎     | 122/282 [00:30<00:43,  3.68it/s]
 44%|████▎     | 123/282 [00:30<00:41,  3.80it/s]
 44%|████▍     | 124/282 [00:31<00:39,  4.02it/s]
 44%|████▍     | 125/282 [00:31<00:39,  4.02it/s]
 45%|████▍     | 126/282 [00:31<00:36,  4.28it/s]
 45%|████▌     | 127/282 [00:31<00:34,  4.47it/s]
 45%|████▌     | 128/282 [00:31<00:33,  4.59it/s]
 46%|████▌     | 129/282 [00:32<00:33,  4.50it/s]
 46%|████▌     | 130/282 [00:32<00:35,  4.33it/s]
 46%|████▋     | 131/282 [00:32<00:35,  4.20it/s]
 47%|████▋     | 132/282 [00:32<00:36,  4.06it/s]
 47%|████▋     | 133/282 [00:33<00:37,  3.93it/s]
 48%|████▊     | 134/282 [00:33<00:38,  3.87it/s]
 48%|████▊     | 135/282 [00:33<00:38,  3.85it/s]
 48%|████▊     | 136/282 [00:33<00:37,  3.85it/s]
 49%|████▊     | 137/282 [00:34<00:37,  3.90it/s]
 49%|████▉     | 138/282 [00:34<00:36,  3.91it/s]
 49%|████▉     | 139/282 [00:34<00:36,  3.88it/s]
 50%|████▉     | 140/282 [00:34<00:36,  3.91it/s]
 50%|█████     | 141/282 [00:35<00:40,  3.49it/s]
 50%|█████     | 142/282 [00:35<00:39,  3.56it/s]
 51%|█████     | 143/282 [00:35<00:37,  3.68it/s]
 51%|█████     | 144/282 [00:36<00:36,  3.76it/s]
 51%|█████▏    | 145/282 [00:36<00:36,  3.77it/s]
 52%|█████▏    | 146/282 [00:36<00:35,  3.83it/s]
 52%|█████▏    | 147/282 [00:36<00:35,  3.84it/s]
 52%|█████▏    | 148/282 [00:37<00:35,  3.77it/s]
 53%|█████▎    | 149/282 [00:37<00:34,  3.84it/s]
 53%|█████▎    | 150/282 [00:37<00:34,  3.84it/s]
 54%|█████▎    | 151/282 [00:37<00:33,  3.88it/s]
 54%|█████▍    | 152/282 [00:38<00:33,  3.88it/s]
 54%|█████▍    | 153/282 [00:38<00:33,  3.88it/s]
 55%|█████▍    | 154/282 [00:38<00:32,  3.89it/s]
 55%|█████▍    | 155/282 [00:38<00:32,  3.90it/s]
 55%|█████▌    | 156/282 [00:39<00:32,  3.88it/s]
 56%|█████▌    | 157/282 [00:39<00:32,  3.87it/s]
 56%|█████▌    | 158/282 [00:39<00:31,  3.89it/s]
 56%|█████▋    | 159/282 [00:39<00:31,  3.85it/s]
 57%|█████▋    | 160/282 [00:40<00:31,  3.84it/s]
 57%|█████▋    | 161/282 [00:40<00:31,  3.82it/s]
 57%|█████▋    | 162/282 [00:40<00:31,  3.83it/s]
 58%|█████▊    | 163/282 [00:41<00:31,  3.84it/s]
 58%|█████▊    | 164/282 [00:41<00:30,  3.85it/s]
 59%|█████▊    | 165/282 [00:41<00:30,  3.86it/s]
 59%|█████▉    | 166/282 [00:41<00:29,  3.88it/s]
 59%|█████▉    | 167/282 [00:42<00:29,  3.87it/s]
 60%|█████▉    | 168/282 [00:42<00:29,  3.86it/s]
 60%|█████▉    | 169/282 [00:42<00:29,  3.87it/s]
 60%|██████    | 170/282 [00:42<00:29,  3.85it/s]
 61%|██████    | 171/282 [00:43<00:28,  3.88it/s]
 61%|██████    | 172/282 [00:43<00:28,  3.86it/s]
 61%|██████▏   | 173/282 [00:43<00:28,  3.84it/s]
 62%|██████▏   | 174/282 [00:43<00:28,  3.81it/s]
 62%|██████▏   | 175/282 [00:44<00:27,  3.85it/s]
 62%|██████▏   | 176/282 [00:44<00:27,  3.87it/s]
 63%|██████▎   | 177/282 [00:44<00:27,  3.85it/s]
 63%|██████▎   | 178/282 [00:44<00:26,  3.90it/s]
 63%|██████▎   | 179/282 [00:45<00:26,  3.88it/s]
 64%|██████▍   | 180/282 [00:45<00:26,  3.89it/s]
 64%|██████▍   | 181/282 [00:45<00:26,  3.88it/s]
 65%|██████▍   | 182/282 [00:45<00:25,  3.89it/s]
 65%|██████▍   | 183/282 [00:46<00:25,  3.90it/s]
 65%|██████▌   | 184/282 [00:46<00:25,  3.91it/s]
 66%|██████▌   | 185/282 [00:46<00:24,  3.92it/s]
 66%|██████▌   | 186/282 [00:46<00:24,  3.93it/s]
 66%|██████▋   | 187/282 [00:47<00:24,  3.94it/s]
 67%|██████▋   | 188/282 [00:47<00:24,  3.90it/s]
 67%|██████▋   | 189/282 [00:47<00:23,  3.93it/s]
 67%|██████▋   | 190/282 [00:47<00:23,  3.92it/s]
 68%|██████▊   | 191/282 [00:48<00:23,  3.91it/s]
 68%|██████▊   | 192/282 [00:48<00:22,  3.92it/s]
 68%|██████▊   | 193/282 [00:48<00:22,  3.91it/s]
 69%|██████▉   | 194/282 [00:48<00:22,  3.86it/s]
 69%|██████▉   | 195/282 [00:49<00:22,  3.85it/s]
 70%|██████▉   | 196/282 [00:49<00:22,  3.87it/s]
 70%|██████▉   | 197/282 [00:49<00:21,  3.91it/s]
 70%|███████   | 198/282 [00:50<00:21,  3.93it/s]
 71%|███████   | 199/282 [00:50<00:21,  3.91it/s]
 71%|███████   | 200/282 [00:50<00:20,  3.91it/s]
 71%|███████▏  | 201/282 [00:50<00:20,  3.90it/s]
 72%|███████▏  | 202/282 [00:51<00:20,  3.90it/s]
 72%|███████▏  | 203/282 [00:51<00:20,  3.93it/s]
 72%|███████▏  | 204/282 [00:51<00:19,  3.91it/s]
 73%|███████▎  | 205/282 [00:51<00:19,  3.88it/s]
 73%|███████▎  | 206/282 [00:52<00:19,  3.91it/s]
 73%|███████▎  | 207/282 [00:52<00:19,  3.93it/s]
 74%|███████▍  | 208/282 [00:52<00:18,  3.90it/s]
 74%|███████▍  | 209/282 [00:52<00:18,  3.91it/s]
 74%|███████▍  | 210/282 [00:53<00:18,  3.92it/s]
 75%|███████▍  | 211/282 [00:53<00:18,  3.91it/s]
 75%|███████▌  | 212/282 [00:53<00:18,  3.87it/s]
 76%|███████▌  | 213/282 [00:53<00:17,  3.88it/s]
 76%|███████▌  | 214/282 [00:54<00:17,  3.88it/s]
 76%|███████▌  | 215/282 [00:54<00:17,  3.87it/s]
 77%|███████▋  | 216/282 [00:54<00:16,  3.90it/s]
 77%|███████▋  | 217/282 [00:54<00:16,  3.91it/s]
 77%|███████▋  | 218/282 [00:55<00:16,  3.84it/s]
 78%|███████▊  | 219/282 [00:55<00:16,  3.82it/s]
 78%|███████▊  | 220/282 [00:55<00:16,  3.84it/s]
 78%|███████▊  | 221/282 [00:55<00:16,  3.76it/s]
 79%|███████▊  | 222/282 [00:56<00:15,  3.81it/s]
 79%|███████▉  | 223/282 [00:56<00:15,  3.80it/s]
 79%|███████▉  | 224/282 [00:56<00:15,  3.79it/s]
 80%|███████▉  | 225/282 [00:56<00:14,  3.84it/s]
 80%|████████  | 226/282 [00:57<00:14,  3.86it/s]
 80%|████████  | 227/282 [00:57<00:14,  3.87it/s]
 81%|████████  | 228/282 [00:57<00:13,  3.89it/s]
 81%|████████  | 229/282 [00:58<00:14,  3.75it/s]
 82%|████████▏ | 230/282 [00:58<00:13,  3.80it/s]
 82%|████████▏ | 231/282 [00:58<00:13,  3.84it/s]
 82%|████████▏ | 232/282 [00:58<00:12,  3.87it/s]
 83%|████████▎ | 233/282 [00:59<00:12,  3.91it/s]
 83%|████████▎ | 234/282 [00:59<00:12,  3.90it/s]
 83%|████████▎ | 235/282 [00:59<00:12,  3.89it/s]
 84%|████████▎ | 236/282 [00:59<00:11,  3.83it/s]
 84%|████████▍ | 237/282 [01:00<00:11,  3.89it/s]
 84%|████████▍ | 238/282 [01:00<00:12,  3.67it/s]
 85%|████████▍ | 239/282 [01:00<00:11,  3.63it/s]
 85%|████████▌ | 240/282 [01:00<00:11,  3.66it/s]
 85%|████████▌ | 241/282 [01:01<00:10,  3.98it/s]
 86%|████████▌ | 242/282 [01:01<00:09,  4.23it/s]
 86%|████████▌ | 243/282 [01:01<00:08,  4.43it/s]
 87%|████████▋ | 244/282 [01:01<00:08,  4.62it/s]
 87%|████████▋ | 245/282 [01:01<00:07,  4.63it/s]
 87%|████████▋ | 246/282 [01:02<00:07,  4.74it/s]
 88%|████████▊ | 247/282 [01:02<00:07,  4.58it/s]
 88%|████████▊ | 248/282 [01:02<00:07,  4.65it/s]
 88%|████████▊ | 249/282 [01:02<00:06,  4.77it/s]
 89%|████████▊ | 250/282 [01:03<00:06,  4.85it/s]
 89%|████████▉ | 251/282 [01:03<00:06,  4.61it/s]
 89%|████████▉ | 252/282 [01:03<00:06,  4.73it/s]
 90%|████████▉ | 253/282 [01:03<00:06,  4.37it/s]
 90%|█████████ | 254/282 [01:03<00:06,  4.19it/s]
 90%|█████████ | 255/282 [01:04<00:06,  4.10it/s]
 91%|█████████ | 256/282 [01:04<00:06,  4.04it/s]
 91%|█████████ | 257/282 [01:04<00:06,  4.03it/s]
 91%|█████████▏| 258/282 [01:04<00:06,  4.00it/s]
 92%|█████████▏| 259/282 [01:05<00:05,  3.97it/s]
 92%|█████████▏| 260/282 [01:05<00:05,  3.91it/s]
 93%|█████████▎| 261/282 [01:05<00:05,  3.89it/s]
 93%|█████████▎| 262/282 [01:06<00:05,  3.92it/s]
 93%|█████████▎| 263/282 [01:06<00:04,  3.83it/s]
 94%|█████████▎| 264/282 [01:06<00:04,  3.87it/s]
 94%|█████████▍| 265/282 [01:06<00:04,  3.93it/s]
 94%|█████████▍| 266/282 [01:07<00:03,  4.10it/s]
 95%|█████████▍| 267/282 [01:07<00:03,  4.24it/s]
 95%|█████████▌| 268/282 [01:07<00:03,  4.40it/s]
 95%|█████████▌| 269/282 [01:07<00:02,  4.55it/s]
 96%|█████████▌| 270/282 [01:07<00:02,  4.56it/s]
 96%|█████████▌| 271/282 [01:08<00:02,  4.70it/s]
 96%|█████████▋| 272/282 [01:08<00:02,  4.41it/s]
 97%|█████████▋| 273/282 [01:08<00:01,  4.56it/s]
 97%|█████████▋| 274/282 [01:08<00:01,  4.37it/s]
 98%|█████████▊| 275/282 [01:09<00:01,  4.19it/s]
 98%|█████████▊| 276/282 [01:09<00:01,  4.44it/s]
 98%|█████████▊| 277/282 [01:09<00:01,  4.63it/s]
 99%|█████████▊| 278/282 [01:09<00:00,  4.74it/s]
 99%|█████████▉| 279/282 [01:09<00:00,  4.50it/s]
 99%|█████████▉| 280/282 [01:10<00:00,  4.66it/s]
100%|█████████▉| 281/282 [01:10<00:00,  4.76it/s]
100%|██████████| 282/282 [01:10<00:00,  4.01it/s]
replacing val labels with victim labels

  0%|          | 0/32 [00:00<?, ?it/s]
  3%|▎         | 1/32 [00:00<00:18,  1.71it/s]
  6%|▋         | 2/32 [00:00<00:10,  2.78it/s]
  9%|▉         | 3/32 [00:00<00:08,  3.48it/s]
 12%|█▎        | 4/32 [00:01<00:07,  3.98it/s]
 16%|█▌        | 5/32 [00:01<00:06,  4.31it/s]
 19%|█▉        | 6/32 [00:01<00:05,  4.48it/s]
 22%|██▏       | 7/32 [00:01<00:05,  4.63it/s]
 25%|██▌       | 8/32 [00:01<00:05,  4.75it/s]
 28%|██▊       | 9/32 [00:02<00:04,  4.85it/s]
 31%|███▏      | 10/32 [00:02<00:04,  4.94it/s]
 34%|███▍      | 11/32 [00:02<00:04,  4.97it/s]
 38%|███▊      | 12/32 [00:02<00:03,  5.02it/s]
 41%|████      | 13/32 [00:02<00:03,  5.03it/s]
 44%|████▍     | 14/32 [00:03<00:03,  5.11it/s]
 47%|████▋     | 15/32 [00:03<00:03,  5.10it/s]
 50%|█████     | 16/32 [00:03<00:03,  4.98it/s]
 53%|█████▎    | 17/32 [00:03<00:02,  5.04it/s]
 56%|█████▋    | 18/32 [00:03<00:02,  5.04it/s]
 59%|█████▉    | 19/32 [00:04<00:02,  4.98it/s]
 62%|██████▎   | 20/32 [00:04<00:02,  4.97it/s]
 66%|██████▌   | 21/32 [00:04<00:02,  5.02it/s]
 69%|██████▉   | 22/32 [00:04<00:01,  5.07it/s]
 72%|███████▏  | 23/32 [00:04<00:01,  5.08it/s]
 75%|███████▌  | 24/32 [00:05<00:01,  5.12it/s]
 78%|███████▊  | 25/32 [00:05<00:01,  5.10it/s]
 81%|████████▏ | 26/32 [00:05<00:01,  5.10it/s]
 84%|████████▍ | 27/32 [00:05<00:01,  4.66it/s]
 88%|████████▊ | 28/32 [00:06<00:00,  4.37it/s]
 91%|█████████ | 29/32 [00:06<00:00,  4.22it/s]
 94%|█████████▍| 30/32 [00:06<00:00,  4.11it/s]
 97%|█████████▋| 31/32 [00:06<00:00,  3.99it/s]
100%|██████████| 32/32 [00:07<00:00,  4.55it/s]Validation set distribution: 
Number of samples  500

{0: 74, 1: 123, 2: 303}
Labeled set distribution: 
Number of samples  4500
{0: 581, 1: 1040, 2: 2879}
odict_keys(['class_token', 'patch_embedding.weight', 'patch_embedding.bias', 'positional_embedding.pos_embedding', 'transformer.blocks.0.attn.proj_q.weight', 'transformer.blocks.0.attn.proj_q.bias', 'transformer.blocks.0.attn.proj_k.weight', 'transformer.blocks.0.attn.proj_k.bias', 'transformer.blocks.0.attn.proj_v.weight', 'transformer.blocks.0.attn.proj_v.bias', 'transformer.blocks.0.proj.weight', 'transformer.blocks.0.proj.bias', 'transformer.blocks.0.norm1.weight', 'transformer.blocks.0.norm1.bias', 'transformer.blocks.0.pwff.fc1.weight', 'transformer.blocks.0.pwff.fc1.bias', 'transformer.blocks.0.pwff.fc2.weight', 'transformer.blocks.0.pwff.fc2.bias', 'transformer.blocks.0.norm2.weight', 'transformer.blocks.0.norm2.bias', 'transformer.blocks.1.attn.proj_q.weight', 'transformer.blocks.1.attn.proj_q.bias', 'transformer.blocks.1.attn.proj_k.weight', 'transformer.blocks.1.attn.proj_k.bias', 'transformer.blocks.1.attn.proj_v.weight', 'transformer.blocks.1.attn.proj_v.bias', 'transformer.blocks.1.proj.weight', 'transformer.blocks.1.proj.bias', 'transformer.blocks.1.norm1.weight', 'transformer.blocks.1.norm1.bias', 'transformer.blocks.1.pwff.fc1.weight', 'transformer.blocks.1.pwff.fc1.bias', 'transformer.blocks.1.pwff.fc2.weight', 'transformer.blocks.1.pwff.fc2.bias', 'transformer.blocks.1.norm2.weight', 'transformer.blocks.1.norm2.bias', 'transformer.blocks.2.attn.proj_q.weight', 'transformer.blocks.2.attn.proj_q.bias', 'transformer.blocks.2.attn.proj_k.weight', 'transformer.blocks.2.attn.proj_k.bias', 'transformer.blocks.2.attn.proj_v.weight', 'transformer.blocks.2.attn.proj_v.bias', 'transformer.blocks.2.proj.weight', 'transformer.blocks.2.proj.bias', 'transformer.blocks.2.norm1.weight', 'transformer.blocks.2.norm1.bias', 'transformer.blocks.2.pwff.fc1.weight', 'transformer.blocks.2.pwff.fc1.bias', 'transformer.blocks.2.pwff.fc2.weight', 'transformer.blocks.2.pwff.fc2.bias', 'transformer.blocks.2.norm2.weight', 'transformer.blocks.2.norm2.bias', 'transformer.blocks.3.attn.proj_q.weight', 'transformer.blocks.3.attn.proj_q.bias', 'transformer.blocks.3.attn.proj_k.weight', 'transformer.blocks.3.attn.proj_k.bias', 'transformer.blocks.3.attn.proj_v.weight', 'transformer.blocks.3.attn.proj_v.bias', 'transformer.blocks.3.proj.weight', 'transformer.blocks.3.proj.bias', 'transformer.blocks.3.norm1.weight', 'transformer.blocks.3.norm1.bias', 'transformer.blocks.3.pwff.fc1.weight', 'transformer.blocks.3.pwff.fc1.bias', 'transformer.blocks.3.pwff.fc2.weight', 'transformer.blocks.3.pwff.fc2.bias', 'transformer.blocks.3.norm2.weight', 'transformer.blocks.3.norm2.bias', 'transformer.blocks.4.attn.proj_q.weight', 'transformer.blocks.4.attn.proj_q.bias', 'transformer.blocks.4.attn.proj_k.weight', 'transformer.blocks.4.attn.proj_k.bias', 'transformer.blocks.4.attn.proj_v.weight', 'transformer.blocks.4.attn.proj_v.bias', 'transformer.blocks.4.proj.weight', 'transformer.blocks.4.proj.bias', 'transformer.blocks.4.norm1.weight', 'transformer.blocks.4.norm1.bias', 'transformer.blocks.4.pwff.fc1.weight', 'transformer.blocks.4.pwff.fc1.bias', 'transformer.blocks.4.pwff.fc2.weight', 'transformer.blocks.4.pwff.fc2.bias', 'transformer.blocks.4.norm2.weight', 'transformer.blocks.4.norm2.bias', 'transformer.blocks.5.attn.proj_q.weight', 'transformer.blocks.5.attn.proj_q.bias', 'transformer.blocks.5.attn.proj_k.weight', 'transformer.blocks.5.attn.proj_k.bias', 'transformer.blocks.5.attn.proj_v.weight', 'transformer.blocks.5.attn.proj_v.bias', 'transformer.blocks.5.proj.weight', 'transformer.blocks.5.proj.bias', 'transformer.blocks.5.norm1.weight', 'transformer.blocks.5.norm1.bias', 'transformer.blocks.5.pwff.fc1.weight', 'transformer.blocks.5.pwff.fc1.bias', 'transformer.blocks.5.pwff.fc2.weight', 'transformer.blocks.5.pwff.fc2.bias', 'transformer.blocks.5.norm2.weight', 'transformer.blocks.5.norm2.bias', 'transformer.blocks.6.attn.proj_q.weight', 'transformer.blocks.6.attn.proj_q.bias', 'transformer.blocks.6.attn.proj_k.weight', 'transformer.blocks.6.attn.proj_k.bias', 'transformer.blocks.6.attn.proj_v.weight', 'transformer.blocks.6.attn.proj_v.bias', 'transformer.blocks.6.proj.weight', 'transformer.blocks.6.proj.bias', 'transformer.blocks.6.norm1.weight', 'transformer.blocks.6.norm1.bias', 'transformer.blocks.6.pwff.fc1.weight', 'transformer.blocks.6.pwff.fc1.bias', 'transformer.blocks.6.pwff.fc2.weight', 'transformer.blocks.6.pwff.fc2.bias', 'transformer.blocks.6.norm2.weight', 'transformer.blocks.6.norm2.bias', 'transformer.blocks.7.attn.proj_q.weight', 'transformer.blocks.7.attn.proj_q.bias', 'transformer.blocks.7.attn.proj_k.weight', 'transformer.blocks.7.attn.proj_k.bias', 'transformer.blocks.7.attn.proj_v.weight', 'transformer.blocks.7.attn.proj_v.bias', 'transformer.blocks.7.proj.weight', 'transformer.blocks.7.proj.bias', 'transformer.blocks.7.norm1.weight', 'transformer.blocks.7.norm1.bias', 'transformer.blocks.7.pwff.fc1.weight', 'transformer.blocks.7.pwff.fc1.bias', 'transformer.blocks.7.pwff.fc2.weight', 'transformer.blocks.7.pwff.fc2.bias', 'transformer.blocks.7.norm2.weight', 'transformer.blocks.7.norm2.bias', 'transformer.blocks.8.attn.proj_q.weight', 'transformer.blocks.8.attn.proj_q.bias', 'transformer.blocks.8.attn.proj_k.weight', 'transformer.blocks.8.attn.proj_k.bias', 'transformer.blocks.8.attn.proj_v.weight', 'transformer.blocks.8.attn.proj_v.bias', 'transformer.blocks.8.proj.weight', 'transformer.blocks.8.proj.bias', 'transformer.blocks.8.norm1.weight', 'transformer.blocks.8.norm1.bias', 'transformer.blocks.8.pwff.fc1.weight', 'transformer.blocks.8.pwff.fc1.bias', 'transformer.blocks.8.pwff.fc2.weight', 'transformer.blocks.8.pwff.fc2.bias', 'transformer.blocks.8.norm2.weight', 'transformer.blocks.8.norm2.bias', 'transformer.blocks.9.attn.proj_q.weight', 'transformer.blocks.9.attn.proj_q.bias', 'transformer.blocks.9.attn.proj_k.weight', 'transformer.blocks.9.attn.proj_k.bias', 'transformer.blocks.9.attn.proj_v.weight', 'transformer.blocks.9.attn.proj_v.bias', 'transformer.blocks.9.proj.weight', 'transformer.blocks.9.proj.bias', 'transformer.blocks.9.norm1.weight', 'transformer.blocks.9.norm1.bias', 'transformer.blocks.9.pwff.fc1.weight', 'transformer.blocks.9.pwff.fc1.bias', 'transformer.blocks.9.pwff.fc2.weight', 'transformer.blocks.9.pwff.fc2.bias', 'transformer.blocks.9.norm2.weight', 'transformer.blocks.9.norm2.bias', 'transformer.blocks.10.attn.proj_q.weight', 'transformer.blocks.10.attn.proj_q.bias', 'transformer.blocks.10.attn.proj_k.weight', 'transformer.blocks.10.attn.proj_k.bias', 'transformer.blocks.10.attn.proj_v.weight', 'transformer.blocks.10.attn.proj_v.bias', 'transformer.blocks.10.proj.weight', 'transformer.blocks.10.proj.bias', 'transformer.blocks.10.norm1.weight', 'transformer.blocks.10.norm1.bias', 'transformer.blocks.10.pwff.fc1.weight', 'transformer.blocks.10.pwff.fc1.bias', 'transformer.blocks.10.pwff.fc2.weight', 'transformer.blocks.10.pwff.fc2.bias', 'transformer.blocks.10.norm2.weight', 'transformer.blocks.10.norm2.bias', 'transformer.blocks.11.attn.proj_q.weight', 'transformer.blocks.11.attn.proj_q.bias', 'transformer.blocks.11.attn.proj_k.weight', 'transformer.blocks.11.attn.proj_k.bias', 'transformer.blocks.11.attn.proj_v.weight', 'transformer.blocks.11.attn.proj_v.bias', 'transformer.blocks.11.proj.weight', 'transformer.blocks.11.proj.bias', 'transformer.blocks.11.norm1.weight', 'transformer.blocks.11.norm1.bias', 'transformer.blocks.11.pwff.fc1.weight', 'transformer.blocks.11.pwff.fc1.bias', 'transformer.blocks.11.pwff.fc2.weight', 'transformer.blocks.11.pwff.fc2.bias', 'transformer.blocks.11.norm2.weight', 'transformer.blocks.11.norm2.bias', 'transformer.blocks.12.attn.proj_q.weight', 'transformer.blocks.12.attn.proj_q.bias', 'transformer.blocks.12.attn.proj_k.weight', 'transformer.blocks.12.attn.proj_k.bias', 'transformer.blocks.12.attn.proj_v.weight', 'transformer.blocks.12.attn.proj_v.bias', 'transformer.blocks.12.proj.weight', 'transformer.blocks.12.proj.bias', 'transformer.blocks.12.norm1.weight', 'transformer.blocks.12.norm1.bias', 'transformer.blocks.12.pwff.fc1.weight', 'transformer.blocks.12.pwff.fc1.bias', 'transformer.blocks.12.pwff.fc2.weight', 'transformer.blocks.12.pwff.fc2.bias', 'transformer.blocks.12.norm2.weight', 'transformer.blocks.12.norm2.bias', 'transformer.blocks.13.attn.proj_q.weight', 'transformer.blocks.13.attn.proj_q.bias', 'transformer.blocks.13.attn.proj_k.weight', 'transformer.blocks.13.attn.proj_k.bias', 'transformer.blocks.13.attn.proj_v.weight', 'transformer.blocks.13.attn.proj_v.bias', 'transformer.blocks.13.proj.weight', 'transformer.blocks.13.proj.bias', 'transformer.blocks.13.norm1.weight', 'transformer.blocks.13.norm1.bias', 'transformer.blocks.13.pwff.fc1.weight', 'transformer.blocks.13.pwff.fc1.bias', 'transformer.blocks.13.pwff.fc2.weight', 'transformer.blocks.13.pwff.fc2.bias', 'transformer.blocks.13.norm2.weight', 'transformer.blocks.13.norm2.bias', 'transformer.blocks.14.attn.proj_q.weight', 'transformer.blocks.14.attn.proj_q.bias', 'transformer.blocks.14.attn.proj_k.weight', 'transformer.blocks.14.attn.proj_k.bias', 'transformer.blocks.14.attn.proj_v.weight', 'transformer.blocks.14.attn.proj_v.bias', 'transformer.blocks.14.proj.weight', 'transformer.blocks.14.proj.bias', 'transformer.blocks.14.norm1.weight', 'transformer.blocks.14.norm1.bias', 'transformer.blocks.14.pwff.fc1.weight', 'transformer.blocks.14.pwff.fc1.bias', 'transformer.blocks.14.pwff.fc2.weight', 'transformer.blocks.14.pwff.fc2.bias', 'transformer.blocks.14.norm2.weight', 'transformer.blocks.14.norm2.bias', 'transformer.blocks.15.attn.proj_q.weight', 'transformer.blocks.15.attn.proj_q.bias', 'transformer.blocks.15.attn.proj_k.weight', 'transformer.blocks.15.attn.proj_k.bias', 'transformer.blocks.15.attn.proj_v.weight', 'transformer.blocks.15.attn.proj_v.bias', 'transformer.blocks.15.proj.weight', 'transformer.blocks.15.proj.bias', 'transformer.blocks.15.norm1.weight', 'transformer.blocks.15.norm1.bias', 'transformer.blocks.15.pwff.fc1.weight', 'transformer.blocks.15.pwff.fc1.bias', 'transformer.blocks.15.pwff.fc2.weight', 'transformer.blocks.15.pwff.fc2.bias', 'transformer.blocks.15.norm2.weight', 'transformer.blocks.15.norm2.bias', 'transformer.blocks.16.attn.proj_q.weight', 'transformer.blocks.16.attn.proj_q.bias', 'transformer.blocks.16.attn.proj_k.weight', 'transformer.blocks.16.attn.proj_k.bias', 'transformer.blocks.16.attn.proj_v.weight', 'transformer.blocks.16.attn.proj_v.bias', 'transformer.blocks.16.proj.weight', 'transformer.blocks.16.proj.bias', 'transformer.blocks.16.norm1.weight', 'transformer.blocks.16.norm1.bias', 'transformer.blocks.16.pwff.fc1.weight', 'transformer.blocks.16.pwff.fc1.bias', 'transformer.blocks.16.pwff.fc2.weight', 'transformer.blocks.16.pwff.fc2.bias', 'transformer.blocks.16.norm2.weight', 'transformer.blocks.16.norm2.bias', 'transformer.blocks.17.attn.proj_q.weight', 'transformer.blocks.17.attn.proj_q.bias', 'transformer.blocks.17.attn.proj_k.weight', 'transformer.blocks.17.attn.proj_k.bias', 'transformer.blocks.17.attn.proj_v.weight', 'transformer.blocks.17.attn.proj_v.bias', 'transformer.blocks.17.proj.weight', 'transformer.blocks.17.proj.bias', 'transformer.blocks.17.norm1.weight', 'transformer.blocks.17.norm1.bias', 'transformer.blocks.17.pwff.fc1.weight', 'transformer.blocks.17.pwff.fc1.bias', 'transformer.blocks.17.pwff.fc2.weight', 'transformer.blocks.17.pwff.fc2.bias', 'transformer.blocks.17.norm2.weight', 'transformer.blocks.17.norm2.bias', 'transformer.blocks.18.attn.proj_q.weight', 'transformer.blocks.18.attn.proj_q.bias', 'transformer.blocks.18.attn.proj_k.weight', 'transformer.blocks.18.attn.proj_k.bias', 'transformer.blocks.18.attn.proj_v.weight', 'transformer.blocks.18.attn.proj_v.bias', 'transformer.blocks.18.proj.weight', 'transformer.blocks.18.proj.bias', 'transformer.blocks.18.norm1.weight', 'transformer.blocks.18.norm1.bias', 'transformer.blocks.18.pwff.fc1.weight', 'transformer.blocks.18.pwff.fc1.bias', 'transformer.blocks.18.pwff.fc2.weight', 'transformer.blocks.18.pwff.fc2.bias', 'transformer.blocks.18.norm2.weight', 'transformer.blocks.18.norm2.bias', 'transformer.blocks.19.attn.proj_q.weight', 'transformer.blocks.19.attn.proj_q.bias', 'transformer.blocks.19.attn.proj_k.weight', 'transformer.blocks.19.attn.proj_k.bias', 'transformer.blocks.19.attn.proj_v.weight', 'transformer.blocks.19.attn.proj_v.bias', 'transformer.blocks.19.proj.weight', 'transformer.blocks.19.proj.bias', 'transformer.blocks.19.norm1.weight', 'transformer.blocks.19.norm1.bias', 'transformer.blocks.19.pwff.fc1.weight', 'transformer.blocks.19.pwff.fc1.bias', 'transformer.blocks.19.pwff.fc2.weight', 'transformer.blocks.19.pwff.fc2.bias', 'transformer.blocks.19.norm2.weight', 'transformer.blocks.19.norm2.bias', 'transformer.blocks.20.attn.proj_q.weight', 'transformer.blocks.20.attn.proj_q.bias', 'transformer.blocks.20.attn.proj_k.weight', 'transformer.blocks.20.attn.proj_k.bias', 'transformer.blocks.20.attn.proj_v.weight', 'transformer.blocks.20.attn.proj_v.bias', 'transformer.blocks.20.proj.weight', 'transformer.blocks.20.proj.bias', 'transformer.blocks.20.norm1.weight', 'transformer.blocks.20.norm1.bias', 'transformer.blocks.20.pwff.fc1.weight', 'transformer.blocks.20.pwff.fc1.bias', 'transformer.blocks.20.pwff.fc2.weight', 'transformer.blocks.20.pwff.fc2.bias', 'transformer.blocks.20.norm2.weight', 'transformer.blocks.20.norm2.bias', 'transformer.blocks.21.attn.proj_q.weight', 'transformer.blocks.21.attn.proj_q.bias', 'transformer.blocks.21.attn.proj_k.weight', 'transformer.blocks.21.attn.proj_k.bias', 'transformer.blocks.21.attn.proj_v.weight', 'transformer.blocks.21.attn.proj_v.bias', 'transformer.blocks.21.proj.weight', 'transformer.blocks.21.proj.bias', 'transformer.blocks.21.norm1.weight', 'transformer.blocks.21.norm1.bias', 'transformer.blocks.21.pwff.fc1.weight', 'transformer.blocks.21.pwff.fc1.bias', 'transformer.blocks.21.pwff.fc2.weight', 'transformer.blocks.21.pwff.fc2.bias', 'transformer.blocks.21.norm2.weight', 'transformer.blocks.21.norm2.bias', 'transformer.blocks.22.attn.proj_q.weight', 'transformer.blocks.22.attn.proj_q.bias', 'transformer.blocks.22.attn.proj_k.weight', 'transformer.blocks.22.attn.proj_k.bias', 'transformer.blocks.22.attn.proj_v.weight', 'transformer.blocks.22.attn.proj_v.bias', 'transformer.blocks.22.proj.weight', 'transformer.blocks.22.proj.bias', 'transformer.blocks.22.norm1.weight', 'transformer.blocks.22.norm1.bias', 'transformer.blocks.22.pwff.fc1.weight', 'transformer.blocks.22.pwff.fc1.bias', 'transformer.blocks.22.pwff.fc2.weight', 'transformer.blocks.22.pwff.fc2.bias', 'transformer.blocks.22.norm2.weight', 'transformer.blocks.22.norm2.bias', 'transformer.blocks.23.attn.proj_q.weight', 'transformer.blocks.23.attn.proj_q.bias', 'transformer.blocks.23.attn.proj_k.weight', 'transformer.blocks.23.attn.proj_k.bias', 'transformer.blocks.23.attn.proj_v.weight', 'transformer.blocks.23.attn.proj_v.bias', 'transformer.blocks.23.proj.weight', 'transformer.blocks.23.proj.bias', 'transformer.blocks.23.norm1.weight', 'transformer.blocks.23.norm1.bias', 'transformer.blocks.23.pwff.fc1.weight', 'transformer.blocks.23.pwff.fc1.bias', 'transformer.blocks.23.pwff.fc2.weight', 'transformer.blocks.23.pwff.fc2.bias', 'transformer.blocks.23.norm2.weight', 'transformer.blocks.23.norm2.bias', 'norm.weight', 'norm.bias', 'fc.weight', 'fc.bias'])
thief state:  None
Load pretrained model for initializing the thief
pretrained state:  dict_keys(['class_token', 'patch_embedding.weight', 'patch_embedding.bias', 'positional_embedding.pos_embedding', 'transformer.blocks.0.attn.proj_q.weight', 'transformer.blocks.0.attn.proj_q.bias', 'transformer.blocks.0.attn.proj_k.weight', 'transformer.blocks.0.attn.proj_k.bias', 'transformer.blocks.0.attn.proj_v.weight', 'transformer.blocks.0.attn.proj_v.bias', 'transformer.blocks.0.proj.weight', 'transformer.blocks.0.proj.bias', 'transformer.blocks.0.norm1.weight', 'transformer.blocks.0.norm1.bias', 'transformer.blocks.0.pwff.fc1.weight', 'transformer.blocks.0.pwff.fc1.bias', 'transformer.blocks.0.pwff.fc2.weight', 'transformer.blocks.0.pwff.fc2.bias', 'transformer.blocks.0.norm2.weight', 'transformer.blocks.0.norm2.bias', 'transformer.blocks.1.attn.proj_q.weight', 'transformer.blocks.1.attn.proj_q.bias', 'transformer.blocks.1.attn.proj_k.weight', 'transformer.blocks.1.attn.proj_k.bias', 'transformer.blocks.1.attn.proj_v.weight', 'transformer.blocks.1.attn.proj_v.bias', 'transformer.blocks.1.proj.weight', 'transformer.blocks.1.proj.bias', 'transformer.blocks.1.norm1.weight', 'transformer.blocks.1.norm1.bias', 'transformer.blocks.1.pwff.fc1.weight', 'transformer.blocks.1.pwff.fc1.bias', 'transformer.blocks.1.pwff.fc2.weight', 'transformer.blocks.1.pwff.fc2.bias', 'transformer.blocks.1.norm2.weight', 'transformer.blocks.1.norm2.bias', 'transformer.blocks.2.attn.proj_q.weight', 'transformer.blocks.2.attn.proj_q.bias', 'transformer.blocks.2.attn.proj_k.weight', 'transformer.blocks.2.attn.proj_k.bias', 'transformer.blocks.2.attn.proj_v.weight', 'transformer.blocks.2.attn.proj_v.bias', 'transformer.blocks.2.proj.weight', 'transformer.blocks.2.proj.bias', 'transformer.blocks.2.norm1.weight', 'transformer.blocks.2.norm1.bias', 'transformer.blocks.2.pwff.fc1.weight', 'transformer.blocks.2.pwff.fc1.bias', 'transformer.blocks.2.pwff.fc2.weight', 'transformer.blocks.2.pwff.fc2.bias', 'transformer.blocks.2.norm2.weight', 'transformer.blocks.2.norm2.bias', 'transformer.blocks.3.attn.proj_q.weight', 'transformer.blocks.3.attn.proj_q.bias', 'transformer.blocks.3.attn.proj_k.weight', 'transformer.blocks.3.attn.proj_k.bias', 'transformer.blocks.3.attn.proj_v.weight', 'transformer.blocks.3.attn.proj_v.bias', 'transformer.blocks.3.proj.weight', 'transformer.blocks.3.proj.bias', 'transformer.blocks.3.norm1.weight', 'transformer.blocks.3.norm1.bias', 'transformer.blocks.3.pwff.fc1.weight', 'transformer.blocks.3.pwff.fc1.bias', 'transformer.blocks.3.pwff.fc2.weight', 'transformer.blocks.3.pwff.fc2.bias', 'transformer.blocks.3.norm2.weight', 'transformer.blocks.3.norm2.bias', 'transformer.blocks.4.attn.proj_q.weight', 'transformer.blocks.4.attn.proj_q.bias', 'transformer.blocks.4.attn.proj_k.weight', 'transformer.blocks.4.attn.proj_k.bias', 'transformer.blocks.4.attn.proj_v.weight', 'transformer.blocks.4.attn.proj_v.bias', 'transformer.blocks.4.proj.weight', 'transformer.blocks.4.proj.bias', 'transformer.blocks.4.norm1.weight', 'transformer.blocks.4.norm1.bias', 'transformer.blocks.4.pwff.fc1.weight', 'transformer.blocks.4.pwff.fc1.bias', 'transformer.blocks.4.pwff.fc2.weight', 'transformer.blocks.4.pwff.fc2.bias', 'transformer.blocks.4.norm2.weight', 'transformer.blocks.4.norm2.bias', 'transformer.blocks.5.attn.proj_q.weight', 'transformer.blocks.5.attn.proj_q.bias', 'transformer.blocks.5.attn.proj_k.weight', 'transformer.blocks.5.attn.proj_k.bias', 'transformer.blocks.5.attn.proj_v.weight', 'transformer.blocks.5.attn.proj_v.bias', 'transformer.blocks.5.proj.weight', 'transformer.blocks.5.proj.bias', 'transformer.blocks.5.norm1.weight', 'transformer.blocks.5.norm1.bias', 'transformer.blocks.5.pwff.fc1.weight', 'transformer.blocks.5.pwff.fc1.bias', 'transformer.blocks.5.pwff.fc2.weight', 'transformer.blocks.5.pwff.fc2.bias', 'transformer.blocks.5.norm2.weight', 'transformer.blocks.5.norm2.bias', 'transformer.blocks.6.attn.proj_q.weight', 'transformer.blocks.6.attn.proj_q.bias', 'transformer.blocks.6.attn.proj_k.weight', 'transformer.blocks.6.attn.proj_k.bias', 'transformer.blocks.6.attn.proj_v.weight', 'transformer.blocks.6.attn.proj_v.bias', 'transformer.blocks.6.proj.weight', 'transformer.blocks.6.proj.bias', 'transformer.blocks.6.norm1.weight', 'transformer.blocks.6.norm1.bias', 'transformer.blocks.6.pwff.fc1.weight', 'transformer.blocks.6.pwff.fc1.bias', 'transformer.blocks.6.pwff.fc2.weight', 'transformer.blocks.6.pwff.fc2.bias', 'transformer.blocks.6.norm2.weight', 'transformer.blocks.6.norm2.bias', 'transformer.blocks.7.attn.proj_q.weight', 'transformer.blocks.7.attn.proj_q.bias', 'transformer.blocks.7.attn.proj_k.weight', 'transformer.blocks.7.attn.proj_k.bias', 'transformer.blocks.7.attn.proj_v.weight', 'transformer.blocks.7.attn.proj_v.bias', 'transformer.blocks.7.proj.weight', 'transformer.blocks.7.proj.bias', 'transformer.blocks.7.norm1.weight', 'transformer.blocks.7.norm1.bias', 'transformer.blocks.7.pwff.fc1.weight', 'transformer.blocks.7.pwff.fc1.bias', 'transformer.blocks.7.pwff.fc2.weight', 'transformer.blocks.7.pwff.fc2.bias', 'transformer.blocks.7.norm2.weight', 'transformer.blocks.7.norm2.bias', 'transformer.blocks.8.attn.proj_q.weight', 'transformer.blocks.8.attn.proj_q.bias', 'transformer.blocks.8.attn.proj_k.weight', 'transformer.blocks.8.attn.proj_k.bias', 'transformer.blocks.8.attn.proj_v.weight', 'transformer.blocks.8.attn.proj_v.bias', 'transformer.blocks.8.proj.weight', 'transformer.blocks.8.proj.bias', 'transformer.blocks.8.norm1.weight', 'transformer.blocks.8.norm1.bias', 'transformer.blocks.8.pwff.fc1.weight', 'transformer.blocks.8.pwff.fc1.bias', 'transformer.blocks.8.pwff.fc2.weight', 'transformer.blocks.8.pwff.fc2.bias', 'transformer.blocks.8.norm2.weight', 'transformer.blocks.8.norm2.bias', 'transformer.blocks.9.attn.proj_q.weight', 'transformer.blocks.9.attn.proj_q.bias', 'transformer.blocks.9.attn.proj_k.weight', 'transformer.blocks.9.attn.proj_k.bias', 'transformer.blocks.9.attn.proj_v.weight', 'transformer.blocks.9.attn.proj_v.bias', 'transformer.blocks.9.proj.weight', 'transformer.blocks.9.proj.bias', 'transformer.blocks.9.norm1.weight', 'transformer.blocks.9.norm1.bias', 'transformer.blocks.9.pwff.fc1.weight', 'transformer.blocks.9.pwff.fc1.bias', 'transformer.blocks.9.pwff.fc2.weight', 'transformer.blocks.9.pwff.fc2.bias', 'transformer.blocks.9.norm2.weight', 'transformer.blocks.9.norm2.bias', 'transformer.blocks.10.attn.proj_q.weight', 'transformer.blocks.10.attn.proj_q.bias', 'transformer.blocks.10.attn.proj_k.weight', 'transformer.blocks.10.attn.proj_k.bias', 'transformer.blocks.10.attn.proj_v.weight', 'transformer.blocks.10.attn.proj_v.bias', 'transformer.blocks.10.proj.weight', 'transformer.blocks.10.proj.bias', 'transformer.blocks.10.norm1.weight', 'transformer.blocks.10.norm1.bias', 'transformer.blocks.10.pwff.fc1.weight', 'transformer.blocks.10.pwff.fc1.bias', 'transformer.blocks.10.pwff.fc2.weight', 'transformer.blocks.10.pwff.fc2.bias', 'transformer.blocks.10.norm2.weight', 'transformer.blocks.10.norm2.bias', 'transformer.blocks.11.attn.proj_q.weight', 'transformer.blocks.11.attn.proj_q.bias', 'transformer.blocks.11.attn.proj_k.weight', 'transformer.blocks.11.attn.proj_k.bias', 'transformer.blocks.11.attn.proj_v.weight', 'transformer.blocks.11.attn.proj_v.bias', 'transformer.blocks.11.proj.weight', 'transformer.blocks.11.proj.bias', 'transformer.blocks.11.norm1.weight', 'transformer.blocks.11.norm1.bias', 'transformer.blocks.11.pwff.fc1.weight', 'transformer.blocks.11.pwff.fc1.bias', 'transformer.blocks.11.pwff.fc2.weight', 'transformer.blocks.11.pwff.fc2.bias', 'transformer.blocks.11.norm2.weight', 'transformer.blocks.11.norm2.bias', 'transformer.blocks.12.attn.proj_q.weight', 'transformer.blocks.12.attn.proj_q.bias', 'transformer.blocks.12.attn.proj_k.weight', 'transformer.blocks.12.attn.proj_k.bias', 'transformer.blocks.12.attn.proj_v.weight', 'transformer.blocks.12.attn.proj_v.bias', 'transformer.blocks.12.proj.weight', 'transformer.blocks.12.proj.bias', 'transformer.blocks.12.norm1.weight', 'transformer.blocks.12.norm1.bias', 'transformer.blocks.12.pwff.fc1.weight', 'transformer.blocks.12.pwff.fc1.bias', 'transformer.blocks.12.pwff.fc2.weight', 'transformer.blocks.12.pwff.fc2.bias', 'transformer.blocks.12.norm2.weight', 'transformer.blocks.12.norm2.bias', 'transformer.blocks.13.attn.proj_q.weight', 'transformer.blocks.13.attn.proj_q.bias', 'transformer.blocks.13.attn.proj_k.weight', 'transformer.blocks.13.attn.proj_k.bias', 'transformer.blocks.13.attn.proj_v.weight', 'transformer.blocks.13.attn.proj_v.bias', 'transformer.blocks.13.proj.weight', 'transformer.blocks.13.proj.bias', 'transformer.blocks.13.norm1.weight', 'transformer.blocks.13.norm1.bias', 'transformer.blocks.13.pwff.fc1.weight', 'transformer.blocks.13.pwff.fc1.bias', 'transformer.blocks.13.pwff.fc2.weight', 'transformer.blocks.13.pwff.fc2.bias', 'transformer.blocks.13.norm2.weight', 'transformer.blocks.13.norm2.bias', 'transformer.blocks.14.attn.proj_q.weight', 'transformer.blocks.14.attn.proj_q.bias', 'transformer.blocks.14.attn.proj_k.weight', 'transformer.blocks.14.attn.proj_k.bias', 'transformer.blocks.14.attn.proj_v.weight', 'transformer.blocks.14.attn.proj_v.bias', 'transformer.blocks.14.proj.weight', 'transformer.blocks.14.proj.bias', 'transformer.blocks.14.norm1.weight', 'transformer.blocks.14.norm1.bias', 'transformer.blocks.14.pwff.fc1.weight', 'transformer.blocks.14.pwff.fc1.bias', 'transformer.blocks.14.pwff.fc2.weight', 'transformer.blocks.14.pwff.fc2.bias', 'transformer.blocks.14.norm2.weight', 'transformer.blocks.14.norm2.bias', 'transformer.blocks.15.attn.proj_q.weight', 'transformer.blocks.15.attn.proj_q.bias', 'transformer.blocks.15.attn.proj_k.weight', 'transformer.blocks.15.attn.proj_k.bias', 'transformer.blocks.15.attn.proj_v.weight', 'transformer.blocks.15.attn.proj_v.bias', 'transformer.blocks.15.proj.weight', 'transformer.blocks.15.proj.bias', 'transformer.blocks.15.norm1.weight', 'transformer.blocks.15.norm1.bias', 'transformer.blocks.15.pwff.fc1.weight', 'transformer.blocks.15.pwff.fc1.bias', 'transformer.blocks.15.pwff.fc2.weight', 'transformer.blocks.15.pwff.fc2.bias', 'transformer.blocks.15.norm2.weight', 'transformer.blocks.15.norm2.bias', 'transformer.blocks.16.attn.proj_q.weight', 'transformer.blocks.16.attn.proj_q.bias', 'transformer.blocks.16.attn.proj_k.weight', 'transformer.blocks.16.attn.proj_k.bias', 'transformer.blocks.16.attn.proj_v.weight', 'transformer.blocks.16.attn.proj_v.bias', 'transformer.blocks.16.proj.weight', 'transformer.blocks.16.proj.bias', 'transformer.blocks.16.norm1.weight', 'transformer.blocks.16.norm1.bias', 'transformer.blocks.16.pwff.fc1.weight', 'transformer.blocks.16.pwff.fc1.bias', 'transformer.blocks.16.pwff.fc2.weight', 'transformer.blocks.16.pwff.fc2.bias', 'transformer.blocks.16.norm2.weight', 'transformer.blocks.16.norm2.bias', 'transformer.blocks.17.attn.proj_q.weight', 'transformer.blocks.17.attn.proj_q.bias', 'transformer.blocks.17.attn.proj_k.weight', 'transformer.blocks.17.attn.proj_k.bias', 'transformer.blocks.17.attn.proj_v.weight', 'transformer.blocks.17.attn.proj_v.bias', 'transformer.blocks.17.proj.weight', 'transformer.blocks.17.proj.bias', 'transformer.blocks.17.norm1.weight', 'transformer.blocks.17.norm1.bias', 'transformer.blocks.17.pwff.fc1.weight', 'transformer.blocks.17.pwff.fc1.bias', 'transformer.blocks.17.pwff.fc2.weight', 'transformer.blocks.17.pwff.fc2.bias', 'transformer.blocks.17.norm2.weight', 'transformer.blocks.17.norm2.bias', 'transformer.blocks.18.attn.proj_q.weight', 'transformer.blocks.18.attn.proj_q.bias', 'transformer.blocks.18.attn.proj_k.weight', 'transformer.blocks.18.attn.proj_k.bias', 'transformer.blocks.18.attn.proj_v.weight', 'transformer.blocks.18.attn.proj_v.bias', 'transformer.blocks.18.proj.weight', 'transformer.blocks.18.proj.bias', 'transformer.blocks.18.norm1.weight', 'transformer.blocks.18.norm1.bias', 'transformer.blocks.18.pwff.fc1.weight', 'transformer.blocks.18.pwff.fc1.bias', 'transformer.blocks.18.pwff.fc2.weight', 'transformer.blocks.18.pwff.fc2.bias', 'transformer.blocks.18.norm2.weight', 'transformer.blocks.18.norm2.bias', 'transformer.blocks.19.attn.proj_q.weight', 'transformer.blocks.19.attn.proj_q.bias', 'transformer.blocks.19.attn.proj_k.weight', 'transformer.blocks.19.attn.proj_k.bias', 'transformer.blocks.19.attn.proj_v.weight', 'transformer.blocks.19.attn.proj_v.bias', 'transformer.blocks.19.proj.weight', 'transformer.blocks.19.proj.bias', 'transformer.blocks.19.norm1.weight', 'transformer.blocks.19.norm1.bias', 'transformer.blocks.19.pwff.fc1.weight', 'transformer.blocks.19.pwff.fc1.bias', 'transformer.blocks.19.pwff.fc2.weight', 'transformer.blocks.19.pwff.fc2.bias', 'transformer.blocks.19.norm2.weight', 'transformer.blocks.19.norm2.bias', 'transformer.blocks.20.attn.proj_q.weight', 'transformer.blocks.20.attn.proj_q.bias', 'transformer.blocks.20.attn.proj_k.weight', 'transformer.blocks.20.attn.proj_k.bias', 'transformer.blocks.20.attn.proj_v.weight', 'transformer.blocks.20.attn.proj_v.bias', 'transformer.blocks.20.proj.weight', 'transformer.blocks.20.proj.bias', 'transformer.blocks.20.norm1.weight', 'transformer.blocks.20.norm1.bias', 'transformer.blocks.20.pwff.fc1.weight', 'transformer.blocks.20.pwff.fc1.bias', 'transformer.blocks.20.pwff.fc2.weight', 'transformer.blocks.20.pwff.fc2.bias', 'transformer.blocks.20.norm2.weight', 'transformer.blocks.20.norm2.bias', 'transformer.blocks.21.attn.proj_q.weight', 'transformer.blocks.21.attn.proj_q.bias', 'transformer.blocks.21.attn.proj_k.weight', 'transformer.blocks.21.attn.proj_k.bias', 'transformer.blocks.21.attn.proj_v.weight', 'transformer.blocks.21.attn.proj_v.bias', 'transformer.blocks.21.proj.weight', 'transformer.blocks.21.proj.bias', 'transformer.blocks.21.norm1.weight', 'transformer.blocks.21.norm1.bias', 'transformer.blocks.21.pwff.fc1.weight', 'transformer.blocks.21.pwff.fc1.bias', 'transformer.blocks.21.pwff.fc2.weight', 'transformer.blocks.21.pwff.fc2.bias', 'transformer.blocks.21.norm2.weight', 'transformer.blocks.21.norm2.bias', 'transformer.blocks.22.attn.proj_q.weight', 'transformer.blocks.22.attn.proj_q.bias', 'transformer.blocks.22.attn.proj_k.weight', 'transformer.blocks.22.attn.proj_k.bias', 'transformer.blocks.22.attn.proj_v.weight', 'transformer.blocks.22.attn.proj_v.bias', 'transformer.blocks.22.proj.weight', 'transformer.blocks.22.proj.bias', 'transformer.blocks.22.norm1.weight', 'transformer.blocks.22.norm1.bias', 'transformer.blocks.22.pwff.fc1.weight', 'transformer.blocks.22.pwff.fc1.bias', 'transformer.blocks.22.pwff.fc2.weight', 'transformer.blocks.22.pwff.fc2.bias', 'transformer.blocks.22.norm2.weight', 'transformer.blocks.22.norm2.bias', 'transformer.blocks.23.attn.proj_q.weight', 'transformer.blocks.23.attn.proj_q.bias', 'transformer.blocks.23.attn.proj_k.weight', 'transformer.blocks.23.attn.proj_k.bias', 'transformer.blocks.23.attn.proj_v.weight', 'transformer.blocks.23.attn.proj_v.bias', 'transformer.blocks.23.proj.weight', 'transformer.blocks.23.proj.bias', 'transformer.blocks.23.norm1.weight', 'transformer.blocks.23.norm1.bias', 'transformer.blocks.23.pwff.fc1.weight', 'transformer.blocks.23.pwff.fc1.bias', 'transformer.blocks.23.pwff.fc2.weight', 'transformer.blocks.23.pwff.fc2.bias', 'transformer.blocks.23.norm2.weight', 'transformer.blocks.23.norm2.bias', 'norm.weight', 'norm.bias'])
Thief model initialized successfully
specificity = 80/80
sensitivity = 0/42
Initial model on target dataset: acc = 0.2541, agreement = 0.2377, f1 = 0.1351, spec = 1.0000, sens = 0.0000
specificity = 197/197
sensitivity = 0/303
Initial model on validation dataset: acc = 0.1480, agreement = 0.1480, f1 = 0.0859, spec = 1.0000, sens = 0.0000
la:  None
>> Train a Model.

  0%|          | 0/40 [00:00<?, ?it/s]
  2%|▎         | 1/40 [00:49<32:05, 49.36s/it]
  5%|▌         | 2/40 [01:43<32:52, 51.91s/it]
  8%|▊         | 3/40 [02:32<31:18, 50.78s/it]
 10%|█         | 4/40 [03:27<31:22, 52.30s/it]
 12%|█▎        | 5/40 [04:37<34:24, 59.00s/it]Epoch 5: Train acc/f1 = 0.8427 / 0.7680 / 0.7600 / 0.9656 
                Val acc/f1/spec/sens = 0.8060 / 0.7470 / 0.8680 / 0.8878
                Test acc/f1/spec/sens = 0.4590 / 0.4309 / 0.2750 / 0.9048

 15%|█▌        | 6/40 [05:32<32:33, 57.44s/it]
 18%|█▊        | 7/40 [06:22<30:11, 54.89s/it]
 20%|██        | 8/40 [07:16<29:14, 54.82s/it]
 22%|██▎       | 9/40 [08:06<27:29, 53.21s/it]
 25%|██▌       | 10/40 [09:21<30:00, 60.01s/it]Epoch 10: Train acc/f1 = 0.9109 / 0.8785 / 0.9149 / 0.9507 
                Val acc/f1/spec/sens = 0.8480 / 0.8124 / 0.8629 / 0.9076
                Test acc/f1/spec/sens = 0.5000 / 0.4964 / 0.4000 / 0.8333

 28%|██▊       | 11/40 [10:11<27:28, 56.83s/it]
 30%|███       | 12/40 [11:06<26:13, 56.21s/it]
 32%|███▎      | 13/40 [11:55<24:25, 54.28s/it]
 35%|███▌      | 14/40 [12:51<23:41, 54.67s/it]
 38%|███▊      | 15/40 [14:02<24:48, 59.54s/it]Epoch 15: Train acc/f1 = 0.9407 / 0.9181 / 0.9087 / 0.9854 
                Val acc/f1/spec/sens = 0.8800 / 0.8452 / 0.8832 / 0.9406
                Test acc/f1/spec/sens = 0.5246 / 0.5094 / 0.3750 / 0.9286

 40%|████      | 16/40 [14:54<22:54, 57.29s/it]
 42%|████▎     | 17/40 [15:43<21:03, 54.94s/it]
 45%|████▌     | 18/40 [16:35<19:48, 54.03s/it]
 48%|████▊     | 19/40 [17:25<18:26, 52.70s/it]
 50%|█████     | 20/40 [18:40<19:50, 59.53s/it]Epoch 20: Train acc/f1 = 0.9542 / 0.9346 / 0.9759 / 0.9677 
                Val acc/f1/spec/sens = 0.8980 / 0.8751 / 0.9239 / 0.9241
                Test acc/f1/spec/sens = 0.5902 / 0.5968 / 0.6250 / 0.7857

 52%|█████▎    | 21/40 [19:30<17:55, 56.61s/it]
 55%|█████▌    | 22/40 [20:23<16:36, 55.37s/it]
 57%|█████▊    | 23/40 [21:12<15:12, 53.69s/it]
 60%|██████    | 24/40 [22:05<14:12, 53.29s/it]
 62%|██████▎   | 25/40 [23:16<14:38, 58.57s/it]Epoch 25: Train acc/f1 = 0.9700 / 0.9594 / 0.9550 / 0.9920 
                Val acc/f1/spec/sens = 0.8900 / 0.8635 / 0.9340 / 0.9142
                Test acc/f1/spec/sens = 0.5656 / 0.5648 / 0.4875 / 0.8810

 65%|██████▌   | 26/40 [24:11<13:27, 57.66s/it]
 68%|██████▊   | 27/40 [25:01<11:59, 55.32s/it]
 70%|███████   | 28/40 [25:54<10:54, 54.57s/it]
 72%|███████▎  | 29/40 [26:43<09:43, 53.07s/it]
 75%|███████▌  | 30/40 [27:59<09:59, 59.96s/it]Epoch 30: Train acc/f1 = 0.9809 / 0.9728 / 0.9858 / 0.9892 
                Val acc/f1/spec/sens = 0.8920 / 0.8649 / 0.9086 / 0.9274
                Test acc/f1/spec/sens = 0.5820 / 0.5908 / 0.5875 / 0.7857

 78%|███████▊  | 31/40 [28:49<08:32, 56.91s/it]
 80%|████████  | 32/40 [29:42<07:24, 55.55s/it]
 82%|████████▎ | 33/40 [30:31<06:16, 53.81s/it]
 85%|████████▌ | 34/40 [31:24<05:19, 53.33s/it]
 88%|████████▊ | 35/40 [32:34<04:51, 58.37s/it]Epoch 35: Train acc/f1 = 0.9731 / 0.9639 / 0.9975 / 0.9722 
                Val acc/f1/spec/sens = 0.8840 / 0.8587 / 0.8782 / 0.9274
                Test acc/f1/spec/sens = 0.6475 / 0.6552 / 0.6875 / 0.7619

 90%|█████████ | 36/40 [33:26<03:46, 56.53s/it]
 92%|█████████▎| 37/40 [34:16<02:44, 54.68s/it]
 95%|█████████▌| 38/40 [35:09<01:47, 53.98s/it]
 98%|█████████▊| 39/40 [35:58<00:52, 52.59s/it]
100%|██████████| 40/40 [37:10<00:00, 58.55s/it]
                                               Epoch 40: Train acc/f1 = 0.9882 / 0.9828 / 0.9864 / 0.9958 
                Val acc/f1/spec/sens = 0.8900 / 0.8624 / 0.8680 / 0.9439
                Test acc/f1/spec/sens = 0.5820 / 0.5963 / 0.5250 / 0.8095

specificity = 1599/1621
sensitivity = 2867/2879
specificity = 171/197
sensitivity = 286/303
specificity = 42/80
sensitivity = 34/42
Trial 1, Cycle 1
Train acc/f1/spec/sens = 0.9882 / 0.9828 / 0.9864 / 0.9958
Val acc/f1/spec/sens = 0.8900 / 0.8624 / 0.8680 / 0.9439
Test acc/f1/spec/sens = 0.5820 / 0.5963 / 0.5250 / 0.8095
>> Finished.
specificity = 42/80
sensitivity = 34/42
Acc, agreement for latest model:  0.5819672131147541 0.639344262295082
Load best checkpoint for thief model
specificity = 47/80
sensitivity = 33/42
Acc, agreement for best model:  0.5901639344262295 0.6475409836065574
Trial 0/1 || Cycle 1/1 || Label set size 4500 || Test acc 0.5902 || Test agreement 0.6475 || Spec 0.5875 || Sens 0.7857
**************************************************************************************************** 

specificity = 47/80
sensitivity = 33/42
Number of samples  4500
0.6475409836065574 0.0
        acc       agr    spec      sens                  label dist
0  0.590164  0.647541  0.5875  0.785714  {0: 581, 1: 1040, 2: 2879}
Results saved to  /home/deepankar/scratch/MSA_Medical/results_deepankar/gbusg_radformer/GBUSV_vit_l_32_21k/SGD/5000_val500/random_v1_train_milestone_0.0005
