[2024-03-01 09:24:26,443 INFO] Use GPU: None for training
[2024-03-01 09:24:26,444 INFO] 

[2024-03-01 09:24:27,358 INFO] Total params: 109.04M
[2024-03-01 09:24:33,832 INFO] acc: 0.90
[2024-03-01 09:24:33,845 INFO] Victim model accuracy = 0.9016, spec = 0.90, sens = 0.93
[2024-03-01 09:24:33,845 INFO] Loading thief dataset ...
[2024-03-01 09:24:33,846 INFO] 
Initializing thief model ...


Loaded supervised labeled set of length  900
Labeled set expanded to length  900 , unique indices  900
dataset root /home/deepankar/mnt/vision3_data_ckpts_msa_medical/GBUSV-Shared
Num of videos 64 frames 15800
15800
15800
Num of videos 64 frames 15800
  0%|          | 0/8 [00:00<?, ?it/s] 12%|█▎        | 1/8 [00:06<00:42,  6.10s/it] 25%|██▌       | 2/8 [00:07<00:19,  3.31s/it] 38%|███▊      | 3/8 [00:08<00:12,  2.41s/it] 50%|█████     | 4/8 [00:10<00:07,  1.98s/it] 62%|██████▎   | 5/8 [00:11<00:05,  1.75s/it] 75%|███████▌  | 6/8 [00:12<00:03,  1.60s/it] 88%|████████▊ | 7/8 [00:14<00:01,  1.52s/it]100%|██████████| 8/8 [00:15<00:00,  1.51s/it]100%|██████████| 8/8 [00:15<00:00,  1.97s/it]
Num of videos 64 frames 15800
  0%|          | 0/1 [00:00<?, ?it/s]100%|██████████| 1/1 [00:04<00:00,  4.35s/it]100%|██████████| 1/1 [00:04<00:00,  4.45s/it]
[2024-03-01 09:24:54,092 INFO] unlabeled data number: 15800, labeled data number 900
[2024-03-01 09:24:54,092 INFO] Create train and test data loaders
[2024-03-01 09:24:54,092 INFO] [!] data loader keys: dict_keys(['train_lb', 'train_ulb', 'eval', 'test'])
[2024-03-01 09:24:54,737 INFO] Create optimizer and scheduler
[2024-03-01 09:24:54,741 INFO] Number of Trainable Params: 23514179
Num of videos 64 frames 15800
Load pretrained model for initializing the thief from  /home/deepankar/mnt/vision3_data_ckpts_msa_medical/ckpts/resnet50-imagenet1k.pth
key not found fc.weight
key not found fc.bias
Common keys pretrained model:  318
Load anchor model /home/deepankar/scratch/MSA_Medical/results_1k/gbusg_radformer/GBUSV_radformer/SGD/1000_val100/random_v1/trial_1_cycle_1_best.pth
thief state:  ['conv1.weight', 'bn1.weight', 'bn1.bias', 'bn1.running_mean', 'bn1.running_var']
pretrained state:  ['global_branch.net.conv1.weight', 'global_branch.net.bn1.weight', 'global_branch.net.bn1.bias', 'global_branch.net.bn1.running_mean', 'global_branch.net.bn1.running_var']
key not found global_branch.net.conv1.weight
key not found global_branch.net.bn1.weight
key not found global_branch.net.bn1.bias
key not found global_branch.net.bn1.running_mean
key not found global_branch.net.bn1.running_var
key not found global_branch.net.bn1.num_batches_tracked
key not found global_branch.net.layer1.0.conv1.weight
key not found global_branch.net.layer1.0.bn1.weight
key not found global_branch.net.layer1.0.bn1.bias
key not found global_branch.net.layer1.0.bn1.running_mean
key not found global_branch.net.layer1.0.bn1.running_var
key not found global_branch.net.layer1.0.bn1.num_batches_tracked
key not found global_branch.net.layer1.0.conv2.weight
key not found global_branch.net.layer1.0.bn2.weight
key not found global_branch.net.layer1.0.bn2.bias
key not found global_branch.net.layer1.0.bn2.running_mean
key not found global_branch.net.layer1.0.bn2.running_var
key not found global_branch.net.layer1.0.bn2.num_batches_tracked
key not found global_branch.net.layer1.0.conv3.weight
key not found global_branch.net.layer1.0.bn3.weight
key not found global_branch.net.layer1.0.bn3.bias
key not found global_branch.net.layer1.0.bn3.running_mean
key not found global_branch.net.layer1.0.bn3.running_var
key not found global_branch.net.layer1.0.bn3.num_batches_tracked
key not found global_branch.net.layer1.0.downsample.0.weight
key not found global_branch.net.layer1.0.downsample.1.weight
key not found global_branch.net.layer1.0.downsample.1.bias
key not found global_branch.net.layer1.0.downsample.1.running_mean
key not found global_branch.net.layer1.0.downsample.1.running_var
key not found global_branch.net.layer1.0.downsample.1.num_batches_tracked
key not found global_branch.net.layer1.1.conv1.weight
key not found global_branch.net.layer1.1.bn1.weight
key not found global_branch.net.layer1.1.bn1.bias
key not found global_branch.net.layer1.1.bn1.running_mean
key not found global_branch.net.layer1.1.bn1.running_var
key not found global_branch.net.layer1.1.bn1.num_batches_tracked
key not found global_branch.net.layer1.1.conv2.weight
key not found global_branch.net.layer1.1.bn2.weight
key not found global_branch.net.layer1.1.bn2.bias
key not found global_branch.net.layer1.1.bn2.running_mean
key not found global_branch.net.layer1.1.bn2.running_var
key not found global_branch.net.layer1.1.bn2.num_batches_tracked
key not found global_branch.net.layer1.1.conv3.weight
key not found global_branch.net.layer1.1.bn3.weight
key not found global_branch.net.layer1.1.bn3.bias
key not found global_branch.net.layer1.1.bn3.running_mean
key not found global_branch.net.layer1.1.bn3.running_var
key not found global_branch.net.layer1.1.bn3.num_batches_tracked
key not found global_branch.net.layer1.2.conv1.weight
key not found global_branch.net.layer1.2.bn1.weight
key not found global_branch.net.layer1.2.bn1.bias
key not found global_branch.net.layer1.2.bn1.running_mean
key not found global_branch.net.layer1.2.bn1.running_var
key not found global_branch.net.layer1.2.bn1.num_batches_tracked
key not found global_branch.net.layer1.2.conv2.weight
key not found global_branch.net.layer1.2.bn2.weight
key not found global_branch.net.layer1.2.bn2.bias
key not found global_branch.net.layer1.2.bn2.running_mean
key not found global_branch.net.layer1.2.bn2.running_var
key not found global_branch.net.layer1.2.bn2.num_batches_tracked
key not found global_branch.net.layer1.2.conv3.weight
key not found global_branch.net.layer1.2.bn3.weight
key not found global_branch.net.layer1.2.bn3.bias
key not found global_branch.net.layer1.2.bn3.running_mean
key not found global_branch.net.layer1.2.bn3.running_var
key not found global_branch.net.layer1.2.bn3.num_batches_tracked
key not found global_branch.net.layer2.0.conv1.weight
key not found global_branch.net.layer2.0.bn1.weight
key not found global_branch.net.layer2.0.bn1.bias
key not found global_branch.net.layer2.0.bn1.running_mean
key not found global_branch.net.layer2.0.bn1.running_var
key not found global_branch.net.layer2.0.bn1.num_batches_tracked
key not found global_branch.net.layer2.0.conv2.weight
key not found global_branch.net.layer2.0.bn2.weight
key not found global_branch.net.layer2.0.bn2.bias
key not found global_branch.net.layer2.0.bn2.running_mean
key not found global_branch.net.layer2.0.bn2.running_var
key not found global_branch.net.layer2.0.bn2.num_batches_tracked
key not found global_branch.net.layer2.0.conv3.weight
key not found global_branch.net.layer2.0.bn3.weight
key not found global_branch.net.layer2.0.bn3.bias
key not found global_branch.net.layer2.0.bn3.running_mean
key not found global_branch.net.layer2.0.bn3.running_var
key not found global_branch.net.layer2.0.bn3.num_batches_tracked
key not found global_branch.net.layer2.0.downsample.0.weight
key not found global_branch.net.layer2.0.downsample.1.weight
key not found global_branch.net.layer2.0.downsample.1.bias
key not found global_branch.net.layer2.0.downsample.1.running_mean
key not found global_branch.net.layer2.0.downsample.1.running_var
key not found global_branch.net.layer2.0.downsample.1.num_batches_tracked
key not found global_branch.net.layer2.1.conv1.weight
key not found global_branch.net.layer2.1.bn1.weight
key not found global_branch.net.layer2.1.bn1.bias
key not found global_branch.net.layer2.1.bn1.running_mean
key not found global_branch.net.layer2.1.bn1.running_var
key not found global_branch.net.layer2.1.bn1.num_batches_tracked
key not found global_branch.net.layer2.1.conv2.weight
key not found global_branch.net.layer2.1.bn2.weight
key not found global_branch.net.layer2.1.bn2.bias
key not found global_branch.net.layer2.1.bn2.running_mean
key not found global_branch.net.layer2.1.bn2.running_var
key not found global_branch.net.layer2.1.bn2.num_batches_tracked
key not found global_branch.net.layer2.1.conv3.weight
key not found global_branch.net.layer2.1.bn3.weight
key not found global_branch.net.layer2.1.bn3.bias
key not found global_branch.net.layer2.1.bn3.running_mean
key not found global_branch.net.layer2.1.bn3.running_var
key not found global_branch.net.layer2.1.bn3.num_batches_tracked
key not found global_branch.net.layer2.2.conv1.weight
key not found global_branch.net.layer2.2.bn1.weight
key not found global_branch.net.layer2.2.bn1.bias
key not found global_branch.net.layer2.2.bn1.running_mean
key not found global_branch.net.layer2.2.bn1.running_var
key not found global_branch.net.layer2.2.bn1.num_batches_tracked
key not found global_branch.net.layer2.2.conv2.weight
key not found global_branch.net.layer2.2.bn2.weight
key not found global_branch.net.layer2.2.bn2.bias
key not found global_branch.net.layer2.2.bn2.running_mean
key not found global_branch.net.layer2.2.bn2.running_var
key not found global_branch.net.layer2.2.bn2.num_batches_tracked
key not found global_branch.net.layer2.2.conv3.weight
key not found global_branch.net.layer2.2.bn3.weight
key not found global_branch.net.layer2.2.bn3.bias
key not found global_branch.net.layer2.2.bn3.running_mean
key not found global_branch.net.layer2.2.bn3.running_var
key not found global_branch.net.layer2.2.bn3.num_batches_tracked
key not found global_branch.net.layer2.3.conv1.weight
key not found global_branch.net.layer2.3.bn1.weight
key not found global_branch.net.layer2.3.bn1.bias
key not found global_branch.net.layer2.3.bn1.running_mean
key not found global_branch.net.layer2.3.bn1.running_var
key not found global_branch.net.layer2.3.bn1.num_batches_tracked
key not found global_branch.net.layer2.3.conv2.weight
key not found global_branch.net.layer2.3.bn2.weight
key not found global_branch.net.layer2.3.bn2.bias
key not found global_branch.net.layer2.3.bn2.running_mean
key not found global_branch.net.layer2.3.bn2.running_var
key not found global_branch.net.layer2.3.bn2.num_batches_tracked
key not found global_branch.net.layer2.3.conv3.weight
key not found global_branch.net.layer2.3.bn3.weight
key not found global_branch.net.layer2.3.bn3.bias
key not found global_branch.net.layer2.3.bn3.running_mean
key not found global_branch.net.layer2.3.bn3.running_var
key not found global_branch.net.layer2.3.bn3.num_batches_tracked
key not found global_branch.net.layer3.0.conv1.weight
key not found global_branch.net.layer3.0.bn1.weight
key not found global_branch.net.layer3.0.bn1.bias
key not found global_branch.net.layer3.0.bn1.running_mean
key not found global_branch.net.layer3.0.bn1.running_var
key not found global_branch.net.layer3.0.bn1.num_batches_tracked
key not found global_branch.net.layer3.0.conv2.weight
key not found global_branch.net.layer3.0.bn2.weight
key not found global_branch.net.layer3.0.bn2.bias
key not found global_branch.net.layer3.0.bn2.running_mean
key not found global_branch.net.layer3.0.bn2.running_var
key not found global_branch.net.layer3.0.bn2.num_batches_tracked
key not found global_branch.net.layer3.0.conv3.weight
key not found global_branch.net.layer3.0.bn3.weight
key not found global_branch.net.layer3.0.bn3.bias
key not found global_branch.net.layer3.0.bn3.running_mean
key not found global_branch.net.layer3.0.bn3.running_var
key not found global_branch.net.layer3.0.bn3.num_batches_tracked
key not found global_branch.net.layer3.0.downsample.0.weight
key not found global_branch.net.layer3.0.downsample.1.weight
key not found global_branch.net.layer3.0.downsample.1.bias
key not found global_branch.net.layer3.0.downsample.1.running_mean
key not found global_branch.net.layer3.0.downsample.1.running_var
key not found global_branch.net.layer3.0.downsample.1.num_batches_tracked
key not found global_branch.net.layer3.1.conv1.weight
key not found global_branch.net.layer3.1.bn1.weight
key not found global_branch.net.layer3.1.bn1.bias
key not found global_branch.net.layer3.1.bn1.running_mean
key not found global_branch.net.layer3.1.bn1.running_var
key not found global_branch.net.layer3.1.bn1.num_batches_tracked
key not found global_branch.net.layer3.1.conv2.weight
key not found global_branch.net.layer3.1.bn2.weight
key not found global_branch.net.layer3.1.bn2.bias
key not found global_branch.net.layer3.1.bn2.running_mean
key not found global_branch.net.layer3.1.bn2.running_var
key not found global_branch.net.layer3.1.bn2.num_batches_tracked
key not found global_branch.net.layer3.1.conv3.weight
key not found global_branch.net.layer3.1.bn3.weight
key not found global_branch.net.layer3.1.bn3.bias
key not found global_branch.net.layer3.1.bn3.running_mean
key not found global_branch.net.layer3.1.bn3.running_var
key not found global_branch.net.layer3.1.bn3.num_batches_tracked
key not found global_branch.net.layer3.2.conv1.weight
key not found global_branch.net.layer3.2.bn1.weight
key not found global_branch.net.layer3.2.bn1.bias
key not found global_branch.net.layer3.2.bn1.running_mean
key not found global_branch.net.layer3.2.bn1.running_var
key not found global_branch.net.layer3.2.bn1.num_batches_tracked
key not found global_branch.net.layer3.2.conv2.weight
key not found global_branch.net.layer3.2.bn2.weight
key not found global_branch.net.layer3.2.bn2.bias
key not found global_branch.net.layer3.2.bn2.running_mean
key not found global_branch.net.layer3.2.bn2.running_var
key not found global_branch.net.layer3.2.bn2.num_batches_tracked
key not found global_branch.net.layer3.2.conv3.weight
key not found global_branch.net.layer3.2.bn3.weight
key not found global_branch.net.layer3.2.bn3.bias
key not found global_branch.net.layer3.2.bn3.running_mean
key not found global_branch.net.layer3.2.bn3.running_var
key not found global_branch.net.layer3.2.bn3.num_batches_tracked
key not found global_branch.net.layer3.3.conv1.weight
key not found global_branch.net.layer3.3.bn1.weight
key not found global_branch.net.layer3.3.bn1.bias
key not found global_branch.net.layer3.3.bn1.running_mean
key not found global_branch.net.layer3.3.bn1.running_var
key not found global_branch.net.layer3.3.bn1.num_batches_tracked
key not found global_branch.net.layer3.3.conv2.weight
key not found global_branch.net.layer3.3.bn2.weight
key not found global_branch.net.layer3.3.bn2.bias
key not found global_branch.net.layer3.3.bn2.running_mean
key not found global_branch.net.layer3.3.bn2.running_var
key not found global_branch.net.layer3.3.bn2.num_batches_tracked
key not found global_branch.net.layer3.3.conv3.weight
key not found global_branch.net.layer3.3.bn3.weight
key not found global_branch.net.layer3.3.bn3.bias
key not found global_branch.net.layer3.3.bn3.running_mean
key not found global_branch.net.layer3.3.bn3.running_var
key not found global_branch.net.layer3.3.bn3.num_batches_tracked
key not found global_branch.net.layer3.4.conv1.weight
key not found global_branch.net.layer3.4.bn1.weight
key not found global_branch.net.layer3.4.bn1.bias
key not found global_branch.net.layer3.4.bn1.running_mean
key not found global_branch.net.layer3.4.bn1.running_var
key not found global_branch.net.layer3.4.bn1.num_batches_tracked
key not found global_branch.net.layer3.4.conv2.weight
key not found global_branch.net.layer3.4.bn2.weight
key not found global_branch.net.layer3.4.bn2.bias
key not found global_branch.net.layer3.4.bn2.running_mean
key not found global_branch.net.layer3.4.bn2.running_var
key not found global_branch.net.layer3.4.bn2.num_batches_tracked
key not found global_branch.net.layer3.4.conv3.weight
key not found global_branch.net.layer3.4.bn3.weight
key not found global_branch.net.layer3.4.bn3.bias
key not found global_branch.net.layer3.4.bn3.running_mean
key not found global_branch.net.layer3.4.bn3.running_var
key not found global_branch.net.layer3.4.bn3.num_batches_tracked
key not found global_branch.net.layer3.5.conv1.weight
key not found global_branch.net.layer3.5.bn1.weight
key not found global_branch.net.layer3.5.bn1.bias
key not found global_branch.net.layer3.5.bn1.running_mean
key not found global_branch.net.layer3.5.bn1.running_var
key not found global_branch.net.layer3.5.bn1.num_batches_tracked
key not found global_branch.net.layer3.5.conv2.weight
key not found global_branch.net.layer3.5.bn2.weight
key not found global_branch.net.layer3.5.bn2.bias
key not found global_branch.net.layer3.5.bn2.running_mean
key not found global_branch.net.layer3.5.bn2.running_var
key not found global_branch.net.layer3.5.bn2.num_batches_tracked
key not found global_branch.net.layer3.5.conv3.weight
key not found global_branch.net.layer3.5.bn3.weight
key not found global_branch.net.layer3.5.bn3.bias
key not found global_branch.net.layer3.5.bn3.running_mean
key not found global_branch.net.layer3.5.bn3.running_var
key not found global_branch.net.layer3.5.bn3.num_batches_tracked
key not found global_branch.net.layer4.0.conv1.weight
key not found global_branch.net.layer4.0.bn1.weight
key not found global_branch.net.layer4.0.bn1.bias
key not found global_branch.net.layer4.0.bn1.running_mean
key not found global_branch.net.layer4.0.bn1.running_var
key not found global_branch.net.layer4.0.bn1.num_batches_tracked
key not found global_branch.net.layer4.0.conv2.weight
key not found global_branch.net.layer4.0.bn2.weight
key not found global_branch.net.layer4.0.bn2.bias
key not found global_branch.net.layer4.0.bn2.running_mean
key not found global_branch.net.layer4.0.bn2.running_var
key not found global_branch.net.layer4.0.bn2.num_batches_tracked
key not found global_branch.net.layer4.0.conv3.weight
key not found global_branch.net.layer4.0.bn3.weight
key not found global_branch.net.layer4.0.bn3.bias
key not found global_branch.net.layer4.0.bn3.running_mean
key not found global_branch.net.layer4.0.bn3.running_var
key not found global_branch.net.layer4.0.bn3.num_batches_tracked
key not found global_branch.net.layer4.0.downsample.0.weight
key not found global_branch.net.layer4.0.downsample.1.weight
key not found global_branch.net.layer4.0.downsample.1.bias
key not found global_branch.net.layer4.0.downsample.1.running_mean
key not found global_branch.net.layer4.0.downsample.1.running_var
key not found global_branch.net.layer4.0.downsample.1.num_batches_tracked
key not found global_branch.net.layer4.1.conv1.weight
key not found global_branch.net.layer4.1.bn1.weight
key not found global_branch.net.layer4.1.bn1.bias
key not found global_branch.net.layer4.1.bn1.running_mean
key not found global_branch.net.layer4.1.bn1.running_var
key not found global_branch.net.layer4.1.bn1.num_batches_tracked
key not found global_branch.net.layer4.1.conv2.weight
key not found global_branch.net.layer4.1.bn2.weight
key not found global_branch.net.layer4.1.bn2.bias
key not found global_branch.net.layer4.1.bn2.running_mean
key not found global_branch.net.layer4.1.bn2.running_var
key not found global_branch.net.layer4.1.bn2.num_batches_tracked
key not found global_branch.net.layer4.1.conv3.weight
key not found global_branch.net.layer4.1.bn3.weight
key not found global_branch.net.layer4.1.bn3.bias
key not found global_branch.net.layer4.1.bn3.running_mean
key not found global_branch.net.layer4.1.bn3.running_var
key not found global_branch.net.layer4.1.bn3.num_batches_tracked
key not found global_branch.net.layer4.2.conv1.weight
key not found global_branch.net.layer4.2.bn1.weight
key not found global_branch.net.layer4.2.bn1.bias
key not found global_branch.net.layer4.2.bn1.running_mean
key not found global_branch.net.layer4.2.bn1.running_var
key not found global_branch.net.layer4.2.bn1.num_batches_tracked
key not found global_branch.net.layer4.2.conv2.weight
key not found global_branch.net.layer4.2.bn2.weight
key not found global_branch.net.layer4.2.bn2.bias
key not found global_branch.net.layer4.2.bn2.running_mean
key not found global_branch.net.layer4.2.bn2.running_var
key not found global_branch.net.layer4.2.bn2.num_batches_tracked
key not found global_branch.net.layer4.2.conv3.weight
key not found global_branch.net.layer4.2.bn3.weight
key not found global_branch.net.layer4.2.bn3.bias
key not found global_branch.net.layer4.2.bn3.running_mean
key not found global_branch.net.layer4.2.bn3.running_var
key not found global_branch.net.layer4.2.bn3.num_batches_tracked
key not found global_branch.net.fc.weight
key not found global_branch.net.fc.bias
key not found local_branch.conv1.weight
key not found local_branch.conv2.weight
key not found local_branch.bn1.weight
key not found local_branch.bn1.bias
key not found local_branch.bn1.running_mean
key not found local_branch.bn1.running_var
key not found local_branch.bn1.num_batches_tracked
key not found local_branch.layer1.0.conv1.weight
key not found local_branch.layer1.0.bn1.weight
key not found local_branch.layer1.0.bn1.bias
key not found local_branch.layer1.0.bn1.running_mean
key not found local_branch.layer1.0.bn1.running_var
key not found local_branch.layer1.0.bn1.num_batches_tracked
key not found local_branch.layer1.0.conv2.weight
key not found local_branch.layer1.0.bn2.weight
key not found local_branch.layer1.0.bn2.bias
key not found local_branch.layer1.0.bn2.running_mean
key not found local_branch.layer1.0.bn2.running_var
key not found local_branch.layer1.0.bn2.num_batches_tracked
key not found local_branch.layer1.0.conv3.weight
key not found local_branch.layer1.0.bn3.weight
key not found local_branch.layer1.0.bn3.bias
key not found local_branch.layer1.0.bn3.running_mean
key not found local_branch.layer1.0.bn3.running_var
key not found local_branch.layer1.0.bn3.num_batches_tracked
key not found local_branch.layer1.0.downsample.0.weight
key not found local_branch.layer1.0.downsample.1.weight
key not found local_branch.layer1.0.downsample.1.bias
key not found local_branch.layer1.0.downsample.1.running_mean
key not found local_branch.layer1.0.downsample.1.running_var
key not found local_branch.layer1.0.downsample.1.num_batches_tracked
key not found local_branch.layer1.1.conv1.weight
key not found local_branch.layer1.1.bn1.weight
key not found local_branch.layer1.1.bn1.bias
key not found local_branch.layer1.1.bn1.running_mean
key not found local_branch.layer1.1.bn1.running_var
key not found local_branch.layer1.1.bn1.num_batches_tracked
key not found local_branch.layer1.1.conv2.weight
key not found local_branch.layer1.1.bn2.weight
key not found local_branch.layer1.1.bn2.bias
key not found local_branch.layer1.1.bn2.running_mean
key not found local_branch.layer1.1.bn2.running_var
key not found local_branch.layer1.1.bn2.num_batches_tracked
key not found local_branch.layer1.1.conv3.weight
key not found local_branch.layer1.1.bn3.weight
key not found local_branch.layer1.1.bn3.bias
key not found local_branch.layer1.1.bn3.running_mean
key not found local_branch.layer1.1.bn3.running_var
key not found local_branch.layer1.1.bn3.num_batches_tracked
key not found local_branch.layer1.2.conv1.weight
key not found local_branch.layer1.2.bn1.weight
key not found local_branch.layer1.2.bn1.bias
key not found local_branch.layer1.2.bn1.running_mean
key not found local_branch.layer1.2.bn1.running_var
key not found local_branch.layer1.2.bn1.num_batches_tracked
key not found local_branch.layer1.2.conv2.weight
key not found local_branch.layer1.2.bn2.weight
key not found local_branch.layer1.2.bn2.bias
key not found local_branch.layer1.2.bn2.running_mean
key not found local_branch.layer1.2.bn2.running_var
key not found local_branch.layer1.2.bn2.num_batches_tracked
key not found local_branch.layer1.2.conv3.weight
key not found local_branch.layer1.2.bn3.weight
key not found local_branch.layer1.2.bn3.bias
key not found local_branch.layer1.2.bn3.running_mean
key not found local_branch.layer1.2.bn3.running_var
key not found local_branch.layer1.2.bn3.num_batches_tracked
key not found local_branch.layer2.0.conv1.weight
key not found local_branch.layer2.0.bn1.weight
key not found local_branch.layer2.0.bn1.bias
key not found local_branch.layer2.0.bn1.running_mean
key not found local_branch.layer2.0.bn1.running_var
key not found local_branch.layer2.0.bn1.num_batches_tracked
key not found local_branch.layer2.0.conv2.weight
key not found local_branch.layer2.0.bn2.weight
key not found local_branch.layer2.0.bn2.bias
key not found local_branch.layer2.0.bn2.running_mean
key not found local_branch.layer2.0.bn2.running_var
key not found local_branch.layer2.0.bn2.num_batches_tracked
key not found local_branch.layer2.0.conv3.weight
key not found local_branch.layer2.0.bn3.weight
key not found local_branch.layer2.0.bn3.bias
key not found local_branch.layer2.0.bn3.running_mean
key not found local_branch.layer2.0.bn3.running_var
key not found local_branch.layer2.0.bn3.num_batches_tracked
key not found local_branch.layer2.0.downsample.0.weight
key not found local_branch.layer2.0.downsample.1.weight
key not found local_branch.layer2.0.downsample.1.bias
key not found local_branch.layer2.0.downsample.1.running_mean
key not found local_branch.layer2.0.downsample.1.running_var
key not found local_branch.layer2.0.downsample.1.num_batches_tracked
key not found local_branch.layer2.1.conv1.weight
key not found local_branch.layer2.1.bn1.weight
key not found local_branch.layer2.1.bn1.bias
key not found local_branch.layer2.1.bn1.running_mean
key not found local_branch.layer2.1.bn1.running_var
key not found local_branch.layer2.1.bn1.num_batches_tracked
key not found local_branch.layer2.1.conv2.weight
key not found local_branch.layer2.1.bn2.weight
key not found local_branch.layer2.1.bn2.bias
key not found local_branch.layer2.1.bn2.running_mean
key not found local_branch.layer2.1.bn2.running_var
key not found local_branch.layer2.1.bn2.num_batches_tracked
key not found local_branch.layer2.1.conv3.weight
key not found local_branch.layer2.1.bn3.weight
key not found local_branch.layer2.1.bn3.bias
key not found local_branch.layer2.1.bn3.running_mean
key not found local_branch.layer2.1.bn3.running_var
key not found local_branch.layer2.1.bn3.num_batches_tracked
key not found local_branch.layer2.2.conv1.weight
key not found local_branch.layer2.2.bn1.weight
key not found local_branch.layer2.2.bn1.bias
key not found local_branch.layer2.2.bn1.running_mean
key not found local_branch.layer2.2.bn1.running_var
key not found local_branch.layer2.2.bn1.num_batches_tracked
key not found local_branch.layer2.2.conv2.weight
key not found local_branch.layer2.2.bn2.weight
key not found local_branch.layer2.2.bn2.bias
key not found local_branch.layer2.2.bn2.running_mean
key not found local_branch.layer2.2.bn2.running_var
key not found local_branch.layer2.2.bn2.num_batches_tracked
key not found local_branch.layer2.2.conv3.weight
key not found local_branch.layer2.2.bn3.weight
key not found local_branch.layer2.2.bn3.bias
key not found local_branch.layer2.2.bn3.running_mean
key not found local_branch.layer2.2.bn3.running_var
key not found local_branch.layer2.2.bn3.num_batches_tracked
key not found local_branch.layer2.3.conv1.weight
key not found local_branch.layer2.3.bn1.weight
key not found local_branch.layer2.3.bn1.bias
key not found local_branch.layer2.3.bn1.running_mean
key not found local_branch.layer2.3.bn1.running_var
key not found local_branch.layer2.3.bn1.num_batches_tracked
key not found local_branch.layer2.3.conv2.weight
key not found local_branch.layer2.3.bn2.weight
key not found local_branch.layer2.3.bn2.bias
key not found local_branch.layer2.3.bn2.running_mean
key not found local_branch.layer2.3.bn2.running_var
key not found local_branch.layer2.3.bn2.num_batches_tracked
key not found local_branch.layer2.3.conv3.weight
key not found local_branch.layer2.3.bn3.weight
key not found local_branch.layer2.3.bn3.bias
key not found local_branch.layer2.3.bn3.running_mean
key not found local_branch.layer2.3.bn3.running_var
key not found local_branch.layer2.3.bn3.num_batches_tracked
key not found local_branch.layer3.0.conv1.weight
key not found local_branch.layer3.0.bn1.weight
key not found local_branch.layer3.0.bn1.bias
key not found local_branch.layer3.0.bn1.running_mean
key not found local_branch.layer3.0.bn1.running_var
key not found local_branch.layer3.0.bn1.num_batches_tracked
key not found local_branch.layer3.0.conv2.weight
key not found local_branch.layer3.0.bn2.weight
key not found local_branch.layer3.0.bn2.bias
key not found local_branch.layer3.0.bn2.running_mean
key not found local_branch.layer3.0.bn2.running_var
key not found local_branch.layer3.0.bn2.num_batches_tracked
key not found local_branch.layer3.0.conv3.weight
key not found local_branch.layer3.0.bn3.weight
key not found local_branch.layer3.0.bn3.bias
key not found local_branch.layer3.0.bn3.running_mean
key not found local_branch.layer3.0.bn3.running_var
key not found local_branch.layer3.0.bn3.num_batches_tracked
key not found local_branch.layer3.0.downsample.0.weight
key not found local_branch.layer3.0.downsample.1.weight
key not found local_branch.layer3.0.downsample.1.bias
key not found local_branch.layer3.0.downsample.1.running_mean
key not found local_branch.layer3.0.downsample.1.running_var
key not found local_branch.layer3.0.downsample.1.num_batches_tracked
key not found local_branch.layer3.1.conv1.weight
key not found local_branch.layer3.1.bn1.weight
key not found local_branch.layer3.1.bn1.bias
key not found local_branch.layer3.1.bn1.running_mean
key not found local_branch.layer3.1.bn1.running_var
key not found local_branch.layer3.1.bn1.num_batches_tracked
key not found local_branch.layer3.1.conv2.weight
key not found local_branch.layer3.1.bn2.weight
key not found local_branch.layer3.1.bn2.bias
key not found local_branch.layer3.1.bn2.running_mean
key not found local_branch.layer3.1.bn2.running_var
key not found local_branch.layer3.1.bn2.num_batches_tracked
key not found local_branch.layer3.1.conv3.weight
key not found local_branch.layer3.1.bn3.weight
key not found local_branch.layer3.1.bn3.bias
key not found local_branch.layer3.1.bn3.running_mean
key not found local_branch.layer3.1.bn3.running_var
key not found local_branch.layer3.1.bn3.num_batches_tracked
key not found local_branch.layer3.2.conv1.weight
key not found local_branch.layer3.2.bn1.weight
key not found local_branch.layer3.2.bn1.bias
key not found local_branch.layer3.2.bn1.running_mean
key not found local_branch.layer3.2.bn1.running_var
key not found local_branch.layer3.2.bn1.num_batches_tracked
key not found local_branch.layer3.2.conv2.weight
key not found local_branch.layer3.2.bn2.weight
key not found local_branch.layer3.2.bn2.bias
key not found local_branch.layer3.2.bn2.running_mean
key not found local_branch.layer3.2.bn2.running_var
key not found local_branch.layer3.2.bn2.num_batches_tracked
key not found local_branch.layer3.2.conv3.weight
key not found local_branch.layer3.2.bn3.weight
key not found local_branch.layer3.2.bn3.bias
key not found local_branch.layer3.2.bn3.running_mean
key not found local_branch.layer3.2.bn3.running_var
key not found local_branch.layer3.2.bn3.num_batches_tracked
key not found local_branch.layer3.3.conv1.weight
key not found local_branch.layer3.3.bn1.weight
key not found local_branch.layer3.3.bn1.bias
key not found local_branch.layer3.3.bn1.running_mean
key not found local_branch.layer3.3.bn1.running_var
key not found local_branch.layer3.3.bn1.num_batches_tracked
key not found local_branch.layer3.3.conv2.weight
key not found local_branch.layer3.3.bn2.weight
key not found local_branch.layer3.3.bn2.bias
key not found local_branch.layer3.3.bn2.running_mean
key not found local_branch.layer3.3.bn2.running_var
key not found local_branch.layer3.3.bn2.num_batches_tracked
key not found local_branch.layer3.3.conv3.weight
key not found local_branch.layer3.3.bn3.weight
key not found local_branch.layer3.3.bn3.bias
key not found local_branch.layer3.3.bn3.running_mean
key not found local_branch.layer3.3.bn3.running_var
key not found local_branch.layer3.3.bn3.num_batches_tracked
key not found local_branch.layer3.4.conv1.weight
key not found local_branch.layer3.4.bn1.weight
key not found local_branch.layer3.4.bn1.bias
key not found local_branch.layer3.4.bn1.running_mean
key not found local_branch.layer3.4.bn1.running_var
key not found local_branch.layer3.4.bn1.num_batches_tracked
key not found local_branch.layer3.4.conv2.weight
key not found local_branch.layer3.4.bn2.weight
key not found local_branch.layer3.4.bn2.bias
key not found local_branch.layer3.4.bn2.running_mean
key not found local_branch.layer3.4.bn2.running_var
key not found local_branch.layer3.4.bn2.num_batches_tracked
key not found local_branch.layer3.4.conv3.weight
key not found local_branch.layer3.4.bn3.weight
key not found local_branch.layer3.4.bn3.bias
key not found local_branch.layer3.4.bn3.running_mean
key not found local_branch.layer3.4.bn3.running_var
key not found local_branch.layer3.4.bn3.num_batches_tracked
key not found local_branch.layer3.5.conv1.weight
key not found local_branch.layer3.5.bn1.weight
key not found local_branch.layer3.5.bn1.bias
key not found local_branch.layer3.5.bn1.running_mean
key not found local_branch.layer3.5.bn1.running_var
key not found local_branch.layer3.5.bn1.num_batches_tracked
key not found local_branch.layer3.5.conv2.weight
key not found local_branch.layer3.5.bn2.weight
key not found local_branch.layer3.5.bn2.bias
key not found local_branch.layer3.5.bn2.running_mean
key not found local_branch.layer3.5.bn2.running_var
key not found local_branch.layer3.5.bn2.num_batches_tracked
key not found local_branch.layer3.5.conv3.weight
key not found local_branch.layer3.5.bn3.weight
key not found local_branch.layer3.5.bn3.bias
key not found local_branch.layer3.5.bn3.running_mean
key not found local_branch.layer3.5.bn3.running_var
key not found local_branch.layer3.5.bn3.num_batches_tracked
key not found local_branch.layer4.0.conv1.weight
key not found local_branch.layer4.0.bn1.weight
key not found local_branch.layer4.0.bn1.bias
key not found local_branch.layer4.0.bn1.running_mean
key not found local_branch.layer4.0.bn1.running_var
key not found local_branch.layer4.0.bn1.num_batches_tracked
key not found local_branch.layer4.0.conv2.weight
key not found local_branch.layer4.0.bn2.weight
key not found local_branch.layer4.0.bn2.bias
key not found local_branch.layer4.0.bn2.running_mean
key not found local_branch.layer4.0.bn2.running_var
key not found local_branch.layer4.0.bn2.num_batches_tracked
key not found local_branch.layer4.0.conv3.weight
key not found local_branch.layer4.0.bn3.weight
key not found local_branch.layer4.0.bn3.bias
key not found local_branch.layer4.0.bn3.running_mean
key not found local_branch.layer4.0.bn3.running_var
key not found local_branch.layer4.0.bn3.num_batches_tracked
key not found local_branch.layer4.0.downsample.0.weight
key not found local_branch.layer4.0.downsample.1.weight
key not found local_branch.layer4.0.downsample.1.bias
key not found local_branch.layer4.0.downsample.1.running_mean
key not found local_branch.layer4.0.downsample.1.running_var
key not found local_branch.layer4.0.downsample.1.num_batches_tracked
key not found local_branch.layer4.1.conv1.weight
key not found local_branch.layer4.1.bn1.weight
key not found local_branch.layer4.1.bn1.bias
key not found local_branch.layer4.1.bn1.running_mean
key not found local_branch.layer4.1.bn1.running_var
key not found local_branch.layer4.1.bn1.num_batches_tracked
key not found local_branch.layer4.1.conv2.weight
key not found local_branch.layer4.1.bn2.weight
key not found local_branch.layer4.1.bn2.bias
key not found local_branch.layer4.1.bn2.running_mean
key not found local_branch.layer4.1.bn2.running_var
key not found local_branch.layer4.1.bn2.num_batches_tracked
key not found local_branch.layer4.1.conv3.weight
key not found local_branch.layer4.1.bn3.weight
key not found local_branch.layer4.1.bn3.bias
key not found local_branch.layer4.1.bn3.running_mean
key not found local_branch.layer4.1.bn3.running_var
key not found local_branch.layer4.1.bn3.num_batches_tracked
key not found local_branch.layer4.2.conv1.weight
key not found local_branch.layer4.2.bn1.weight
key not found local_branch.layer4.2.bn1.bias
key not found local_branch.layer4.2.bn1.running_mean
key not found local_branch.layer4.2.bn1.running_var
key not found local_branch.layer4.2.bn1.num_batches_tracked
key not found local_branch.layer4.2.conv2.weight
key not found local_branch.layer4.2.bn2.weight
key not found local_branch.layer4.2.bn2.bias
key not found local_branch.layer4.2.bn2.running_mean
key not found local_branch.layer4.2.bn2.running_var
key not found local_branch.layer4.2.bn2.num_batches_tracked
key not found local_branch.layer4.2.conv3.weight
key not found local_branch.layer4.2.bn3.weight
key not found local_branch.layer4.2.bn3.bias
key not found local_branch.layer4.2.bn3.running_mean
key not found local_branch.layer4.2.bn3.running_var
key not found local_branch.layer4.2.bn3.num_batches_tracked
key not found local_branch.fc.weight
key not found local_branch.fc.bias
key not found fusion_branch.encoder.enc_layers.0.mha.W_q.weight
key not found fusion_branch.encoder.enc_layers.0.mha.W_k.weight
key not found fusion_branch.encoder.enc_layers.0.mha.W_v.weight
key not found fusion_branch.encoder.enc_layers.0.mha.W_h.weight
key not found fusion_branch.encoder.enc_layers.0.mha.W_h.bias
key not found fusion_branch.encoder.enc_layers.0.cnn.k1convL1.weight
key not found fusion_branch.encoder.enc_layers.0.cnn.k1convL1.bias
key not found fusion_branch.encoder.enc_layers.0.cnn.k1convL2.weight
key not found fusion_branch.encoder.enc_layers.0.cnn.k1convL2.bias
key not found fusion_branch.encoder.enc_layers.0.layernorm1.weight
key not found fusion_branch.encoder.enc_layers.0.layernorm1.bias
key not found fusion_branch.encoder.enc_layers.0.layernorm2.weight
key not found fusion_branch.encoder.enc_layers.0.layernorm2.bias
key not found fusion_branch.encoder.enc_layers.1.mha.W_q.weight
key not found fusion_branch.encoder.enc_layers.1.mha.W_k.weight
key not found fusion_branch.encoder.enc_layers.1.mha.W_v.weight
key not found fusion_branch.encoder.enc_layers.1.mha.W_h.weight
key not found fusion_branch.encoder.enc_layers.1.mha.W_h.bias
key not found fusion_branch.encoder.enc_layers.1.cnn.k1convL1.weight
key not found fusion_branch.encoder.enc_layers.1.cnn.k1convL1.bias
key not found fusion_branch.encoder.enc_layers.1.cnn.k1convL2.weight
key not found fusion_branch.encoder.enc_layers.1.cnn.k1convL2.bias
key not found fusion_branch.encoder.enc_layers.1.layernorm1.weight
key not found fusion_branch.encoder.enc_layers.1.layernorm1.bias
key not found fusion_branch.encoder.enc_layers.1.layernorm2.weight
key not found fusion_branch.encoder.enc_layers.1.layernorm2.bias
key not found fusion_branch.encoder.enc_layers.2.mha.W_q.weight
key not found fusion_branch.encoder.enc_layers.2.mha.W_k.weight
key not found fusion_branch.encoder.enc_layers.2.mha.W_v.weight
key not found fusion_branch.encoder.enc_layers.2.mha.W_h.weight
key not found fusion_branch.encoder.enc_layers.2.mha.W_h.bias
key not found fusion_branch.encoder.enc_layers.2.cnn.k1convL1.weight
key not found fusion_branch.encoder.enc_layers.2.cnn.k1convL1.bias
key not found fusion_branch.encoder.enc_layers.2.cnn.k1convL2.weight
key not found fusion_branch.encoder.enc_layers.2.cnn.k1convL2.bias
key not found fusion_branch.encoder.enc_layers.2.layernorm1.weight
key not found fusion_branch.encoder.enc_layers.2.layernorm1.bias
key not found fusion_branch.encoder.enc_layers.2.layernorm2.weight
key not found fusion_branch.encoder.enc_layers.2.layernorm2.bias
key not found fusion_branch.encoder.enc_layers.3.mha.W_q.weight
key not found fusion_branch.encoder.enc_layers.3.mha.W_k.weight
key not found fusion_branch.encoder.enc_layers.3.mha.W_v.weight
key not found fusion_branch.encoder.enc_layers.3.mha.W_h.weight
key not found fusion_branch.encoder.enc_layers.3.mha.W_h.bias
key not found fusion_branch.encoder.enc_layers.3.cnn.k1convL1.weight
key not found fusion_branch.encoder.enc_layers.3.cnn.k1convL1.bias
key not found fusion_branch.encoder.enc_layers.3.cnn.k1convL2.weight
key not found fusion_branch.encoder.enc_layers.3.cnn.k1convL2.bias
key not found fusion_branch.encoder.enc_layers.3.layernorm1.weight
key not found fusion_branch.encoder.enc_layers.3.layernorm1.bias
key not found fusion_branch.encoder.enc_layers.3.layernorm2.weight
key not found fusion_branch.encoder.enc_layers.3.layernorm2.bias
key not found fusion_branch.dense.weight
key not found fusion_branch.dense.bias
Traceback (most recent call last):
  File "train_proposed.py", line 464, in <module>
    main(args)
  File "train_proposed.py", line 232, in main
    main_worker(args.gpu, ngpus_per_node, args)
  File "train_proposed.py", line 384, in main_worker
    assert(len(thief_state.keys()) == len(supervised_pretrained_state_common.keys()))
AssertionError
