[2024-03-03 00:06:51,114 INFO] Use GPU: None for training
[2024-03-03 00:06:51,114 INFO] 

[2024-03-03 00:06:52,203 INFO] Total params: 109.04M
[2024-03-03 00:06:59,737 INFO] acc: 0.90
[2024-03-03 00:06:59,752 INFO] Victim model accuracy = 0.9016, spec = 0.90, sens = 0.93
[2024-03-03 00:06:59,752 INFO] Loading thief dataset ...
[2024-03-03 00:06:59,759 INFO] 
Initializing thief model ...


Loaded supervised labeled set of length  900
Labeled set expanded to length  3600 , unique indices  900
dataset root /home/deepankar/mnt/vision3_data_ckpts_msa_medical/GBUSV-Shared
Num of videos 64 frames 15800
15800
15800
Num of videos 64 frames 15800

  0%|          | 0/29 [00:00<?, ?it/s]
  3%|â–Ž         | 1/29 [00:06<03:02,  6.50s/it]
  7%|â–‹         | 2/29 [00:08<01:42,  3.79s/it]
 10%|â–ˆ         | 3/29 [00:10<01:14,  2.85s/it]
 14%|â–ˆâ–        | 4/29 [00:11<00:59,  2.36s/it]
 17%|â–ˆâ–‹        | 5/29 [00:13<00:50,  2.12s/it]
 21%|â–ˆâ–ˆ        | 6/29 [00:14<00:43,  1.88s/it]
 24%|â–ˆâ–ˆâ–       | 7/29 [00:16<00:38,  1.77s/it]
 28%|â–ˆâ–ˆâ–Š       | 8/29 [00:17<00:36,  1.72s/it]
 31%|â–ˆâ–ˆâ–ˆ       | 9/29 [00:19<00:32,  1.61s/it]
 34%|â–ˆâ–ˆâ–ˆâ–      | 10/29 [00:20<00:30,  1.62s/it]
 38%|â–ˆâ–ˆâ–ˆâ–Š      | 11/29 [00:22<00:28,  1.61s/it]
 41%|â–ˆâ–ˆâ–ˆâ–ˆâ–     | 12/29 [00:24<00:27,  1.61s/it]
 45%|â–ˆâ–ˆâ–ˆâ–ˆâ–     | 13/29 [00:26<00:26,  1.67s/it]
 48%|â–ˆâ–ˆâ–ˆâ–ˆâ–Š     | 14/29 [00:27<00:23,  1.58s/it]
 52%|â–ˆâ–ˆâ–ˆâ–ˆâ–ˆâ–    | 15/29 [00:28<00:22,  1.59s/it]
 55%|â–ˆâ–ˆâ–ˆâ–ˆâ–ˆâ–Œ    | 16/29 [00:30<00:20,  1.55s/it]
 59%|â–ˆâ–ˆâ–ˆâ–ˆâ–ˆâ–Š    | 17/29 [00:31<00:18,  1.51s/it]
 62%|â–ˆâ–ˆâ–ˆâ–ˆâ–ˆâ–ˆâ–   | 18/29 [00:33<00:16,  1.50s/it]
 66%|â–ˆâ–ˆâ–ˆâ–ˆâ–ˆâ–ˆâ–Œ   | 19/29 [00:35<00:15,  1.55s/it]
 69%|â–ˆâ–ˆâ–ˆâ–ˆâ–ˆâ–ˆâ–‰   | 20/29 [00:36<00:14,  1.66s/it]
 72%|â–ˆâ–ˆâ–ˆâ–ˆâ–ˆâ–ˆâ–ˆâ–  | 21/29 [00:38<00:13,  1.65s/it]
 76%|â–ˆâ–ˆâ–ˆâ–ˆâ–ˆâ–ˆâ–ˆâ–Œ  | 22/29 [00:40<00:11,  1.70s/it]
 79%|â–ˆâ–ˆâ–ˆâ–ˆâ–ˆâ–ˆâ–ˆâ–‰  | 23/29 [00:41<00:09,  1.64s/it]
 83%|â–ˆâ–ˆâ–ˆâ–ˆâ–ˆâ–ˆâ–ˆâ–ˆâ–Ž | 24/29 [00:43<00:07,  1.58s/it]
 86%|â–ˆâ–ˆâ–ˆâ–ˆâ–ˆâ–ˆâ–ˆâ–ˆâ–Œ | 25/29 [00:45<00:07,  1.82s/it]
 90%|â–ˆâ–ˆâ–ˆâ–ˆâ–ˆâ–ˆâ–ˆâ–ˆâ–‰ | 26/29 [00:47<00:05,  1.71s/it]
 93%|â–ˆâ–ˆâ–ˆâ–ˆâ–ˆâ–ˆâ–ˆâ–ˆâ–ˆâ–Ž| 27/29 [00:48<00:03,  1.74s/it]
 97%|â–ˆâ–ˆâ–ˆâ–ˆâ–ˆâ–ˆâ–ˆâ–ˆâ–ˆâ–‹| 28/29 [00:50<00:01,  1.79s/it]
100%|â–ˆâ–ˆâ–ˆâ–ˆâ–ˆâ–ˆâ–ˆâ–ˆâ–ˆâ–ˆ| 29/29 [00:52<00:00,  1.77s/it]
100%|â–ˆâ–ˆâ–ˆâ–ˆâ–ˆâ–ˆâ–ˆâ–ˆâ–ˆâ–ˆ| 29/29 [00:52<00:00,  1.82s/it]
Num of videos 64 frames 15800

  0%|          | 0/1 [00:00<?, ?it/s]
100%|â–ˆâ–ˆâ–ˆâ–ˆâ–ˆâ–ˆâ–ˆâ–ˆâ–ˆâ–ˆ| 1/1 [00:04<00:00,  4.80s/it]
100%|â–ˆâ–ˆâ–ˆâ–ˆâ–ˆâ–ˆâ–ˆâ–ˆâ–ˆâ–ˆ| 1/1 [00:04<00:00,  4.90s/it]
[2024-03-03 00:07:57,429 INFO] unlabeled data number: 15800, labeled data number 3600
[2024-03-03 00:07:57,429 INFO] Create train and test data loaders
[2024-03-03 00:07:57,430 INFO] [!] data loader keys: dict_keys(['train_lb', 'train_ulb', 'eval', 'test'])
[2024-03-03 00:08:00,843 INFO] Create optimizer and scheduler
[2024-03-03 00:08:00,849 INFO] Number of Trainable Params: 85800963
Num of videos 64 frames 15800
Load pretrained model for initializing the thief from  /home/deepankar/scratch/MSA_Medical/activethief/pretrained/deit_base_patch16_224-b5f2ef4d.pth
key not found head.weight
key not found head.bias
Common keys pretrained model:  150
Load anchor model /home/deepankar/mnt/vision1_outputs/gbusg_radformer/GBUSV_deit/SGD/1000_val100/random_v1_transforms/trial_2_cycle_1_best.pth
thief state:  ['cls_token', 'pos_embed', 'patch_embed.proj.weight', 'patch_embed.proj.bias', 'blocks.0.norm1.weight']
pretrained state:  ['cls_token', 'pos_embed', 'patch_embed.proj.weight', 'patch_embed.proj.bias', 'blocks.0.norm1.weight']
Common keys anchor model:  152
[2024-03-03 00:08:13,206 INFO] Anchor model on target dataset: acc = 0.6475, spec = 0.61, sens = 0.83
[2024-03-03 00:08:13,562 INFO] Arguments: Namespace(T=0.5, algorithm='selfkd', amp=False, batch_size=16, c='configs/gbc/selfkd_deit.yaml', clip=0.0, clip_grad=0, crop_ratio=0.875, data_dir='./data', dataset='GBUSV', device=device(type='cuda'), dist_backend='nccl', dist_url='tcp://127.0.0.1:28961', distributed=False, ds_seed=123, ema_m=0.999, epoch=100, eval_batch_size=16, eval_step=234, expand_labels=True, gpu=None, hard_label=True, imb_algorithm=None, img_size=224, include_lb_to_ulb=True, kd_alpha=0.4, kd_alpha_ulb=0.5, kd_temp=1.5, kd_temp_ulb=1.5, la=False, labeled_set_path='/home/deepankar/mnt/vision1_outputs/gbusg_radformer/GBUSV_deit/SGD/1000_val100/random_v1_transforms/X_trial_2_cycle_1_labeled_set.npy', layer_decay=0.5, lb_dest_len=3600, lb_imb_ratio=1, load_labeled_set=True, load_path=None, local_rank=-1, lr=0.01, max_length=512, max_length_seconds=4.0, momentum=0.9, multiprocessing_distributed=False, net='deit_base_patch16_224', net_from_name=False, no_progress=True, num_classes=3, num_eval_iter=234, num_labels=1000, num_log_iter=234, num_train_iter=900000, num_warmup_iter=5120, num_workers=4, optim='SGD', overwrite=True, p_cutoff=0.95, pretrain_path='', pretrained_dir='/home/deepankar/scratch/MSA_Medical/activethief/pretrained/deit_base_patch16_224-b5f2ef4d.pth', rank=0, resume=False, sample_rate=16000, save_dir='saved_models/radformer', save_name='selfkd_deit_v8_exp4_tr_2', scheduler_type='cosine', seed=5, subset=128116, thief_root='/home/deepankar/mnt/vision3_data_ckpts_msa_medical/GBUSV-Shared', train_sampler='RandomSampler', tro=1, ulb_dest_len=15800, ulb_imb_ratio=1, ulb_loss_ratio=1.0, ulb_num_labels=None, uratio=1, use_aim=False, use_cat=True, use_pretrain=True, use_tensorboard=True, use_wandb=True, val_set_path='/home/deepankar/mnt/vision1_outputs/gbusg_radformer/GBUSV_deit/SGD/1000_val100/random_v1_transforms/X_trial_2_cycle_1_val_set.npy', victim_arch='radformer', victim_data_root='/home/deepankar/mnt/vision3_data_ckpts_msa_medical/GBCU-Shared', victim_dataset='gbusg', victim_model_path='/home/deepankar/mnt/vision3_data_ckpts_msa_medical/victim_models/radformer/radformer.pkl', warmstart=False, warmstart_dir='/home/deepankar/mnt/vision1_outputs/gbusg_radformer/GBUSV_deit/SGD/1000_val100/random_v1_transforms/trial_2_cycle_1_best.pth', warmup=0, warmup_epoch=10, weight_decay=0.005, world_size=1)
[2024-03-03 00:08:13,562 INFO] Validation set distribution: 
anchor model temp =  1.0
Number of samples  100
[2024-03-03 00:08:14,912 INFO] {0: 16, 1: 21, 2: 63}
[2024-03-03 00:08:14,913 INFO] Labeled set distribution: 
Number of samples  3600
[2024-03-03 00:08:21,786 INFO] {0: 408, 1: 880, 2: 2312}
[2024-03-03 00:08:27,108 INFO] Initial model on target dataset (without EMA): acc = 0.3934, agreement = 0.3689, spec = 0.74, sens = 0.31
[2024-03-03 00:08:27,109 INFO] Resume load path None does not exist
[2024-03-03 00:08:27,109 INFO] 
Model training
wandb: Currently logged in as: satwikdpshrit. Use `wandb login --relogin` to force relogin
wandb: - Waiting for wandb.init()...
wandb: \ Waiting for wandb.init()...
wandb: Tracking run with wandb version 0.16.3
wandb: Run data is saved locally in saved_models/radformer/wandb/selfkd_deit_v8_exp4_tr_2/wandb/run-20240303_000830-su37va38
wandb: Run `wandb offline` to turn off syncing.
wandb: Syncing run selfkd_deit_v8_exp4_tr_2
wandb: â­ï¸ View project at https://wandb.ai/satwikdpshrit/radformer
wandb: ðŸš€ View run at https://wandb.ai/satwikdpshrit/radformer/runs/su37va38
[2024-03-03 00:08:34,378 INFO] 

epoch 0
[2024-03-03 00:11:09,308 INFO] validating...
[2024-03-03 00:11:14,599 INFO] model saved: saved_models/radformer/selfkd_deit_v8_exp4_tr_2/latest_model.pth
[2024-03-03 00:11:15,977 INFO] model saved: saved_modeË€Ë€ls/radformer/selfkd_deit_v8_exp4_tr_2/model_best.pth
[2024-03-03 00:11:15,978 INFO] 226 iteration, USE_EMA: True, train/sup_loss: 1.49318, train/unsup_loss: 0.90500, train/total_loss: 2.39818, train/util_ratio: 0.81250, train/run_time: 0.63769, lr: 0.00000, train/prefecth_time: 0.00686, eval/loss: 1.15394, eval/top-1-acc: 0.27000, eval/balanced_acc: 0.37996, eval/precision: 0.51503, eval/recall: 0.37996, eval/F1: 0.25118, eval/spec: 1.00000, eval/sens: 0.09524, test/loss: 1.04015, test/top-1-acc: 0.39344, test/balanced_acc: 0.34522, test/precision: 0.42590, test/recall: 0.34522, test/F1: 0.30214, test/spec: 0.73750, test/sens: 0.30952 BEST_EVAL_ACC: 0.2700, at 226 iters BEST_TEST_ACC: 0.3934, at 226 iters
[2024-03-03 00:11:15,981 INFO] 

epoch 1
[2024-03-03 00:13:48,362 INFO] validating...
[2024-03-03 00:13:54,384 INFO] model saved: saved_models/radformer/selfkd_deit_v8_exp4_tr_2/latest_model.pth
[2024-03-03 00:13:56,427 INFO] model saved: saved_models/radformer/selfkd_deit_v8_exp4_tr_2/model_best.pth
[2024-03-03 00:13:56,428 INFO] 451 iteration, USE_EMA: True, train/sup_loss: 1.10924, train/unsup_loss: 0.67964, train/total_loss: 1.78888, train/util_ratio: 0.93750, train/run_time: 0.64066, lr: 0.00100, train/prefecth_time: 0.00853, eval/loss: 0.84963, eval/top-1-acc: 0.64000, eval/balanced_acc: 0.56581, eval/precision: 0.77071, eval/recall: 0.56581, eval/F1: 0.48239, eval/spec: 0.91892, eval/sens: 0.68254, test/loss: 1.02214, test/top-1-acc: 0.54918, test/balanced_acc: 0.48866, test/precision: 0.38209, test/recall: 0.48866, test/F1: 0.42428, test/spec: 0.81250, test/sens: 0.69048 BEST_EVAL_ACC: 0.6400, at 451 iters BEST_TEST_ACC: 0.5492, at 451 iters
[2024-03-03 00:13:56,432 INFO] 

epoch 2
[2024-03-03 00:16:28,634 INFO] validating...
[2024-03-03 00:16:34,519 INFO] model saved: saved_models/radformer/selfkd_deit_v8_exp4_tr_2/latest_model.pth
[2024-03-03 00:16:36,719 INFO] model saved: saved_models/radformer/selfkd_deit_v8_exp4_tr_2/model_best.pth
[2024-03-03 00:16:36,721 INFO] 676 iteration, USE_EMA: True, train/sup_loss: 0.84187, train/unsup_loss: 0.38484, train/total_loss: 1.22671, train/util_ratio: 0.75000, train/run_time: 0.63955, lr: 0.00200, train/prefecth_time: 0.00725, eval/loss: 0.72228, eval/top-1-acc: 0.74000, eval/balanced_acc: 0.62930, eval/precision: 0.80988, eval/recall: 0.62930, eval/F1: 0.54763, eval/spec: 0.94595, eval/sens: 0.82540, test/loss: 0.99920, test/top-1-acc: 0.56557, test/balanced_acc: 0.50454, test/precision: 0.38645, test/recall: 0.50454, test/F1: 0.43559, test/spec: 0.78750, test/sens: 0.73810 BEST_EVAL_ACC: 0.7400, at 676 iters BEST_TEST_ACC: 0.5656, at 676 iters
[2024-03-03 00:16:36,728 INFO] 

epoch 3
[2024-03-03 00:19:08,927 INFO] validating...
[2024-03-03 00:19:14,594 INFO] model saved: saved_models/radformer/selfkd_deit_v8_exp4_tr_2/latest_model.pth
[2024-03-03 00:19:16,641 INFO] model saved: saved_models/radformer/selfkd_deit_v8_exp4_tr_2/model_best.pth
[2024-03-03 00:19:16,643 INFO] 901 iteration, USE_EMA: True, train/sup_loss: 0.90049, train/unsup_loss: 0.50613, train/total_loss: 1.40663, train/util_ratio: 0.87500, train/run_time: 0.63843, lr: 0.00300, train/prefecth_time: 0.00641, eval/loss: 0.61600, eval/top-1-acc: 0.83000, eval/balanced_acc: 0.74901, eval/precision: 0.84409, eval/recall: 0.74901, eval/F1: 0.75049, eval/spec: 0.86486, eval/sens: 0.90476, test/loss: 0.97315, test/top-1-acc: 0.52459, test/balanced_acc: 0.47052, test/precision: 0.35312, test/recall: 0.47052, test/F1: 0.40331, test/spec: 0.71250, test/sens: 0.73810 BEST_EVAL_ACC: 0.8300, at 901 iters BEST_TEST_ACC: 0.5246, at 901 iters
[2024-03-03 00:19:16,646 INFO] 

epoch 4
[2024-03-03 00:21:48,785 INFO] validating...
[2024-03-03 00:21:54,443 INFO] model saved: saved_models/radformer/selfkd_deit_v8_exp4_tr_2/latest_model.pth
[2024-03-03 00:21:54,444 INFO] 1126 iteration, USE_EMA: True, train/sup_loss: 0.41590, train/unsup_loss: 0.36142, train/total_loss: 0.77732, train/util_ratio: 0.81250, train/run_time: 0.63902, lr: 0.00400, train/prefecth_time: 0.00626, eval/loss: 0.56801, eval/top-1-acc: 0.83000, eval/balanced_acc: 0.74901, eval/precision: 0.80923, eval/recall: 0.74901, eval/F1: 0.74681, eval/spec: 0.86486, eval/sens: 0.90476, test/loss: 0.95288, test/top-1-acc: 0.50000, test/balanced_acc: 0.45125, test/precision: 0.33369, test/recall: 0.45125, test/F1: 0.38332, test/spec: 0.65000, test/sens: 0.76190 BEST_EVAL_ACC: 0.8300, at 901 iters BEST_TEST_ACC: 0.5246, at 901 iters
[2024-03-03 00:21:54,447 INFO] 

epoch 5
[2024-03-03 00:24:26,413 INFO] validating...
[2024-03-03 00:24:32,096 INFO] model saved: saved_models/radformer/selfkd_deit_v8_exp4_tr_2/latest_model.pth
[2024-03-03 00:24:33,983 INFO] model saved: saved_models/radformer/selfkd_deit_v8_exp4_tr_2/model_best.pth
[2024-03-03 00:24:33,984 INFO] 1351 iteration, USE_EMA: True, train/sup_loss: 0.25650, train/unsup_loss: 0.31881, train/total_loss: 0.57531, train/util_ratio: 0.81250, train/run_time: 0.63713, lr: 0.00500, train/prefecth_time: 0.00604, eval/loss: 0.49687, eval/top-1-acc: 0.86000, eval/balanced_acc: 0.78042, eval/precision: 0.83466, eval/recall: 0.78042, eval/F1: 0.78401, eval/spec: 0.89189, eval/sens: 0.93651, test/loss: 0.95126, test/top-1-acc: 0.49180, test/balanced_acc: 0.44558, test/precision: 0.32705, test/recall: 0.44558, test/F1: 0.37577, test/spec: 0.61250, test/sens: 0.78571 BEST_EVAL_ACC: 0.8600, at 1351 iters BEST_TEST_ACC: 0.4918, at 1351 iters
[2024-03-03 00:24:33,987 INFO] 

epoch 6
[2024-03-03 00:27:05,869 INFO] validating...
[2024-03-03 00:27:11,866 INFO] model saved: saved_models/radformer/selfkd_deit_v8_exp4_tr_2/latest_model.pth
[2024-03-03 00:27:13,758 INFO] model saved: saved_models/radformer/selfkd_deit_v8_exp4_tr_2/model_best.pth
[2024-03-03 00:27:13,760 INFO] 1576 iteration, USE_EMA: True, train/sup_loss: 0.25402, train/unsup_loss: 0.32815, train/total_loss: 0.58217, train/util_ratio: 0.93750, train/run_time: 0.63652, lr: 0.00600, train/prefecth_time: 0.00616, eval/loss: 0.46870, eval/top-1-acc: 0.85000, eval/balanced_acc: 0.77447, eval/precision: 0.83289, eval/recall: 0.77447, eval/F1: 0.79425, eval/spec: 0.81081, eval/sens: 0.93651, test/loss: 0.96556, test/top-1-acc: 0.49180, test/balanced_acc: 0.45348, test/precision: 0.65475, test/recall: 0.45348, test/F1: 0.40564, test/spec: 0.57500, test/sens: 0.78571 BEST_EVAL_ACC: 0.8500, at 1576 iters BEST_TEST_ACC: 0.4918, at 1576 iters
[2024-03-03 00:27:13,763 INFO] 

epoch 7
[2024-03-03 00:29:45,754 INFO] validating...
[2024-03-03 00:29:51,649 INFO] model saved: saved_models/radformer/selfkd_deit_v8_exp4_tr_2/latest_model.pth
[2024-03-03 00:29:51,650 INFO] 1801 iteration, USE_EMA: True, train/sup_loss: 0.26357, train/unsup_loss: 0.27551, train/total_loss: 0.53908, train/util_ratio: 0.81250, train/run_time: 0.63841, lr: 0.00700, train/prefecth_time: 0.00675, eval/loss: 0.46177, eval/top-1-acc: 0.85000, eval/balanced_acc: 0.78009, eval/precision: 0.83285, eval/recall: 0.78009, eval/F1: 0.79055, eval/spec: 0.83784, eval/sens: 0.92063, test/loss: 0.98480, test/top-1-acc: 0.50000, test/balanced_acc: 0.47045, test/precision: 0.65766, test/recall: 0.47045, test/F1: 0.43505, test/spec: 0.51250, test/sens: 0.83333 BEST_EVAL_ACC: 0.8500, at 1576 iters BEST_TEST_ACC: 0.4918, at 1576 iters
[2024-03-03 00:29:51,654 INFO] 

epoch 8
[2024-03-03 00:32:23,554 INFO] validating...
[2024-03-03 00:32:29,175 INFO] model saved: saved_models/radformer/selfkd_deit_v8_exp4_tr_2/latest_model.pth
[2024-03-03 00:32:31,339 INFO] model saved: saved_models/radformer/selfkd_deit_v8_exp4_tr_2/model_best.pth
[2024-03-03 00:32:31,340 INFO] 2026 iteration, USE_EMA: True, train/sup_loss: 0.21646, train/unsup_loss: 0.22371, train/total_loss: 0.44017, train/util_ratio: 0.87500, train/run_time: 0.63730, lr: 0.00800, train/prefecth_time: 0.00599, eval/loss: 0.40336, eval/top-1-acc: 0.87000, eval/balanced_acc: 0.78009, eval/precision: 0.88560, eval/recall: 0.78009, eval/F1: 0.81165, eval/spec: 0.78378, eval/sens: 0.96825, test/loss: 1.00569, test/top-1-acc: 0.52459, test/balanced_acc: 0.50271, test/precision: 0.66775, test/recall: 0.50271, test/F1: 0.48688, test/spec: 0.52500, test/sens: 0.83333 BEST_EVAL_ACC: 0.8700, at 2026 iters BEST_TEST_ACC: 0.5246, at 2026 iters
[2024-03-03 00:32:31,343 INFO] 

epoch 9
[2024-03-03 00:35:03,212 INFO] validating...
[2024-03-03 00:35:09,200 INFO] model saved: saved_models/radformer/selfkd_deit_v8_exp4_tr_2/latest_model.pth
[2024-03-03 00:35:09,201 INFO] 2251 iteration, USE_EMA: True, train/sup_loss: 0.15871, train/unsup_loss: 0.19278, train/total_loss: 0.35149, train/util_ratio: 0.75000, train/run_time: 0.63613, lr: 0.00900, train/prefecth_time: 0.01361, eval/loss: 0.35991, eval/top-1-acc: 0.88000, eval/balanced_acc: 0.78538, eval/precision: 0.86150, eval/recall: 0.78538, eval/F1: 0.80986, eval/spec: 0.83784, eval/sens: 0.98413, test/loss: 1.03355, test/top-1-acc: 0.53279, test/balanced_acc: 0.51064, test/precision: 0.67436, test/recall: 0.51064, test/F1: 0.49267, test/spec: 0.52500, test/sens: 0.85714 BEST_EVAL_ACC: 0.8700, at 2026 iters BEST_TEST_ACC: 0.5246, at 2026 iters
[2024-03-03 00:35:09,204 INFO] 

epoch 10
[2024-03-03 00:37:41,260 INFO] validating...
[2024-03-03 00:37:47,407 INFO] model saved: saved_models/radformer/selfkd_deit_v8_exp4_tr_2/latest_model.pth
[2024-03-03 00:37:49,622 INFO] model saved: saved_models/radformer/selfkd_deit_v8_exp4_tr_2/model_best.pth
[2024-03-03 00:37:49,623 INFO] 2476 iteration, USE_EMA: True, train/sup_loss: 0.12797, train/unsup_loss: 0.15492, train/total_loss: 0.28289, train/util_ratio: 0.87500, train/run_time: 0.63672, lr: 0.01000, train/prefecth_time: 0.00712, eval/loss: 0.37251, eval/top-1-acc: 0.88000, eval/balanced_acc: 0.80093, eval/precision: 0.88993, eval/recall: 0.80093, eval/F1: 0.83041, eval/spec: 0.81081, eval/sens: 0.96825, test/loss: 1.06755, test/top-1-acc: 0.53279, test/balanced_acc: 0.51459, test/precision: 0.63568, test/recall: 0.51459, test/F1: 0.49933, test/spec: 0.53750, test/sens: 0.85714 BEST_EVAL_ACC: 0.8800, at 2476 iters BEST_TEST_ACC: 0.5328, at 2476 iters
[2024-03-03 00:37:49,627 INFO] 

epoch 11
[2024-03-03 00:40:21,536 INFO] validating...
[2024-03-03 00:40:27,549 INFO] model saved: saved_models/radformer/selfkd_deit_v8_exp4_tr_2/latest_model.pth
[2024-03-03 00:40:29,622 INFO] model saved: saved_models/radformer/selfkd_deit_v8_exp4_tr_2/model_best.pth
[2024-03-03 00:40:29,623 INFO] 2701 iteration, USE_EMA: True, train/sup_loss: 0.11894, train/unsup_loss: 0.17548, train/total_loss: 0.29442, train/util_ratio: 0.93750, train/run_time: 0.63639, lr: 0.01000, train/prefecth_time: 0.00661, eval/loss: 0.32010, eval/top-1-acc: 0.90000, eval/balanced_acc: 0.82209, eval/precision: 0.88422, eval/recall: 0.82209, eval/F1: 0.84393, eval/spec: 0.86486, eval/sens: 0.98413, test/loss: 1.09813, test/top-1-acc: 0.55738, test/balanced_acc: 0.54517, test/precision: 0.65438, test/recall: 0.54517, test/F1: 0.53216, test/spec: 0.55000, test/sens: 0.90476 BEST_EVAL_ACC: 0.9000, at 2701 iters BEST_TEST_ACC: 0.5574, at 2701 iters
[2024-03-03 00:40:29,627 INFO] 

epoch 12
[2024-03-03 00:43:01,698 INFO] validating...
[2024-03-03 00:43:07,802 INFO] model saved: saved_models/radformer/selfkd_deit_v8_exp4_tr_2/latest_model.pth
[2024-03-03 00:43:07,803 INFO] 2926 iteration, USE_EMA: True, train/sup_loss: 0.04963, train/unsup_loss: 0.10649, train/total_loss: 0.15612, train/util_ratio: 0.93750, train/run_time: 0.63777, lr: 0.01000, train/prefecth_time: 0.00701, eval/loss: 0.37838, eval/top-1-acc: 0.87000, eval/balanced_acc: 0.79563, eval/precision: 0.85244, eval/recall: 0.79563, eval/F1: 0.81457, eval/spec: 0.83784, eval/sens: 0.95238, test/loss: 1.12430, test/top-1-acc: 0.54918, test/balanced_acc: 0.53837, test/precision: 0.64785, test/recall: 0.53837, test/F1: 0.52427, test/spec: 0.53750, test/sens: 0.90476 BEST_EVAL_ACC: 0.9000, at 2701 iters BEST_TEST_ACC: 0.5574, at 2701 iters
[2024-03-03 00:43:07,807 INFO] 

epoch 13
[2024-03-03 00:45:39,800 INFO] validating...
[2024-03-03 00:45:45,366 INFO] model saved: saved_models/radformer/selfkd_deit_v8_exp4_tr_2/latest_model.pth
[2024-03-03 00:45:45,367 INFO] 3151 iteration, USE_EMA: True, train/sup_loss: 0.04288, train/unsup_loss: 0.05981, train/total_loss: 0.10270, train/util_ratio: 0.81250, train/run_time: 0.63848, lr: 0.00999, train/prefecth_time: 0.00612, eval/loss: 0.35294, eval/top-1-acc: 0.86000, eval/balanced_acc: 0.76918, eval/precision: 0.80989, eval/recall: 0.76918, eval/F1: 0.78661, eval/spec: 0.83784, eval/sens: 0.96825, test/loss: 1.13799, test/top-1-acc: 0.55738, test/balanced_acc: 0.54912, test/precision: 0.65540, test/recall: 0.54912, test/F1: 0.53786, test/spec: 0.53750, test/sens: 0.90476 BEST_EVAL_ACC: 0.9000, at 2701 iters BEST_TEST_ACC: 0.5574, at 2701 iters
[2024-03-03 00:45:45,371 INFO] 

epoch 14
[2024-03-03 00:48:17,048 INFO] validating...
[2024-03-03 00:48:22,599 INFO] model saved: saved_models/radformer/selfkd_deit_v8_exp4_tr_2/latest_model.pth
[2024-03-03 00:48:24,633 INFO] model saved: saved_models/radformer/selfkd_deit_v8_exp4_tr_2/model_best.pth
[2024-03-03 00:48:24,634 INFO] 3376 iteration, USE_EMA: True, train/sup_loss: 0.04753, train/unsup_loss: 0.06624, train/total_loss: 0.11377, train/util_ratio: 0.87500, train/run_time: 0.63749, lr: 0.00998, train/prefecth_time: 0.00657, eval/loss: 0.32276, eval/top-1-acc: 0.90000, eval/balanced_acc: 0.83763, eval/precision: 0.90954, eval/recall: 0.83763, eval/F1: 0.86350, eval/spec: 0.83784, eval/sens: 0.96825, test/loss: 1.15046, test/top-1-acc: 0.58197, test/balanced_acc: 0.56953, test/precision: 0.67446, test/recall: 0.56953, test/F1: 0.56135, test/spec: 0.57500, test/sens: 0.90476 BEST_EVAL_ACC: 0.9000, at 3376 iters BEST_TEST_ACC: 0.5820, at 3376 iters
[2024-03-03 00:48:24,637 INFO] 

epoch 15
[2024-03-03 00:50:56,373 INFO] validating...
[2024-03-03 00:51:01,591 INFO] model saved: saved_models/radformer/selfkd_deit_v8_exp4_tr_2/latest_model.pth
[2024-03-03 00:51:01,592 INFO] 3601 iteration, USE_EMA: True, train/sup_loss: 0.06849, train/unsup_loss: 0.05767, train/total_loss: 0.12616, train/util_ratio: 0.75000, train/run_time: 0.63902, lr: 0.00997, train/prefecth_time: 0.00670, eval/loss: 0.29759, eval/top-1-acc: 0.90000, eval/balanced_acc: 0.83763, eval/precision: 0.90954, eval/recall: 0.83763, eval/F1: 0.86350, eval/spec: 0.83784, eval/sens: 0.96825, test/loss: 1.15616, test/top-1-acc: 0.58197, test/balanced_acc: 0.56953, test/precision: 0.67446, test/recall: 0.56953, test/F1: 0.56135, test/spec: 0.57500, test/sens: 0.90476 BEST_EVAL_ACC: 0.9000, at 3376 iters BEST_TEST_ACC: 0.5820, at 3376 iters
[2024-03-03 00:51:01,595 INFO] 

epoch 16
[2024-03-03 00:53:33,203 INFO] validating...
[2024-03-03 00:53:38,745 INFO] model saved: saved_models/radformer/selfkd_deit_v8_exp4_tr_2/latest_model.pth
[2024-03-03 00:53:38,747 INFO] 3826 iteration, USE_EMA: True, train/sup_loss: 0.00899, train/unsup_loss: 0.05832, train/total_loss: 0.06730, train/util_ratio: 0.81250, train/run_time: 0.63903, lr: 0.00996, train/prefecth_time: 0.00694, eval/loss: 0.39945, eval/top-1-acc: 0.89000, eval/balanced_acc: 0.81680, eval/precision: 0.89769, eval/recall: 0.81680, eval/F1: 0.84196, eval/spec: 0.83784, eval/sens: 0.96825, test/loss: 1.16147, test/top-1-acc: 0.59016, test/balanced_acc: 0.57633, test/precision: 0.67817, test/recall: 0.57633, test/F1: 0.56902, test/spec: 0.60000, test/sens: 0.90476 BEST_EVAL_ACC: 0.9000, at 3376 iters BEST_TEST_ACC: 0.5820, at 3376 iters
[2024-03-03 00:53:38,750 INFO] 

epoch 17
[2024-03-03 00:56:10,251 INFO] validating...
[2024-03-03 00:56:15,933 INFO] model saved: saved_models/radformer/selfkd_deit_v8_exp4_tr_2/latest_model.pth
[2024-03-03 00:56:15,934 INFO] 4051 iteration, USE_EMA: True, train/sup_loss: 0.02914, train/unsup_loss: 0.02903, train/total_loss: 0.05817, train/util_ratio: 0.87500, train/run_time: 0.63781, lr: 0.00994, train/prefecth_time: 0.00647, eval/loss: 0.36422, eval/top-1-acc: 0.88000, eval/balanced_acc: 0.81151, eval/precision: 0.88636, eval/recall: 0.81151, eval/F1: 0.83315, eval/spec: 0.83784, eval/sens: 0.95238, test/loss: 1.16512, test/top-1-acc: 0.57377, test/balanced_acc: 0.56046, test/precision: 0.66457, test/recall: 0.56046, test/F1: 0.55722, test/spec: 0.60000, test/sens: 0.85714 BEST_EVAL_ACC: 0.9000, at 3376 iters BEST_TEST_ACC: 0.5820, at 3376 iters
[2024-03-03 00:56:15,937 INFO] 

epoch 18
[2024-03-03 00:58:47,387 INFO] validating...
[2024-03-03 00:58:53,089 INFO] model saved: saved_models/radformer/selfkd_deit_v8_exp4_tr_2/latest_model.pth
[2024-03-03 00:58:53,091 INFO] 4276 iteration, USE_EMA: True, train/sup_loss: 0.19087, train/unsup_loss: 0.02837, train/total_loss: 0.21924, train/util_ratio: 0.81250, train/run_time: 0.63581, lr: 0.00993, train/prefecth_time: 0.00588, eval/loss: 0.39905, eval/top-1-acc: 0.87000, eval/balanced_acc: 0.79563, eval/precision: 0.87822, eval/recall: 0.79563, eval/F1: 0.82168, eval/spec: 0.81081, eval/sens: 0.95238, test/loss: 1.17414, test/top-1-acc: 0.57377, test/balanced_acc: 0.56046, test/precision: 0.66457, test/recall: 0.56046, test/F1: 0.55722, test/spec: 0.60000, test/sens: 0.85714 BEST_EVAL_ACC: 0.9000, at 3376 iters BEST_TEST_ACC: 0.5820, at 3376 iters
[2024-03-03 00:58:53,096 INFO] 

epoch 19
[2024-03-03 01:01:24,808 INFO] validating...
[2024-03-03 01:01:30,558 INFO] model saved: saved_models/radformer/selfkd_deit_v8_exp4_tr_2/latest_model.pth
[2024-03-03 01:01:32,453 INFO] model saved: saved_models/radformer/selfkd_deit_v8_exp4_tr_2/model_best.pth
[2024-03-03 01:01:32,454 INFO] 4501 iteration, USE_EMA: True, train/sup_loss: 0.01982, train/unsup_loss: 0.04892, train/total_loss: 0.06874, train/util_ratio: 0.87500, train/run_time: 0.63568, lr: 0.00991, train/prefecth_time: 0.00682, eval/loss: 0.26192, eval/top-1-acc: 0.93000, eval/balanced_acc: 0.85913, eval/precision: 0.93662, eval/recall: 0.85913, eval/F1: 0.88252, eval/spec: 0.89189, eval/sens: 1.00000, test/loss: 1.17916, test/top-1-acc: 0.58197, test/balanced_acc: 0.56726, test/precision: 0.64992, test/recall: 0.56726, test/F1: 0.56280, test/spec: 0.62500, test/sens: 0.85714 BEST_EVAL_ACC: 0.9300, at 4501 iters BEST_TEST_ACC: 0.5820, at 4501 iters
[2024-03-03 01:01:32,457 INFO] 

epoch 20
[2024-03-03 01:04:04,125 INFO] validating...
[2024-03-03 01:04:09,903 INFO] model saved: saved_models/radformer/selfkd_deit_v8_exp4_tr_2/latest_model.pth
[2024-03-03 01:04:09,905 INFO] 4726 iteration, USE_EMA: True, train/sup_loss: 0.01531, train/unsup_loss: 0.02820, train/total_loss: 0.04351, train/util_ratio: 0.87500, train/run_time: 0.63830, lr: 0.00988, train/prefecth_time: 0.00601, eval/loss: 0.33768, eval/top-1-acc: 0.91000, eval/balanced_acc: 0.85847, eval/precision: 0.90149, eval/recall: 0.85847, eval/F1: 0.87682, eval/spec: 0.86486, eval/sens: 0.96825, test/loss: 1.18784, test/top-1-acc: 0.60656, test/balanced_acc: 0.59557, test/precision: 0.67019, test/recall: 0.59557, test/F1: 0.59598, test/spec: 0.65000, test/sens: 0.85714 BEST_EVAL_ACC: 0.9300, at 4501 iters BEST_TEST_ACC: 0.5820, at 4501 iters
[2024-03-03 01:04:09,908 INFO] 

epoch 21
[2024-03-03 01:06:41,789 INFO] validating...
[2024-03-03 01:06:47,536 INFO] model saved: saved_models/radformer/selfkd_deit_v8_exp4_tr_2/latest_model.pth
[2024-03-03 01:06:47,538 INFO] 4951 iteration, USE_EMA: True, train/sup_loss: 0.06335, train/unsup_loss: 0.01217, train/total_loss: 0.07552, train/util_ratio: 0.81250, train/run_time: 0.64023, lr: 0.00986, train/prefecth_time: 0.00687, eval/loss: 0.34149, eval/top-1-acc: 0.89000, eval/balanced_acc: 0.81680, eval/precision: 0.87198, eval/recall: 0.81680, eval/F1: 0.83489, eval/spec: 0.86486, eval/sens: 0.96825, test/loss: 1.17940, test/top-1-acc: 0.61475, test/balanced_acc: 0.60519, test/precision: 0.67681, test/recall: 0.60519, test/F1: 0.60932, test/spec: 0.66250, test/sens: 0.83333 BEST_EVAL_ACC: 0.9300, at 4501 iters BEST_TEST_ACC: 0.5820, at 4501 iters
[2024-03-03 01:06:47,541 INFO] 

epoch 22
[2024-03-03 01:09:18,704 INFO] validating...
[2024-03-03 01:09:24,501 INFO] model saved: saved_models/radformer/selfkd_deit_v8_exp4_tr_2/latest_model.pth
[2024-03-03 01:09:24,504 INFO] 5176 iteration, USE_EMA: True, train/sup_loss: 0.05378, train/unsup_loss: 0.01769, train/total_loss: 0.07147, train/util_ratio: 0.87500, train/run_time: 0.63652, lr: 0.00983, train/prefecth_time: 0.00595, eval/loss: 0.37405, eval/top-1-acc: 0.89000, eval/balanced_acc: 0.81680, eval/precision: 0.87198, eval/recall: 0.81680, eval/F1: 0.83489, eval/spec: 0.86486, eval/sens: 0.96825, test/loss: 1.17844, test/top-1-acc: 0.62295, test/balanced_acc: 0.61594, test/precision: 0.68384, test/recall: 0.61594, test/F1: 0.62110, test/spec: 0.66250, test/sens: 0.83333 BEST_EVAL_ACC: 0.9300, at 4501 iters BEST_TEST_ACC: 0.5820, at 4501 iters
[2024-03-03 01:09:24,508 INFO] 

epoch 23
[2024-03-03 01:11:56,162 INFO] validating...
[2024-03-03 01:12:01,649 INFO] model saved: saved_models/radformer/selfkd_deit_v8_exp4_tr_2/latest_model.pth
[2024-03-03 01:12:01,651 INFO] 5401 iteration, USE_EMA: True, train/sup_loss: 0.07459, train/unsup_loss: 0.01633, train/total_loss: 0.09092, train/util_ratio: 0.81250, train/run_time: 0.63775, lr: 0.00980, train/prefecth_time: 0.00693, eval/loss: 0.37233, eval/top-1-acc: 0.90000, eval/balanced_acc: 0.83763, eval/precision: 0.88636, eval/recall: 0.83763, eval/F1: 0.85622, eval/spec: 0.86486, eval/sens: 0.96825, test/loss: 1.17949, test/top-1-acc: 0.62295, test/balanced_acc: 0.61594, test/precision: 0.68384, test/recall: 0.61594, test/F1: 0.62110, test/spec: 0.66250, test/sens: 0.83333 BEST_EVAL_ACC: 0.9300, at 4501 iters BEST_TEST_ACC: 0.5820, at 4501 iters
[2024-03-03 01:12:01,654 INFO] 

epoch 24
[2024-03-03 01:14:33,228 INFO] validating...
[2024-03-03 01:14:38,892 INFO] model saved: saved_models/radformer/selfkd_deit_v8_exp4_tr_2/latest_model.pth
[2024-03-03 01:14:38,893 INFO] 5626 iteration, USE_EMA: True, train/sup_loss: 0.01535, train/unsup_loss: 0.02835, train/total_loss: 0.04370, train/util_ratio: 0.87500, train/run_time: 0.63963, lr: 0.00977, train/prefecth_time: 0.00602, eval/loss: 0.28614, eval/top-1-acc: 0.89000, eval/balanced_acc: 0.82176, eval/precision: 0.87888, eval/recall: 0.82176, eval/F1: 0.84457, eval/spec: 0.83784, eval/sens: 0.96825, test/loss: 1.18837, test/top-1-acc: 0.60656, test/balanced_acc: 0.59443, test/precision: 0.66965, test/recall: 0.59443, test/F1: 0.59716, test/spec: 0.66250, test/sens: 0.83333 BEST_EVAL_ACC: 0.9300, at 4501 iters BEST_TEST_ACC: 0.5820, at 4501 iters
[2024-03-03 01:14:38,897 INFO] 

epoch[2024-03-03 01:17:10,506 INFO] validating...
[2024-03-03 01:17:15,926 INFO] model saved: saved_models/radformer/selfkd_deit_v8_exp4_tr_2/latest_model.pth
[2024-03-03 01:17:17,950 INFO] model saved: saved_models/radformer/selfkd_deit_v8_exp4_tr_2/model_best.pth
[2024-03-03 01:17:17,952 INFO] 5851 iteration, USE_EMA: True, train/sup_loss: 0.03183, train/unsup_loss: 0.00857, train/total_loss: 0.04040, train/util_ratio: 0.87500, train/run_time: 0.64024, lr: 0.00974, train/prefecth_time: 0.00683, eval/loss: 0.24608, eval/top-1-acc: 0.93000, eval/balanced_acc: 0.89517, eval/precision: 0.93403, eval/recall: 0.89517, eval/F1: 0.91113, eval/spec: 0.89189, eval/sens: 0.96825, test/loss: 1.20050, test/top-1-acc: 0.63115, test/balanced_acc: 0.61879, test/precision: 0.70527, test/recall: 0.61879, test/F1: 0.62593, test/spec: 0.67500, test/sens: 0.83333 BEST_EVAL_ACC: 0.9300, at 5851 iters BEST_TEST_ACC: 0.6311, at 5851 iters
[2024-03-03 01:17:17,955 INFO] 

epoch 26
[2024-03-03 01:19:50,174 INFO] validating...
[2024-03-03 01:19:56,114 INFO] model saved: saved_models/radformer/selfkd_deit_v8_exp4_tr_2/latest_model.pth
[2024-03-03 01:19:56,116 INFO] 6076 iteration, USE_EMA: True, train/sup_loss: 0.01176, train/unsup_loss: 0.03314, train/total_loss: 0.04490, train/util_ratio: 0.93750, train/run_time: 0.63860, lr: 0.00970, train/prefecth_time: 0.00677, eval/loss: 0.39592, eval/top-1-acc: 0.90000, eval/balanced_acc: 0.82209, eval/precision: 0.90998, eval/recall: 0.82209, eval/F1: 0.85100, eval/spec: 0.83784, eval/sens: 0.98413, test/loss: 1.20274, test/top-1-acc: 0.63115, test/balanced_acc: 0.61879, test/precision: 0.68901, test/recall: 0.61879, test/F1: 0.62383, test/spec: 0.68750, test/sens: 0.83333 BEST_EVAL_ACC: 0.9300, at 5851 iters BEST_TEST_ACC: 0.6311, at 5851 iters
[2024-03-03 01:19:56,120 INFO] 

epoch 27
[2024-03-03 01:22:28,323 INFO] validating...
[2024-03-03 01:22:34,224 INFO] model saved: saved_models/radformer/selfkd_deit_v8_exp4_tr_2/latest_model.pth
[2024-03-03 01:22:34,225 INFO] 6301 iteration, USE_EMA: True, train/sup_loss: 0.05803, train/unsup_loss: 0.01842, train/total_loss: 0.07645, train/util_ratio: 0.87500, train/run_time: 0.64041, lr: 0.00966, train/prefecth_time: 0.00673, eval/loss: 0.38842, eval/top-1-acc: 0.89000, eval/balanced_acc: 0.80622, eval/precision: 0.87679, eval/recall: 0.80622, eval/F1: 0.83228, eval/spec: 0.83784, eval/sens: 0.98413, test/loss: 1.20632, test/top-1-acc: 0.63934, test/balanced_acc: 0.62559, test/precision: 0.69508, test/recall: 0.62559, test/F1: 0.63099, test/spec: 0.70000, test/sens: 0.83333 BEST_EVAL_ACC: 0.9300, at 5851 iters BEST_TEST_ACC: 0.6311, at 5851 iters
[2024-03-03 01:22:34,229 INFO] 

epoch 28
[2024-03-03 01:25:05,916 INFO] validating...
[2024-03-03 01:25:11,947 INFO] model saved: saved_models/radformer/selfkd_deit_v8_exp4_tr_2/latest_model.pth
[2024-03-03 01:25:11,948 INFO] 6526 iteration, USE_EMA: True, train/sup_loss: 0.01902, train/unsup_loss: 0.01647, train/total_loss: 0.03549, train/util_ratio: 0.87500, train/run_time: 0.63867, lr: 0.00962, train/prefecth_time: 0.00756, eval/loss: 0.39946, eval/top-1-acc: 0.90000, eval/balanced_acc: 0.83763, eval/precision: 0.87925, eval/recall: 0.83763, eval/F1: 0.85234, eval/spec: 0.89189, eval/sens: 0.96825, test/loss: 1.20027, test/top-1-acc: 0.63934, test/balanced_acc: 0.62559, test/precision: 0.69508, test/recall: 0.62559, test/F1: 0.63099, test/spec: 0.70000, test/sens: 0.83333 BEST_EVAL_ACC: 0.9300, at 5851 iters BEST_TEST_ACC: 0.6311, at 5851 iters
[2024-03-03 01:25:11,951 INFO] 

epoch 29
[2024-03-03 01:27:43,955 INFO] validating...
[2024-03-03 01:27:49,551 INFO] model saved: saved_models/radformer/selfkd_deit_v8_exp4_tr_2/latest_model.pth
[2024-03-03 01:27:49,552 INFO] 6751 iteration, USE_EMA: True, train/sup_loss: 0.04024, train/unsup_loss: 0.03275, train/total_loss: 0.07299, train/util_ratio: 0.87500, train/run_time: 0.63917, lr: 0.00958, train/prefecth_time: 0.00613, eval/loss: 0.33255, eval/top-1-acc: 0.92000, eval/balanced_acc: 0.84821, eval/precision: 0.91438, eval/recall: 0.84821, eval/F1: 0.87520, eval/spec: 0.86486, eval/sens: 1.00000, test/loss: 1.18715, test/top-1-acc: 0.63934, test/balanced_acc: 0.62559, test/precision: 0.69420, test/recall: 0.62559, test/F1: 0.63123, test/spec: 0.71250, test/sens: 0.83333 BEST_EVAL_ACC: 0.9300, at 5851 iters BEST_TEST_ACC: 0.6311, at 5851 iters
[2024-03-03 01:27:49,555 INFO] 

epoch 30
[2024-03-03 01:30:21,383 INFO] validating...
[2024-03-03 01:30:27,390 INFO] model saved: saved_models/radformer/selfkd_deit_v8_exp4_tr_2/latest_model.pth
[2024-03-03 01:30:27,391 INFO] 6976 iteration, USE_EMA: True, train/sup_loss: 0.02585, train/unsup_loss: 0.02914, train/total_loss: 0.05499, train/util_ratio: 0.87500, train/run_time: 0.64033, lr: 0.00954, train/prefecth_time: 0.00706, eval/loss: 0.33863, eval/top-1-acc: 0.88000, eval/balanced_acc: 0.81151, eval/precision: 0.86072, eval/recall: 0.81151, eval/F1: 0.82608, eval/spec: 0.86486, eval/sens: 0.95238, test/loss: 1.17277, test/top-1-acc: 0.63115, test/balanced_acc: 0.61484, test/precision: 0.68732, test/recall: 0.61484, test/F1: 0.61902, test/spec: 0.71250, test/sens: 0.83333 BEST_EVAL_ACC: 0.9300, at 5851 iters BEST_TEST_ACC: 0.6311, at 5851 iters
[2024-03-03 01:30:27,394 INFO] 

epoch 31
[2024-03-03 01:32:59,134 INFO] validating...
[2024-03-03 01:33:05,053 INFO] model saved: saved_models/radformer/selfkd_deit_v8_exp4_tr_2/latest_model.pth
[2024-03-03 01:33:05,054 INFO] 7201 iteration, USE_EMA: True, train/sup_loss: 0.04347, train/unsup_loss: 0.02239, train/total_loss: 0.06587, train/util_ratio: 0.81250, train/run_time: 0.63827, lr: 0.00949, train/prefecth_time: 0.00640, eval/loss: 0.35572, eval/top-1-acc: 0.91000, eval/balanced_acc: 0.85351, eval/precision: 0.89374, eval/recall: 0.85351, eval/F1: 0.86749, eval/spec: 0.89189, eval/sens: 0.96825, test/loss: 1.17706, test/top-1-acc: 0.63934, test/balanced_acc: 0.62164, test/precision: 0.71067, test/recall: 0.62164, test/F1: 0.62795, test/spec: 0.71250, test/sens: 0.83333 BEST_EVAL_ACC: 0.9300, at 5851 iters BEST_TEST_ACC: 0.6311, at 5851 iters
[2024-03-03 01:33:05,059 INFO] 

epoch 32
[2024-03-03 01:35:36,804 INFO] validating...
[2024-03-03 01:35:42,684 INFO] model saved: saved_models/radformer/selfkd_deit_v8_exp4_tr_2/latest_model.pth
[2024-03-03 01:35:42,685 INFO] 7426 iteration, USE_EMA: True, train/sup_loss: 0.06086, train/unsup_loss: 0.01456, train/total_loss: 0.07542, train/util_ratio: 0.87500, train/run_time: 0.63860, lr: 0.00944, train/prefecth_time: 0.00668, eval/loss: 0.35239, eval/top-1-acc: 0.89000, eval/balanced_acc: 0.83234, eval/precision: 0.87412, eval/recall: 0.83234, eval/F1: 0.84713, eval/spec: 0.86486, eval/sens: 0.95238, test/loss: 1.18122, test/top-1-acc: 0.63934, test/balanced_acc: 0.62164, test/precision: 0.71067, test/recall: 0.62164, test/F1: 0.62795, test/spec: 0.71250, test/sens: 0.83333 BEST_EVAL_ACC: 0.9300, at 5851 iters BEST_TEST_ACC: 0.6311, at 5851 iters
[2024-03-03 01:35:42,688 INFO] 

epoch 33
[2024-03-03 01:38:14,306 INFO] validating...
[2024-03-03 01:38:19,954 INFO] model saved: saved_models/radformer/selfkd_deit_v8_exp4_tr_2/latest_model.pth
[2024-03-03 01:38:19,956 INFO] 7651 iteration, USE_EMA: True, train/sup_loss: 0.01679, train/unsup_loss: 0.00727, train/total_loss: 0.02405, train/util_ratio: 0.81250, train/run_time: 0.63773, lr: 0.00939, train/prefecth_time: 0.00721, eval/loss: 0.34447, eval/top-1-acc: 0.90000, eval/balanced_acc: 0.83763, eval/precision: 0.88636, eval/recall: 0.83763, eval/F1: 0.85622, eval/spec: 0.86486, eval/sens: 0.96825, test/loss: 1.18792, test/top-1-acc: 0.63934, test/balanced_acc: 0.62164, test/precision: 0.71067, test/recall: 0.62164, test/F1: 0.62795, test/spec: 0.71250, test/sens: 0.83333 BEST_EVAL_ACC: 0.9300, at 5851 iters BEST_TEST_ACC: 0.6311, at 5851 iters
[2024-03-03 01:38:19,960 INFO] 

epoch 34
[2024-03-03 01:40:51,747 INFO] validating...
[2024-03-03 01:40:57,306 INFO] model saved: saved_models/radformer/selfkd_deit_v8_exp4_tr_2/latest_model.pth
[2024-03-03 01:40:57,307 INFO] 7876 iteration, USE_EMA: True, train/sup_loss: 0.03142, train/unsup_loss: 0.01286, train/total_loss: 0.04428, train/util_ratio: 0.93750, train/run_time: 0.63982, lr: 0.00934, train/prefecth_time: 0.00695, eval/loss: 0.37812, eval/top-1-acc: 0.91000, eval/balanced_acc: 0.84292, eval/precision: 0.89973, eval/recall: 0.84292, eval/F1: 0.86557, eval/spec: 0.86486, eval/sens: 0.98413, test/loss: 1.19325, test/top-1-acc: 0.64754, test/balanced_acc: 0.62845, test/precision: 0.71682, test/recall: 0.62845, test/F1: 0.63495, test/spec: 0.72500, test/sens: 0.83333 BEST_EVAL_ACC: 0.9300, at 5851 iters BEST_TEST_ACC: 0.6311, at 5851 iters
[2024-03-03 01:40:57,310 INFO] 

epoch 35
[2024-03-03 01:43:29,285 INFO] validating...
[2024-03-03 01:43:34,985 INFO] model saved: saved_models/radformer/selfkd_deit_v8_exp4_tr_2/latest_model.pth
[2024-03-03 01:43:34,987 INFO] 8101 iteration, USE_EMA: True, train/sup_loss: 0.08497, train/unsup_loss: 0.01249, train/total_loss: 0.09746, train/util_ratio: 0.87500, train/run_time: 0.63870, lr: 0.00928, train/prefecth_time: 0.00704, eval/loss: 0.35974, eval/top-1-acc: 0.88000, eval/balanced_acc: 0.80093, eval/precision: 0.84343, eval/recall: 0.80093, eval/F1: 0.81691, eval/spec: 0.86486, eval/sens: 0.96825, test/loss: 1.20659, test/top-1-acc: 0.64754, test/balanced_acc: 0.62845, test/precision: 0.71682, test/recall: 0.62845, test/F1: 0.63495, test/spec: 0.72500, test/sens: 0.83333 BEST_EVAL_ACC: 0.9300, at 5851 iters BEST_TEST_ACC: 0.6311, at 5851 iters
[2024-03-03 01:43:34,992 INFO] 

epoch 36
[2024-03-03 01:46:06,846 INFO] validating...
[2024-03-03 01:46:12,617 INFO] model saved: saved_models/radformer/selfkd_deit_v8_exp4_tr_2/latest_model.pth
[2024-03-03 01:46:12,618 INFO] 8326 iteration, USE_EMA: True, train/sup_loss: 0.05712, train/unsup_loss: 0.06580, train/total_loss: 0.12292, train/util_ratio: 0.87500, train/run_time: 0.63791, lr: 0.00922, train/prefecth_time: 0.00587, eval/loss: 0.29995, eval/top-1-acc: 0.93000, eval/balanced_acc: 0.88525, eval/precision: 0.93104, eval/recall: 0.88525, eval/F1: 0.89616, eval/spec: 0.91892, eval/sens: 0.96825, test/loss: 1.20620, test/top-1-acc: 0.63934, test/balanced_acc: 0.62164, test/precision: 0.69357, test/recall: 0.62164, test/F1: 0.62612, test/spec: 0.72500, test/sens: 0.83333 BEST_EVAL_ACC: 0.9300, at 5851 iters BEST_TEST_ACC: 0.6311, at 5851 iters
[2024-03-03 01:46:12,621 INFO] 

epoch 37
[2024-03-03 01:48:44,469 INFO] validating...
[2024-03-03 01:48:50,213 INFO] model saved: saved_models/radformer/selfkd_deit_v8_exp4_tr_2/latest_model.pth
[2024-03-03 01:48:50,215 INFO] 8551 iteration, USE_EMA: True, train/sup_loss: 0.03943, train/unsup_loss: 0.00676, train/total_loss: 0.04620, train/util_ratio: 0.87500, train/run_time: 0.63771, lr: 0.00916, train/prefecth_time: 0.01119, eval/loss: 0.36545, eval/top-1-acc: 0.92000, eval/balanced_acc: 0.84821, eval/precision: 0.92787, eval/recall: 0.84821, eval/F1: 0.87793, eval/spec: 0.86486, eval/sens: 1.00000, test/loss: 1.20425, test/top-1-acc: 0.63934, test/balanced_acc: 0.61769, test/precision: 0.71109, test/recall: 0.61769, test/F1: 0.62213, test/spec: 0.72500, test/sens: 0.83333 BEST_EVAL_ACC: 0.9300, at 5851 iters BEST_TEST_ACC: 0.6311, at 5851 iters
[2024-03-03 01:48:50,218 INFO] 

epoch 38
[2024-03-03 01:51:21,864 INFO] validating...
[2024-03-03 01:51:27,719 INFO] model saved: saved_models/radformer/selfkd_deit_v8_exp4_tr_2/latest_model.pth
[2024-03-03 01:51:27,721 INFO] 8776 iteration, USE_EMA: True, train/sup_loss: 0.02480, train/unsup_loss: 0.02469, train/total_loss: 0.04949, train/util_ratio: 0.87500, train/run_time: 0.63710, lr: 0.00910, train/prefecth_time: 0.00733, eval/loss: 0.42294, eval/top-1-acc: 0.90000, eval/balanced_acc: 0.84821, eval/precision: 0.90491, eval/recall: 0.84821, eval/F1: 0.86559, eval/spec: 0.86486, eval/sens: 0.95238, test/loss: 1.19923, test/top-1-acc: 0.63115, test/balanced_acc: 0.61089, test/precision: 0.68647, test/recall: 0.61089, test/F1: 0.61347, test/spec: 0.72500, test/sens: 0.83333 BEST_EVAL_ACC: 0.9300, at 5851 iters BEST_TEST_ACC: 0.6311, at 5851 iters
[2024-03-03 01:51:27,724 INFO] 

epoch 39
[2024-03-03 01:53:59,587 INFO] validating...
[2024-03-03 01:54:05,496 INFO] model saved: saved_models/radformer/selfkd_deit_v8_exp4_tr_2/latest_model.pth
[2024-03-03 01:54:05,497 INFO] 9001 iteration, USE_EMA: True, train/sup_loss: 0.02105, train/unsup_loss: 0.01035, train/total_loss: 0.03141, train/util_ratio: 0.87500, train/run_time: 0.63810, lr: 0.00904, train/prefecth_time: 0.00755, eval/loss: 0.32258, eval/top-1-acc: 0.91000, eval/balanced_acc: 0.84292, eval/precision: 0.89973, eval/recall: 0.84292, eval/F1: 0.86557, eval/spec: 0.86486, eval/sens: 0.98413, test/loss: 1.18641, test/top-1-acc: 0.62295, test/balanced_acc: 0.60014, test/precision: 0.67904, test/recall: 0.60014, test/F1: 0.60038, test/spec: 0.72500, test/sens: 0.83333 BEST_EVAL_ACC: 0.9300, at 5851 iters BEST_TEST_ACC: 0.6311, at 5851 iters
[2024-03-03 01:54:05,499 INFO] 

epoch 40
[2024-03-03 01:56:37,751 INFO] validating...
[2024-03-03 01:56:43,684 INFO] model saved: saved_models/radformer/selfkd_deit_v8_exp4_tr_2/latest_model.pth
[2024-03-03 01:56:43,687 INFO] 9226 iteration, USE_EMA: True, train/sup_loss: 0.10796, train/unsup_loss: 0.01550, train/total_loss: 0.12345, train/util_ratio: 0.87500, train/run_time: 0.63657, lr: 0.00897, train/prefecth_time: 0.00679, eval/loss: 0.40569, eval/top-1-acc: 0.90000, eval/balanced_acc: 0.83763, eval/precision: 0.88636, eval/recall: 0.83763, eval/F1: 0.85622, eval/spec: 0.86486, eval/sens: 0.96825, test/loss: 1.19081, test/top-1-acc: 0.62295, test/balanced_acc: 0.60014, test/precision: 0.67904, test/recall: 0.60014, test/F1: 0.60038, test/spec: 0.72500, test/sens: 0.83333 BEST_EVAL_ACC: 0.9300, at 5851 iters BEST_TEST_ACC: 0.6311, at 5851 iters
[2024-03-03 01:56:43,692 INFO] 

epoch 41
[2024-03-03 01:59:15,450 INFO] validating...
[2024-03-03 01:59:20,994 INFO] model saved: saved_models/radformer/selfkd_deit_v8_exp4_tr_2/latest_model.pth
[2024-03-03 01:59:20,995 INFO] 9451 iteration, USE_EMA: True, train/sup_loss: 0.06970, train/unsup_loss: 0.01971, train/total_loss: 0.08941, train/util_ratio: 0.87500, train/run_time: 0.63783, lr: 0.00890, train/prefecth_time: 0.00735, eval/loss: 0.33936, eval/top-1-acc: 0.89000, eval/balanced_acc: 0.83234, eval/precision: 0.87412, eval/recall: 0.83234, eval/F1: 0.84713, eval/spec: 0.86486, eval/sens: 0.95238, test/loss: 1.18886, test/top-1-acc: 0.62295, test/balanced_acc: 0.60014, test/precision: 0.67904, test/recall: 0.60014, test/F1: 0.60038, test/spec: 0.72500, test/sens: 0.83333 BEST_EVAL_ACC: 0.9300, at 5851 iters BEST_TEST_ACC: 0.6311, at 5851 iters
[2024-03-03 01:59:20,999 INFO] 

epoch 42
[2024-03-03 02:01:52,842 INFO] validating...
[2024-03-03 02:01:58,514 INFO] model saved: saved_models/radformer/selfkd_deit_v8_exp4_tr_2/latest_model.pth
[2024-03-03 02:01:58,515 INFO] 9676 iteration, USE_EMA: True, train/sup_loss: 0.02558, train/unsup_loss: 0.02273, train/total_loss: 0.04830, train/util_ratio: 0.93750, train/run_time: 0.63864, lr: 0.00883, train/prefecth_time: 0.00663, eval/loss: 0.36559, eval/top-1-acc: 0.90000, eval/balanced_acc: 0.83763, eval/precision: 0.88636, eval/recall: 0.83763, eval/F1: 0.85622, eval/spec: 0.86486, eval/sens: 0.96825, test/loss: 1.17849, test/top-1-acc: 0.62295, test/balanced_acc: 0.60014, test/precision: 0.67904, test/recall: 0.60014, test/F1: 0.60038, test/spec: 0.72500, test/sens: 0.83333 BEST_EVAL_ACC: 0.9300, at 5851 iters BEST_TEST_ACC: 0.6311, at 5851 iters
[2024-03-03 02:01:58,518 INFO] 

epoch 43
[2024-03-03 02:04:30,490 INFO] validating...
[2024-03-03 02:04:36,166 INFO] model saved: saved_models/radformer/selfkd_deit_v8_exp4_tr_2/latest_model.pth
[2024-03-03 02:04:36,169 INFO] 9901 iteration, USE_EMA: True, train/sup_loss: 0.02859, train/unsup_loss: 0.00804, train/total_loss: 0.03663, train/util_ratio: 0.87500, train/run_time: 0.63716, lr: 0.00876, train/prefecth_time: 0.00691, eval/loss: 0.31030, eval/top-1-acc: 0.92000, eval/balanced_acc: 0.87434, eval/precision: 0.92929, eval/recall: 0.87434, eval/F1: 0.89553, eval/spec: 0.86486, eval/sens: 0.96825, test/loss: 1.16235, test/top-1-acc: 0.63115, test/balanced_acc: 0.61089, test/precision: 0.68647, test/recall: 0.61089, test/F1: 0.61347, test/spec: 0.72500, test/sens: 0.83333 BEST_EVAL_ACC: 0.9300, at 5851 iters BEST_TEST_ACC: 0.6311, at 5851 iters
[2024-03-03 02:04:36,175 INFO] 

epoch 44
[2024-03-03 02:07:08,097 INFO] validating...
[2024-03-03 02:07:13,685 INFO] model saved: saved_models/radformer/selfkd_deit_v8_exp4_tr_2/latest_model.pth
[2024-03-03 02:07:13,686 INFO] 10126 iteration, USE_EMA: True, train/sup_loss: 0.02472, train/unsup_loss: 0.01315, train/total_loss: 0.03787, train/util_ratio: 0.87500, train/run_time: 0.64111, lr: 0.00868, train/prefecth_time: 0.00672, eval/loss: 0.40918, eval/top-1-acc: 0.91000, eval/balanced_acc: 0.84292, eval/precision: 0.89973, eval/recall: 0.84292, eval/F1: 0.86557, eval/spec: 0.86486, eval/sens: 0.98413, test/loss: 1.16240, test/top-1-acc: 0.63115, test/balanced_acc: 0.61089, test/precision: 0.68636, test/recall: 0.61089, test/F1: 0.61389, test/spec: 0.73750, test/sens: 0.83333 BEST_EVAL_ACC: 0.9300, at 5851 iters BEST_TEST_ACC: 0.6311, at 5851 iters
[2024-03-03 02:07:13,690 INFO] 

epoch 45
[2024-03-03 02:09:45,704 INFO] validating...
[2024-03-03 02:09:51,315 INFO] model saved: saved_models/radformer/selfkd_deit_v8_exp4_tr_2/latest_model.pth
[2024-03-03 02:09:51,316 INFO] 10351 iteration, USE_EMA: True, train/sup_loss: 0.02667, train/unsup_loss: 0.00792, train/total_loss: 0.03459, train/util_ratio: 0.87500, train/run_time: 0.64239, lr: 0.00861, train/prefecth_time: 0.00659, eval/loss: 0.34019, eval/top-1-acc: 0.89000, eval/balanced_acc: 0.83234, eval/precision: 0.87412, eval/recall: 0.83234, eval/F1: 0.84713, eval/spec: 0.86486, eval/sens: 0.95238, test/loss: 1.15153, test/top-1-acc: 0.63115, test/balanced_acc: 0.60976, test/precision: 0.68695, test/recall: 0.60976, test/F1: 0.61454, test/spec: 0.75000, test/sens: 0.80952 BEST_EVAL_ACC: 0.9300, at 5851 iters BEST_TEST_ACC: 0.6311, at 5851 iters
[2024-03-03 02:09:51,325 INFO] 

epoch 46
[2024-03-03 02:12:22,908 INFO] validating...
[2024-03-03 02:12:28,430 INFO] model saved: saved_models/radformer/selfkd_deit_v8_exp4_tr_2/latest_model.pth
[2024-03-03 02:12:28,431 INFO] 10576 iteration, USE_EMA: True, train/sup_loss: 0.02545, train/unsup_loss: 0.00567, train/total_loss: 0.03112, train/util_ratio: 0.75000, train/run_time: 0.63739, lr: 0.00853, train/prefecth_time: 0.00659, eval/loss: 0.34887, eval/top-1-acc: 0.90000, eval/balanced_acc: 0.83763, eval/precision: 0.90954, eval/recall: 0.83763, eval/F1: 0.86350, eval/spec: 0.83784, eval/sens: 0.96825, test/loss: 1.14242, test/top-1-acc: 0.63115, test/balanced_acc: 0.61371, test/precision: 0.68726, test/recall: 0.61371, test/F1: 0.62010, test/spec: 0.73750, test/sens: 0.80952 BEST_EVAL_ACC: 0.9300, at 5851 iters BEST_TEST_ACC: 0.6311, at 5851 iters
[2024-03-03 02:12:28,434 INFO] 

epoch 47
[2024-03-03 02:14:59,882 INFO] validating...
[2024-03-03 02:15:05,620 INFO] model saved: saved_models/radformer/selfkd_deit_v8_exp4_tr_2/latest_model.pth
[2024-03-03 02:15:05,621 INFO] 10801 iteration, USE_EMA: True, train/sup_loss: 0.05393, train/unsup_loss: 0.01039, train/total_loss: 0.06432, train/util_ratio: 0.87500, train/run_time: 0.63851, lr: 0.00845, train/prefecth_time: 0.00696, eval/loss: 0.30999, eval/top-1-acc: 0.93000, eval/balanced_acc: 0.89021, eval/precision: 0.93601, eval/recall: 0.89021, eval/F1: 0.90645, eval/spec: 0.89189, eval/sens: 0.96825, test/loss: 1.13610, test/top-1-acc: 0.63934, test/balanced_acc: 0.62051, test/precision: 0.69373, test/recall: 0.62051, test/F1: 0.62713, test/spec: 0.75000, test/sens: 0.80952 BEST_EVAL_ACC: 0.9300, at 5851 iters BEST_TEST_ACC: 0.6311, at 5851 iters
[2024-03-03 02:15:05,625 INFO] 

epoch 48
[2024-03-03 02:17:37,395 INFO] validating...
[2024-03-03 02:17:43,221 INFO] model saved: saved_models/radformer/selfkd_deit_v8_exp4_tr_2/latest_model.pth
[2024-03-03 02:17:43,222 INFO] 11026 iteration, USE_EMA: True, train/sup_loss: 0.03278, train/unsup_loss: 0.00925, train/total_loss: 0.04203, train/util_ratio: 0.87500, train/run_time: 0.63731, lr: 0.00836, train/prefecth_time: 0.00644, eval/loss: 0.35382, eval/top-1-acc: 0.91000, eval/balanced_acc: 0.85351, eval/precision: 0.91678, eval/recall: 0.85351, eval/F1: 0.87473, eval/spec: 0.86486, eval/sens: 0.96825, test/loss: 1.12461, test/top-1-acc: 0.63934, test/balanced_acc: 0.62051, test/precision: 0.69373, test/recall: 0.62051, test/F1: 0.62713, test/spec: 0.75000, test/sens: 0.80952 BEST_EVAL_ACC: 0.9300, at 5851 iters BEST_TEST_ACC: 0.6311, at 5851 iters
[2024-03-03 02:17:43,225 INFO] 

epoch 49
[2024-03-03 02:20:14,794 INFO] validating...
[2024-03-03 02:20:20,689 INFO] model saved: saved_models/radformer/selfkd_deit_v8_exp4_tr_2/latest_model.pth
[2024-03-03 02:20:20,691 INFO] 11251 iteration, USE_EMA: True, train/sup_loss: 0.03008, train/unsup_loss: 0.01229, train/total_loss: 0.04237, train/util_ratio: 0.81250, train/run_time: 0.63874, lr: 0.00828, train/prefecth_time: 0.00644, eval/loss: 0.29674, eval/top-1-acc: 0.92000, eval/balanced_acc: 0.84821, eval/precision: 0.91438, eval/recall: 0.84821, eval/F1: 0.87520, eval/spec: 0.86486, eval/sens: 1.00000, test/loss: 1.12026, test/top-1-acc: 0.63934, test/balanced_acc: 0.62051, test/precision: 0.69373, test/recall: 0.62051, test/F1: 0.62713, test/spec: 0.75000, test/sens: 0.80952 BEST_EVAL_ACC: 0.9300, at 5851 iters BEST_TEST_ACC: 0.6311, at 5851 iters
[2024-03-03 02:20:20,694 INFO] 

epoch 50
[2024-03-03 02:22:52,236 INFO] validating...
[2024-03-03 02:22:58,309 INFO] model saved: saved_models/radformer/selfkd_deit_v8_exp4_tr_2/latest_model.pth
[2024-03-03 02:22:58,310 INFO] 11476 iteration, USE_EMA: True, train/sup_loss: 0.02582, train/unsup_loss: 0.01565, train/total_loss: 0.04147, train/util_ratio: 0.87500, train/run_time: 0.63696, lr: 0.00819, train/prefecth_time: 0.00680, eval/loss: 0.35478, eval/top-1-acc: 0.91000, eval/balanced_acc: 0.85351, eval/precision: 0.91678, eval/recall: 0.85351, eval/F1: 0.87473, eval/spec: 0.86486, eval/sens: 0.96825, test/loss: 1.11859, test/top-1-acc: 0.63934, test/balanced_acc: 0.62051, test/precision: 0.69373, test/recall: 0.62051, test/F1: 0.62713, test/spec: 0.75000, test/sens: 0.80952 BEST_EVAL_ACC: 0.9300, at 5851 iters BEST_TEST_ACC: 0.6311, at 5851 iters
[2024-03-03 02:22:58,314 INFO] 

epoch 51
[2024-03-03 02:25:30,061 INFO] validating...
[2024-03-03 02:25:35,999 INFO] model saved: saved_models/radformer/selfkd_deit_v8_exp4_tr_2/latest_model.pth
[2024-03-03 02:25:36,000 INFO] 11701 iteration, USE_EMA: True, train/sup_loss: 0.01797, train/unsup_loss: 0.01109, train/total_loss: 0.02905, train/util_ratio: 0.81250, train/run_time: 0.63442, lr: 0.00810, train/prefecth_time: 0.00718, eval/loss: 0.31821, eval/top-1-acc: 0.90000, eval/balanced_acc: 0.83267, eval/precision: 0.90530, eval/recall: 0.83267, eval/F1: 0.85314, eval/spec: 0.86486, eval/sens: 0.96825, test/loss: 1.11583, test/top-1-acc: 0.63934, test/balanced_acc: 0.62051, test/precision: 0.69373, test/recall: 0.62051, test/F1: 0.62713, test/spec: 0.75000, test/sens: 0.80952 BEST_EVAL_ACC: 0.9300, at 5851 iters BEST_TEST_ACC: 0.6311, at 5851 iters
[2024-03-03 02:25:36,006 INFO] 

epoch 52
[2024-03-03 02:28:07,686 INFO] validating...
[2024-03-03 02:28:13,834 INFO] model saved: saved_models/radformer/selfkd_deit_v8_exp4_tr_2/latest_model.pth
[2024-03-03 02:28:13,836 INFO] 11926 iteration, USE_EMA: True, train/sup_loss: 0.01131, train/unsup_loss: 0.05045, train/total_loss: 0.06176, train/util_ratio: 0.81250, train/run_time: 0.63939, lr: 0.00801, train/prefecth_time: 0.00915, eval/loss: 0.37801, eval/top-1-acc: 0.89000, eval/balanced_acc: 0.83234, eval/precision: 0.87412, eval/recall: 0.83234, eval/F1: 0.84713, eval/spec: 0.86486, eval/sens: 0.95238, test/loss: 1.11606, test/top-1-acc: 0.63934, test/balanced_acc: 0.62051, test/precision: 0.69373, test/recall: 0.62051, test/F1: 0.62713, test/spec: 0.75000, test/sens: 0.80952 BEST_EVAL_ACC: 0.9300, at 5851 iters BEST_TEST_ACC: 0.6311, at 5851 iters
[2024-03-03 02:28:13,840 INFO] 

epoch 53
[2024-03-03 02:30:45,017 INFO] validating...
[2024-03-03 02:30:50,785 INFO] model saved: saved_models/radformer/selfkd_deit_v8_exp4_tr_2/latest_model.pth
[2024-03-03 02:30:50,786 INFO] 12151 iteration, USE_EMA: True, train/sup_loss: 0.01069, train/unsup_loss: 0.01006, train/total_loss: 0.02075, train/util_ratio: 0.87500, train/run_time: 0.64031, lr: 0.00792, train/prefecth_time: 0.00759, eval/loss: 0.36373, eval/top-1-acc: 0.90000, eval/balanced_acc: 0.83763, eval/precision: 0.88636, eval/recall: 0.83763, eval/F1: 0.85622, eval/spec: 0.86486, eval/sens: 0.96825, test/loss: 1.10847, test/top-1-acc: 0.64754, test/balanced_acc: 0.62731, test/precision: 0.70026, test/recall: 0.62731, test/F1: 0.63412, test/spec: 0.76250, test/sens: 0.80952 BEST_EVAL_ACC: 0.9300, at 5851 iters BEST_TEST_ACC: 0.6311, at 5851 iters
[2024-03-03 02:30:50,790 INFO] 

epoch 54
[2024-03-03 02:33:22,594 INFO] validating...
[2024-03-03 02:33:28,064 INFO] model saved: saved_models/radformer/selfkd_deit_v8_exp4_tr_2/latest_model.pth
[2024-03-03 02:33:28,065 INFO] 12376 iteration, USE_EMA: True, train/sup_loss: 0.02041, train/unsup_loss: 0.03702, train/total_loss: 0.05743, train/util_ratio: 0.87500, train/run_time: 0.63890, lr: 0.00783, train/prefecth_time: 0.00994, eval/loss: 0.37017, eval/top-1-acc: 0.91000, eval/balanced_acc: 0.84788, eval/precision: 0.88218, eval/recall: 0.84788, eval/F1: 0.86350, eval/spec: 0.89189, eval/sens: 0.98413, test/loss: 1.10851, test/top-1-acc: 0.64754, test/balanced_acc: 0.62731, test/precision: 0.70026, test/recall: 0.62731, test/F1: 0.63412, test/spec: 0.76250, test/sens: 0.80952 BEST_EVAL_ACC: 0.9300, at 5851 iters BEST_TEST_ACC: 0.6311, at 5851 iters
[2024-03-03 02:33:28,070 INFO] 

epoch 55
[2024-03-03 02:35:59,681 INFO] validating...
[2024-03-03 02:36:05,391 INFO] model saved: saved_models/radformer/selfkd_deit_v8_exp4_tr_2/latest_model.pth
[2024-03-03 02:36:05,392 INFO] 12601 iteration, USE_EMA: True, train/sup_loss: 0.06875, train/unsup_loss: 0.00650, train/total_loss: 0.07526, train/util_ratio: 0.81250, train/run_time: 0.63816, lr: 0.00773, train/prefecth_time: 0.00591, eval/loss: 0.35149, eval/top-1-acc: 0.89000, eval/balanced_acc: 0.83234, eval/precision: 0.87412, eval/recall: 0.83234, eval/F1: 0.84713, eval/spec: 0.86486, eval/sens: 0.95238, test/loss: 1.10377, test/top-1-acc: 0.64754, test/balanced_acc: 0.62731, test/precision: 0.70026, test/recall: 0.62731, test/F1: 0.63412, test/spec: 0.76250, test/sens: 0.80952 BEST_EVAL_ACC: 0.9300, at 5851 iters BEST_TEST_ACC: 0.6311, at 5851 iters
[2024-03-03 02:36:05,395 INFO] 

epoch 56
[2024-03-03 02:38:36,679 INFO] validating...
[2024-03-03 02:38:42,234 INFO] model saved: saved_models/radformer/selfkd_deit_v8_exp4_tr_2/latest_model.pth
[2024-03-03 02:38:42,235 INFO] 12826 iteration, USE_EMA: True, train/sup_loss: 0.04252, train/unsup_loss: 0.02362, train/total_loss: 0.06614, train/util_ratio: 0.87500, train/run_time: 0.63993, lr: 0.00763, train/prefecth_time: 0.00701, eval/loss: 0.43510, eval/top-1-acc: 0.89000, eval/balanced_acc: 0.81680, eval/precision: 0.87198, eval/recall: 0.81680, eval/F1: 0.83489, eval/spec: 0.86486, eval/sens: 0.96825, test/loss: 1.10984, test/top-1-acc: 0.64754, test/balanced_acc: 0.62618, test/precision: 0.70100, test/recall: 0.62618, test/F1: 0.63449, test/spec: 0.77500, test/sens: 0.78571 BEST_EVAL_ACC: 0.9300, at 5851 iters BEST_TEST_ACC: 0.6311, at 5851 iters
[2024-03-03 02:38:42,238 INFO] 

epoch 57
[2024-03-03 02:41:13,948 INFO] validating...
[2024-03-03 02:41:19,612 INFO] model saved: saved_models/radformer/selfkd_deit_v8_exp4_tr_2/latest_model.pth
[2024-03-03 02:41:19,613 INFO] 13051 iteration, USE_EMA: True, train/sup_loss: 0.02852, train/unsup_loss: 0.00833, train/total_loss: 0.03685, train/util_ratio: 0.75000, train/run_time: 0.63787, lr: 0.00753, train/prefecth_time: 0.00640, eval/loss: 0.40548, eval/top-1-acc: 0.87000, eval/balanced_acc: 0.79563, eval/precision: 0.85244, eval/recall: 0.79563, eval/F1: 0.81457, eval/spec: 0.83784, eval/sens: 0.95238, test/loss: 1.11651, test/top-1-acc: 0.64754, test/balanced_acc: 0.62618, test/precision: 0.70100, test/recall: 0.62618, test/F1: 0.63449, test/spec: 0.77500, test/sens: 0.78571 BEST_EVAL_ACC: 0.9300, at 5851 iters BEST_TEST_ACC: 0.6311, at 5851 iters
[2024-03-03 02:41:19,616 INFO] 

epoch 58
[2024-03-03 02:43:51,652 INFO] validating...
[2024-03-03 02:43:57,249 INFO] model saved: saved_models/radformer/selfkd_deit_v8_exp4_tr_2/latest_model.pth
[2024-03-03 02:43:57,251 INFO] 13276 iteration, USE_EMA: True, train/sup_loss: 0.01300, train/unsup_loss: 0.00869, train/total_loss: 0.02169, train/util_ratio: 0.87500, train/run_time: 0.64003, lr: 0.00743, train/prefecth_time: 0.00878, eval/loss: 0.35846, eval/top-1-acc: 0.90000, eval/balanced_acc: 0.84821, eval/precision: 0.90491, eval/recall: 0.84821, eval/F1: 0.86559, eval/spec: 0.86486, eval/sens: 0.95238, test/loss: 1.12245, test/top-1-acc: 0.64754, test/balanced_acc: 0.62618, test/precision: 0.70100, test/recall: 0.62618, test/F1: 0.63449, test/spec: 0.77500, test/sens: 0.78571 BEST_EVAL_ACC: 0.9300, at 5851 iters BEST_TEST_ACC: 0.6311, at 5851 iters
[2024-03-03 02:43:57,255 INFO] 

epoch 59
[2024-03-03 02:46:28,796 INFO] validating...
[2024-03-03 02:46:34,436 INFO] model saved: saved_models/radformer/selfkd_deit_v8_exp4_tr_2/latest_model.pth
[2024-03-03 02:46:34,437 INFO] 13501 iteration, USE_EMA: True, train/sup_loss: 0.00899, train/unsup_loss: 0.01842, train/total_loss: 0.02741, train/util_ratio: 0.87500, train/run_time: 0.64080, lr: 0.00733, train/prefecth_time: 0.00775, eval/loss: 0.35615, eval/top-1-acc: 0.90000, eval/balanced_acc: 0.84259, eval/precision: 0.86838, eval/recall: 0.84259, eval/F1: 0.85422, eval/spec: 0.89189, eval/sens: 0.96825, test/loss: 1.12138, test/top-1-acc: 0.64754, test/balanced_acc: 0.62618, test/precision: 0.70187, test/recall: 0.62618, test/F1: 0.63508, test/spec: 0.78750, test/sens: 0.78571 BEST_EVAL_ACC: 0.9300, at 5851 iters BEST_TEST_ACC: 0.6311, at 5851 iters
[2024-03-03 02:46:34,440 INFO] 

epoch 60
[2024-03-03 02:49:05,817 INFO] validating...
[2024-03-03 02:49:11,470 INFO] model saved: saved_models/radformer/selfkd_deit_v8_exp4_tr_2/latest_model.pth
[2024-03-03 02:49:11,471 INFO] 13726 iteration, USE_EMA: True, train/sup_loss: 0.00773, train/unsup_loss: 0.01958, train/total_loss: 0.02731, train/util_ratio: 0.87500, train/run_time: 0.63962, lr: 0.00722, train/prefecth_time: 0.00627, eval/loss: 0.31129, eval/top-1-acc: 0.92000, eval/balanced_acc: 0.85880, eval/precision: 0.90657, eval/recall: 0.85880, eval/F1: 0.87689, eval/spec: 0.89189, eval/sens: 0.98413, test/loss: 1.12540, test/top-1-acc: 0.64754, test/balanced_acc: 0.62618, test/precision: 0.70187, test/recall: 0.62618, test/F1: 0.63508, test/spec: 0.78750, test/sens: 0.78571 BEST_EVAL_ACC: 0.9300, at 5851 iters BEST_TEST_ACC: 0.6311, at 5851 iters
[2024-03-03 02:49:11,474 INFO] 

epoch 61
[2024-03-03 02:51:43,117 INFO] validating...
[2024-03-03 02:51:49,159 INFO] model saved: saved_models/radformer/selfkd_deit_v8_exp4_tr_2/latest_model.pth
[2024-03-03 02:51:49,160 INFO] 13951 iteration, USE_EMA: True, train/sup_loss: 0.01658, train/unsup_loss: 0.00984, train/total_loss: 0.02642, train/util_ratio: 0.87500, train/run_time: 0.63918, lr: 0.00712, train/prefecth_time: 0.00663, eval/loss: 0.41500, eval/top-1-acc: 0.89000, eval/balanced_acc: 0.83234, eval/precision: 0.87412, eval/recall: 0.83234, eval/F1: 0.84713, eval/spec: 0.86486, eval/sens: 0.95238, test/loss: 1.12118, test/top-1-acc: 0.64754, test/balanced_acc: 0.62618, test/precision: 0.70187, test/recall: 0.62618, test/F1: 0.63508, test/spec: 0.78750, test/sens: 0.78571 BEST_EVAL_ACC: 0.9300, at 5851 iters BEST_TEST_ACC: 0.6311, at 5851 iters
[2024-03-03 02:51:49,164 INFO] 

epoch 62
[2024-03-03 02:54:20,649 INFO] validating...
[2024-03-03 02:54:26,227 INFO] model saved: saved_models/radformer/selfkd_deit_v8_exp4_tr_2/latest_model.pth
[2024-03-03 02:54:26,228 INFO] 14176 iteration, USE_EMA: True, train/sup_loss: 0.08783, train/unsup_loss: 0.01272, train/total_loss: 0.10055, train/util_ratio: 0.93750, train/run_time: 0.63763, lr: 0.00701, train/prefecth_time: 0.00676, eval/loss: 0.37031, eval/top-1-acc: 0.89000, eval/balanced_acc: 0.83234, eval/precision: 0.87412, eval/recall: 0.83234, eval/F1: 0.84713, eval/spec: 0.86486, eval/sens: 0.95238, test/loss: 1.12503, test/top-1-acc: 0.64754, test/balanced_acc: 0.62618, test/precision: 0.70187, test/recall: 0.62618, test/F1: 0.63508, test/spec: 0.78750, test/sens: 0.78571 BEST_EVAL_ACC: 0.9300, at 5851 iters BEST_TEST_ACC: 0.6311, at 5851 iters
[2024-03-03 02:54:26,232 INFO] 

epoch 63
[2024-03-03 02:56:57,785 INFO] validating...
[2024-03-03 02:57:04,020 INFO] model saved: saved_models/radformer/selfkd_deit_v8_exp4_tr_2/latest_model.pth
[2024-03-03 02:57:04,021 INFO] 14401 iteration, USE_EMA: True, train/sup_loss: 0.07005, train/unsup_loss: 0.00910, train/total_loss: 0.07916, train/util_ratio: 0.81250, train/run_time: 0.63521, lr: 0.00690, train/prefecth_time: 0.00671, eval/loss: 0.34500, eval/top-1-acc: 0.93000, eval/balanced_acc: 0.87963, eval/precision: 0.94338, eval/recall: 0.87963, eval/F1: 0.90525, eval/spec: 0.86486, eval/sens: 0.98413, test/loss: 1.12365, test/top-1-acc: 0.64754, test/balanced_acc: 0.62618, test/precision: 0.70187, test/recall: 0.62618, test/F1: 0.63508, test/spec: 0.78750, test/sens: 0.78571 BEST_EVAL_ACC: 0.9300, at 5851 iters BEST_TEST_ACC: 0.6311, at 5851 iters
[2024-03-03 02:57:04,024 INFO] 

epoch 64
[2024-03-03 02:59:35,816 INFO] validating...
[2024-03-03 02:59:41,313 INFO] model saved: saved_models/radformer/selfkd_deit_v8_exp4_tr_2/latest_model.pth
[2024-03-03 02:59:41,314 INFO] 14626 iteration, USE_EMA: True, train/sup_loss: 0.01734, train/unsup_loss: 0.00831, train/total_loss: 0.02565, train/util_ratio: 0.93750, train/run_time: 0.63788, lr: 0.00679, train/prefecth_time: 0.00703, eval/loss: 0.36632, eval/top-1-acc: 0.88000, eval/balanced_acc: 0.80093, eval/precision: 0.84343, eval/recall: 0.80093, eval/F1: 0.81691, eval/spec: 0.86486, eval/sens: 0.96825, test/loss: 1.12061, test/top-1-acc: 0.64754, test/balanced_acc: 0.62618, test/precision: 0.70187, test/recall: 0.62618, test/F1: 0.63508, test/spec: 0.78750, test/sens: 0.78571 BEST_EVAL_ACC: 0.9300, at 5851 iters BEST_TEST_ACC: 0.6311, at 5851 iters
[2024-03-03 02:59:41,317 INFO] 

epoch 65
[2024-03-03 03:02:12,792 INFO] validating...
[2024-03-03 03:02:18,530 INFO] model saved: saved_models/radformer/selfkd_deit_v8_exp4_tr_2/latest_model.pth
[2024-03-03 03:02:18,532 INFO] 14851 iteration, USE_EMA: True, train/sup_loss: 0.13023, train/unsup_loss: 0.00665, train/total_loss: 0.13688, train/util_ratio: 0.93750, train/run_time: 0.63661, lr: 0.00668, train/prefecth_time: 0.00621, eval/loss: 0.32949, eval/top-1-acc: 0.89000, eval/balanced_acc: 0.82176, eval/precision: 0.87888, eval/recall: 0.82176, eval/F1: 0.84457, eval/spec: 0.83784, eval/sens: 0.96825, test/loss: 1.11768, test/top-1-acc: 0.64754, test/balanced_acc: 0.62618, test/precision: 0.70187, test/recall: 0.62618, test/F1: 0.63508, test/spec: 0.78750, test/sens: 0.78571 BEST_EVAL_ACC: 0.9300, at 5851 iters BEST_TEST_ACC: 0.6311, at 5851 iters
[2024-03-03 03:02:18,536 INFO] 

epoch 66
[2024-03-03 03:04:50,301 INFO] validating...
[2024-03-03 03:04:56,091 INFO] model saved: saved_models/radformer/selfkd_deit_v8_exp4_tr_2/latest_model.pth
[2024-03-03 03:04:56,094 INFO] 15076 iteration, USE_EMA: True, train/sup_loss: 0.03522, train/unsup_loss: 0.01007, train/total_loss: 0.04529, train/util_ratio: 0.87500, train/run_time: 0.63915, lr: 0.00656, train/prefecth_time: 0.00896, eval/loss: 0.35976, eval/top-1-acc: 0.90000, eval/balanced_acc: 0.83267, eval/precision: 0.87974, eval/recall: 0.83267, eval/F1: 0.84610, eval/spec: 0.89189, eval/sens: 0.96825, test/loss: 1.11439, test/top-1-acc: 0.64754, test/balanced_acc: 0.62618, test/precision: 0.70100, test/recall: 0.62618, test/F1: 0.63449, test/spec: 0.77500, test/sens: 0.78571 BEST_EVAL_ACC: 0.9300, at 5851 iters BEST_TEST_ACC: 0.6311, at 5851 iters
[2024-03-03 03:04:56,098 INFO] 

epoch 67
[2024-03-03 03:07:27,771 INFO] validating...
[2024-03-03 03:07:33,426 INFO] model saved: saved_models/radformer/selfkd_deit_v8_exp4_tr_2/latest_model.pth
[2024-03-03 03:07:33,427 INFO] 15301 iteration, USE_EMA: True, train/sup_loss: 0.03344, train/unsup_loss: 0.03891, train/total_loss: 0.07235, train/util_ratio: 0.93750, train/run_time: 0.64085, lr: 0.00644, train/prefecth_time: 0.00603, eval/loss: 0.37474, eval/top-1-acc: 0.90000, eval/balanced_acc: 0.85317, eval/precision: 0.88106, eval/recall: 0.85317, eval/F1: 0.86355, eval/spec: 0.89189, eval/sens: 0.95238, test/loss: 1.11370, test/top-1-acc: 0.64754, test/balanced_acc: 0.62618, test/precision: 0.70100, test/recall: 0.62618, test/F1: 0.63449, test/spec: 0.77500, test/sens: 0.78571 BEST_EVAL_ACC: 0.9300, at 5851 iters BEST_TEST_ACC: 0.6311, at 5851 iters
[2024-03-03 03:07:33,429 INFO] 

epoch 68
[2024-03-03 03:10:04,713 INFO] validating...
[2024-03-03 03:10:10,581 INFO] model saved: saved_models/radformer/selfkd_deit_v8_exp4_tr_2/latest_model.pth
[2024-03-03 03:10:10,582 INFO] 15526 iteration, USE_EMA: True, train/sup_loss: 0.01896, train/unsup_loss: 0.02175, train/total_loss: 0.04071, train/util_ratio: 0.87500, train/run_time: 0.63985, lr: 0.00633, train/prefecth_time: 0.00649, eval/loss: 0.32003, eval/top-1-acc: 0.92000, eval/balanced_acc: 0.85880, eval/precision: 0.90657, eval/recall: 0.85880, eval/F1: 0.87689, eval/spec: 0.89189, eval/sens: 0.98413, test/loss: 1.11388, test/top-1-acc: 0.63934, test/balanced_acc: 0.61543, test/precision: 0.69438, test/recall: 0.61543, test/F1: 0.62188, test/spec: 0.77500, test/sens: 0.78571 BEST_EVAL_ACC: 0.9300, at 5851 iters BEST_TEST_ACC: 0.6311, at 5851 iters
[2024-03-03 03:10:10,585 INFO] 

epoch 69
[2024-03-03 03:12:41,904 INFO] validating...
[2024-03-03 03:12:47,860 INFO] model saved: saved_models/radformer/selfkd_deit_v8_exp4_tr_2/latest_model.pth
[2024-03-03 03:12:47,861 INFO] 15751 iteration, USE_EMA: True, train/sup_loss: 0.03784, train/unsup_loss: 0.01384, train/total_loss: 0.05168, train/util_ratio: 0.87500, train/run_time: 0.63707, lr: 0.00621, train/prefecth_time: 0.00588, eval/loss: 0.38381, eval/top-1-acc: 0.89000, eval/balanced_acc: 0.83234, eval/precision: 0.87412, eval/recall: 0.83234, eval/F1: 0.84713, eval/spec: 0.86486, eval/sens: 0.95238, test/loss: 1.10681, test/top-1-acc: 0.63934, test/balanced_acc: 0.61543, test/precision: 0.69438, test/recall: 0.61543, test/F1: 0.62188, test/spec: 0.77500, test/sens: 0.78571 BEST_EVAL_ACC: 0.9300, at 5851 iters BEST_TEST_ACC: 0.6311, at 5851 iters
[2024-03-03 03:12:47,865 INFO] 

epoch 70
[2024-03-03 03:15:19,297 INFO] validating...
[2024-03-03 03:15:24,916 INFO] model saved: saved_models/radformer/selfkd_deit_v8_exp4_tr_2/latest_model.pth
[2024-03-03 03:15:24,917 INFO] 15976 iteration, USE_EMA: True, train/sup_loss: 0.02042, train/unsup_loss: 0.01573, train/total_loss: 0.03615, train/util_ratio: 0.87500, train/run_time: 0.63706, lr: 0.00609, train/prefecth_time: 0.00738, eval/loss: 0.37949, eval/top-1-acc: 0.88000, eval/balanced_acc: 0.81151, eval/precision: 0.86072, eval/recall: 0.81151, eval/F1: 0.82608, eval/spec: 0.86486, eval/sens: 0.95238, test/loss: 1.10556, test/top-1-acc: 0.63934, test/balanced_acc: 0.61543, test/precision: 0.69438, test/recall: 0.61543, test/F1: 0.62188, test/spec: 0.77500, test/sens: 0.78571 BEST_EVAL_ACC: 0.9300, at 5851 iters BEST_TEST_ACC: 0.6311, at 5851 iters
[2024-03-03 03:15:24,921 INFO] 

epoch 71
[2024-03-03 03:17:56,838 INFO] validating...
[2024-03-03 03:18:02,065 INFO] model saved: saved_models/radformer/selfkd_deit_v8_exp4_tr_2/latest_model.pth
[2024-03-03 03:18:02,066 INFO] 16201 iteration, USE_EMA: True, train/sup_loss: 0.01860, train/unsup_loss: 0.01019, train/total_loss: 0.02879, train/util_ratio: 0.87500, train/run_time: 0.63791, lr: 0.00597, train/prefecth_time: 0.00643, eval/loss: 0.33066, eval/top-1-acc: 0.90000, eval/balanced_acc: 0.85317, eval/precision: 0.86404, eval/recall: 0.85317, eval/F1: 0.85685, eval/spec: 0.91892, eval/sens: 0.95238, test/loss: 1.11226, test/top-1-acc: 0.63934, test/balanced_acc: 0.61543, test/precision: 0.69438, test/recall: 0.61543, test/F1: 0.62188, test/spec: 0.77500, test/sens: 0.78571 BEST_EVAL_ACC: 0.9300, at 5851 iters BEST_TEST_ACC: 0.6311, at 5851 iters
[2024-03-03 03:18:02,070 INFO] 

epoch 72
[2024-03-03 03:20:34,243 INFO] validating...
[2024-03-03 03:20:40,299 INFO] model saved: saved_models/radformer/selfkd_deit_v8_exp4_tr_2/latest_model.pth
[2024-03-03 03:20:40,302 INFO] 16426 iteration, USE_EMA: True, train/sup_loss: 0.01208, train/unsup_loss: 0.01203, train/total_loss: 0.02411, train/util_ratio: 0.93750, train/run_time: 0.63841, lr: 0.00584, train/prefecth_time: 0.00677, eval/loss: 0.36225, eval/top-1-acc: 0.89000, eval/balanced_acc: 0.81680, eval/precision: 0.87198, eval/recall: 0.81680, eval/F1: 0.83489, eval/spec: 0.86486, eval/sens: 0.96825, test/loss: 1.11075, test/top-1-acc: 0.63934, test/balanced_acc: 0.61543, test/precision: 0.69438, test/recall: 0.61543, test/F1: 0.62188, test/spec: 0.77500, test/sens: 0.78571 BEST_EVAL_ACC: 0.9300, at 5851 iters BEST_TEST_ACC: 0.6311, at 5851 iters
[2024-03-03 03:20:40,306 INFO] 

epoch 73
[2024-03-03 03:23:12,065 INFO] validating...
[2024-03-03 03:23:17,276 INFO] model saved: saved_models/radformer/selfkd_deit_v8_exp4_tr_2/latest_model.pth
[2024-03-03 03:23:17,277 INFO] 16651 iteration, USE_EMA: True, train/sup_loss: 0.02591, train/unsup_loss: 0.00779, train/total_loss: 0.03370, train/util_ratio: 0.87500, train/run_time: 0.63864, lr: 0.00572, train/prefecth_time: 0.00678, eval/loss: 0.33839, eval/top-1-acc: 0.91000, eval/balanced_acc: 0.85351, eval/precision: 0.91678, eval/recall: 0.85351, eval/F1: 0.87473, eval/spec: 0.86486, eval/sens: 0.96825, test/loss: 1.11864, test/top-1-acc: 0.63934, test/balanced_acc: 0.61543, test/precision: 0.69537, test/recall: 0.61543, test/F1: 0.62252, test/spec: 0.78750, test/sens: 0.78571 BEST_EVAL_ACC: 0.9300, at 5851 iters BEST_TEST_ACC: 0.6311, at 5851 iters
[2024-03-03 03:23:17,281 INFO] 

epoch 74
[2024-03-03 03:25:48,494 INFO] validating...
[2024-03-03 03:25:54,131 INFO] model saved: saved_models/radformer/selfkd_deit_v8_exp4_tr_2/latest_model.pth
[2024-03-03 03:25:54,132 INFO] 16876 iteration, USE_EMA: True, train/sup_loss: 0.01725, train/unsup_loss: 0.02384, train/total_loss: 0.04110, train/util_ratio: 0.87500, train/run_time: 0.63872, lr: 0.00559, train/prefecth_time: 0.00681, eval/loss: 0.32659, eval/top-1-acc: 0.92000, eval/balanced_acc: 0.86376, eval/precision: 0.91615, eval/recall: 0.86376, eval/F1: 0.88649, eval/spec: 0.86486, eval/sens: 0.98413, test/loss: 1.11630, test/top-1-acc: 0.63934, test/balanced_acc: 0.61543, test/precision: 0.69537, test/recall: 0.61543, test/F1: 0.62252, test/spec: 0.78750, test/sens: 0.78571 BEST_EVAL_ACC: 0.9300, at 5851 iters BEST_TEST_ACC: 0.6311, at 5851 iters
[2024-03-03 03:25:54,134 INFO] 

epoch 75
[2024-03-03 03:28:25,482 INFO] validating...
[2024-03-03 03:28:30,823 INFO] model saved: saved_models/radformer/selfkd_deit_v8_exp4_tr_2/latest_model.pth
[2024-03-03 03:28:30,824 INFO] 17101 iteration, USE_EMA: True, train/sup_loss: 0.04238, train/unsup_loss: 0.00885, train/total_loss: 0.05122, train/util_ratio: 0.87500, train/run_time: 0.63836, lr: 0.00546, train/prefecth_time: 0.00630, eval/loss: 0.31111, eval/top-1-acc: 0.90000, eval/balanced_acc: 0.83763, eval/precision: 0.88636, eval/recall: 0.83763, eval/F1: 0.85622, eval/spec: 0.86486, eval/sens: 0.96825, test/loss: 1.11534, test/top-1-acc: 0.63934, test/balanced_acc: 0.61543, test/precision: 0.69537, test/recall: 0.61543, test/F1: 0.62252, test/spec: 0.78750, test/sens: 0.78571 BEST_EVAL_ACC: 0.9300, at 5851 iters BEST_TEST_ACC: 0.6311, at 5851 iters
[2024-03-03 03:28:30,829 INFO] 

epoch 76
[2024-03-03 03:31:02,676 INFO] validating...
[2024-03-03 03:31:08,319 INFO] model saved: saved_models/radformer/selfkd_deit_v8_exp4_tr_2/latest_model.pth
[2024-03-03 03:31:08,320 INFO] 17326 iteration, USE_EMA: True, train/sup_loss: 0.02328, train/unsup_loss: 0.02491, train/total_loss: 0.04819, train/util_ratio: 0.87500, train/run_time: 0.63978, lr: 0.00534, train/prefecth_time: 0.00707, eval/loss: 0.32708, eval/top-1-acc: 0.91000, eval/balanced_acc: 0.86905, eval/precision: 0.88904, eval/recall: 0.86905, eval/F1: 0.87480, eval/spec: 0.91892, eval/sens: 0.95238, test/loss: 1.10765, test/top-1-acc: 0.63934, test/balanced_acc: 0.61543, test/precision: 0.69537, test/recall: 0.61543, test/F1: 0.62252, test/spec: 0.78750, test/sens: 0.78571 BEST_EVAL_ACC: 0.9300, at 5851 iters BEST_TEST_ACC: 0.6311, at 5851 iters
[2024-03-03 03:31:08,323 INFO] 

epoch 77
[2024-03-03 03:33:40,278 INFO] validating...
[2024-03-03 03:33:45,804 INFO] model saved: saved_models/radformer/selfkd_deit_v8_exp4_tr_2/latest_model.pth
[2024-03-03 03:33:45,805 INFO] 17551 iteration, USE_EMA: True, train/sup_loss: 0.05080, train/unsup_loss: 0.01944, train/total_loss: 0.07024, train/util_ratio: 0.87500, train/run_time: 0.63896, lr: 0.00521, train/prefecth_time: 0.00721, eval/loss: 0.34311, eval/top-1-acc: 0.89000, eval/balanced_acc: 0.83730, eval/precision: 0.88056, eval/recall: 0.83730, eval/F1: 0.85578, eval/spec: 0.83784, eval/sens: 0.95238, test/loss: 1.09825, test/top-1-acc: 0.64754, test/balanced_acc: 0.62223, test/precision: 0.70229, test/recall: 0.62223, test/F1: 0.62941, test/spec: 0.80000, test/sens: 0.78571 BEST_EVAL_ACC: 0.9300, at 5851 iters BEST_TEST_ACC: 0.6311, at 5851 iters
[2024-03-03 03:33:45,808 INFO] 

epoch 78
[2024-03-03 03:36:17,288 INFO] validating...
[2024-03-03 03:36:22,592 INFO] model saved: saved_models/radformer/selfkd_deit_v8_exp4_tr_2/latest_model.pth
[2024-03-03 03:36:22,593 INFO] 17776 iteration, USE_EMA: True, train/sup_loss: 0.01059, train/unsup_loss: 0.00793, train/total_loss: 0.01852, train/util_ratio: 0.81250, train/run_time: 0.63826, lr: 0.00508, train/prefecth_time: 0.00673, eval/loss: 0.35989, eval/top-1-acc: 0.91000, eval/balanced_acc: 0.86905, eval/precision: 0.89555, eval/recall: 0.86905, eval/F1: 0.87870, eval/spec: 0.89189, eval/sens: 0.95238, test/loss: 1.09625, test/top-1-acc: 0.63934, test/balanced_acc: 0.61148, test/precision: 0.69543, test/recall: 0.61148, test/F1: 0.61638, test/spec: 0.80000, test/sens: 0.78571 BEST_EVAL_ACC: 0.9300, at 5851 iters BEST_TEST_ACC: 0.6311, at 5851 iters
[2024-03-03 03:36:22,597 INFO] 

epoch 79
[2024-03-03 03:38:53,987 INFO] validating...
[2024-03-03 03:38:59,593 INFO] model saved: saved_models/radformer/selfkd_deit_v8_exp4_tr_2/latest_model.pth
[2024-03-03 03:38:59,594 INFO] 18001 iteration, USE_EMA: True, train/sup_loss: 0.05528, train/unsup_loss: 0.00607, train/total_loss: 0.06135, train/util_ratio: 0.87500, train/run_time: 0.63700, lr: 0.00494, train/prefecth_time: 0.00703, eval/loss: 0.41619, eval/top-1-acc: 0.88000, eval/balanced_acc: 0.81647, eval/precision: 0.84732, eval/recall: 0.81647, eval/F1: 0.82894, eval/spec: 0.86486, eval/sens: 0.95238, test/loss: 1.10242, test/top-1-acc: 0.64754, test/balanced_acc: 0.61828, test/precision: 0.72130, test/recall: 0.61828, test/F1: 0.62442, test/spec: 0.80000, test/sens: 0.78571 BEST_EVAL_ACC: 0.9300, at 5851 iters BEST_TEST_ACC: 0.6311, at 5851 iters
[2024-03-03 03:38:59,597 INFO] 

epoch 80
[2024-03-03 03:41:31,175 INFO] validating...
[2024-03-03 03:41:36,697 INFO] model saved: saved_models/radformer/selfkd_deit_v8_exp4_tr_2/latest_model.pth
[2024-03-03 03:41:36,699 INFO] 18226 iteration, USE_EMA: True, train/sup_loss: 0.04462, train/unsup_loss: 0.01015, train/total_loss: 0.05478, train/util_ratio: 0.81250, train/run_time: 0.63681, lr: 0.00481, train/prefecth_time: 0.00699, eval/loss: 0.31145, eval/top-1-acc: 0.89000, eval/balanced_acc: 0.83234, eval/precision: 0.87412, eval/recall: 0.83234, eval/F1: 0.84713, eval/spec: 0.86486, eval/sens: 0.95238, test/loss: 1.10461, test/top-1-acc: 0.65574, test/balanced_acc: 0.62903, test/precision: 0.72663, test/recall: 0.62903, test/F1: 0.63764, test/spec: 0.80000, test/sens: 0.78571 BEST_EVAL_ACC: 0.9300, at 5851 iters BEST_TEST_ACC: 0.6311, at 5851 iters
[2024-03-03 03:41:36,702 INFO] 

epoch 81
[2024-03-03 03:44:08,331 INFO] validating...
[2024-03-03 03:44:13,833 INFO] model saved: saved_models/radformer/selfkd_deit_v8_exp4_tr_2/latest_model.pth
[2024-03-03 03:44:13,834 INFO] 18451 iteration, USE_EMA: True, train/sup_loss: 0.02828, train/unsup_loss: 0.00416, train/total_loss: 0.03244, train/util_ratio: 0.87500, train/run_time: 0.63919, lr: 0.00468, train/prefecth_time: 0.00692, eval/loss: 0.33789, eval/top-1-acc: 0.90000, eval/balanced_acc: 0.83763, eval/precision: 0.88636, eval/recall: 0.83763, eval/F1: 0.85622, eval/spec: 0.86486, eval/sens: 0.96825, test/loss: 1.10734, test/top-1-acc: 0.64754, test/balanced_acc: 0.62223, test/precision: 0.70112, test/recall: 0.62223, test/F1: 0.62875, test/spec: 0.78750, test/sens: 0.78571 BEST_EVAL_ACC: 0.9300, at 5851 iters BEST_TEST_ACC: 0.6311, at 5851 iters
[2024-03-03 03:44:13,837 INFO] 

epoch 82
[2024-03-03 03:46:45,254 INFO] validating...
[2024-03-03 03:46:50,855 INFO] model saved: saved_models/radformer/selfkd_deit_v8_exp4_tr_2/latest_model.pth
[2024-03-03 03:46:50,856 INFO] 18676 iteration, USE_EMA: True, train/sup_loss: 0.04744, train/unsup_loss: 0.01503, train/total_loss: 0.06248, train/util_ratio: 0.87500, train/run_time: 0.63981, lr: 0.00454, train/prefecth_time: 0.00814, eval/loss: 0.37753, eval/top-1-acc: 0.89000, eval/balanced_acc: 0.83234, eval/precision: 0.87412, eval/recall: 0.83234, eval/F1: 0.84713, eval/spec: 0.86486, eval/sens: 0.95238, test/loss: 1.11307, test/top-1-acc: 0.65574, test/balanced_acc: 0.62903, test/precision: 0.72543, test/recall: 0.62903, test/F1: 0.63700, test/spec: 0.78750, test/sens: 0.78571 BEST_EVAL_ACC: 0.9300, at 5851 iters BEST_TEST_ACC: 0.6311, at 5851 iters
[2024-03-03 03:46:50,860 INFO] 

epoch 83
[2024-03-03 03:49:22,432 INFO] validating...
[2024-03-03 03:49:28,005 INFO] model saved: saved_models/radformer/selfkd_deit_v8_exp4_tr_2/latest_model.pth
[2024-03-03 03:49:28,006 INFO] 18901 iteration, USE_EMA: True, train/sup_loss: 0.00719, train/unsup_loss: 0.01851, train/total_loss: 0.02570, train/util_ratio: 0.81250, train/run_time: 0.64015, lr: 0.00440, train/prefecth_time: 0.01804, eval/loss: 0.35445, eval/top-1-acc: 0.88000, eval/balanced_acc: 0.81151, eval/precision: 0.86072, eval/recall: 0.81151, eval/F1: 0.82608, eval/spec: 0.86486, eval/sens: 0.95238, test/loss: 1.11013, test/top-1-acc: 0.64754, test/balanced_acc: 0.62223, test/precision: 0.71878, test/recall: 0.62223, test/F1: 0.63022, test/spec: 0.77500, test/sens: 0.78571 BEST_EVAL_ACC: 0.9300, at 5851 iters BEST_TEST_ACC: 0.6311, at 5851 iters
[2024-03-03 03:49:28,010 INFO] 

epoch 84
[2024-03-03 03:51:59,439 INFO] validating...
[2024-03-03 03:52:05,319 INFO] model saved: saved_models/radformer/selfkd_deit_v8_exp4_tr_2/latest_model.pth
[2024-03-03 03:52:05,320 INFO] 19126 iteration, USE_EMA: True, train/sup_loss: 0.08023, train/unsup_loss: 0.00580, train/total_loss: 0.08603, train/util_ratio: 0.87500, train/run_time: 0.63820, lr: 0.00427, train/prefecth_time: 0.00700, eval/loss: 0.32310, eval/top-1-acc: 0.91000, eval/balanced_acc: 0.87401, eval/precision: 0.89475, eval/recall: 0.87401, eval/F1: 0.88292, eval/spec: 0.89189, eval/sens: 0.95238, test/loss: 1.10319, test/top-1-acc: 0.63115, test/balanced_acc: 0.60862, test/precision: 0.68773, test/recall: 0.60862, test/F1: 0.61499, test/spec: 0.76250, test/sens: 0.78571 BEST_EVAL_ACC: 0.9300, at 5851 iters BEST_TEST_ACC: 0.6311, at 5851 iters
[2024-03-03 03:52:05,325 INFO] 

epoch 85
[2024-03-03 03:54:37,046 INFO] validating...
[2024-03-03 03:54:42,865 INFO] model saved: saved_models/radformer/selfkd_deit_v8_exp4_tr_2/latest_model.pth
[2024-03-03 03:54:42,866 INFO] 19351 iteration, USE_EMA: True, train/sup_loss: 0.01278, train/unsup_loss: 0.02897, train/total_loss: 0.04175, train/util_ratio: 0.87500, train/run_time: 0.63865, lr: 0.00413, train/prefecth_time: 0.00697, eval/loss: 0.36276, eval/top-1-acc: 0.90000, eval/balanced_acc: 0.83763, eval/precision: 0.88636, eval/recall: 0.83763, eval/F1: 0.85622, eval/spec: 0.86486, eval/sens: 0.96825, test/loss: 1.10771, test/top-1-acc: 0.62295, test/balanced_acc: 0.60182, test/precision: 0.68114, test/recall: 0.60182, test/F1: 0.60807, test/spec: 0.75000, test/sens: 0.78571 BEST_EVAL_ACC: 0.9300, at 5851 iters BEST_TEST_ACC: 0.6311, at 5851 iters
[2024-03-03 03:54:42,869 INFO] 

epoch 86
[2024-03-03 03:57:14,035 INFO] validating...
[2024-03-03 03:57:19,857 INFO] model saved: saved_models/radformer/selfkd_deit_v8_exp4_tr_2/latest_model.pth
[2024-03-03 03:57:19,858 INFO] 19576 iteration, USE_EMA: True, train/sup_loss: 0.01017, train/unsup_loss: 0.00533, train/total_loss: 0.01551, train/util_ratio: 0.81250, train/run_time: 0.63575, lr: 0.00399, train/prefecth_time: 0.00684, eval/loss: 0.37331, eval/top-1-acc: 0.91000, eval/balanced_acc: 0.86343, eval/precision: 0.90094, eval/recall: 0.86343, eval/F1: 0.88056, eval/spec: 0.86486, eval/sens: 0.96825, test/loss: 1.11057, test/top-1-acc: 0.63115, test/balanced_acc: 0.60862, test/precision: 0.70572, test/recall: 0.60862, test/F1: 0.61657, test/spec: 0.75000, test/sens: 0.78571 BEST_EVAL_ACC: 0.9300, at 5851 iters BEST_TEST_ACC: 0.6311, at 5851 iters
[2024-03-03 03:57:19,862 INFO] 

epoch 87
[2024-03-03 03:59:51,280 INFO] validating...
[2024-03-03 03:59:56,917 INFO] model saved: saved_models/radformer/selfkd_deit_v8_exp4_tr_2/latest_model.pth
[2024-03-03 03:59:56,918 INFO] 19801 iteration, USE_EMA: True, train/sup_loss: 0.03266, train/unsup_loss: 0.01155, train/total_loss: 0.04420, train/util_ratio: 0.68750, train/run_time: 0.63859, lr: 0.00385, train/prefecth_time: 0.00708, eval/loss: 0.35156, eval/top-1-acc: 0.91000, eval/balanced_acc: 0.86905, eval/precision: 0.88904, eval/recall: 0.86905, eval/F1: 0.87480, eval/spec: 0.91892, eval/sens: 0.95238, test/loss: 1.11503, test/top-1-acc: 0.63934, test/balanced_acc: 0.61656, test/precision: 0.71151, test/recall: 0.61656, test/F1: 0.62306, test/spec: 0.75000, test/sens: 0.80952 BEST_EVAL_ACC: 0.9300, at 5851 iters BEST_TEST_ACC: 0.6311, at 5851 iters
[2024-03-03 03:59:56,921 INFO] 

epoch 88
[2024-03-03 04:02:28,749 INFO] validating...
[2024-03-03 04:02:34,335 INFO] model saved: saved_models/radformer/selfkd_deit_v8_exp4_tr_2/latest_model.pth
[2024-03-03 04:02:34,336 INFO] 20026 iteration, USE_EMA: True, train/sup_loss: 0.08568, train/unsup_loss: 0.01290, train/total_loss: 0.09858, train/util_ratio: 0.81250, train/run_time: 0.63896, lr: 0.00371, train/prefecth_time: 0.00658, eval/loss: 0.34267, eval/top-1-acc: 0.91000, eval/balanced_acc: 0.85847, eval/precision: 0.90149, eval/recall: 0.85847, eval/F1: 0.87682, eval/spec: 0.86486, eval/sens: 0.96825, test/loss: 1.11585, test/top-1-acc: 0.63934, test/balanced_acc: 0.61656, test/precision: 0.71151, test/recall: 0.61656, test/F1: 0.62306, test/spec: 0.75000, test/sens: 0.80952 BEST_EVAL_ACC: 0.9300, at 5851 iters BEST_TEST_ACC: 0.6311, at 5851 iters
[2024-03-03 04:02:34,340 INFO] 

epoch 89
[2024-03-03 04:05:05,644 INFO] validating...
[2024-03-03 04:05:11,303 INFO] model saved: saved_models/radformer/selfkd_deit_v8_exp4_tr_2/latest_model.pth
[2024-03-03 04:05:11,304 INFO] 20251 iteration, USE_EMA: True, train/sup_loss: 0.01196, train/unsup_loss: 0.01380, train/total_loss: 0.02576, train/util_ratio: 0.93750, train/run_time: 0.63969, lr: 0.00356, train/prefecth_time: 0.00688, eval/loss: 0.37445, eval/top-1-acc: 0.90000, eval/balanced_acc: 0.83763, eval/precision: 0.88636, eval/recall: 0.83763, eval/F1: 0.85622, eval/spec: 0.86486, eval/sens: 0.96825, test/loss: 1.11915, test/top-1-acc: 0.63934, test/balanced_acc: 0.61656, test/precision: 0.71151, test/recall: 0.61656, test/F1: 0.62306, test/spec: 0.75000, test/sens: 0.80952 BEST_EVAL_ACC: 0.9300, at 5851 iters BEST_TEST_ACC: 0.6311, at 5851 iters
[2024-03-03 04:05:11,307 INFO] 

epoch 90
[2024-03-03 04:07:42,903 INFO] validating...
[2024-03-03 04:07:48,391 INFO] model saved: saved_models/radformer/selfkd_deit_v8_exp4_tr_2/latest_model.pth
[2024-03-03 04:07:48,393 INFO] 20476 iteration, USE_EMA: True, train/sup_loss: 0.02397, train/unsup_loss: 0.00614, train/total_loss: 0.03011, train/util_ratio: 0.81250, train/run_time: 0.63900, lr: 0.00342, train/prefecth_time: 0.00640, eval/loss: 0.38601, eval/top-1-acc: 0.89000, eval/balanced_acc: 0.82176, eval/precision: 0.85997, eval/recall: 0.82176, eval/F1: 0.83796, eval/spec: 0.86486, eval/sens: 0.96825, test/loss: 1.12445, test/top-1-acc: 0.63934, test/balanced_acc: 0.61656, test/precision: 0.71151, test/recall: 0.61656, test/F1: 0.62306, test/spec: 0.75000, test/sens: 0.80952 BEST_EVAL_ACC: 0.9300, at 5851 iters BEST_TEST_ACC: 0.6311, at 5851 iters
[2024-03-03 04:07:48,398 INFO] 

epoch 91
[2024-03-03 04:10:20,391 INFO] validating...
[2024-03-03 04:10:25,896 INFO] model saved: saved_models/radformer/selfkd_deit_v8_exp4_tr_2/latest_model.pth
[2024-03-03 04:10:25,897 INFO] 20701 iteration, USE_EMA: True, train/sup_loss: 0.03350, train/unsup_loss: 0.01300, train/total_loss: 0.04650, train/util_ratio: 0.81250, train/run_time: 0.63910, lr: 0.00328, train/prefecth_time: 0.00729, eval/loss: 0.37679, eval/top-1-acc: 0.89000, eval/balanced_acc: 0.81680, eval/precision: 0.87198, eval/recall: 0.81680, eval/F1: 0.83489, eval/spec: 0.86486, eval/sens: 0.96825, test/loss: 1.12745, test/top-1-acc: 0.63934, test/balanced_acc: 0.61656, test/precision: 0.71151, test/recall: 0.61656, test/F1: 0.62306, test/spec: 0.75000, test/sens: 0.80952 BEST_EVAL_ACC: 0.9300, at 5851 iters BEST_TEST_ACC: 0.6311, at 5851 iters
[2024-03-03 04:10:25,901 INFO] 

epoch 92
[2024-03-03 04:12:58,162 INFO] validating...
[2024-03-03 04:13:03,807 INFO] model saved: saved_models/radformer/selfkd_deit_v8_exp4_tr_2/latest_model.pth
[2024-03-03 04:13:03,808 INFO] 20926 iteration, USE_EMA: True, train/sup_loss: 0.01864, train/unsup_loss: 0.00952, train/total_loss: 0.02816, train/util_ratio: 0.81250, train/run_time: 0.64011, lr: 0.00313, train/prefecth_time: 0.00744, eval/loss: 0.39628, eval/top-1-acc: 0.90000, eval/balanced_acc: 0.83763, eval/precision: 0.88636, eval/recall: 0.83763, eval/F1: 0.85622, eval/spec: 0.86486, eval/sens: 0.96825, test/loss: 1.12424, test/top-1-acc: 0.63934, test/balanced_acc: 0.61656, test/precision: 0.71151, test/recall: 0.61656, test/F1: 0.62306, test/spec: 0.75000, test/sens: 0.80952 BEST_EVAL_ACC: 0.9300, at 5851 iters BEST_TEST_ACC: 0.6311, at 5851 iters
[2024-03-03 04:13:03,811 INFO] 

epoch 93
[2024-03-03 04:15:35,673 INFO] validating...
[2024-03-03 04:15:41,498 INFO] model saved: saved_models/radformer/selfkd_deit_v8_exp4_tr_2/latest_model.pth
[2024-03-03 04:15:41,499 INFO] 21151 iteration, USE_EMA: True, train/sup_loss: 0.04054, train/unsup_loss: 0.01042, train/total_loss: 0.05096, train/util_ratio: 0.81250, train/run_time: 0.63847, lr: 0.00299, train/prefecth_time: 0.00700, eval/loss: 0.37130, eval/top-1-acc: 0.89000, eval/balanced_acc: 0.83234, eval/precision: 0.87412, eval/recall: 0.83234, eval/F1: 0.84713, eval/spec: 0.86486, eval/sens: 0.95238, test/loss: 1.12006, test/top-1-acc: 0.64754, test/balanced_acc: 0.62336, test/precision: 0.71796, test/recall: 0.62336, test/F1: 0.62994, test/spec: 0.76250, test/sens: 0.80952 BEST_EVAL_ACC: 0.9300, at 5851 iters BEST_TEST_ACC: 0.6311, at 5851 iters
[2024-03-03 04:15:41,503 INFO] 

epoch 94
[2024-03-03 04:18:13,637 INFO] validating...
[2024-03-03 04:18:19,645 INFO] model saved: saved_models/radformer/selfkd_deit_v8_exp4_tr_2/latest_model.pth
[2024-03-03 04:18:19,646 INFO] 21376 iteration, USE_EMA: True, train/sup_loss: 0.03224, train/unsup_loss: 0.00698, train/total_loss: 0.03922, train/util_ratio: 0.81250, train/run_time: 0.63837, lr: 0.00284, train/prefecth_time: 0.00671, eval/loss: 0.35939, eval/top-1-acc: 0.90000, eval/balanced_acc: 0.83763, eval/precision: 0.88636, eval/recall: 0.83763, eval/F1: 0.85622, eval/spec: 0.86486, eval/sens: 0.96825, test/loss: 1.12165, test/top-1-acc: 0.63934, test/balanced_acc: 0.61656, test/precision: 0.69349, test/recall: 0.61656, test/F1: 0.62150, test/spec: 0.76250, test/sens: 0.80952 BEST_EVAL_ACC: 0.9300, at 5851 iters BEST_TEST_ACC: 0.6311, at 5851 iters
[2024-03-03 04:18:19,649 INFO] 

epoch 95
[2024-03-03 04:20:51,152 INFO] validating...
[2024-03-03 04:20:57,030 INFO] model saved: saved_models/radformer/selfkd_deit_v8_exp4_tr_2/latest_model.pth
[2024-03-03 04:20:57,032 INFO] 21601 iteration, USE_EMA: True, train/sup_loss: 0.01712, train/unsup_loss: 0.01112, train/total_loss: 0.02824, train/util_ratio: 0.87500, train/run_time: 0.63899, lr: 0.00269, train/prefecth_time: 0.00696, eval/loss: 0.41856, eval/top-1-acc: 0.89000, eval/balanced_acc: 0.81680, eval/precision: 0.85147, eval/recall: 0.81680, eval/F1: 0.82853, eval/spec: 0.89189, eval/sens: 0.96825, test/loss: 1.11856, test/top-1-acc: 0.63934, test/balanced_acc: 0.61656, test/precision: 0.69349, test/recall: 0.61656, test/F1: 0.62150, test/spec: 0.76250, test/sens: 0.80952 BEST_EVAL_ACC: 0.9300, at 5851 iters BEST_TEST_ACC: 0.6311, at 5851 iters
[2024-03-03 04:20:57,037 INFO] 

epoch 96
[2024-03-03 04:23:28,499 INFO] validating...
[2024-03-03 04:23:34,224 INFO] model saved: saved_models/radformer/selfkd_deit_v8_exp4_tr_2/latest_model.pth
[2024-03-03 04:23:34,226 INFO] 21826 iteration, USE_EMA: True, train/sup_loss: 0.00555, train/unsup_loss: 0.00380, train/total_loss: 0.00935, train/util_ratio: 0.68750, train/run_time: 0.64043, lr: 0.00255, train/prefecth_time: 0.00710, eval/loss: 0.36116, eval/top-1-acc: 0.88000, eval/balanced_acc: 0.81647, eval/precision: 0.84732, eval/recall: 0.81647, eval/F1: 0.82894, eval/spec: 0.86486, eval/sens: 0.95238, test/loss: 1.11096, test/top-1-acc: 0.64754, test/balanced_acc: 0.62731, test/precision: 0.70026, test/recall: 0.62731, test/F1: 0.63412, test/spec: 0.76250, test/sens: 0.80952 BEST_EVAL_ACC: 0.9300, at 5851 iters BEST_TEST_ACC: 0.6311, at 5851 iters
[2024-03-03 04:23:34,231 INFO] 

epoch 97
[2024-03-03 04:26:05,528 INFO] validating...
[2024-03-03 04:26:11,407 INFO] model saved: saved_models/radformer/selfkd_deit_v8_exp4_tr_2/latest_model.pth
[2024-03-03 04:26:11,408 INFO] 22051 iteration, USE_EMA: True, train/sup_loss: 0.03588, train/unsup_loss: 0.01192, train/total_loss: 0.04780, train/util_ratio: 0.87500, train/run_time: 0.63833, lr: 0.00240, train/prefecth_time: 0.00697, eval/loss: 0.36054, eval/top-1-acc: 0.91000, eval/balanced_acc: 0.84788, eval/precision: 0.88218, eval/recall: 0.84788, eval/F1: 0.86350, eval/spec: 0.89189, eval/sens: 0.98413, test/loss: 1.10380, test/top-1-acc: 0.63934, test/balanced_acc: 0.61543, test/precision: 0.69438, test/recall: 0.61543, test/F1: 0.62188, test/spec: 0.77500, test/sens: 0.78571 BEST_EVAL_ACC: 0.9300, at 5851 iters BEST_TEST_ACC: 0.6311, at 5851 iters
[2024-03-03 04:26:11,412 INFO] 

epoch 98
[2024-03-03 04:28:43,272 INFO] validating...
[2024-03-03 04:28:49,204 INFO] model saved: saved_models/radformer/selfkd_deit_v8_exp4_tr_2/latest_model.pth
[2024-03-03 04:28:49,205 INFO] 22276 iteration, USE_EMA: True, train/sup_loss: 0.01267, train/unsup_loss: 0.01211, train/total_loss: 0.02478, train/util_ratio: 0.87500, train/run_time: 0.63764, lr: 0.00225, train/prefecth_time: 0.00639, eval/loss: 0.34091, eval/top-1-acc: 0.90000, eval/balanced_acc: 0.83763, eval/precision: 0.88636, eval/recall: 0.83763, eval/F1: 0.85622, eval/spec: 0.86486, eval/sens: 0.96825, test/loss: 1.10226, test/top-1-acc: 0.63934, test/balanced_acc: 0.61543, test/precision: 0.69438, test/recall: 0.61543, test/F1: 0.62188, test/spec: 0.77500, test/sens: 0.78571 BEST_EVAL_ACC: 0.9300, at 5851 iters BEST_TEST_ACC: 0.6311, at 5851 iters
[2024-03-03 04:28:49,208 INFO] 

epoch 99
[2024-03-03 04:31:19,730 INFO] validating...
[2024-03-03 04:31:25,191 INFO] model saved: saved_models/radformer/selfkd_deit_v8_exp4_tr_2/latest_model.pth
[2024-03-03 04:31:25,192 INFO] 22501 iteration, USE_EMA: True, train/sup_loss: 0.04079, train/unsup_loss: 0.00412, train/total_loss: 0.04491, train/util_ratio: 0.81250, train/run_time: 0.63572, lr: 0.00210, train/prefecth_time: 0.00690, eval/loss: 0.40151, eval/top-1-acc: 0.90000, eval/balanced_acc: 0.83763, eval/precision: 0.88636, eval/recall: 0.83763, eval/F1: 0.85622, eval/spec: 0.86486, eval/sens: 0.96825, test/loss: 1.10355, test/top-1-acc: 0.64754, test/balanced_acc: 0.62336, test/precision: 0.70009, test/recall: 0.62336, test/F1: 0.62844, test/spec: 0.77500, test/sens: 0.80952 BEST_EVAL_ACC: 0.9300, at 5851 iters BEST_TEST_ACC: 0.6311, at 5851 iters
[2024-03-03 04:31:27,376 INFO] model saved: saved_models/radformer/selfkd_deit_v8_exp4_tr_2/latest_model.pth
[2024-03-03 04:31:28,262 INFO] Model loaded
wandb: - 0.009 MB of 0.009 MB uploadedwandb: \ 0.009 MB of 0.009 MB uploadedwandb: | 0.009 MB of 0.009 MB uploadedwandb: / 0.009 MB of 0.009 MB uploadedwandb: - 0.009 MB of 0.104 MB uploadedwandb: \ 0.105 MB of 0.105 MB uploadedwandb: | 0.105 MB of 0.105 MB uploadedwandb: / 0.105 MB of 0.105 MB uploadedwandb:                                                                                
wandb: 
wandb: Run history:
wandb:          eval/F1 â–â–„â–‡â–‡â–‡â–‡â–‡â–‡â–ˆâ–‡â–ˆâ–‡â–‡â–‡â–‡â–ˆâ–‡â–ˆâ–‡â–ˆâ–ˆâ–‡â–‡â–ˆâ–ˆâ–ˆâ–‡â–ˆâ–‡â–ˆâ–ˆâ–ˆâ–‡â–‡â–ˆâ–ˆâ–‡â–‡â–‡â–‡
wandb:    eval/best-acc â–â–†â–‡â–‡â–‡â–ˆâ–ˆâ–ˆâ–ˆâ–ˆâ–ˆâ–ˆâ–ˆâ–ˆâ–ˆâ–ˆâ–ˆâ–ˆâ–ˆâ–ˆâ–ˆâ–ˆâ–ˆâ–ˆâ–ˆâ–ˆâ–ˆâ–ˆâ–ˆâ–ˆâ–ˆâ–ˆâ–ˆâ–ˆâ–ˆâ–ˆâ–ˆâ–ˆâ–ˆâ–ˆ
wandb:   eval/precision â–â–†â–†â–†â–‡â–‡â–‡â–‡â–‡â–‡â–ˆâ–‡â–‡â–‡â–†â–‡â–‡â–ˆâ–‡â–ˆâ–ˆâ–‡â–‡â–‡â–‡â–ˆâ–‡â–‡â–‡â–ˆâ–‡â–‡â–‡â–‡â–‡â–‡â–‡â–‡â–†â–‡
wandb:      eval/recall â–â–„â–†â–†â–‡â–‡â–‡â–‡â–ˆâ–‡â–ˆâ–‡â–‡â–‡â–‡â–‡â–‡â–ˆâ–‡â–‡â–‡â–‡â–‡â–‡â–ˆâ–ˆâ–‡â–ˆâ–‡â–‡â–ˆâ–ˆâ–‡â–‡â–ˆâ–ˆâ–‡â–‡â–‡â–‡
wandb:   eval/top-1-acc â–â–†â–‡â–‡â–‡â–‡â–ˆâ–‡â–ˆâ–ˆâ–ˆâ–ˆâ–‡â–ˆâ–‡â–ˆâ–ˆâ–ˆâ–ˆâ–ˆâ–ˆâ–ˆâ–ˆâ–ˆâ–ˆâ–ˆâ–ˆâ–ˆâ–ˆâ–ˆâ–ˆâ–ˆâ–ˆâ–‡â–ˆâ–ˆâ–ˆâ–ˆâ–‡â–ˆ
wandb:               lr â–â–ƒâ–„â–†â–ˆâ–ˆâ–ˆâ–ˆâ–ˆâ–ˆâ–ˆâ–ˆâ–ˆâ–ˆâ–‡â–‡â–‡â–‡â–‡â–‡â–‡â–†â–†â–†â–†â–†â–…â–…â–…â–…â–„â–„â–„â–„â–ƒâ–ƒâ–ƒâ–‚â–‚â–‚
wandb:          test/F1 â–â–„â–ƒâ–„â–…â–†â–†â–†â–‡â–ˆâ–ˆâ–ˆâ–ˆâ–ˆâ–ˆâ–ˆâ–‡â–ˆâ–ˆâ–ˆâ–ˆâ–ˆâ–ˆâ–ˆâ–ˆâ–ˆâ–ˆâ–ˆâ–ˆâ–ˆâ–ˆâ–ˆâ–ˆâ–ˆâ–ˆâ–ˆâ–ˆâ–ˆâ–ˆâ–ˆ
wandb:   test/precision â–ƒâ–‚â–â–‡â–‡â–‡â–‡â–‡â–‡â–‡â–ˆâ–ˆâ–‡â–ˆâ–ˆâ–‡â–‡â–‡â–‡â–ˆâ–ˆâ–ˆâ–ˆâ–ˆâ–ˆâ–ˆâ–ˆâ–ˆâ–ˆâ–ˆâ–ˆâ–ˆâ–ˆâ–ˆâ–ˆâ–ˆâ–ˆâ–ˆâ–ˆâ–ˆ
wandb:      test/recall â–â–…â–ƒâ–„â–…â–†â–‡â–†â–‡â–ˆâ–ˆâ–ˆâ–ˆâ–ˆâ–ˆâ–ˆâ–‡â–ˆâ–ˆâ–ˆâ–ˆâ–ˆâ–ˆâ–ˆâ–ˆâ–ˆâ–ˆâ–ˆâ–ˆâ–ˆâ–ˆâ–ˆâ–ˆâ–ˆâ–ˆâ–ˆâ–ˆâ–ˆâ–ˆâ–ˆ
wandb:   test/top-1-acc â–â–†â–„â–„â–…â–…â–†â–†â–‡â–‡â–ˆâ–ˆâ–ˆâ–ˆâ–ˆâ–ˆâ–‡â–ˆâ–ˆâ–ˆâ–ˆâ–ˆâ–ˆâ–ˆâ–ˆâ–ˆâ–ˆâ–ˆâ–ˆâ–ˆâ–ˆâ–ˆâ–ˆâ–ˆâ–ˆâ–ˆâ–ˆâ–ˆâ–ˆâ–ˆ
wandb:   train/run_time â–â–„â–„â–ƒâ–‚â–…â–…â–â–ƒâ–„â–†â–…â–†â–„â–…â–ƒâ–ƒâ–ƒâ–ˆâ–ƒâ–ƒâ–†â–‚â–„â–†â–…â–„â–â–…â–„â–„â–ƒâ–…â–„â–‚â–†â–…â–„â–†â–‚
wandb:   train/sup_loss â–ˆâ–‚â–‚â–ƒâ–‚â–â–â–â–â–â–â–â–â–â–â–â–â–â–â–â–â–â–â–â–â–â–â–â–â–â–â–â–â–â–â–â–â–â–â–
wandb: train/total_loss â–ˆâ–‚â–‚â–‚â–â–â–â–â–â–â–â–â–â–â–â–â–â–â–â–â–â–â–â–â–â–â–â–â–â–â–â–â–â–â–â–â–â–â–â–
wandb: train/unsup_loss â–ˆâ–‚â–‚â–â–â–â–â–â–â–â–â–â–â–â–â–â–â–â–â–â–â–â–â–â–â–â–â–â–â–â–â–â–â–â–â–â–â–â–â–
wandb: train/util_ratio â–‡â–‡â–…â–…â–„â–…â–…â–„â–…â–‡â–‡â–‡â–‡â–…â–‡â–‡â–‡â–‡â–‡â–‡â–‡â–‡â–‚â–‡â–ˆâ–ˆâ–…â–â–‡â–‚â–„â–‡â–‡â–‡â–…â–ˆâ–…â–…â–‚â–…
wandb: 
wandb: Run summary:
wandb:          eval/F1 0.85622
wandb:    eval/best-acc 0.93
wandb:   eval/precision 0.88636
wandb:      eval/recall 0.83763
wandb:   eval/top-1-acc 0.9
wandb:               lr 0.0021
wandb:          test/F1 0.62844
wandb:   test/precision 0.70009
wandb:      test/recall 0.62336
wandb:   test/top-1-acc 0.64754
wandb:   train/run_time 0.63572
wandb:   train/sup_loss 0.04079
wandb: train/total_loss 0.04491
wandb: train/unsup_loss 0.00412
wandb: train/util_ratio 0.8125
wandb: 
wandb: ðŸš€ View run selfkd_deit_v8_exp4_tr_2 at: https://wandb.ai/satwikdpshrit/radformer/runs/su37va38
wandb: ï¸âš¡ View job at https://wandb.ai/satwikdpshrit/radformer/jobs/QXJ0aWZhY3RDb2xsZWN0aW9uOjE0Mzc3ODU5NQ==/version_details/v4
wandb: Synced 6 W&B file(s), 0 media file(s), 0 artifact file(s) and 0 other file(s)
wandb: Find logs at: saved_models/radformer/wandb/selfkd_deit_v8_exp4_tr_2/wandb/run-20240303_000830-su37va38/logs
[2024-03-03 04:31:40,128 INFO] Model result - eval/best_f1 : 0.9111325514568298
[2024-03-03 04:31:40,129 INFO] Model result - eval/best_it : 5850
[2024-03-03 04:31:40,129 INFO] Model result - test/best_acc : 0.6311475409836066
[2024-03-03 04:31:43,938 INFO] Best model on target dataset (without EMA): acc = 0.6475, agreement = 0.6803, spec = 0.70, sens = 0.88
[2024-03-03 04:31:47,667 INFO] Best model on target dataset (with EMA): acc = 0.6311, agreement = 0.6803, spec = 0.68, sens = 0.83
[2024-03-03 04:31:47,667 WARNING] GPU 0 training is FINISHED
