[2024-03-03 18:09:28,672 INFO] Use GPU: None for training
[2024-03-03 18:09:28,672 INFO] 

[2024-03-03 18:09:30,284 INFO] Total params: 109.04M
[2024-03-03 18:09:39,212 INFO] acc: 0.90
[2024-03-03 18:09:39,223 INFO] Victim model accuracy = 0.9016, spec = 0.90, sens = 0.93
[2024-03-03 18:09:39,224 INFO] Loading thief dataset ...
[2024-03-03 18:09:39,230 INFO] 
Initializing thief model ...


Loaded supervised labeled set of length  900
Labeled set expanded to length  3600 , unique indices  900
dataset root /home/deepankar/mnt/vision3_data_ckpts_msa_medical/GBUSV-Shared
Num of videos 64 frames 15800
15800
15800
Num of videos 64 frames 15800

  0%|          | 0/29 [00:00<?, ?it/s]
  3%|â–Ž         | 1/29 [00:07<03:30,  7.53s/it]
  7%|â–‹         | 2/29 [00:10<02:02,  4.55s/it]
 10%|â–ˆ         | 3/29 [00:12<01:32,  3.54s/it]
 14%|â–ˆâ–        | 4/29 [00:14<01:17,  3.10s/it]
 17%|â–ˆâ–‹        | 5/29 [00:17<01:11,  2.96s/it]
 21%|â–ˆâ–ˆ        | 6/29 [00:19<01:04,  2.79s/it]
 24%|â–ˆâ–ˆâ–       | 7/29 [00:22<01:01,  2.79s/it]
 28%|â–ˆâ–ˆâ–Š       | 8/29 [00:25<00:59,  2.82s/it]
 31%|â–ˆâ–ˆâ–ˆ       | 9/29 [00:27<00:52,  2.64s/it]
 34%|â–ˆâ–ˆâ–ˆâ–      | 10/29 [00:30<00:51,  2.72s/it]
 38%|â–ˆâ–ˆâ–ˆâ–Š      | 11/29 [00:33<00:48,  2.68s/it]
 41%|â–ˆâ–ˆâ–ˆâ–ˆâ–     | 12/29 [00:36<00:45,  2.68s/it]
 45%|â–ˆâ–ˆâ–ˆâ–ˆâ–     | 13/29 [00:38<00:44,  2.75s/it]
 48%|â–ˆâ–ˆâ–ˆâ–ˆâ–Š     | 14/29 [00:41<00:40,  2.72s/it]
 52%|â–ˆâ–ˆâ–ˆâ–ˆâ–ˆâ–    | 15/29 [00:44<00:38,  2.76s/it]
 55%|â–ˆâ–ˆâ–ˆâ–ˆâ–ˆâ–Œ    | 16/29 [00:46<00:34,  2.68s/it]
 59%|â–ˆâ–ˆâ–ˆâ–ˆâ–ˆâ–Š    | 17/29 [00:50<00:35,  2.98s/it]
 62%|â–ˆâ–ˆâ–ˆâ–ˆâ–ˆâ–ˆâ–   | 18/29 [00:53<00:31,  2.84s/it]
 66%|â–ˆâ–ˆâ–ˆâ–ˆâ–ˆâ–ˆâ–Œ   | 19/29 [00:56<00:28,  2.88s/it]
 69%|â–ˆâ–ˆâ–ˆâ–ˆâ–ˆâ–ˆâ–‰   | 20/29 [00:58<00:24,  2.74s/it]
 72%|â–ˆâ–ˆâ–ˆâ–ˆâ–ˆâ–ˆâ–ˆâ–  | 21/29 [01:00<00:20,  2.62s/it]
 76%|â–ˆâ–ˆâ–ˆâ–ˆâ–ˆâ–ˆâ–ˆâ–Œ  | 22/29 [01:04<00:20,  2.87s/it]
 79%|â–ˆâ–ˆâ–ˆâ–ˆâ–ˆâ–ˆâ–ˆâ–‰  | 23/29 [01:08<00:19,  3.28s/it]
 83%|â–ˆâ–ˆâ–ˆâ–ˆâ–ˆâ–ˆâ–ˆâ–ˆâ–Ž | 24/29 [01:11<00:16,  3.28s/it]
 86%|â–ˆâ–ˆâ–ˆâ–ˆâ–ˆâ–ˆâ–ˆâ–ˆâ–Œ | 25/29 [01:16<00:14,  3.59s/it]
 90%|â–ˆâ–ˆâ–ˆâ–ˆâ–ˆâ–ˆâ–ˆâ–ˆâ–‰ | 26/29 [01:19<00:10,  3.60s/it]
 93%|â–ˆâ–ˆâ–ˆâ–ˆâ–ˆâ–ˆâ–ˆâ–ˆâ–ˆâ–Ž| 27/29 [01:23<00:07,  3.52s/it]
 97%|â–ˆâ–ˆâ–ˆâ–ˆâ–ˆâ–ˆâ–ˆâ–ˆâ–ˆâ–‹| 28/29 [01:27<00:03,  3.72s/it]
100%|â–ˆâ–ˆâ–ˆâ–ˆâ–ˆâ–ˆâ–ˆâ–ˆâ–ˆâ–ˆ| 29/29 [01:29<00:00,  3.13s/it]
100%|â–ˆâ–ˆâ–ˆâ–ˆâ–ˆâ–ˆâ–ˆâ–ˆâ–ˆâ–ˆ| 29/29 [01:29<00:00,  3.08s/it]
Num of videos 64 frames 15800

  0%|          | 0/1 [00:00<?, ?it/s]
100%|â–ˆâ–ˆâ–ˆâ–ˆâ–ˆâ–ˆâ–ˆâ–ˆâ–ˆâ–ˆ| 1/1 [00:06<00:00,  6.66s/it]
100%|â–ˆâ–ˆâ–ˆâ–ˆâ–ˆâ–ˆâ–ˆâ–ˆâ–ˆâ–ˆ| 1/1 [00:06<00:00,  6.78s/it]
[2024-03-03 18:11:15,316 INFO] unlabeled data number: 15800, labeled data number 3600
[2024-03-03 18:11:15,316 INFO] Create train and test data loaders
[2024-03-03 18:11:15,317 INFO] [!] data loader keys: dict_keys(['train_lb', 'train_ulb', 'eval', 'test'])
[2024-03-03 18:11:24,534 INFO] Create optimizer and scheduler
Num of videos 64 frames 15800
[2024-03-03 18:11:37,874 INFO] Number of Trainable Params: 85800963
logit adjustments:  tensor([-2.0662, -1.4553, -0.4463], device='cuda:0')
Load pretrained model for initializing the thief from  /home/deepankar/scratch/MSA_Medical/activethief/pretrained/deit_base_patch16_224-b5f2ef4d.pth
key not found head.weight
key not found head.bias
Common keys pretrained model:  150
Load anchor model /home/deepankar/mnt/vision1_outputs/gbusg_radformer/GBUSV_deit/SGD/1000_val100/random_v1_transforms/trial_4_cycle_1_best.pth
thief state:  ['cls_token', 'pos_embed', 'patch_embed.proj.weight', 'patch_embed.proj.bias', 'blocks.0.norm1.weight']
pretrained state:  ['cls_token', 'pos_embed', 'patch_embed.proj.weight', 'patch_embed.proj.bias', 'blocks.0.norm1.weight']
Common keys anchor model:  152
[2024-03-03 18:11:52,697 INFO] Anchor model on target dataset: acc = 0.6803, spec = 0.72, sens = 0.83
[2024-03-03 18:11:53,453 INFO] Arguments: Namespace(T=0.5, algorithm='selfkd', amp=False, batch_size=16, c='configs/gbc/selfkd_deit.yaml', clip=0.0, clip_grad=0, crop_ratio=0.875, data_dir='./data', dataset='GBUSV', device=device(type='cuda'), dist_backend='nccl', dist_url='tcp://127.0.0.1:19256', distributed=False, ds_seed=123, ema_m=0.999, epoch=100, eval_batch_size=16, eval_step=234, expand_labels=True, gpu=None, hard_label=True, imb_algorithm=None, img_size=224, include_lb_to_ulb=True, kd_alpha=0.4, kd_alpha_ulb=0.5, kd_temp=1.5, kd_temp_ulb=1.5, la=True, labeled_set_path='/home/deepankar/mnt/vision1_outputs/gbusg_radformer/GBUSV_deit/SGD/1000_val100/random_v1_transforms/X_trial_4_cycle_1_labeled_set.npy', layer_decay=0.5, lb_dest_len=3600, lb_imb_ratio=1, load_labeled_set=True, load_path=None, local_rank=-1, lr=0.01, max_length=512, max_length_seconds=4.0, momentum=0.9, multiprocessing_distributed=False, net='deit_base_patch16_224', net_from_name=False, no_progress=True, num_classes=3, num_eval_iter=234, num_labels=1000, num_log_iter=234, num_train_iter=900000, num_warmup_iter=5120, num_workers=4, optim='SGD', overwrite=True, p_cutoff=0.95, pretrain_path='', pretrained_dir='/home/deepankar/scratch/MSA_Medical/activethief/pretrained/deit_base_patch16_224-b5f2ef4d.pth', rank=0, resume=False, sample_rate=16000, save_dir='saved_models/radformer', save_name='selfkd_deit_v8_exp4_4', scheduler_type='cosine', seed=5, subset=128116, thief_root='/home/deepankar/mnt/vision3_data_ckpts_msa_medical/GBUSV-Shared', train_sampler='RandomSampler', tro=1, ulb_dest_len=15800, ulb_imb_ratio=1, ulb_loss_ratio=1.0, ulb_num_labels=None, uratio=1, use_aim=False, use_cat=True, use_pretrain=True, use_tensorboard=True, use_wandb=True, val_set_path='/home/deepankar/mnt/vision1_outputs/gbusg_radformer/GBUSV_deit/SGD/1000_val100/random_v1_transforms/X_trial_4_cycle_1_val_set.npy', victim_arch='radformer', victim_data_root='/home/deepankar/mnt/vision3_data_ckpts_msa_medical/GBCU-Shared', victim_dataset='gbusg', victim_model_path='/home/deepankar/mnt/vision3_data_ckpts_msa_medical/victim_models/radformer/radformer.pkl', warmstart=False, warmstart_dir='/home/deepankar/mnt/vision1_outputs/gbusg_radformer/GBUSV_deit/SGD/1000_val100/random_v1_transforms/trial_4_cycle_1_best.pth', warmup=0, warmup_epoch=10, weight_decay=0.0005, world_size=1)
[2024-03-03 18:11:53,455 INFO] Validation set distribution: 
anchor model temp =  1.0
Number of samples  100
[2024-03-03 18:11:55,058 INFO] {0: 19, 1: 24, 2: 57}
[2024-03-03 18:11:55,060 INFO] Labeled set distribution: 
Number of samples  3600
[2024-03-03 18:12:07,922 INFO] {0: 456, 1: 840, 2: 2304}
[2024-03-03 18:12:15,272 INFO] Initial model on target dataset (without EMA): acc = 0.3934, agreement = 0.3689, spec = 0.74, sens = 0.31
[2024-03-03 18:12:15,273 INFO] Resume load path None does not exist
[2024-03-03 18:12:15,274 INFO] 
Model training
wandb: Currently logged in as: satwikdpshrit. Use `wandb login --relogin` to force relogin
wandb: - Waiting for wandb.init()...
wandb: \ Waiting for wandb.init()...
wandb: Tracking run with wandb version 0.16.3
wandb: Run data is saved locally in saved_models/radformer/wandb/selfkd_deit_v8_exp4_4/wandb/run-20240303_181218-4ttg1rrn
wandb: Run `wandb offline` to turn off syncing.
wandb: Syncing run selfkd_deit_v8_exp4_4
wandb: â­ï¸ View project at https://wandb.ai/satwikdpshrit/radformer
wandb: ðŸš€ View run at https://wandb.ai/satwikdpshrit/radformer/runs/4ttg1rrn
[2024-03-03 18:12:22,509 INFO] 

epoch 0
[2024-03-03 18:14:56,362 INFO] validating...
[2024-03-03 18:15:02,155 INFO] model saved: saved_models/radformer/selfkd_deit_v8_exp4_4/latest_model.pth
[2024-03-03 18:15:03,798 INFO] model saved: saved_models/radformer/selfkd_deit_v8_exp4_4/model_best.pth
[2024-03-03 18:15:03,800 INFO] 226 iteration, USE_EMA: True, train/sup_loss: 1.11736, train/unsup_loss: 1.06151, train/total_loss: 2.17887, train/util_ratio: 0.87500, train/run_time: 0.63468, lr: 0.00000, train/prefecth_time: 0.01379, eval/loss: 1.11735, eval/top-1-acc: 0.33000, eval/balanced_acc: 0.34942, eval/precision: 0.42710, eval/recall: 0.34942, eval/F1: 0.27344, eval/spec: 0.97674, eval/sens: 0.24561, test/loss: 1.04015, test/top-1-acc: 0.39344, test/balanced_acc: 0.34522, test/precision: 0.42590, test/recall: 0.34522, test/F1: 0.30214, test/spec: 0.73750, test/sens: 0.30952 BEST_EVAL_ACC: 0.3300, at 226 iters BEST_TEST_ACC: 0.3934, at 226 iters
[2024-03-03 18:15:03,804 INFO] 

epoch 1
[2024-03-03 18:17:37,339 INFO] validating...
[2024-03-03 18:17:44,564 INFO] model saved: saved_models/radformer/selfkd_deit_v8_exp4_4/latest_model.pth
[2024-03-03 18:17:46,690 INFO] model saved: saved_models/radformer/selfkd_deit_v8_exp4_4/model_best.pth
[2024-03-03 18:17:46,691 INFO] 451 iteration, USE_EMA: True, train/sup_loss: 0.89595, train/unsup_loss: 0.68599, train/total_loss: 1.58194, train/util_ratio: 0.75000, train/run_time: 0.63471, lr: 0.00100, train/prefecth_time: 0.00616, eval/loss: 0.93763, eval/top-1-acc: 0.54000, eval/balanced_acc: 0.54971, eval/precision: 0.60952, eval/recall: 0.54971, eval/F1: 0.53800, eval/spec: 0.86047, eval/sens: 0.50877, test/loss: 0.99739, test/top-1-acc: 0.46721, test/balanced_acc: 0.41325, test/precision: 0.65436, test/recall: 0.41325, test/F1: 0.36731, test/spec: 0.78750, test/sens: 0.45238 BEST_EVAL_ACC: 0.5400, at 451 iters BEST_TEST_ACC: 0.4672, at 451 iters
[2024-03-03 18:17:46,694 INFO] 

epoch 2
[2024-03-03 18:20:19,578 INFO] validating...
[2024-03-03 18:20:25,848 INFO] model saved: saved_models/radformer/selfkd_deit_v8_exp4_4/latest_model.pth
[2024-03-03 18:20:27,986 INFO] model saved: saved_models/radformer/selfkd_deit_v8_exp4_4/model_best.pth
[2024-03-03 18:20:27,987 INFO] 676 iteration, USE_EMA: True, train/sup_loss: 0.68174, train/unsup_loss: 0.64779, train/total_loss: 1.32953, train/util_ratio: 0.81250, train/run_time: 0.63590, lr: 0.00200, train/prefecth_time: 0.00888, eval/loss: 0.83897, eval/top-1-acc: 0.66000, eval/balanced_acc: 0.66301, eval/precision: 0.66125, eval/recall: 0.66301, eval/F1: 0.64228, eval/spec: 0.90698, eval/sens: 0.64912, test/loss: 0.96306, test/top-1-acc: 0.50000, test/balanced_acc: 0.45176, test/precision: 0.58993, test/recall: 0.45176, test/F1: 0.42571, test/spec: 0.78750, test/sens: 0.52381 BEST_EVAL_ACC: 0.6600, at 676 iters BEST_TEST_ACC: 0.5000, at 676 iters
[2024-03-03 18:20:27,991 INFO] 

epoch 3
[2024-03-03 18:23:01,149 INFO] validating...
[2024-03-03 18:23:07,389 INFO] model saved: saved_models/radformer/selfkd_deit_v8_exp4_4/latest_model.pth
[2024-03-03 18:23:07,391 INFO] 901 iteration, USE_EMA: True, train/sup_loss: 0.57843, train/unsup_loss: 0.57687, train/total_loss: 1.15531, train/util_ratio: 0.87500, train/run_time: 0.63323, lr: 0.00300, train/prefecth_time: 0.00658, eval/loss: 0.77092, eval/top-1-acc: 0.67000, eval/balanced_acc: 0.64474, eval/precision: 0.63856, eval/recall: 0.64474, eval/F1: 0.63427, eval/spec: 0.86047, eval/sens: 0.71930, test/loss: 0.92917, test/top-1-acc: 0.52459, test/balanced_acc: 0.49078, test/precision: 0.61141, test/recall: 0.49078, test/F1: 0.49547, test/spec: 0.80000, test/sens: 0.50000 BEST_EVAL_ACC: 0.6600, at 676 iters BEST_TEST_ACC: 0.5000, at 676 iters
[2024-03-03 18:23:07,394 INFO] 

epoch 4
[2024-03-03 18:25:40,885 INFO] validating...
[2024-03-03 18:25:47,247 INFO] model saved: saved_models/radformer/selfkd_deit_v8_exp4_4/latest_model.pth
[2024-03-03 18:25:49,607 INFO] model saved: saved_models/radformer/selfkd_deit_v8_exp4_4/model_best.pth
[2024-03-03 18:25:49,609 INFO] 1126 iteration, USE_EMA: True, train/sup_loss: 0.54918, train/unsup_loss: 0.41469, train/total_loss: 0.96387, train/util_ratio: 0.81250, train/run_time: 0.63467, lr: 0.00400, train/prefecth_time: 0.00840, eval/loss: 0.73120, eval/top-1-acc: 0.74000, eval/balanced_acc: 0.69006, eval/precision: 0.68972, eval/recall: 0.69006, eval/F1: 0.68724, eval/spec: 0.83721, eval/sens: 0.82456, test/loss: 0.91536, test/top-1-acc: 0.52459, test/balanced_acc: 0.50545, test/precision: 0.61353, test/recall: 0.50545, test/F1: 0.52372, test/spec: 0.77500, test/sens: 0.47619 BEST_EVAL_ACC: 0.7400, at 1126 iters BEST_TEST_ACC: 0.5246, at 1126 iters
[2024-03-03 18:25:49,612 INFO] 

epoch 5
[2024-03-03 18:28:22,649 INFO] validating...
[2024-03-03 18:28:29,193 INFO] model saved: saved_models/radformer/selfkd_deit_v8_exp4_4/latest_model.pth
[2024-03-03 18:28:31,364 INFO] model saved: saved_models/radformer/selfkd_deit_v8_exp4_4/model_best.pth
[2024-03-03 18:28:31,366 INFO] 1351 iteration, USE_EMA: True, train/sup_loss: 0.46159, train/unsup_loss: 0.36677, train/total_loss: 0.82837, train/util_ratio: 0.81250, train/run_time: 0.63226, lr: 0.00500, train/prefecth_time: 0.00615, eval/loss: 0.68573, eval/top-1-acc: 0.77000, eval/balanced_acc: 0.74269, eval/precision: 0.74164, eval/recall: 0.74269, eval/F1: 0.74116, eval/spec: 0.81395, eval/sens: 0.82456, test/loss: 0.91483, test/top-1-acc: 0.53279, test/balanced_acc: 0.51452, test/precision: 0.63851, test/recall: 0.51452, test/F1: 0.53516, test/spec: 0.76250, test/sens: 0.52381 BEST_EVAL_ACC: 0.7700, at 1351 iters BEST_TEST_ACC: 0.5328, at 1351 iters
[2024-03-03 18:28:31,370 INFO] 

epoch 6
[2024-03-03 18:31:04,836 INFO] validating...
[2024-03-03 18:31:11,105 INFO] model saved: saved_models/radformer/selfkd_deit_v8_exp4_4/latest_model.pth
[2024-03-03 18:31:11,107 INFO] 1576 iteration, USE_EMA: True, train/sup_loss: 0.37324, train/unsup_loss: 0.23066, train/total_loss: 0.60390, train/util_ratio: 0.75000, train/run_time: 0.63671, lr: 0.00600, train/prefecth_time: 0.00758, eval/loss: 0.66125, eval/top-1-acc: 0.73000, eval/balanced_acc: 0.68787, eval/precision: 0.72619, eval/recall: 0.68787, eval/F1: 0.69900, eval/spec: 0.76744, eval/sens: 0.80702, test/loss: 0.92621, test/top-1-acc: 0.54098, test/balanced_acc: 0.52246, test/precision: 0.62482, test/recall: 0.52246, test/F1: 0.54003, test/spec: 0.76250, test/sens: 0.54762 BEST_EVAL_ACC: 0.7700, at 1351 iters BEST_TEST_ACC: 0.5328, at 1351 iters
[2024-03-03 18:31:11,111 INFO] 

epoch 7
[2024-03-03 18:33:44,340 INFO] validating...
[2024-03-03 18:33:50,687 INFO] model saved: saved_models/radformer/selfkd_deit_v8_exp4_4/latest_model.pth
[2024-03-03 18:33:50,688 INFO] 1801 iteration, USE_EMA: True, train/sup_loss: 0.63135, train/unsup_loss: 0.21819, train/total_loss: 0.84954, train/util_ratio: 0.81250, train/run_time: 0.62961, lr: 0.00700, train/prefecth_time: 0.01160, eval/loss: 0.61011, eval/top-1-acc: 0.74000, eval/balanced_acc: 0.69006, eval/precision: 0.69681, eval/recall: 0.69006, eval/F1: 0.68831, eval/spec: 0.86047, eval/sens: 0.82456, test/loss: 0.93839, test/top-1-acc: 0.54098, test/balanced_acc: 0.52246, test/precision: 0.62482, test/recall: 0.52246, test/F1: 0.54003, test/spec: 0.76250, test/sens: 0.54762 BEST_EVAL_ACC: 0.7700, at 1351 iters BEST_TEST_ACC: 0.5328, at 1351 iters
[2024-03-03 18:33:50,692 INFO] 

epoch 8
[2024-03-03 18:36:24,317 INFO] validating...
[2024-03-03 18:36:30,635 INFO] model saved: saved_models/radformer/selfkd_deit_v8_exp4_4/latest_model.pth
[2024-03-03 18:36:30,637 INFO] 2026 iteration, USE_EMA: True, train/sup_loss: 0.33422, train/unsup_loss: 0.22807, train/total_loss: 0.56229, train/util_ratio: 0.87500, train/run_time: 0.63410, lr: 0.00800, train/prefecth_time: 0.00729, eval/loss: 0.62126, eval/top-1-acc: 0.72000, eval/balanced_acc: 0.66594, eval/precision: 0.67041, eval/recall: 0.66594, eval/F1: 0.66794, eval/spec: 0.76744, eval/sens: 0.82456, test/loss: 0.94256, test/top-1-acc: 0.54918, test/balanced_acc: 0.53321, test/precision: 0.63245, test/recall: 0.53321, test/F1: 0.55285, test/spec: 0.77500, test/sens: 0.54762 BEST_EVAL_ACC: 0.7700, at 1351 iters BEST_TEST_ACC: 0.5328, at 1351 iters
[2024-03-03 18:36:30,640 INFO] 

epoch 9
[2024-03-03 18:39:03,483 INFO] validating...
[2024-03-03 18:39:09,943 INFO] model saved: saved_models/radformer/selfkd_deit_v8_exp4_4/latest_model.pth
[2024-03-03 18:39:12,174 INFO] model saved: saved_models/radformer/selfkd_deit_v8_exp4_4/model_best.pth
[2024-03-03 18:39:12,175 INFO] 2251 iteration, USE_EMA: True, train/sup_loss: 0.04814, train/unsup_loss: 0.20734, train/total_loss: 0.25548, train/util_ratio: 0.75000, train/run_time: 0.63752, lr: 0.00900, train/prefecth_time: 0.00854, eval/loss: 0.56840, eval/top-1-acc: 0.79000, eval/balanced_acc: 0.75073, eval/precision: 0.75940, eval/recall: 0.75073, eval/F1: 0.75396, eval/spec: 0.81395, eval/sens: 0.85965, test/loss: 0.94306, test/top-1-acc: 0.55738, test/balanced_acc: 0.54510, test/precision: 0.62372, test/recall: 0.54510, test/F1: 0.56349, test/spec: 0.77500, test/sens: 0.57143 BEST_EVAL_ACC: 0.7900, at 2251 iters BEST_TEST_ACC: 0.5574, at 2251 iters
[2024-03-03 18:39:12,178 INFO] 

epoch 10
[2024-03-03 18:41:46,240 INFO] validating...
[2024-03-03 18:41:54,294 INFO] model saved: saved_models/radformer/selfkd_deit_v8_exp4_4/latest_model.pth
[2024-03-03 18:41:56,951 INFO] model saved: saved_models/radformer/selfkd_deit_v8_exp4_4/model_best.pth
[2024-03-03 18:41:56,958 INFO] 2476 iteration, USE_EMA: True, train/sup_loss: 0.06126, train/unsup_loss: 0.22656, train/total_loss: 0.28782, train/util_ratio: 0.81250, train/run_time: 0.63606, lr: 0.01000, train/prefecth_time: 0.00963, eval/loss: 0.60787, eval/top-1-acc: 0.80000, eval/balanced_acc: 0.77193, eval/precision: 0.78906, eval/recall: 0.77193, eval/F1: 0.77952, eval/spec: 0.79070, eval/sens: 0.85965, test/loss: 0.94474, test/top-1-acc: 0.57377, test/balanced_acc: 0.56773, test/precision: 0.63394, test/recall: 0.56773, test/F1: 0.58614, test/spec: 0.76250, test/sens: 0.59524 BEST_EVAL_ACC: 0.8000, at 2476 iters BEST_TEST_ACC: 0.5738, at 2476 iters
[2024-03-03 18:41:56,965 INFO] 

epoch 11
[2024-03-03 18:44:33,463 INFO] validating...
[2024-03-03 18:44:40,549 INFO] model saved: saved_models/radformer/selfkd_deit_v8_exp4_4/latest_model.pth
[2024-03-03 18:44:40,552 INFO] 2701 iteration, USE_EMA: True, train/sup_loss: 0.06212, train/unsup_loss: 0.28036, train/total_loss: 0.34248, train/util_ratio: 0.87500, train/run_time: 0.64521, lr: 0.01000, train/prefecth_time: 0.04307, eval/loss: 0.58951, eval/top-1-acc: 0.80000, eval/balanced_acc: 0.76389, eval/precision: 0.76791, eval/recall: 0.76389, eval/F1: 0.76578, eval/spec: 0.81395, eval/sens: 0.87719, test/loss: 0.93995, test/top-1-acc: 0.57377, test/balanced_acc: 0.56773, test/precision: 0.63394, test/recall: 0.56773, test/F1: 0.58614, test/spec: 0.76250, test/sens: 0.59524 BEST_EVAL_ACC: 0.8000, at 2476 iters BEST_TEST_ACC: 0.5738, at 2476 iters
[2024-03-03 18:44:40,557 INFO] 

epoch 12
[2024-03-03 18:47:15,836 INFO] validating...
[2024-03-03 18:47:22,480 INFO] model saved: saved_models/radformer/selfkd_deit_v8_exp4_4/latest_model.pth
[2024-03-03 18:47:22,482 INFO] 2926 iteration, USE_EMA: True, train/sup_loss: 0.08099, train/unsup_loss: 0.10940, train/total_loss: 0.19039, train/util_ratio: 0.81250, train/run_time: 0.63530, lr: 0.01000, train/prefecth_time: 0.00971, eval/loss: 0.63924, eval/top-1-acc: 0.78000, eval/balanced_acc: 0.73977, eval/precision: 0.74227, eval/recall: 0.73977, eval/F1: 0.73761, eval/spec: 0.76744, eval/sens: 0.87719, test/loss: 0.94143, test/top-1-acc: 0.58197, test/balanced_acc: 0.57567, test/precision: 0.63870, test/recall: 0.57567, test/F1: 0.59269, test/spec: 0.75000, test/sens: 0.61905 BEST_EVAL_ACC: 0.8000, at 2476 iters BEST_TEST_ACC: 0.5738, at 2476 iters
[2024-03-03 18:47:22,487 INFO] 

epoch 13
[2024-03-03 18:49:56,557 INFO] validating...
[2024-03-03 18:50:03,506 INFO] model saved: saved_models/radformer/selfkd_deit_v8_exp4_4/latest_model.pth
[2024-03-03 18:50:03,509 INFO] 3151 iteration, USE_EMA: True, train/sup_loss: 0.04613, train/unsup_loss: 0.04976, train/total_loss: 0.09589, train/util_ratio: 0.68750, train/run_time: 0.63240, lr: 0.00999, train/prefecth_time: 0.00762, eval/loss: 0.74425, eval/top-1-acc: 0.75000, eval/balanced_acc: 0.69518, eval/precision: 0.70188, eval/recall: 0.69518, eval/F1: 0.69809, eval/spec: 0.76744, eval/sens: 0.85965, test/loss: 0.94297, test/top-1-acc: 0.59836, test/balanced_acc: 0.59436, test/precision: 0.65058, test/recall: 0.59436, test/F1: 0.61037, test/spec: 0.75000, test/sens: 0.64286 BEST_EVAL_ACC: 0.8000, at 2476 iters BEST_TEST_ACC: 0.5738, at 2476 iters
[2024-03-03 18:50:03,513 INFO] 

epoch 14
[2024-03-03 18:52:39,422 INFO] validating...
[2024-03-03 18:52:47,263 INFO] model saved: saved_models/radformer/selfkd_deit_v8_exp4_4/latest_model.pth
[2024-03-03 18:52:47,266 INFO] 3376 iteration, USE_EMA: True, train/sup_loss: 0.06995, train/unsup_loss: 0.07860, train/total_loss: 0.14855, train/util_ratio: 0.87500, train/run_time: 0.63711, lr: 0.00998, train/prefecth_time: 0.01029, eval/loss: 0.76558, eval/top-1-acc: 0.75000, eval/balanced_acc: 0.67544, eval/precision: 0.71032, eval/recall: 0.67544, eval/F1: 0.68968, eval/spec: 0.72093, eval/sens: 0.89474, test/loss: 0.94398, test/top-1-acc: 0.59836, test/balanced_acc: 0.59154, test/precision: 0.65090, test/recall: 0.59154, test/F1: 0.60664, test/spec: 0.75000, test/sens: 0.66667 BEST_EVAL_ACC: 0.8000, at 2476 iters BEST_TEST_ACC: 0.5738, at 2476 iters
[2024-03-03 18:52:47,271 INFO] 

epoch 15
[2024-03-03 18:55:23,476 INFO] validating...
[2024-03-03 18:55:30,720 INFO] model saved: saved_models/radformer/selfkd_deit_v8_exp4_4/latest_model.pth
[2024-03-03 18:55:30,722 INFO] 3601 iteration, USE_EMA: True, train/sup_loss: 0.38123, train/unsup_loss: 0.04366, train/total_loss: 0.42489, train/util_ratio: 0.68750, train/run_time: 0.63625, lr: 0.00997, train/prefecth_time: 0.01547, eval/loss: 0.79879, eval/top-1-acc: 0.78000, eval/balanced_acc: 0.74781, eval/precision: 0.73510, eval/recall: 0.74781, eval/F1: 0.73749, eval/spec: 0.81395, eval/sens: 0.85965, test/loss: 0.95381, test/top-1-acc: 0.60656, test/balanced_acc: 0.60230, test/precision: 0.65679, test/recall: 0.60230, test/F1: 0.61733, test/spec: 0.75000, test/sens: 0.66667 BEST_EVAL_ACC: 0.8000, at 2476 iters BEST_TEST_ACC: 0.5738, at 2476 iters
[2024-03-03 18:55:30,725 INFO] 

epoch 16
[2024-03-03 18:58:05,604 INFO] validating...
[2024-03-03 18:58:12,586 INFO] model saved: saved_models/radformer/selfkd_deit_v8_exp4_4/latest_model.pth
[2024-03-03 18:58:12,588 INFO] 3826 iteration, USE_EMA: True, train/sup_loss: 0.05636, train/unsup_loss: 0.05584, train/total_loss: 0.11220, train/util_ratio: 0.75000, train/run_time: 0.63678, lr: 0.00996, train/prefecth_time: 0.01021, eval/loss: 0.78562, eval/top-1-acc: 0.78000, eval/balanced_acc: 0.73977, eval/precision: 0.74242, eval/recall: 0.73977, eval/F1: 0.73554, eval/spec: 0.76744, eval/sens: 0.87719, test/loss: 0.95921, test/top-1-acc: 0.60656, test/balanced_acc: 0.60343, test/precision: 0.64661, test/recall: 0.60343, test/F1: 0.61522, test/spec: 0.75000, test/sens: 0.69048 BEST_EVAL_ACC: 0.8000, at 2476 iters BEST_TEST_ACC: 0.5738, at 2476 iters
[2024-03-03 18:58:12,591 INFO] 

epoch 17
[2024-03-03 19:00:47,132 INFO] validating...
[2024-03-03 19:00:54,201 INFO] model saved: saved_models/radformer/selfkd_deit_v8_exp4_4/latest_model.pth
[2024-03-03 19:00:54,214 INFO] 4051 iteration, USE_EMA: True, train/sup_loss: 0.03647, train/unsup_loss: 0.02903, train/total_loss: 0.06550, train/util_ratio: 0.75000, train/run_time: 0.63342, lr: 0.00994, train/prefecth_time: 0.00786, eval/loss: 0.86198, eval/top-1-acc: 0.76000, eval/balanced_acc: 0.72442, eval/precision: 0.72031, eval/recall: 0.72442, eval/F1: 0.72085, eval/spec: 0.76744, eval/sens: 0.84211, test/loss: 0.96680, test/top-1-acc: 0.59836, test/balanced_acc: 0.59268, test/precision: 0.64005, test/recall: 0.59268, test/F1: 0.60461, test/spec: 0.75000, test/sens: 0.69048 BEST_EVAL_ACC: 0.8000, at 2476 iters BEST_TEST_ACC: 0.5738, at 2476 iters
[2024-03-03 19:00:54,218 INFO] 

epoch 18
[2024-03-03 19:03:29,662 INFO] validating...
[2024-03-03 19:03:36,820 INFO] model saved: saved_models/radformer/selfkd_deit_v8_exp4_4/latest_model.pth
[2024-03-03 19:03:39,555 INFO] model saved: saved_models/radformer/selfkd_deit_v8_exp4_4/model_best.pth
[2024-03-03 19:03:39,556 INFO] 4276 iteration, USE_EMA: True, train/sup_loss: 0.01625, train/unsup_loss: 0.03471, train/total_loss: 0.05095, train/util_ratio: 0.75000, train/run_time: 0.63485, lr: 0.00993, train/prefecth_time: 0.01207, eval/loss: 0.81292, eval/top-1-acc: 0.84000, eval/balanced_acc: 0.79532, eval/precision: 0.82136, eval/recall: 0.79532, eval/F1: 0.80674, eval/spec: 0.81395, eval/sens: 0.92982, test/loss: 0.98365, test/top-1-acc: 0.60656, test/balanced_acc: 0.59948, test/precision: 0.64707, test/recall: 0.59948, test/F1: 0.61167, test/spec: 0.76250, test/sens: 0.69048 BEST_EVAL_ACC: 0.8400, at 4276 iters BEST_TEST_ACC: 0.6066, at 4276 iters
[2024-03-03 19:03:39,560 INFO] 

epoch 19
[2024-03-03 19:06:14,317 INFO] validating...
[2024-03-03 19:06:21,430 INFO] model saved: saved_models/radformer/selfkd_deit_v8_exp4_4/latest_model.pth
[2024-03-03 19:06:21,433 INFO] 4501 iteration, USE_EMA: True, train/sup_loss: 0.04514, train/unsup_loss: 0.02048, train/total_loss: 0.06562, train/util_ratio: 0.62500, train/run_time: 0.63326, lr: 0.00991, train/prefecth_time: 0.00738, eval/loss: 0.95034, eval/top-1-acc: 0.77000, eval/balanced_acc: 0.71053, eval/precision: 0.72430, eval/recall: 0.71053, eval/F1: 0.71557, eval/spec: 0.76744, eval/sens: 0.89474, test/loss: 0.98773, test/top-1-acc: 0.61475, test/balanced_acc: 0.60742, test/precision: 0.65314, test/recall: 0.60742, test/F1: 0.61847, test/spec: 0.76250, test/sens: 0.71429 BEST_EVAL_ACC: 0.8400, at 4276 iters BEST_TEST_ACC: 0.6066, at 4276 iters
[2024-03-03 19:06:21,442 INFO] 

epoch 20
[2024-03-03 19:08:56,213 INFO] validating...
[2024-03-03 19:09:03,668 INFO] model saved: saved_models/radformer/selfkd_deit_v8_exp4_4/latest_model.pth
[2024-03-03 19:09:03,671 INFO] 4726 iteration, USE_EMA: True, train/sup_loss: 0.01872, train/unsup_loss: 0.04002, train/total_loss: 0.05874, train/util_ratio: 0.75000, train/run_time: 0.64112, lr: 0.00988, train/prefecth_time: 0.00694, eval/loss: 0.84805, eval/top-1-acc: 0.80000, eval/balanced_acc: 0.75219, eval/precision: 0.76102, eval/recall: 0.75219, eval/F1: 0.75611, eval/spec: 0.81395, eval/sens: 0.89474, test/loss: 0.99356, test/top-1-acc: 0.60656, test/balanced_acc: 0.60343, test/precision: 0.63154, test/recall: 0.60343, test/F1: 0.61192, test/spec: 0.77500, test/sens: 0.69048 BEST_EVAL_ACC: 0.8400, at 4276 iters BEST_TEST_ACC: 0.6066, at 4276 iters
[2024-03-03 19:09:03,675 INFO] 

epoch 21
[2024-03-03 19:11:39,083 INFO] validating...
[2024-03-03 19:11:46,565 INFO] model saved: saved_models/radformer/selfkd_deit_v8_exp4_4/latest_model.pth
[2024-03-03 19:11:46,567 INFO] 4951 iteration, USE_EMA: True, train/sup_loss: 0.01430, train/unsup_loss: 0.02702, train/total_loss: 0.04132, train/util_ratio: 0.81250, train/run_time: 0.63484, lr: 0.00986, train/prefecth_time: 0.01049, eval/loss: 0.99928, eval/top-1-acc: 0.77000, eval/balanced_acc: 0.72222, eval/precision: 0.72640, eval/recall: 0.72222, eval/F1: 0.72095, eval/spec: 0.76744, eval/sens: 0.87719, test/loss: 1.00718, test/top-1-acc: 0.59836, test/balanced_acc: 0.59268, test/precision: 0.62420, test/recall: 0.59268, test/F1: 0.60149, test/spec: 0.77500, test/sens: 0.69048 BEST_EVAL_ACC: 0.8400, at 4276 iters BEST_TEST_ACC: 0.6066, at 4276 iters
[2024-03-03 19:11:46,572 INFO] 

epoch 22
[2024-03-03 19:14:24,739 INFO] validating...
[2024-03-03 19:14:33,054 INFO] model saved: saved_models/radformer/selfkd_deit_v8_exp4_4/latest_model.pth
[2024-03-03 19:14:33,055 INFO] 5176 iteration, USE_EMA: True, train/sup_loss: 0.09292, train/unsup_loss: 0.03156, train/total_loss: 0.12448, train/util_ratio: 0.81250, train/run_time: 0.63349, lr: 0.00983, train/prefecth_time: 0.01512, eval/loss: 1.01782, eval/top-1-acc: 0.79000, eval/balanced_acc: 0.73392, eval/precision: 0.75296, eval/recall: 0.73392, eval/F1: 0.73644, eval/spec: 0.76744, eval/sens: 0.91228, test/loss: 1.02409, test/top-1-acc: 0.60656, test/balanced_acc: 0.60343, test/precision: 0.63154, test/recall: 0.60343, test/F1: 0.61192, test/spec: 0.77500, test/sens: 0.69048 BEST_EVAL_ACC: 0.8400, at 4276 iters BEST_TEST_ACC: 0.6066, at 4276 iters
[2024-03-03 19:14:33,064 INFO] 

epoch 23
[2024-03-03 19:17:08,572 INFO] validating...
[2024-03-03 19:17:16,061 INFO] model saved: saved_models/radformer/selfkd_deit_v8_exp4_4/latest_model.pth
[2024-03-03 19:17:16,062 INFO] 5401 iteration, USE_EMA: True, train/sup_loss: 0.04124, train/unsup_loss: 0.05058, train/total_loss: 0.09182, train/util_ratio: 0.87500, train/run_time: 0.63696, lr: 0.00980, train/prefecth_time: 0.01018, eval/loss: 0.94408, eval/top-1-acc: 0.82000, eval/balanced_acc: 0.77924, eval/precision: 0.78847, eval/recall: 0.77924, eval/F1: 0.78002, eval/spec: 0.81395, eval/sens: 0.91228, test/loss: 1.03579, test/top-1-acc: 0.59836, test/balanced_acc: 0.59663, test/precision: 0.61826, test/recall: 0.59663, test/F1: 0.60329, test/spec: 0.77500, test/sens: 0.69048 BEST_EVAL_ACC: 0.8400, at 4276 iters BEST_TEST_ACC: 0.6066, at 4276 iters
[2024-03-03 19:17:16,066 INFO] 

epoch 24
[2024-03-03 19:19:50,340 INFO] validating...
[2024-03-03 19:19:57,065 INFO] model saved: saved_models/radformer/selfkd_deit_v8_exp4_4/latest_model.pth
[2024-03-03 19:19:57,067 INFO] 5626 iteration, USE_EMA: True, train/sup_loss: 0.07208, train/unsup_loss: 0.07011, train/total_loss: 0.14219, train/util_ratio: 0.81250, train/run_time: 0.63513, lr: 0.00977, train/prefecth_time: 0.01109, eval/loss: 1.11336, eval/top-1-acc: 0.78000, eval/balanced_acc: 0.73611, eval/precision: 0.74444, eval/recall: 0.73611, eval/F1: 0.73828, eval/spec: 0.76744, eval/sens: 0.87719, test/loss: 1.04424, test/top-1-acc: 0.61475, test/balanced_acc: 0.61250, test/precision: 0.64386, test/recall: 0.61250, test/F1: 0.61973, test/spec: 0.75000, test/sens: 0.73810 BEST_EVAL_ACC: 0.8400, at 4276 iters BEST_TEST_ACC: 0.6066, at 4276 iters
[2024-03-03 19:19:57,072 INFO] 

epoch 25
[2024-03-03 19:22:30,083 INFO] validating...
[2024-03-03 19:22:36,566 INFO] model saved: saved_models/radformer/selfkd_deit_v8_exp4_4/latest_model.pth
[2024-03-03 19:22:36,569 INFO] 5851 iteration, USE_EMA: True, train/sup_loss: 0.00742, train/unsup_loss: 0.02355, train/total_loss: 0.03098, train/util_ratio: 0.75000, train/run_time: 0.63451, lr: 0.00974, train/prefecth_time: 0.00981, eval/loss: 1.08763, eval/top-1-acc: 0.79000, eval/balanced_acc: 0.75000, eval/precision: 0.74948, eval/recall: 0.75000, eval/F1: 0.74916, eval/spec: 0.81395, eval/sens: 0.87719, test/loss: 1.05153, test/top-1-acc: 0.60656, test/balanced_acc: 0.60456, test/precision: 0.63758, test/recall: 0.60456, test/F1: 0.61305, test/spec: 0.75000, test/sens: 0.71429 BEST_EVAL_ACC: 0.8400, at 4276 iters BEST_TEST_ACC: 0.6066, at 4276 iters
[2024-03-03 19:22:36,573 INFO] 

epoch 26
[2024-03-03 19:25:08,954 INFO] validating...
[2024-03-03 19:25:15,203 INFO] model saved: saved_models/radformer/selfkd_deit_v8_exp4_4/latest_model.pth
[2024-03-03 19:25:15,205 INFO] 6076 iteration, USE_EMA: True, train/sup_loss: 0.01960, train/unsup_loss: 0.04639, train/total_loss: 0.06599, train/util_ratio: 0.81250, train/run_time: 0.63198, lr: 0.00970, train/prefecth_time: 0.00608, eval/loss: 1.05752, eval/top-1-acc: 0.79000, eval/balanced_acc: 0.75365, eval/precision: 0.75312, eval/recall: 0.75365, eval/F1: 0.75099, eval/spec: 0.79070, eval/sens: 0.87719, test/loss: 1.05626, test/top-1-acc: 0.62295, test/balanced_acc: 0.61817, test/precision: 0.65982, test/recall: 0.61817, test/F1: 0.62915, test/spec: 0.76250, test/sens: 0.71429 BEST_EVAL_ACC: 0.8400, at 4276 iters BEST_TEST_ACC: 0.6066, at 4276 iters
[2024-03-03 19:25:15,213 INFO] 

epoch 27
[2024-03-03 19:27:48,836 INFO] validating...
[2024-03-03 19:27:56,539 INFO] model saved: saved_models/radformer/selfkd_deit_v8_exp4_4/latest_model.pth
[2024-03-03 19:27:56,541 INFO] 6301 iteration, USE_EMA: True, train/sup_loss: 0.01254, train/unsup_loss: 0.01661, train/total_loss: 0.02915, train/util_ratio: 0.81250, train/run_time: 0.63508, lr: 0.00966, train/prefecth_time: 0.01235, eval/loss: 1.08753, eval/top-1-acc: 0.79000, eval/balanced_acc: 0.75000, eval/precision: 0.76768, eval/recall: 0.75000, eval/F1: 0.75807, eval/spec: 0.76744, eval/sens: 0.87719, test/loss: 1.06964, test/top-1-acc: 0.60656, test/balanced_acc: 0.60230, test/precision: 0.63949, test/recall: 0.60230, test/F1: 0.61366, test/spec: 0.77500, test/sens: 0.66667 BEST_EVAL_ACC: 0.8400, at 4276 iters BEST_TEST_ACC: 0.6066, at 4276 iters
[2024-03-03 19:27:56,547 INFO] 

epoch 28
[2024-03-03 19:30:32,484 INFO] validating...
[2024-03-03 19:30:40,018 INFO] model saved: saved_models/radformer/selfkd_deit_v8_exp4_4/latest_model.pth
[2024-03-03 19:30:40,020 INFO] 6526 iteration, USE_EMA: True, train/sup_loss: 0.00719, train/unsup_loss: 0.01788, train/total_loss: 0.02507, train/util_ratio: 0.75000, train/run_time: 0.63774, lr: 0.00962, train/prefecth_time: 0.01429, eval/loss: 0.95464, eval/top-1-acc: 0.82000, eval/balanced_acc: 0.77120, eval/precision: 0.79235, eval/recall: 0.77120, eval/F1: 0.77677, eval/spec: 0.79070, eval/sens: 0.92982, test/loss: 1.07644, test/top-1-acc: 0.60656, test/balanced_acc: 0.60230, test/precision: 0.63949, test/recall: 0.60230, test/F1: 0.61366, test/spec: 0.77500, test/sens: 0.66667 BEST_EVAL_ACC: 0.8400, at 4276 iters BEST_TEST_ACC: 0.6066, at 4276 iters
[2024-03-03 19:30:40,022 INFO] 

epoch 29
[2024-03-03 19:33:14,745 INFO] validating...
[2024-03-03 19:33:21,596 INFO] model saved: saved_models/radformer/selfkd_deit_v8_exp4_4/latest_model.pth
[2024-03-03 19:33:21,597 INFO] 6751 iteration, USE_EMA: True, train/sup_loss: 0.01259, train/unsup_loss: 0.09038, train/total_loss: 0.10297, train/util_ratio: 0.81250, train/run_time: 0.63270, lr: 0.00958, train/prefecth_time: 0.01313, eval/loss: 1.02337, eval/top-1-acc: 0.82000, eval/balanced_acc: 0.77120, eval/precision: 0.79235, eval/recall: 0.77120, eval/F1: 0.77677, eval/spec: 0.79070, eval/sens: 0.92982, test/loss: 1.08956, test/top-1-acc: 0.60656, test/balanced_acc: 0.60230, test/precision: 0.63949, test/recall: 0.60230, test/F1: 0.61366, test/spec: 0.77500, test/sens: 0.66667 BEST_EVAL_ACC: 0.8400, at 4276 iters BEST_TEST_ACC: 0.6066, at 4276 iters
[2024-03-03 19:33:21,600 INFO] 

epoch 30
[2024-03-03 19:35:55,566 INFO] validating...
[2024-03-03 19:36:03,501 INFO] model saved: saved_models/radformer/selfkd_deit_v8_exp4_4/latest_model.pth
[2024-03-03 19:36:03,503 INFO] 6976 iteration, USE_EMA: True, train/sup_loss: 0.01589, train/unsup_loss: 0.01695, train/total_loss: 0.03284, train/util_ratio: 0.75000, train/run_time: 0.63807, lr: 0.00954, train/prefecth_time: 0.01062, eval/loss: 1.06806, eval/top-1-acc: 0.81000, eval/balanced_acc: 0.77339, eval/precision: 0.78333, eval/recall: 0.77339, eval/F1: 0.77622, eval/spec: 0.79070, eval/sens: 0.89474, test/loss: 1.10195, test/top-1-acc: 0.62295, test/balanced_acc: 0.61817, test/precision: 0.65181, test/recall: 0.61817, test/F1: 0.62748, test/spec: 0.77500, test/sens: 0.71429 BEST_EVAL_ACC: 0.8400, at 4276 iters BEST_TEST_ACC: 0.6066, at 4276 iters
[2024-03-03 19:36:03,505 INFO] 

epoch 31
[2024-03-03 19:38:38,865 INFO] validating...
[2024-03-03 19:38:46,354 INFO] model saved: saved_models/radformer/selfkd_deit_v8_exp4_4/latest_model.pth
[2024-03-03 19:38:46,356 INFO] 7201 iteration, USE_EMA: True, train/sup_loss: 0.01012, train/unsup_loss: 0.00606, train/total_loss: 0.01618, train/util_ratio: 0.81250, train/run_time: 0.63422, lr: 0.00949, train/prefecth_time: 0.00816, eval/loss: 1.09762, eval/top-1-acc: 0.79000, eval/balanced_acc: 0.74196, eval/precision: 0.75000, eval/recall: 0.74196, eval/F1: 0.74398, eval/spec: 0.79070, eval/sens: 0.89474, test/loss: 1.10509, test/top-1-acc: 0.64754, test/balanced_acc: 0.64761, test/precision: 0.67205, test/recall: 0.64761, test/F1: 0.65469, test/spec: 0.77500, test/sens: 0.73810 BEST_EVAL_ACC: 0.8400, at 4276 iters BEST_TEST_ACC: 0.6066, at 4276 iters
[2024-03-03 19:38:46,364 INFO] 

epoch 32
[2024-03-03 19:41:20,828 INFO] validating...
[2024-03-03 19:41:27,552 INFO] model saved: saved_models/radformer/selfkd_deit_v8_exp4_4/latest_model.pth
[2024-03-03 19:41:27,554 INFO] 7426 iteration, USE_EMA: True, train/sup_loss: 0.02830, train/unsup_loss: 0.02503, train/total_loss: 0.05333, train/util_ratio: 0.81250, train/run_time: 0.63913, lr: 0.00944, train/prefecth_time: 0.00791, eval/loss: 1.02312, eval/top-1-acc: 0.82000, eval/balanced_acc: 0.77924, eval/precision: 0.78109, eval/recall: 0.77924, eval/F1: 0.77764, eval/spec: 0.83721, eval/sens: 0.91228, test/loss: 1.10378, test/top-1-acc: 0.64754, test/balanced_acc: 0.64761, test/precision: 0.67931, test/recall: 0.64761, test/F1: 0.65648, test/spec: 0.76250, test/sens: 0.73810 BEST_EVAL_ACC: 0.8400, at 4276 iters BEST_TEST_ACC: 0.6066, at 4276 iters
[2024-03-03 19:41:27,559 INFO] 

epoch 33
[2024-03-03 19:44:00,509 INFO] validating...
[2024-03-03 19:44:07,534 INFO] model saved: saved_models/radformer/selfkd_deit_v8_exp4_4/latest_model.pth
[2024-03-03 19:44:07,536 INFO] 7651 iteration, USE_EMA: True, train/sup_loss: 0.00570, train/unsup_loss: 0.05381, train/total_loss: 0.05951, train/util_ratio: 0.81250, train/run_time: 0.63573, lr: 0.00939, train/prefecth_time: 0.00913, eval/loss: 1.14454, eval/top-1-acc: 0.77000, eval/balanced_acc: 0.71053, eval/precision: 0.72430, eval/recall: 0.71053, eval/F1: 0.71557, eval/spec: 0.76744, eval/sens: 0.89474, test/loss: 1.09994, test/top-1-acc: 0.65574, test/balanced_acc: 0.65441, test/precision: 0.68625, test/recall: 0.65441, test/F1: 0.66369, test/spec: 0.77500, test/sens: 0.73810 BEST_EVAL_ACC: 0.8400, at 4276 iters BEST_TEST_ACC: 0.6066, at 4276 iters
[2024-03-03 19:44:07,540 INFO] 

epoch 34
[2024-03-03 19:46:40,179 INFO] validating...
[2024-03-03 19:46:46,949 INFO] model saved: saved_models/radformer/selfkd_deit_v8_exp4_4/latest_model.pth
[2024-03-03 19:46:46,951 INFO] 7876 iteration, USE_EMA: True, train/sup_loss: 0.01781, train/unsup_loss: 0.01777, train/total_loss: 0.03558, train/util_ratio: 0.75000, train/run_time: 0.63430, lr: 0.00934, train/prefecth_time: 0.00893, eval/loss: 1.11314, eval/top-1-acc: 0.77000, eval/balanced_acc: 0.72661, eval/precision: 0.72605, eval/recall: 0.72661, eval/F1: 0.72480, eval/spec: 0.79070, eval/sens: 0.85965, test/loss: 1.09659, test/top-1-acc: 0.67213, test/balanced_acc: 0.67029, test/precision: 0.69938, test/recall: 0.67029, test/F1: 0.67731, test/spec: 0.77500, test/sens: 0.78571 BEST_EVAL_ACC: 0.8400, at 4276 iters BEST_TEST_ACC: 0.6066, at 4276 iters
[2024-03-03 19:46:46,959 INFO] 

epoch 35
[2024-03-03 19:49:21,125 INFO] validating...
[2024-03-03 19:49:29,415 INFO] model saved: saved_models/radformer/selfkd_deit_v8_exp4_4/latest_model.pth
[2024-03-03 19:49:29,417 INFO] 8101 iteration, USE_EMA: True, train/sup_loss: 0.00858, train/unsup_loss: 0.01494, train/total_loss: 0.02352, train/util_ratio: 0.75000, train/run_time: 0.63777, lr: 0.00928, train/prefecth_time: 0.00954, eval/loss: 1.15263, eval/top-1-acc: 0.79000, eval/balanced_acc: 0.74561, eval/precision: 0.74798, eval/recall: 0.74561, eval/F1: 0.74124, eval/spec: 0.79070, eval/sens: 0.89474, test/loss: 1.10699, test/top-1-acc: 0.66393, test/balanced_acc: 0.66348, test/precision: 0.69257, test/recall: 0.66348, test/F1: 0.67000, test/spec: 0.76250, test/sens: 0.78571 BEST_EVAL_ACC: 0.8400, at 4276 iters BEST_TEST_ACC: 0.6066, at 4276 iters
[2024-03-03 19:49:29,426 INFO] 

epoch 36
[2024-03-03 19:52:04,309 INFO] validating...
[2024-03-03 19:52:11,492 INFO] model saved: saved_models/radformer/selfkd_deit_v8_exp4_4/latest_model.pth
[2024-03-03 19:52:11,495 INFO] 8326 iteration, USE_EMA: True, train/sup_loss: 0.01569, train/unsup_loss: 0.11376, train/total_loss: 0.12945, train/util_ratio: 0.87500, train/run_time: 0.63569, lr: 0.00922, train/prefecth_time: 0.00980, eval/loss: 1.11282, eval/top-1-acc: 0.81000, eval/balanced_acc: 0.76170, eval/precision: 0.78415, eval/recall: 0.76170, eval/F1: 0.77146, eval/spec: 0.79070, eval/sens: 0.91228, test/loss: 1.10141, test/top-1-acc: 0.66393, test/balanced_acc: 0.66348, test/precision: 0.69257, test/recall: 0.66348, test/F1: 0.67000, test/spec: 0.76250, test/sens: 0.78571 BEST_EVAL_ACC: 0.8400, at 4276 iters BEST_TEST_ACC: 0.6066, at 4276 iters
[2024-03-03 19:52:11,504 INFO] 

epoch 37
[2024-03-03 19:54:45,483 INFO] validating...
[2024-03-03 19:54:52,203 INFO] model saved: saved_models/radformer/selfkd_deit_v8_exp4_4/latest_model.pth
[2024-03-03 19:54:52,204 INFO] 8551 iteration, USE_EMA: True, train/sup_loss: 0.06143, train/unsup_loss: 0.00799, train/total_loss: 0.06942, train/util_ratio: 0.81250, train/run_time: 0.63756, lr: 0.00916, train/prefecth_time: 0.00749, eval/loss: 1.01938, eval/top-1-acc: 0.81000, eval/balanced_acc: 0.76170, eval/precision: 0.76601, eval/recall: 0.76170, eval/F1: 0.76267, eval/spec: 0.83721, eval/sens: 0.91228, test/loss: 1.09978, test/top-1-acc: 0.66393, test/balanced_acc: 0.66348, test/precision: 0.69257, test/recall: 0.66348, test/F1: 0.67000, test/spec: 0.76250, test/sens: 0.78571 BEST_EVAL_ACC: 0.8400, at 4276 iters BEST_TEST_ACC: 0.6066, at 4276 iters
[2024-03-03 19:54:52,207 INFO] 

epoch 38
[2024-03-03 19:57:25,624 INFO] validating...
[2024-03-03 19:57:32,745 INFO] model saved: saved_models/radformer/selfkd_deit_v8_exp4_4/latest_model.pth
[2024-03-03 19:57:32,747 INFO] 8776 iteration, USE_EMA: True, train/sup_loss: 0.02064, train/unsup_loss: 0.06474, train/total_loss: 0.08538, train/util_ratio: 0.75000, train/run_time: 0.63701, lr: 0.00910, train/prefecth_time: 0.00875, eval/loss: 1.11065, eval/top-1-acc: 0.78000, eval/balanced_acc: 0.72442, eval/precision: 0.72782, eval/recall: 0.72442, eval/F1: 0.72501, eval/spec: 0.81395, eval/sens: 0.89474, test/loss: 1.10188, test/top-1-acc: 0.66393, test/balanced_acc: 0.66348, test/precision: 0.69257, test/recall: 0.66348, test/F1: 0.67000, test/spec: 0.76250, test/sens: 0.78571 BEST_EVAL_ACC: 0.8400, at 4276 iters BEST_TEST_ACC: 0.6066, at 4276 iters
[2024-03-03 19:57:32,749 INFO] 

epoch 39
[2024-03-03 20:00:05,677 INFO] validating...
[2024-03-03 20:00:12,363 INFO] model saved: saved_models/radformer/selfkd_deit_v8_exp4_4/latest_model.pth
[2024-03-03 20:00:12,364 INFO] 9001 iteration, USE_EMA: True, train/sup_loss: 0.02749, train/unsup_loss: 0.00403, train/total_loss: 0.03151, train/util_ratio: 0.68750, train/run_time: 0.63243, lr: 0.00904, train/prefecth_time: 0.00938, eval/loss: 1.24444, eval/top-1-acc: 0.78000, eval/balanced_acc: 0.72442, eval/precision: 0.72782, eval/recall: 0.72442, eval/F1: 0.72501, eval/spec: 0.81395, eval/sens: 0.89474, test/loss: 1.10000, test/top-1-acc: 0.67213, test/balanced_acc: 0.67029, test/precision: 0.69938, test/recall: 0.67029, test/F1: 0.67731, test/spec: 0.77500, test/sens: 0.78571 BEST_EVAL_ACC: 0.8400, at 4276 iters BEST_TEST_ACC: 0.6066, at 4276 iters
[2024-03-03 20:00:12,367 INFO] 

epoch 40
[2024-03-03 20:02:45,382 INFO] validating...
[2024-03-03 20:02:52,105 INFO] model saved: saved_models/radformer/selfkd_deit_v8_exp4_4/latest_model.pth
[2024-03-03 20:02:52,107 INFO] 9226 iteration, USE_EMA: True, train/sup_loss: 0.00644, train/unsup_loss: 0.03572, train/total_loss: 0.04216, train/util_ratio: 0.75000, train/run_time: 0.63339, lr: 0.00897, train/prefecth_time: 0.00829, eval/loss: 1.18176, eval/top-1-acc: 0.79000, eval/balanced_acc: 0.73026, eval/precision: 0.74976, eval/recall: 0.73026, eval/F1: 0.73863, eval/spec: 0.79070, eval/sens: 0.91228, test/loss: 1.09354, test/top-1-acc: 0.66393, test/balanced_acc: 0.65953, test/precision: 0.69250, test/recall: 0.65953, test/F1: 0.66706, test/spec: 0.77500, test/sens: 0.78571 BEST_EVAL_ACC: 0.8400, at 4276 iters BEST_TEST_ACC: 0.6066, at 4276 iters
[2024-03-03 20:02:52,111 INFO] 

epoch 41
[2024-03-03 20:05:25,269 INFO] validating...
[2024-03-03 20:05:32,150 INFO] model saved: saved_models/radformer/selfkd_deit_v8_exp4_4/latest_model.pth
[2024-03-03 20:05:32,152 INFO] 9451 iteration, USE_EMA: True, train/sup_loss: 0.01925, train/unsup_loss: 0.00797, train/total_loss: 0.02722, train/util_ratio: 0.75000, train/run_time: 0.63699, lr: 0.00890, train/prefecth_time: 0.01518, eval/loss: 1.19355, eval/top-1-acc: 0.78000, eval/balanced_acc: 0.72442, eval/precision: 0.73333, eval/recall: 0.72442, eval/F1: 0.72688, eval/spec: 0.79070, eval/sens: 0.89474, test/loss: 1.09361, test/top-1-acc: 0.68033, test/balanced_acc: 0.68104, test/precision: 0.70623, test/recall: 0.68104, test/F1: 0.68732, test/spec: 0.77500, test/sens: 0.78571 BEST_EVAL_ACC: 0.8400, at 4276 iters BEST_TEST_ACC: 0.6066, at 4276 iters
[2024-03-03 20:05:32,155 INFO] 

epoch 42
[2024-03-03 20:08:04,794 INFO] validating...
[2024-03-03 20:08:11,074 INFO] model saved: saved_models/radformer/selfkd_deit_v8_exp4_4/latest_model.pth
[2024-03-03 20:08:11,075 INFO] 9676 iteration, USE_EMA: True, train/sup_loss: 0.06259, train/unsup_loss: 0.01762, train/total_loss: 0.08021, train/util_ratio: 0.75000, train/run_time: 0.63589, lr: 0.00883, train/prefecth_time: 0.01608, eval/loss: 1.08430, eval/top-1-acc: 0.81000, eval/balanced_acc: 0.77339, eval/precision: 0.77544, eval/recall: 0.77339, eval/F1: 0.77189, eval/spec: 0.81395, eval/sens: 0.89474, test/loss: 1.10187, test/top-1-acc: 0.66393, test/balanced_acc: 0.65953, test/precision: 0.69250, test/recall: 0.65953, test/F1: 0.66706, test/spec: 0.77500, test/sens: 0.78571 BEST_EVAL_ACC: 0.8400, at 4276 iters BEST_TEST_ACC: 0.6066, at 4276 iters
[2024-03-03 20:08:11,077 INFO] 

epoch 43
[2024-03-03 20:10:43,590 INFO] validating...
[2024-03-03 20:10:50,281 INFO] model saved: saved_models/radformer/selfkd_deit_v8_exp4_4/latest_model.pth
[2024-03-03 20:10:50,283 INFO] 9901 iteration, USE_EMA: True, train/sup_loss: 0.02034, train/unsup_loss: 0.01381, train/total_loss: 0.03415, train/util_ratio: 0.81250, train/run_time: 0.63542, lr: 0.00876, train/prefecth_time: 0.00745, eval/loss: 1.09361, eval/top-1-acc: 0.81000, eval/balanced_acc: 0.76535, eval/precision: 0.77093, eval/recall: 0.76535, eval/F1: 0.76451, eval/spec: 0.81395, eval/sens: 0.91228, test/loss: 1.10267, test/top-1-acc: 0.67213, test/balanced_acc: 0.67029, test/precision: 0.69938, test/recall: 0.67029, test/F1: 0.67731, test/spec: 0.77500, test/sens: 0.78571 BEST_EVAL_ACC: 0.8400, at 4276 iters BEST_TEST_ACC: 0.6066, at 4276 iters
[2024-03-03 20:10:50,286 INFO] 

epoch 44
[2024-03-03 20:13:23,139 INFO] validating...
[2024-03-03 20:13:29,708 INFO] model saved: saved_models/radformer/selfkd_deit_v8_exp4_4/latest_model.pth
[2024-03-03 20:13:29,710 INFO] 10126 iteration, USE_EMA: True, train/sup_loss: 0.01804, train/unsup_loss: 0.01966, train/total_loss: 0.03770, train/util_ratio: 0.87500, train/run_time: 0.63267, lr: 0.00868, train/prefecth_time: 0.01394, eval/loss: 1.14328, eval/top-1-acc: 0.81000, eval/balanced_acc: 0.75365, eval/precision: 0.76769, eval/recall: 0.75365, eval/F1: 0.75740, eval/spec: 0.81395, eval/sens: 0.92982, test/loss: 1.10832, test/top-1-acc: 0.66393, test/balanced_acc: 0.66235, test/precision: 0.69278, test/recall: 0.66235, test/F1: 0.67053, test/spec: 0.77500, test/sens: 0.76190 BEST_EVAL_ACC: 0.8400, at 4276 iters BEST_TEST_ACC: 0.6066, at 4276 iters
[2024-03-03 20:13:29,713 INFO] 

epoch 45
[2024-03-03 20:16:01,211 INFO] validating...
[2024-03-03 20:16:07,685 INFO] model saved: saved_models/radformer/selfkd_deit_v8_exp4_4/latest_model.pth
[2024-03-03 20:16:07,686 INFO] 10351 iteration, USE_EMA: True, train/sup_loss: 0.03508, train/unsup_loss: 0.02257, train/total_loss: 0.05764, train/util_ratio: 0.81250, train/run_time: 0.63340, lr: 0.00861, train/prefecth_time: 0.00626, eval/loss: 1.13566, eval/top-1-acc: 0.81000, eval/balanced_acc: 0.75000, eval/precision: 0.77110, eval/recall: 0.75000, eval/F1: 0.75909, eval/spec: 0.81395, eval/sens: 0.92982, test/loss: 1.11613, test/top-1-acc: 0.65574, test/balanced_acc: 0.65160, test/precision: 0.68606, test/recall: 0.65160, test/F1: 0.66032, test/spec: 0.77500, test/sens: 0.76190 BEST_EVAL_ACC: 0.8400, at 4276 iters BEST_TEST_ACC: 0.6066, at 4276 iters
[2024-03-03 20:16:07,690 INFO] 

epoch 46
[2024-03-03 20:18:39,818 INFO] validating...
[2024-03-03 20:18:46,536 INFO] model saved: saved_models/radformer/selfkd_deit_v8_exp4_4/latest_model.pth
[2024-03-03 20:18:46,537 INFO] 10576 iteration, USE_EMA: True, train/sup_loss: 0.01396, train/unsup_loss: 0.00662, train/total_loss: 0.02058, train/util_ratio: 0.81250, train/run_time: 0.63295, lr: 0.00853, train/prefecth_time: 0.00716, eval/loss: 1.31240, eval/top-1-acc: 0.76000, eval/balanced_acc: 0.70468, eval/precision: 0.70471, eval/recall: 0.70468, eval/F1: 0.70251, eval/spec: 0.79070, eval/sens: 0.87719, test/loss: 1.11672, test/top-1-acc: 0.64754, test/balanced_acc: 0.64480, test/precision: 0.67148, test/recall: 0.64480, test/F1: 0.65139, test/spec: 0.77500, test/sens: 0.76190 BEST_EVAL_ACC: 0.8400, at 4276 iters BEST_TEST_ACC: 0.6066, at 4276 iters
[2024-03-03 20:18:46,539 INFO] 

epoch 47
[2024-03-03 20:21:19,157 INFO] validating...
[2024-03-03 20:21:25,663 INFO] model saved: saved_models/radformer/selfkd_deit_v8_exp4_4/latest_model.pth
[2024-03-03 20:21:25,664 INFO] 10801 iteration, USE_EMA: True, train/sup_loss: 0.01096, train/unsup_loss: 0.00909, train/total_loss: 0.02005, train/util_ratio: 0.81250, train/run_time: 0.63887, lr: 0.00845, train/prefecth_time: 0.00863, eval/loss: 1.22938, eval/top-1-acc: 0.76000, eval/balanced_acc: 0.70102, eval/precision: 0.70099, eval/recall: 0.70102, eval/F1: 0.70048, eval/spec: 0.81395, eval/sens: 0.87719, test/loss: 1.11693, test/top-1-acc: 0.65574, test/balanced_acc: 0.65160, test/precision: 0.67856, test/recall: 0.65160, test/F1: 0.65867, test/spec: 0.78750, test/sens: 0.76190 BEST_EVAL_ACC: 0.8400, at 4276 iters BEST_TEST_ACC: 0.6066, at 4276 iters
[2024-03-03 20:21:25,667 INFO] 

epoch 48
[2024-03-03 20:23:57,371 INFO] validating...
[2024-03-03 20:24:03,670 INFO] model saved: saved_models/radformer/selfkd_deit_v8_exp4_4/latest_model.pth
[2024-03-03 20:24:03,672 INFO] 11026 iteration, USE_EMA: True, train/sup_loss: 0.01594, train/unsup_loss: 0.00970, train/total_loss: 0.02564, train/util_ratio: 0.75000, train/run_time: 0.63515, lr: 0.00836, train/prefecth_time: 0.00634, eval/loss: 1.18944, eval/top-1-acc: 0.80000, eval/balanced_acc: 0.74415, eval/precision: 0.75673, eval/recall: 0.74415, eval/F1: 0.74932, eval/spec: 0.81395, eval/sens: 0.91228, test/loss: 1.11801, test/top-1-acc: 0.65574, test/balanced_acc: 0.65160, test/precision: 0.67856, test/recall: 0.65160, test/F1: 0.65867, test/spec: 0.78750, test/sens: 0.76190 BEST_EVAL_ACC: 0.8400, at 4276 iters BEST_TEST_ACC: 0.6066, at 4276 iters
[2024-03-03 20:24:03,675 INFO] 

epoch 49
[2024-03-03 20:26:34,712 INFO] validating...
[2024-03-03 20:26:40,700 INFO] model saved: saved_models/radformer/selfkd_deit_v8_exp4_4/latest_model.pth
[2024-03-03 20:26:40,702 INFO] 11251 iteration, USE_EMA: True, train/sup_loss: 0.01064, train/unsup_loss: 0.00938, train/total_loss: 0.02002, train/util_ratio: 0.81250, train/run_time: 0.63462, lr: 0.00828, train/prefecth_time: 0.00829, eval/loss: 1.22823, eval/top-1-acc: 0.79000, eval/balanced_acc: 0.73026, eval/precision: 0.74085, eval/recall: 0.73026, eval/F1: 0.73450, eval/spec: 0.81395, eval/sens: 0.91228, test/loss: 1.10795, test/top-1-acc: 0.67213, test/balanced_acc: 0.67029, test/precision: 0.69222, test/recall: 0.67029, test/F1: 0.67562, test/spec: 0.78750, test/sens: 0.78571 BEST_EVAL_ACC: 0.8400, at 4276 iters BEST_TEST_ACC: 0.6066, at 4276 iters
[2024-03-03 20:26:40,705 INFO] 

epoch 50
[2024-03-03 20:29:12,703 INFO] validating...
[2024-03-03 20:29:18,973 INFO] model saved: saved_models/radformer/selfkd_deit_v8_exp4_4/latest_model.pth
[2024-03-03 20:29:18,974 INFO] 11476 iteration, USE_EMA: True, train/sup_loss: 0.05321, train/unsup_loss: 0.01601, train/total_loss: 0.06922, train/util_ratio: 0.81250, train/run_time: 0.63744, lr: 0.00819, train/prefecth_time: 0.00665, eval/loss: 1.14073, eval/top-1-acc: 0.80000, eval/balanced_acc: 0.75950, eval/precision: 0.75863, eval/recall: 0.75950, eval/F1: 0.75482, eval/spec: 0.81395, eval/sens: 0.89474, test/loss: 1.09946, test/top-1-acc: 0.67213, test/balanced_acc: 0.67029, test/precision: 0.69222, test/recall: 0.67029, test/F1: 0.67562, test/spec: 0.78750, test/sens: 0.78571 BEST_EVAL_ACC: 0.8400, at 4276 iters BEST_TEST_ACC: 0.6066, at 4276 iters
[2024-03-03 20:29:18,977 INFO] 

epoch 51
[2024-03-03 20:31:51,227 INFO] validating...
[2024-03-03 20:31:57,134 INFO] model saved: saved_models/radformer/selfkd_deit_v8_exp4_4/latest_model.pth
[2024-03-03 20:31:57,135 INFO] 11701 iteration, USE_EMA: True, train/sup_loss: 0.01316, train/unsup_loss: 0.05169, train/total_loss: 0.06485, train/util_ratio: 0.81250, train/run_time: 0.63344, lr: 0.00810, train/prefecth_time: 0.00684, eval/loss: 1.29344, eval/top-1-acc: 0.79000, eval/balanced_acc: 0.73026, eval/precision: 0.74085, eval/recall: 0.73026, eval/F1: 0.73450, eval/spec: 0.81395, eval/sens: 0.91228, test/loss: 1.09065, test/top-1-acc: 0.67213, test/balanced_acc: 0.67029, test/precision: 0.69222, test/recall: 0.67029, test/F1: 0.67562, test/spec: 0.78750, test/sens: 0.78571 BEST_EVAL_ACC: 0.8400, at 4276 iters BEST_TEST_ACC: 0.6066, at 4276 iters
[2024-03-03 20:31:57,138 INFO] 

epoch 52
[2024-03-03 20:34:28,194 INFO] validating...
[2024-03-03 20:34:33,908 INFO] model saved: saved_models/radformer/selfkd_deit_v8_exp4_4/latest_model.pth
[2024-03-03 20:34:33,909 INFO] 11926 iteration, USE_EMA: True, train/sup_loss: 0.02530, train/unsup_loss: 0.03525, train/total_loss: 0.06054, train/util_ratio: 0.81250, train/run_time: 0.63691, lr: 0.00801, train/prefecth_time: 0.00788, eval/loss: 1.13469, eval/top-1-acc: 0.82000, eval/balanced_acc: 0.77120, eval/precision: 0.78433, eval/recall: 0.77120, eval/F1: 0.77245, eval/spec: 0.81395, eval/sens: 0.92982, test/loss: 1.08604, test/top-1-acc: 0.67213, test/balanced_acc: 0.67029, test/precision: 0.69222, test/recall: 0.67029, test/F1: 0.67562, test/spec: 0.78750, test/sens: 0.78571 BEST_EVAL_ACC: 0.8400, at 4276 iters BEST_TEST_ACC: 0.6066, at 4276 iters
[2024-03-03 20:34:33,912 INFO] 

epoch 53
[2024-03-03 20:37:05,706 INFO] validating...
[2024-03-03 20:37:11,588 INFO] model saved: saved_models/radformer/selfkd_deit_v8_exp4_4/latest_model.pth
[2024-03-03 20:37:11,590 INFO] 12151 iteration, USE_EMA: True, train/sup_loss: 0.00739, train/unsup_loss: 0.00397, train/total_loss: 0.01137, train/util_ratio: 0.75000, train/run_time: 0.63237, lr: 0.00792, train/prefecth_time: 0.00671, eval/loss: 1.18905, eval/top-1-acc: 0.78000, eval/balanced_acc: 0.72442, eval/precision: 0.74430, eval/recall: 0.72442, eval/F1: 0.73298, eval/spec: 0.76744, eval/sens: 0.89474, test/loss: 1.09289, test/top-1-acc: 0.67213, test/balanced_acc: 0.67029, test/precision: 0.69222, test/recall: 0.67029, test/F1: 0.67562, test/spec: 0.78750, test/sens: 0.78571 BEST_EVAL_ACC: 0.8400, at 4276 iters BEST_TEST_ACC: 0.6066, at 4276 iters
[2024-03-03 20:37:11,594 INFO] 

epoch 54
[2024-03-03 20:39:43,808 INFO] validating...
[2024-03-03 20:39:50,002 INFO] model saved: saved_models/radformer/selfkd_deit_v8_exp4_4/latest_model.pth
[2024-03-03 20:39:50,003 INFO] 12376 iteration, USE_EMA: True, train/sup_loss: 0.01566, train/unsup_loss: 0.00763, train/total_loss: 0.02330, train/util_ratio: 0.81250, train/run_time: 0.63361, lr: 0.00783, train/prefecth_time: 0.00692, eval/loss: 1.24770, eval/top-1-acc: 0.78000, eval/balanced_acc: 0.73611, eval/precision: 0.72746, eval/recall: 0.73611, eval/F1: 0.73080, eval/spec: 0.83721, eval/sens: 0.87719, test/loss: 1.09981, test/top-1-acc: 0.67213, test/balanced_acc: 0.67029, test/precision: 0.69222, test/recall: 0.67029, test/F1: 0.67562, test/spec: 0.78750, test/sens: 0.78571 BEST_EVAL_ACC: 0.8400, at 4276 iters BEST_TEST_ACC: 0.6066, at 4276 iters
[2024-03-03 20:39:50,006 INFO] 

epoch 55
[2024-03-03 20:42:21,481 INFO] validating...
[2024-03-03 20:42:27,208 INFO] model saved: saved_models/radformer/selfkd_deit_v8_exp4_4/latest_model.pth
[2024-03-03 20:42:27,209 INFO] 12601 iteration, USE_EMA: True, train/sup_loss: 0.03652, train/unsup_loss: 0.02325, train/total_loss: 0.05977, train/util_ratio: 0.87500, train/run_time: 0.63370, lr: 0.00773, train/prefecth_time: 0.00727, eval/loss: 1.13381, eval/top-1-acc: 0.80000, eval/balanced_acc: 0.75950, eval/precision: 0.76537, eval/recall: 0.75950, eval/F1: 0.75882, eval/spec: 0.79070, eval/sens: 0.89474, test/loss: 1.09930, test/top-1-acc: 0.67213, test/balanced_acc: 0.67029, test/precision: 0.69938, test/recall: 0.67029, test/F1: 0.67731, test/spec: 0.77500, test/sens: 0.78571 BEST_EVAL_ACC: 0.8400, at 4276 iters BEST_TEST_ACC: 0.6066, at 4276 iters
[2024-03-03 20:42:27,213 INFO] 

epoch 56
[2024-03-03 20:44:57,005 INFO] validating...
[2024-03-03 20:45:02,858 INFO] model saved: saved_models/radformer/selfkd_deit_v8_exp4_4/latest_model.pth
[2024-03-03 20:45:02,859 INFO] 12826 iteration, USE_EMA: True, train/sup_loss: 0.00604, train/unsup_loss: 0.01292, train/total_loss: 0.01896, train/util_ratio: 0.87500, train/run_time: 0.63481, lr: 0.00763, train/prefecth_time: 0.00642, eval/loss: 1.15271, eval/top-1-acc: 0.81000, eval/balanced_acc: 0.76535, eval/precision: 0.76442, eval/recall: 0.76535, eval/F1: 0.76249, eval/spec: 0.83721, eval/sens: 0.91228, test/loss: 1.10190, test/top-1-acc: 0.67213, test/balanced_acc: 0.67029, test/precision: 0.69938, test/recall: 0.67029, test/F1: 0.67731, test/spec: 0.77500, test/sens: 0.78571 BEST_EVAL_ACC: 0.8400, at 4276 iters BEST_TEST_ACC: 0.6066, at 4276 iters
[2024-03-03 20:45:02,862 INFO] 

epoch 57
[2024-03-03 20:47:33,636 INFO] validating...
[2024-03-03 20:47:40,049 INFO] model saved: saved_models/radformer/selfkd_deit_v8_exp4_4/latest_model.pth
[2024-03-03 20:47:40,050 INFO] 13051 iteration, USE_EMA: True, train/sup_loss: 0.01623, train/unsup_loss: 0.00280, train/total_loss: 0.01903, train/util_ratio: 0.75000, train/run_time: 0.63580, lr: 0.00753, train/prefecth_time: 0.00724, eval/loss: 1.16716, eval/top-1-acc: 0.80000, eval/balanced_acc: 0.75146, eval/precision: 0.75338, eval/recall: 0.75146, eval/F1: 0.74901, eval/spec: 0.81395, eval/sens: 0.91228, test/loss: 1.09980, test/top-1-acc: 0.66393, test/balanced_acc: 0.65953, test/precision: 0.69250, test/recall: 0.65953, test/F1: 0.66706, test/spec: 0.77500, test/sens: 0.78571 BEST_EVAL_ACC: 0.8400, at 4276 iters BEST_TEST_ACC: 0.6066, at 4276 iters
[2024-03-03 20:47:40,054 INFO] 

epoch 58
[2024-03-03 20:50:11,533 INFO] validating...
[2024-03-03 20:50:17,164 INFO] model saved: saved_models/radformer/selfkd_deit_v8_exp4_4/latest_model.pth
[2024-03-03 20:50:17,165 INFO] 13276 iteration, USE_EMA: True, train/sup_loss: 0.03539, train/unsup_loss: 0.02597, train/total_loss: 0.06135, train/util_ratio: 0.87500, train/run_time: 0.63798, lr: 0.00743, train/prefecth_time: 0.00944, eval/loss: 1.25245, eval/top-1-acc: 0.78000, eval/balanced_acc: 0.73611, eval/precision: 0.73180, eval/recall: 0.73611, eval/F1: 0.73245, eval/spec: 0.81395, eval/sens: 0.87719, test/loss: 1.10160, test/top-1-acc: 0.67213, test/balanced_acc: 0.66634, test/precision: 0.69203, test/recall: 0.66634, test/F1: 0.67273, test/spec: 0.80000, test/sens: 0.78571 BEST_EVAL_ACC: 0.8400, at 4276 iters BEST_TEST_ACC: 0.6066, at 4276 iters
[2024-03-03 20:50:17,169 INFO] 

epoch 59
[2024-03-03 20:52:47,991 INFO] validating...
[2024-03-03 20:52:53,640 INFO] model saved: saved_models/radformer/selfkd_deit_v8_exp4_4/latest_model.pth
[2024-03-03 20:52:53,641 INFO] 13501 iteration, USE_EMA: True, train/sup_loss: 0.01018, train/unsup_loss: 0.00688, train/total_loss: 0.01706, train/util_ratio: 0.75000, train/run_time: 0.63562, lr: 0.00733, train/prefecth_time: 0.01030, eval/loss: 1.09840, eval/top-1-acc: 0.82000, eval/balanced_acc: 0.76754, eval/precision: 0.79606, eval/recall: 0.76754, eval/F1: 0.77931, eval/spec: 0.79070, eval/sens: 0.92982, test/loss: 1.10992, test/top-1-acc: 0.66393, test/balanced_acc: 0.65558, test/precision: 0.68468, test/recall: 0.65558, test/F1: 0.66226, test/spec: 0.80000, test/sens: 0.78571 BEST_EVAL_ACC: 0.8400, at 4276 iters BEST_TEST_ACC: 0.6066, at 4276 iters
[2024-03-03 20:52:53,644 INFO] 

epoch 60
[2024-03-03 20:55:23,898 INFO] validating...
[2024-03-03 20:55:29,472 INFO] model saved: saved_models/radformer/selfkd_deit_v8_exp4_4/latest_model.pth
[2024-03-03 20:55:29,473 INFO] 13726 iteration, USE_EMA: True, train/sup_loss: 0.00933, train/unsup_loss: 0.02178, train/total_loss: 0.03110, train/util_ratio: 0.87500, train/run_time: 0.63583, lr: 0.00722, train/prefecth_time: 0.00733, eval/loss: 1.05789, eval/top-1-acc: 0.80000, eval/balanced_acc: 0.75950, eval/precision: 0.75219, eval/recall: 0.75950, eval/F1: 0.75278, eval/spec: 0.83721, eval/sens: 0.89474, test/loss: 1.11126, test/top-1-acc: 0.66393, test/balanced_acc: 0.65558, test/precision: 0.68468, test/recall: 0.65558, test/F1: 0.66226, test/spec: 0.80000, test/sens: 0.78571 BEST_EVAL_ACC: 0.8400, at 4276 iters BEST_TEST_ACC: 0.6066, at 4276 iters
[2024-03-03 20:55:29,475 INFO] 

epoch 61
[2024-03-03 20:57:59,867 INFO] validating...
[2024-03-03 20:58:05,568 INFO] model saved: saved_models/radformer/selfkd_deit_v8_exp4_4/latest_model.pth
[2024-03-03 20:58:05,570 INFO] 13951 iteration, USE_EMA: True, train/sup_loss: 0.01575, train/unsup_loss: 0.01086, train/total_loss: 0.02661, train/util_ratio: 0.81250, train/run_time: 0.63325, lr: 0.00712, train/prefecth_time: 0.00871, eval/loss: 0.97553, eval/top-1-acc: 0.82000, eval/balanced_acc: 0.77120, eval/precision: 0.78433, eval/recall: 0.77120, eval/F1: 0.77245, eval/spec: 0.81395, eval/sens: 0.92982, test/loss: 1.11051, test/top-1-acc: 0.66393, test/balanced_acc: 0.65558, test/precision: 0.68468, test/recall: 0.65558, test/F1: 0.66226, test/spec: 0.80000, test/sens: 0.78571 BEST_EVAL_ACC: 0.8400, at 4276 iters BEST_TEST_ACC: 0.6066, at 4276 iters
[2024-03-03 20:58:05,572 INFO] 

epoch 62
[2024-03-03 21:00:36,735 INFO] validating...
[2024-03-03 21:00:42,242 INFO] model saved: saved_models/radformer/selfkd_deit_v8_exp4_4/latest_model.pth
[2024-03-03 21:00:42,244 INFO] 14176 iteration, USE_EMA: True, train/sup_loss: 0.10953, train/unsup_loss: 0.00739, train/total_loss: 0.11692, train/util_ratio: 0.75000, train/run_time: 0.63493, lr: 0.00701, train/prefecth_time: 0.00735, eval/loss: 1.04724, eval/top-1-acc: 0.80000, eval/balanced_acc: 0.75950, eval/precision: 0.75863, eval/recall: 0.75950, eval/F1: 0.75482, eval/spec: 0.81395, eval/sens: 0.89474, test/loss: 1.10335, test/top-1-acc: 0.66393, test/balanced_acc: 0.65558, test/precision: 0.69305, test/recall: 0.65558, test/F1: 0.66433, test/spec: 0.80000, test/sens: 0.78571 BEST_EVAL_ACC: 0.8400, at 4276 iters BEST_TEST_ACC: 0.6066, at 4276 iters
[2024-03-03 21:00:42,247 INFO] 

epoch 63
[2024-03-03 21:03:13,233 INFO] validating...
[2024-03-03 21:03:19,372 INFO] model saved: saved_models/radformer/selfkd_deit_v8_exp4_4/latest_model.pth
[2024-03-03 21:03:19,373 INFO] 14401 iteration, USE_EMA: True, train/sup_loss: 0.00866, train/unsup_loss: 0.00582, train/total_loss: 0.01448, train/util_ratio: 0.81250, train/run_time: 0.63392, lr: 0.00690, train/prefecth_time: 0.00701, eval/loss: 1.15719, eval/top-1-acc: 0.77000, eval/balanced_acc: 0.71418, eval/precision: 0.72790, eval/recall: 0.71418, eval/F1: 0.71673, eval/spec: 0.74419, eval/sens: 0.89474, test/loss: 1.10343, test/top-1-acc: 0.66393, test/balanced_acc: 0.65558, test/precision: 0.69305, test/recall: 0.65558, test/F1: 0.66433, test/spec: 0.80000, test/sens: 0.78571 BEST_EVAL_ACC: 0.8400, at 4276 iters BEST_TEST_ACC: 0.6066, at 4276 iters
[2024-03-03 21:03:19,375 INFO] 

epoch 64
[2024-03-03 21:05:49,328 INFO] validating...
[2024-03-03 21:05:55,043 INFO] model saved: saved_models/radformer/selfkd_deit_v8_exp4_4/latest_model.pth
[2024-03-03 21:05:55,045 INFO] 14626 iteration, USE_EMA: True, train/sup_loss: 0.01641, train/unsup_loss: 0.00325, train/total_loss: 0.01966, train/util_ratio: 0.68750, train/run_time: 0.63569, lr: 0.00679, train/prefecth_time: 0.00705, eval/loss: 1.11822, eval/top-1-acc: 0.79000, eval/balanced_acc: 0.73392, eval/precision: 0.74468, eval/recall: 0.73392, eval/F1: 0.73624, eval/spec: 0.79070, eval/sens: 0.91228, test/loss: 1.10177, test/top-1-acc: 0.68852, test/balanced_acc: 0.68503, test/precision: 0.71291, test/recall: 0.68503, test/F1: 0.69183, test/spec: 0.80000, test/sens: 0.80952 BEST_EVAL_ACC: 0.8400, at 4276 iters BEST_TEST_ACC: 0.6066, at 4276 iters
[2024-03-03 21:05:55,048 INFO] 

epoch 65
[2024-03-03 21:08:25,017 INFO] validating...
[2024-03-03 21:08:30,181 INFO] model saved: saved_models/radformer/selfkd_deit_v8_exp4_4/latest_model.pth
[2024-03-03 21:08:30,183 INFO] 14851 iteration, USE_EMA: True, train/sup_loss: 0.01591, train/unsup_loss: 0.00856, train/total_loss: 0.02447, train/util_ratio: 0.81250, train/run_time: 0.63904, lr: 0.00668, train/prefecth_time: 0.00817, eval/loss: 1.16796, eval/top-1-acc: 0.80000, eval/balanced_acc: 0.73611, eval/precision: 0.75190, eval/recall: 0.73611, eval/F1: 0.74202, eval/spec: 0.81395, eval/sens: 0.92982, test/loss: 1.09917, test/top-1-acc: 0.68852, test/balanced_acc: 0.68503, test/precision: 0.70583, test/recall: 0.68503, test/F1: 0.68974, test/spec: 0.80000, test/sens: 0.80952 BEST_EVAL_ACC: 0.8400, at 4276 iters BEST_TEST_ACC: 0.6066, at 4276 iters
[2024-03-03 21:08:30,186 INFO] 

epoch 66
[2024-03-03 21:11:00,125 INFO] validating...
[2024-03-03 21:11:05,450 INFO] model saved: saved_models/radformer/selfkd_deit_v8_exp4_4/latest_model.pth
[2024-03-03 21:11:05,451 INFO] 15076 iteration, USE_EMA: True, train/sup_loss: 0.00903, train/unsup_loss: 0.00839, train/total_loss: 0.01741, train/util_ratio: 0.75000, train/run_time: 0.63327, lr: 0.00656, train/prefecth_time: 0.00889, eval/loss: 1.12854, eval/top-1-acc: 0.77000, eval/balanced_acc: 0.69883, eval/precision: 0.74167, eval/recall: 0.69883, eval/F1: 0.71594, eval/spec: 0.72093, eval/sens: 0.91228, test/loss: 1.09694, test/top-1-acc: 0.68852, test/balanced_acc: 0.68503, test/precision: 0.70583, test/recall: 0.68503, test/F1: 0.68974, test/spec: 0.80000, test/sens: 0.80952 BEST_EVAL_ACC: 0.8400, at 4276 iters BEST_TEST_ACC: 0.6066, at 4276 iters
[2024-03-03 21:11:05,454 INFO] 

epoch 67
[2024-03-03 21:13:35,153 INFO] validating...
[2024-03-03 21:13:41,006 INFO] model saved: saved_models/radformer/selfkd_deit_v8_exp4_4/latest_model.pth
[2024-03-03 21:13:41,007 INFO] 15301 iteration, USE_EMA: True, train/sup_loss: 0.01382, train/unsup_loss: 0.01448, train/total_loss: 0.02830, train/util_ratio: 0.93750, train/run_time: 0.63482, lr: 0.00644, train/prefecth_time: 0.00639, eval/loss: 1.19580, eval/top-1-acc: 0.80000, eval/balanced_acc: 0.74781, eval/precision: 0.75556, eval/recall: 0.74781, eval/F1: 0.74968, eval/spec: 0.81395, eval/sens: 0.91228, test/loss: 1.10075, test/top-1-acc: 0.68852, test/balanced_acc: 0.68503, test/precision: 0.70583, test/recall: 0.68503, test/F1: 0.68974, test/spec: 0.80000, test/sens: 0.80952 BEST_EVAL_ACC: 0.8400, at 4276 iters BEST_TEST_ACC: 0.6066, at 4276 iters
[2024-03-03 21:13:41,011 INFO] 

epoch 68
[2024-03-03 21:16:10,768 INFO] validating...
[2024-03-03 21:16:16,461 INFO] model saved: saved_models/radformer/selfkd_deit_v8_exp4_4/latest_model.pth
[2024-03-03 21:16:16,462 INFO] 15526 iteration, USE_EMA: True, train/sup_loss: 0.06552, train/unsup_loss: 0.00659, train/total_loss: 0.07211, train/util_ratio: 0.75000, train/run_time: 0.63509, lr: 0.00633, train/prefecth_time: 0.00658, eval/loss: 1.20207, eval/top-1-acc: 0.78000, eval/balanced_acc: 0.72807, eval/precision: 0.73195, eval/recall: 0.72807, eval/F1: 0.72664, eval/spec: 0.79070, eval/sens: 0.89474, test/loss: 1.10186, test/top-1-acc: 0.68852, test/balanced_acc: 0.68503, test/precision: 0.70583, test/recall: 0.68503, test/F1: 0.68974, test/spec: 0.80000, test/sens: 0.80952 BEST_EVAL_ACC: 0.8400, at 4276 iters BEST_TEST_ACC: 0.6066, at 4276 iters
[2024-03-03 21:16:16,465 INFO] 

epoch 69
[2024-03-03 21:18:47,383 INFO] validating...
[2024-03-03 21:18:52,862 INFO] model saved: saved_models/radformer/selfkd_deit_v8_exp4_4/latest_model.pth
[2024-03-03 21:18:52,863 INFO] 15751 iteration, USE_EMA: True, train/sup_loss: 0.00642, train/unsup_loss: 0.01131, train/total_loss: 0.01773, train/util_ratio: 0.81250, train/run_time: 0.63339, lr: 0.00621, train/prefecth_time: 0.00711, eval/loss: 1.15328, eval/top-1-acc: 0.78000, eval/balanced_acc: 0.72807, eval/precision: 0.73921, eval/recall: 0.72807, eval/F1: 0.73059, eval/spec: 0.76744, eval/sens: 0.89474, test/loss: 1.10928, test/top-1-acc: 0.68852, test/balanced_acc: 0.68503, test/precision: 0.71286, test/recall: 0.68503, test/F1: 0.69135, test/spec: 0.78750, test/sens: 0.80952 BEST_EVAL_ACC: 0.8400, at 4276 iters BEST_TEST_ACC: 0.6066, at 4276 iters
[2024-03-03 21:18:52,866 INFO] 

epoch 70
[2024-03-03 21:21:22,628 INFO] validating...
[2024-03-03 21:21:28,171 INFO] model saved: saved_models/radformer/selfkd_deit_v8_exp4_4/latest_model.pth
[2024-03-03 21:21:28,172 INFO] 15976 iteration, USE_EMA: True, train/sup_loss: 0.02287, train/unsup_loss: 0.00329, train/total_loss: 0.02615, train/util_ratio: 0.68750, train/run_time: 0.63527, lr: 0.00609, train/prefecth_time: 0.00819, eval/loss: 1.12407, eval/top-1-acc: 0.78000, eval/balanced_acc: 0.72003, eval/precision: 0.73327, eval/recall: 0.72003, eval/F1: 0.72233, eval/spec: 0.76744, eval/sens: 0.91228, test/loss: 1.12260, test/top-1-acc: 0.68033, test/balanced_acc: 0.67427, test/precision: 0.70583, test/recall: 0.67427, test/F1: 0.68103, test/spec: 0.78750, test/sens: 0.80952 BEST_EVAL_ACC: 0.8400, at 4276 iters BEST_TEST_ACC: 0.6066, at 4276 iters
[2024-03-03 21:21:28,175 INFO] 

epoch 71
[2024-03-03 21:23:57,964 INFO] validating...
[2024-03-03 21:24:03,406 INFO] model saved: saved_models/radformer/selfkd_deit_v8_exp4_4/latest_model.pth
[2024-03-03 21:24:03,408 INFO] 16201 iteration, USE_EMA: True, train/sup_loss: 0.01095, train/unsup_loss: 0.00652, train/total_loss: 0.01747, train/util_ratio: 0.81250, train/run_time: 0.63686, lr: 0.00597, train/prefecth_time: 0.00685, eval/loss: 1.15981, eval/top-1-acc: 0.80000, eval/balanced_acc: 0.75146, eval/precision: 0.75338, eval/recall: 0.75146, eval/F1: 0.74901, eval/spec: 0.81395, eval/sens: 0.91228, test/loss: 1.12683, test/top-1-acc: 0.68033, test/balanced_acc: 0.67427, test/precision: 0.71455, test/recall: 0.67427, test/F1: 0.68279, test/spec: 0.77500, test/sens: 0.80952 BEST_EVAL_ACC: 0.8400, at 4276 iters BEST_TEST_ACC: 0.6066, at 4276 iters
[2024-03-03 21:24:03,412 INFO] 

epoch 72
[2024-03-03 21:26:33,256 INFO] validating...
[2024-03-03 21:26:38,738 INFO] model saved: saved_models/radformer/selfkd_deit_v8_exp4_4/latest_model.pth
[2024-03-03 21:26:38,739 INFO] 16426 iteration, USE_EMA: True, train/sup_loss: 0.00450, train/unsup_loss: 0.00542, train/total_loss: 0.00991, train/util_ratio: 0.87500, train/run_time: 0.63716, lr: 0.00584, train/prefecth_time: 0.00632, eval/loss: 1.13051, eval/top-1-acc: 0.81000, eval/balanced_acc: 0.75000, eval/precision: 0.77110, eval/recall: 0.75000, eval/F1: 0.75909, eval/spec: 0.81395, eval/sens: 0.92982, test/loss: 1.13251, test/top-1-acc: 0.68852, test/balanced_acc: 0.68503, test/precision: 0.72111, test/recall: 0.68503, test/F1: 0.69319, test/spec: 0.77500, test/sens: 0.80952 BEST_EVAL_ACC: 0.8400, at 4276 iters BEST_TEST_ACC: 0.6066, at 4276 iters
[2024-03-03 21:26:38,742 INFO] 

epoch 73
[2024-03-03 21:29:09,234 INFO] validating...
[2024-03-03 21:29:15,291 INFO] model saved: saved_models/radformer/selfkd_deit_v8_exp4_4/latest_model.pth
[2024-03-03 21:29:15,293 INFO] 16651 iteration, USE_EMA: True, train/sup_loss: 0.00464, train/unsup_loss: 0.00365, train/total_loss: 0.00829, train/util_ratio: 0.75000, train/run_time: 0.63576, lr: 0.00572, train/prefecth_time: 0.00672, eval/loss: 1.14763, eval/top-1-acc: 0.82000, eval/balanced_acc: 0.77485, eval/precision: 0.78249, eval/recall: 0.77485, eval/F1: 0.77098, eval/spec: 0.81395, eval/sens: 0.92982, test/loss: 1.13207, test/top-1-acc: 0.68852, test/balanced_acc: 0.68503, test/precision: 0.72111, test/recall: 0.68503, test/F1: 0.69319, test/spec: 0.77500, test/sens: 0.80952 BEST_EVAL_ACC: 0.8400, at 4276 iters BEST_TEST_ACC: 0.6066, at 4276 iters
[2024-03-03 21:29:15,296 INFO] 

epoch 74
[2024-03-03 21:31:46,128 INFO] validating...
[2024-03-03 21:31:52,293 INFO] model saved: saved_models/radformer/selfkd_deit_v8_exp4_4/latest_model.pth
[2024-03-03 21:31:52,295 INFO] 16876 iteration, USE_EMA: True, train/sup_loss: 0.00608, train/unsup_loss: 0.00415, train/total_loss: 0.01022, train/util_ratio: 0.75000, train/run_time: 0.63324, lr: 0.00559, train/prefecth_time: 0.00836, eval/loss: 1.17315, eval/top-1-acc: 0.78000, eval/balanced_acc: 0.72003, eval/precision: 0.73327, eval/recall: 0.72003, eval/F1: 0.72233, eval/spec: 0.76744, eval/sens: 0.91228, test/loss: 1.13678, test/top-1-acc: 0.68852, test/balanced_acc: 0.68503, test/precision: 0.72111, test/recall: 0.68503, test/F1: 0.69319, test/spec: 0.77500, test/sens: 0.80952 BEST_EVAL_ACC: 0.8400, at 4276 iters BEST_TEST_ACC: 0.6066, at 4276 iters
[2024-03-03 21:31:52,299 INFO] 

epoch 75
[2024-03-03 21:34:23,060 INFO] validating...
[2024-03-03 21:34:28,534 INFO] model saved: saved_models/radformer/selfkd_deit_v8_exp4_4/latest_model.pth
[2024-03-03 21:34:28,536 INFO] 17101 iteration, USE_EMA: True, train/sup_loss: 0.02114, train/unsup_loss: 0.00468, train/total_loss: 0.02583, train/util_ratio: 0.75000, train/run_time: 0.63535, lr: 0.00546, train/prefecth_time: 0.00784, eval/loss: 1.12307, eval/top-1-acc: 0.82000, eval/balanced_acc: 0.77120, eval/precision: 0.78435, eval/recall: 0.77120, eval/F1: 0.77449, eval/spec: 0.81395, eval/sens: 0.92982, test/loss: 1.13394, test/top-1-acc: 0.68033, test/balanced_acc: 0.67427, test/precision: 0.71483, test/recall: 0.67427, test/F1: 0.68242, test/spec: 0.76250, test/sens: 0.80952 BEST_EVAL_ACC: 0.8400, at 4276 iters BEST_TEST_ACC: 0.6066, at 4276 iters
[2024-03-03 21:34:28,542 INFO] 

epoch 76
[2024-03-03 21:36:58,966 INFO] validating...
[2024-03-03 21:37:04,819 INFO] model saved: saved_models/radformer/selfkd_deit_v8_exp4_4/latest_model.pth
[2024-03-03 21:37:04,820 INFO] 17326 iteration, USE_EMA: True, train/sup_loss: 0.00710, train/unsup_loss: 0.00297, train/total_loss: 0.01007, train/util_ratio: 0.81250, train/run_time: 0.63504, lr: 0.00534, train/prefecth_time: 0.00729, eval/loss: 1.09216, eval/top-1-acc: 0.80000, eval/balanced_acc: 0.75585, eval/precision: 0.75522, eval/recall: 0.75585, eval/F1: 0.75496, eval/spec: 0.83721, eval/sens: 0.89474, test/loss: 1.13637, test/top-1-acc: 0.68033, test/balanced_acc: 0.67427, test/precision: 0.71483, test/recall: 0.67427, test/F1: 0.68242, test/spec: 0.76250, test/sens: 0.80952 BEST_EVAL_ACC: 0.8400, at 4276 iters BEST_TEST_ACC: 0.6066, at 4276 iters
[2024-03-03 21:37:04,822 INFO] 

epoch 77
[2024-03-03 21:39:35,666 INFO] validating...
[2024-03-03 21:39:41,624 INFO] model saved: saved_models/radformer/selfkd_deit_v8_exp4_4/latest_model.pth
[2024-03-03 21:39:41,626 INFO] 17551 iteration, USE_EMA: True, train/sup_loss: 0.00575, train/unsup_loss: 0.00931, train/total_loss: 0.01506, train/util_ratio: 0.87500, train/run_time: 0.63844, lr: 0.00521, train/prefecth_time: 0.00931, eval/loss: 1.22572, eval/top-1-acc: 0.77000, eval/balanced_acc: 0.71053, eval/precision: 0.72430, eval/recall: 0.71053, eval/F1: 0.71557, eval/spec: 0.76744, eval/sens: 0.89474, test/loss: 1.13828, test/top-1-acc: 0.68033, test/balanced_acc: 0.67427, test/precision: 0.71483, test/recall: 0.67427, test/F1: 0.68242, test/spec: 0.76250, test/sens: 0.80952 BEST_EVAL_ACC: 0.8400, at 4276 iters BEST_TEST_ACC: 0.6066, at 4276 iters
[2024-03-03 21:39:41,630 INFO] 

epoch 78
[2024-03-03 21:42:11,622 INFO] validating...
[2024-03-03 21:42:17,513 INFO] model saved: saved_models/radformer/selfkd_deit_v8_exp4_4/latest_model.pth
[2024-03-03 21:42:17,514 INFO] 17776 iteration, USE_EMA: True, train/sup_loss: 0.05606, train/unsup_loss: 0.01362, train/total_loss: 0.06967, train/util_ratio: 0.81250, train/run_time: 0.63335, lr: 0.00508, train/prefecth_time: 0.00668, eval/loss: 1.25575, eval/top-1-acc: 0.80000, eval/balanced_acc: 0.74781, eval/precision: 0.76398, eval/recall: 0.74781, eval/F1: 0.75391, eval/spec: 0.79070, eval/sens: 0.91228, test/loss: 1.14320, test/top-1-acc: 0.68033, test/balanced_acc: 0.67427, test/precision: 0.71483, test/recall: 0.67427, test/F1: 0.68242, test/spec: 0.76250, test/sens: 0.80952 BEST_EVAL_ACC: 0.8400, at 4276 iters BEST_TEST_ACC: 0.6066, at 4276 iters
[2024-03-03 21:42:17,518 INFO] 

epoch 79
[2024-03-03 21:44:47,258 INFO] validating...
[2024-03-03 21:44:52,502 INFO] model saved: saved_models/radformer/selfkd_deit_v8_exp4_4/latest_model.pth
[2024-03-03 21:44:52,504 INFO] 18001 iteration, USE_EMA: True, train/sup_loss: 0.00462, train/unsup_loss: 0.00939, train/total_loss: 0.01401, train/util_ratio: 0.81250, train/run_time: 0.63287, lr: 0.00494, train/prefecth_time: 0.00735, eval/loss: 1.21445, eval/top-1-acc: 0.79000, eval/balanced_acc: 0.73026, eval/precision: 0.76043, eval/recall: 0.73026, eval/F1: 0.74317, eval/spec: 0.76744, eval/sens: 0.91228, test/loss: 1.14263, test/top-1-acc: 0.68033, test/balanced_acc: 0.67427, test/precision: 0.71483, test/recall: 0.67427, test/F1: 0.68242, test/spec: 0.76250, test/sens: 0.80952 BEST_EVAL_ACC: 0.8400, at 4276 iters BEST_TEST_ACC: 0.6066, at 4276 iters
[2024-03-03 21:44:52,508 INFO] 

epoch 80
[2024-03-03 21:47:22,472 INFO] validating...
[2024-03-03 21:47:27,900 INFO] model saved: saved_models/radformer/selfkd_deit_v8_exp4_4/latest_model.pth
[2024-03-03 21:47:27,901 INFO] 18226 iteration, USE_EMA: True, train/sup_loss: 0.00883, train/unsup_loss: 0.00376, train/total_loss: 0.01259, train/util_ratio: 0.68750, train/run_time: 0.63324, lr: 0.00481, train/prefecth_time: 0.00716, eval/loss: 1.17619, eval/top-1-acc: 0.79000, eval/balanced_acc: 0.73757, eval/precision: 0.75749, eval/recall: 0.73757, eval/F1: 0.74125, eval/spec: 0.74419, eval/sens: 0.91228, test/loss: 1.15284, test/top-1-acc: 0.68033, test/balanced_acc: 0.67427, test/precision: 0.71483, test/recall: 0.67427, test/F1: 0.68242, test/spec: 0.76250, test/sens: 0.80952 BEST_EVAL_ACC: 0.8400, at 4276 iters BEST_TEST_ACC: 0.6066, at 4276 iters
[2024-03-03 21:47:27,904 INFO] 

epoch 81
[2024-03-03 21:49:58,984 INFO] validating...
[2024-03-03 21:50:04,283 INFO] model saved: saved_models/radformer/selfkd_deit_v8_exp4_4/latest_model.pth
[2024-03-03 21:50:04,284 INFO] 18451 iteration, USE_EMA: True, train/sup_loss: 0.01781, train/unsup_loss: 0.00794, train/total_loss: 0.02575, train/util_ratio: 0.81250, train/run_time: 0.63351, lr: 0.00468, train/prefecth_time: 0.00742, eval/loss: 1.15579, eval/top-1-acc: 0.80000, eval/balanced_acc: 0.74781, eval/precision: 0.76222, eval/recall: 0.74781, eval/F1: 0.75175, eval/spec: 0.79070, eval/sens: 0.91228, test/loss: 1.15932, test/top-1-acc: 0.68033, test/balanced_acc: 0.67427, test/precision: 0.71483, test/recall: 0.67427, test/F1: 0.68242, test/spec: 0.76250, test/sens: 0.80952 BEST_EVAL_ACC: 0.8400, at 4276 iters BEST_TEST_ACC: 0.6066, at 4276 iters
[2024-03-03 21:50:04,288 INFO] 

epoch 82
[2024-03-03 21:52:35,429 INFO] validating...
[2024-03-03 21:52:40,810 INFO] model saved: saved_models/radformer/selfkd_deit_v8_exp4_4/latest_model.pth
[2024-03-03 21:52:40,811 INFO] 18676 iteration, USE_EMA: True, train/sup_loss: 0.03321, train/unsup_loss: 0.03021, train/total_loss: 0.06342, train/util_ratio: 0.68750, train/run_time: 0.63429, lr: 0.00454, train/prefecth_time: 0.00716, eval/loss: 1.13286, eval/top-1-acc: 0.79000, eval/balanced_acc: 0.74196, eval/precision: 0.75851, eval/recall: 0.74196, eval/F1: 0.74826, eval/spec: 0.76744, eval/sens: 0.89474, test/loss: 1.16293, test/top-1-acc: 0.67213, test/balanced_acc: 0.66747, test/precision: 0.70836, test/recall: 0.66747, test/F1: 0.67521, test/spec: 0.75000, test/sens: 0.80952 BEST_EVAL_ACC: 0.8400, at 4276 iters BEST_TEST_ACC: 0.6066, at 4276 iters
[2024-03-03 21:52:40,814 INFO] 

epoch 83
[2024-03-03 21:55:11,940 INFO] validating...
[2024-03-03 21:55:17,472 INFO] model saved: saved_models/radformer/selfkd_deit_v8_exp4_4/latest_model.pth
[2024-03-03 21:55:17,474 INFO] 18901 iteration, USE_EMA: True, train/sup_loss: 0.02183, train/unsup_loss: 0.00281, train/total_loss: 0.02465, train/util_ratio: 0.68750, train/run_time: 0.63160, lr: 0.00440, train/prefecth_time: 0.01072, eval/loss: 1.17451, eval/top-1-acc: 0.79000, eval/balanced_acc: 0.75365, eval/precision: 0.76111, eval/recall: 0.75365, eval/F1: 0.75537, eval/spec: 0.76744, eval/sens: 0.87719, test/loss: 1.16734, test/top-1-acc: 0.66393, test/balanced_acc: 0.65672, test/precision: 0.70154, test/recall: 0.65672, test/F1: 0.66452, test/spec: 0.75000, test/sens: 0.80952 BEST_EVAL_ACC: 0.8400, at 4276 iters BEST_TEST_ACC: 0.6066, at 4276 iters
[2024-03-03 21:55:17,477 INFO] 

epoch 84
[2024-03-03 21:57:47,355 INFO] validating...
[2024-03-03 21:57:52,462 INFO] model saved: saved_models/radformer/selfkd_deit_v8_exp4_4/latest_model.pth
[2024-03-03 21:57:52,463 INFO] 19126 iteration, USE_EMA: True, train/sup_loss: 0.06890, train/unsup_loss: 0.00496, train/total_loss: 0.07386, train/util_ratio: 0.75000, train/run_time: 0.63510, lr: 0.00427, train/prefecth_time: 0.00655, eval/loss: 1.19885, eval/top-1-acc: 0.78000, eval/balanced_acc: 0.72442, eval/precision: 0.74097, eval/recall: 0.72442, eval/F1: 0.73072, eval/spec: 0.76744, eval/sens: 0.89474, test/loss: 1.16774, test/top-1-acc: 0.67213, test/balanced_acc: 0.66352, test/precision: 0.70805, test/recall: 0.66352, test/F1: 0.67170, test/spec: 0.76250, test/sens: 0.80952 BEST_EVAL_ACC: 0.8400, at 4276 iters BEST_TEST_ACC: 0.6066, at 4276 iters
[2024-03-03 21:57:52,466 INFO] 

epoch 85
[2024-03-03 22:00:22,350 INFO] validating...
[2024-03-03 22:00:27,970 INFO] model saved: saved_models/radformer/selfkd_deit_v8_exp4_4/latest_model.pth
[2024-03-03 22:00:27,971 INFO] 19351 iteration, USE_EMA: True, train/sup_loss: 0.01829, train/unsup_loss: 0.01710, train/total_loss: 0.03539, train/util_ratio: 0.81250, train/run_time: 0.63351, lr: 0.00413, train/prefecth_time: 0.00729, eval/loss: 1.17156, eval/top-1-acc: 0.78000, eval/balanced_acc: 0.70833, eval/precision: 0.73900, eval/recall: 0.70833, eval/F1: 0.71887, eval/spec: 0.74419, eval/sens: 0.92982, test/loss: 1.16648, test/top-1-acc: 0.66393, test/balanced_acc: 0.65672, test/precision: 0.70154, test/recall: 0.65672, test/F1: 0.66452, test/spec: 0.75000, test/sens: 0.80952 BEST_EVAL_ACC: 0.8400, at 4276 iters BEST_TEST_ACC: 0.6066, at 4276 iters
[2024-03-03 22:00:27,975 INFO] 

epoch 86
[2024-03-03 22:02:57,838 INFO] validating...
[2024-03-03 22:03:03,234 INFO] model saved: saved_models/radformer/selfkd_deit_v8_exp4_4/latest_model.pth
[2024-03-03 22:03:03,235 INFO] 19576 iteration, USE_EMA: True, train/sup_loss: 0.05561, train/unsup_loss: 0.01175, train/total_loss: 0.06736, train/util_ratio: 0.87500, train/run_time: 0.63646, lr: 0.00399, train/prefecth_time: 0.00672, eval/loss: 1.19955, eval/top-1-acc: 0.78000, eval/balanced_acc: 0.72442, eval/precision: 0.73530, eval/recall: 0.72442, eval/F1: 0.72880, eval/spec: 0.79070, eval/sens: 0.89474, test/loss: 1.16746, test/top-1-acc: 0.66393, test/balanced_acc: 0.65672, test/precision: 0.70154, test/recall: 0.65672, test/F1: 0.66452, test/spec: 0.75000, test/sens: 0.80952 BEST_EVAL_ACC: 0.8400, at 4276 iters BEST_TEST_ACC: 0.6066, at 4276 iters
[2024-03-03 22:03:03,238 INFO] 

epoch 87
[2024-03-03 22:05:33,764 INFO] validating...
[2024-03-03 22:05:39,293 INFO] model saved: saved_models/radformer/selfkd_deit_v8_exp4_4/latest_model.pth
[2024-03-03 22:05:39,294 INFO] 19801 iteration, USE_EMA: True, train/sup_loss: 0.01414, train/unsup_loss: 0.00681, train/total_loss: 0.02095, train/util_ratio: 0.81250, train/run_time: 0.63558, lr: 0.00385, train/prefecth_time: 0.00701, eval/loss: 1.20220, eval/top-1-acc: 0.80000, eval/balanced_acc: 0.74781, eval/precision: 0.76299, eval/recall: 0.74781, eval/F1: 0.75013, eval/spec: 0.79070, eval/sens: 0.91228, test/loss: 1.16264, test/top-1-acc: 0.66393, test/balanced_acc: 0.65672, test/precision: 0.70154, test/recall: 0.65672, test/F1: 0.66452, test/spec: 0.75000, test/sens: 0.80952 BEST_EVAL_ACC: 0.8400, at 4276 iters BEST_TEST_ACC: 0.6066, at 4276 iters
[2024-03-03 22:05:39,298 INFO] 

epoch 88
[2024-03-03 22:08:10,384 INFO] validating...
[2024-03-03 22:08:15,894 INFO] model saved: saved_models/radformer/selfkd_deit_v8_exp4_4/latest_model.pth
[2024-03-03 22:08:15,895 INFO] 20026 iteration, USE_EMA: True, train/sup_loss: 0.04537, train/unsup_loss: 0.02063, train/total_loss: 0.06600, train/util_ratio: 0.81250, train/run_time: 0.63298, lr: 0.00371, train/prefecth_time: 0.00689, eval/loss: 1.19853, eval/top-1-acc: 0.78000, eval/balanced_acc: 0.71272, eval/precision: 0.76099, eval/recall: 0.71272, eval/F1: 0.73220, eval/spec: 0.74419, eval/sens: 0.91228, test/loss: 1.15887, test/top-1-acc: 0.67213, test/balanced_acc: 0.66747, test/precision: 0.70836, test/recall: 0.66747, test/F1: 0.67521, test/spec: 0.75000, test/sens: 0.80952 BEST_EVAL_ACC: 0.8400, at 4276 iters BEST_TEST_ACC: 0.6066, at 4276 iters
[2024-03-03 22:08:15,898 INFO] 

epoch 89
[2024-03-03 22:10:46,802 INFO] validating...
[2024-03-03 22:10:52,689 INFO] model saved: saved_models/radformer/selfkd_deit_v8_exp4_4/latest_model.pth
[2024-03-03 22:10:52,691 INFO] 20251 iteration, USE_EMA: True, train/sup_loss: 0.00642, train/unsup_loss: 0.01174, train/total_loss: 0.01817, train/util_ratio: 0.81250, train/run_time: 0.63425, lr: 0.00356, train/prefecth_time: 0.01545, eval/loss: 1.16505, eval/top-1-acc: 0.78000, eval/balanced_acc: 0.71637, eval/precision: 0.74297, eval/recall: 0.71637, eval/F1: 0.72498, eval/spec: 0.74419, eval/sens: 0.91228, test/loss: 1.15542, test/top-1-acc: 0.67213, test/balanced_acc: 0.66747, test/precision: 0.70836, test/recall: 0.66747, test/F1: 0.67521, test/spec: 0.75000, test/sens: 0.80952 BEST_EVAL_ACC: 0.8400, at 4276 iters BEST_TEST_ACC: 0.6066, at 4276 iters
[2024-03-03 22:10:52,695 INFO] 

epoch 90
[2024-03-03 22:13:24,087 INFO] validating...
[2024-03-03 22:13:29,886 INFO] model saved: saved_models/radformer/selfkd_deit_v8_exp4_4/latest_model.pth
[2024-03-03 22:13:29,887 INFO] 20476 iteration, USE_EMA: True, train/sup_loss: 0.01693, train/unsup_loss: 0.00449, train/total_loss: 0.02141, train/util_ratio: 0.62500, train/run_time: 0.64015, lr: 0.00342, train/prefecth_time: 0.01527, eval/loss: 1.04094, eval/top-1-acc: 0.79000, eval/balanced_acc: 0.74196, eval/precision: 0.75000, eval/recall: 0.74196, eval/F1: 0.74398, eval/spec: 0.79070, eval/sens: 0.89474, test/loss: 1.15822, test/top-1-acc: 0.66393, test/balanced_acc: 0.65953, test/precision: 0.70159, test/recall: 0.65953, test/F1: 0.66853, test/spec: 0.75000, test/sens: 0.78571 BEST_EVAL_ACC: 0.8400, at 4276 iters BEST_TEST_ACC: 0.6066, at 4276 iters
[2024-03-03 22:13:29,892 INFO] 

epoch 91
[2024-03-03 22:15:59,797 INFO] validating...
[2024-03-03 22:16:04,963 INFO] model saved: saved_models/radformer/selfkd_deit_v8_exp4_4/latest_model.pth
[2024-03-03 22:16:04,964 INFO] 20701 iteration, USE_EMA: True, train/sup_loss: 0.00696, train/unsup_loss: 0.00330, train/total_loss: 0.01026, train/util_ratio: 0.75000, train/run_time: 0.63607, lr: 0.00328, train/prefecth_time: 0.00680, eval/loss: 1.23670, eval/top-1-acc: 0.78000, eval/balanced_acc: 0.72807, eval/precision: 0.73921, eval/recall: 0.72807, eval/F1: 0.73059, eval/spec: 0.76744, eval/sens: 0.89474, test/loss: 1.16049, test/top-1-acc: 0.66393, test/balanced_acc: 0.65953, test/precision: 0.70159, test/recall: 0.65953, test/F1: 0.66853, test/spec: 0.75000, test/sens: 0.78571 BEST_EVAL_ACC: 0.8400, at 4276 iters BEST_TEST_ACC: 0.6066, at 4276 iters
[2024-03-03 22:16:04,968 INFO] 

epoch 92
[2024-03-03 22:18:35,227 INFO] validating...
[2024-03-03 22:18:40,842 INFO] model saved: saved_models/radformer/selfkd_deit_v8_exp4_4/latest_model.pth
[2024-03-03 22:18:40,844 INFO] 20926 iteration, USE_EMA: True, train/sup_loss: 0.00777, train/unsup_loss: 0.01299, train/total_loss: 0.02076, train/util_ratio: 0.81250, train/run_time: 0.63594, lr: 0.00313, train/prefecth_time: 0.00663, eval/loss: 1.22926, eval/top-1-acc: 0.79000, eval/balanced_acc: 0.74196, eval/precision: 0.75000, eval/recall: 0.74196, eval/F1: 0.74398, eval/spec: 0.79070, eval/sens: 0.89474, test/loss: 1.16071, test/top-1-acc: 0.66393, test/balanced_acc: 0.65953, test/precision: 0.70159, test/recall: 0.65953, test/F1: 0.66853, test/spec: 0.75000, test/sens: 0.78571 BEST_EVAL_ACC: 0.8400, at 4276 iters BEST_TEST_ACC: 0.6066, at 4276 iters
[2024-03-03 22:18:40,853 INFO] 

epoch 93
[2024-03-03 22:21:11,681 INFO] validating...
[2024-03-03 22:21:17,268 INFO] model saved: saved_models/radformer/selfkd_deit_v8_exp4_4/latest_model.pth
[2024-03-03 22:21:17,269 INFO] 21151 iteration, USE_EMA: True, train/sup_loss: 0.00991, train/unsup_loss: 0.00285, train/total_loss: 0.01277, train/util_ratio: 0.75000, train/run_time: 0.63664, lr: 0.00299, train/prefecth_time: 0.00733, eval/loss: 1.01380, eval/top-1-acc: 0.81000, eval/balanced_acc: 0.75365, eval/precision: 0.76769, eval/recall: 0.75365, eval/F1: 0.75740, eval/spec: 0.81395, eval/sens: 0.92982, test/loss: 1.15936, test/top-1-acc: 0.66393, test/balanced_acc: 0.65953, test/precision: 0.70159, test/recall: 0.65953, test/F1: 0.66853, test/spec: 0.75000, test/sens: 0.78571 BEST_EVAL_ACC: 0.8400, at 4276 iters BEST_TEST_ACC: 0.6066, at 4276 iters
[2024-03-03 22:21:17,272 INFO] 

epoch 94
[2024-03-03 22:23:48,311 INFO] validating...
[2024-03-03 22:23:53,729 INFO] model saved: saved_models/radformer/selfkd_deit_v8_exp4_4/latest_model.pth
[2024-03-03 22:23:53,730 INFO] 21376 iteration, USE_EMA: True, train/sup_loss: 0.02330, train/unsup_loss: 0.00379, train/total_loss: 0.02709, train/util_ratio: 0.75000, train/run_time: 0.63258, lr: 0.00284, train/prefecth_time: 0.01587, eval/loss: 1.27371, eval/top-1-acc: 0.77000, eval/balanced_acc: 0.71857, eval/precision: 0.71766, eval/recall: 0.71857, eval/F1: 0.71758, eval/spec: 0.81395, eval/sens: 0.87719, test/loss: 1.15649, test/top-1-acc: 0.66393, test/balanced_acc: 0.65953, test/precision: 0.70159, test/recall: 0.65953, test/F1: 0.66853, test/spec: 0.75000, test/sens: 0.78571 BEST_EVAL_ACC: 0.8400, at 4276 iters BEST_TEST_ACC: 0.6066, at 4276 iters
[2024-03-03 22:23:53,733 INFO] 

epoch 95
[2024-03-03 22:26:23,565 INFO] validating...
[2024-03-03 22:26:29,511 INFO] model saved: saved_models/radformer/selfkd_deit_v8_exp4_4/latest_model.pth
[2024-03-03 22:26:29,513 INFO] 21601 iteration, USE_EMA: True, train/sup_loss: 0.04205, train/unsup_loss: 0.00568, train/total_loss: 0.04772, train/util_ratio: 0.81250, train/run_time: 0.63407, lr: 0.00269, train/prefecth_time: 0.00662, eval/loss: 1.10261, eval/top-1-acc: 0.80000, eval/balanced_acc: 0.74781, eval/precision: 0.76222, eval/recall: 0.74781, eval/F1: 0.75175, eval/spec: 0.79070, eval/sens: 0.91228, test/loss: 1.15486, test/top-1-acc: 0.66393, test/balanced_acc: 0.65953, test/precision: 0.70159, test/recall: 0.65953, test/F1: 0.66853, test/spec: 0.75000, test/sens: 0.78571 BEST_EVAL_ACC: 0.8400, at 4276 iters BEST_TEST_ACC: 0.6066, at 4276 iters
[2024-03-03 22:26:29,516 INFO] 

epoch 96
[2024-03-03 22:29:00,553 INFO] validating...
[2024-03-03 22:29:05,863 INFO] model saved: saved_models/radformer/selfkd_deit_v8_exp4_4/latest_model.pth
[2024-03-03 22:29:05,865 INFO] 21826 iteration, USE_EMA: True, train/sup_loss: 0.00985, train/unsup_loss: 0.00943, train/total_loss: 0.01927, train/util_ratio: 0.81250, train/run_time: 0.63584, lr: 0.00255, train/prefecth_time: 0.00659, eval/loss: 1.21826, eval/top-1-acc: 0.81000, eval/balanced_acc: 0.76901, eval/precision: 0.76869, eval/recall: 0.76901, eval/F1: 0.76320, eval/spec: 0.81395, eval/sens: 0.91228, test/loss: 1.15125, test/top-1-acc: 0.66393, test/balanced_acc: 0.65953, test/precision: 0.70159, test/recall: 0.65953, test/F1: 0.66853, test/spec: 0.75000, test/sens: 0.78571 BEST_EVAL_ACC: 0.8400, at 4276 iters BEST_TEST_ACC: 0.6066, at 4276 iters
[2024-03-03 22:29:05,868 INFO] 

epoch 97
[2024-03-03 22:31:35,851 INFO] validating...
[2024-03-03 22:31:41,898 INFO] model saved: saved_models/radformer/selfkd_deit_v8_exp4_4/latest_model.pth
[2024-03-03 22:31:41,899 INFO] 22051 iteration, USE_EMA: True, train/sup_loss: 0.01080, train/unsup_loss: 0.01832, train/total_loss: 0.02912, train/util_ratio: 0.87500, train/run_time: 0.63634, lr: 0.00240, train/prefecth_time: 0.00709, eval/loss: 1.15454, eval/top-1-acc: 0.79000, eval/balanced_acc: 0.73757, eval/precision: 0.74226, eval/recall: 0.73757, eval/F1: 0.73281, eval/spec: 0.79070, eval/sens: 0.91228, test/loss: 1.14973, test/top-1-acc: 0.66393, test/balanced_acc: 0.65953, test/precision: 0.70159, test/recall: 0.65953, test/F1: 0.66853, test/spec: 0.75000, test/sens: 0.78571 BEST_EVAL_ACC: 0.8400, at 4276 iters BEST_TEST_ACC: 0.6066, at 4276 iters
[2024-03-03 22:31:41,902 INFO] 

epoch 98
[2024-03-03 22:34:11,717 INFO] validating...
[2024-03-03 22:34:17,408 INFO] model saved: saved_models/radformer/selfkd_deit_v8_exp4_4/latest_model.pth
[2024-03-03 22:34:17,410 INFO] 22276 iteration, USE_EMA: True, train/sup_loss: 0.00761, train/unsup_loss: 0.01026, train/total_loss: 0.01787, train/util_ratio: 0.75000, train/run_time: 0.63343, lr: 0.00225, train/prefecth_time: 0.00648, eval/loss: 1.18137, eval/top-1-acc: 0.80000, eval/balanced_acc: 0.75146, eval/precision: 0.76883, eval/recall: 0.75146, eval/F1: 0.75311, eval/spec: 0.76744, eval/sens: 0.91228, test/loss: 1.14720, test/top-1-acc: 0.66393, test/balanced_acc: 0.65953, test/precision: 0.70159, test/recall: 0.65953, test/F1: 0.66853, test/spec: 0.75000, test/sens: 0.78571 BEST_EVAL_ACC: 0.8400, at 4276 iters BEST_TEST_ACC: 0.6066, at 4276 iters
[2024-03-03 22:34:17,413 INFO] 

epoch 99
[2024-03-03 22:36:47,342 INFO] validating...
[2024-03-03 22:36:52,869 INFO] model saved: saved_models/radformer/selfkd_deit_v8_exp4_4/latest_model.pth
[2024-03-03 22:36:52,870 INFO] 22501 iteration, USE_EMA: True, train/sup_loss: 0.02579, train/unsup_loss: 0.02824, train/total_loss: 0.05403, train/util_ratio: 0.87500, train/run_time: 0.63636, lr: 0.00210, train/prefecth_time: 0.00705, eval/loss: 1.26151, eval/top-1-acc: 0.80000, eval/balanced_acc: 0.74781, eval/precision: 0.75505, eval/recall: 0.74781, eval/F1: 0.74785, eval/spec: 0.81395, eval/sens: 0.91228, test/loss: 1.14337, test/top-1-acc: 0.66393, test/balanced_acc: 0.65953, test/precision: 0.70159, test/recall: 0.65953, test/F1: 0.66853, test/spec: 0.75000, test/sens: 0.78571 BEST_EVAL_ACC: 0.8400, at 4276 iters BEST_TEST_ACC: 0.6066, at 4276 iters
[2024-03-03 22:36:54,740 INFO] model saved: saved_models/radformer/selfkd_deit_v8_exp4_4/latest_model.pth
[2024-03-03 22:36:55,693 INFO] Model loaded
wandb: - 0.008 MB of 0.008 MB uploaded
wandb: \ 0.008 MB of 0.008 MB uploaded
wandb: | 0.008 MB of 0.104 MB uploaded
wandb: / 0.104 MB of 0.104 MB uploaded
wandb: - 0.104 MB of 0.104 MB uploaded
wandb: \ 0.104 MB of 0.104 MB uploaded
wandb:                                                                                
wandb: 
wandb: Run history:
wandb:          eval/F1 â–â–†â–‡â–‡â–ˆâ–‡â–‡â–‡â–ˆâ–‡â–ˆâ–ˆâ–ˆâ–‡â–‡â–‡â–‡â–ˆâ–ˆâ–ˆâ–ˆâ–‡â–ˆâ–‡â–ˆâ–‡â–‡â–‡â–ˆâ–ˆâ–ˆâ–ˆâ–ˆâ–ˆâ–‡â–‡â–‡â–ˆâ–ˆâ–ˆ
wandb:    eval/best-acc â–â–†â–‡â–‡â–‡â–‡â–‡â–‡â–ˆâ–ˆâ–ˆâ–ˆâ–ˆâ–ˆâ–ˆâ–ˆâ–ˆâ–ˆâ–ˆâ–ˆâ–ˆâ–ˆâ–ˆâ–ˆâ–ˆâ–ˆâ–ˆâ–ˆâ–ˆâ–ˆâ–ˆâ–ˆâ–ˆâ–ˆâ–ˆâ–ˆâ–ˆâ–ˆâ–ˆâ–ˆ
wandb:   eval/precision â–â–†â–‡â–†â–ˆâ–‡â–‡â–‡â–‡â–‡â–‡â–ˆâ–ˆâ–‡â–‡â–‡â–‡â–ˆâ–ˆâ–‡â–‡â–‡â–ˆâ–‡â–‡â–‡â–‡â–‡â–‡â–ˆâ–‡â–ˆâ–‡â–‡â–‡â–‡â–‡â–ˆâ–ˆâ–‡
wandb:      eval/recall â–â–†â–‡â–‡â–ˆâ–‡â–ˆâ–‡â–ˆâ–‡â–ˆâ–ˆâ–ˆâ–‡â–ˆâ–‡â–‡â–ˆâ–ˆâ–‡â–ˆâ–‡â–ˆâ–‡â–ˆâ–‡â–‡â–‡â–ˆâ–ˆâ–ˆâ–ˆâ–ˆâ–ˆâ–‡â–‡â–‡â–ˆâ–ˆâ–ˆ
wandb:   eval/top-1-acc â–â–†â–‡â–‡â–ˆâ–‡â–‡â–‡â–ˆâ–ˆâ–ˆâ–ˆâ–ˆâ–‡â–ˆâ–‡â–ˆâ–ˆâ–ˆâ–ˆâ–ˆâ–‡â–ˆâ–‡â–ˆâ–‡â–‡â–‡â–ˆâ–ˆâ–ˆâ–ˆâ–ˆâ–ˆâ–‡â–‡â–‡â–ˆâ–ˆâ–ˆ
wandb:               lr â–â–ƒâ–„â–†â–ˆâ–ˆâ–ˆâ–ˆâ–ˆâ–ˆâ–ˆâ–ˆâ–ˆâ–ˆâ–‡â–‡â–‡â–‡â–‡â–‡â–‡â–†â–†â–†â–†â–†â–…â–…â–…â–…â–„â–„â–„â–„â–ƒâ–ƒâ–ƒâ–‚â–‚â–‚
wandb:          test/F1 â–â–ƒâ–…â–…â–†â–†â–‡â–†â–‡â–‡â–‡â–‡â–‡â–‡â–ˆâ–ˆâ–ˆâ–ˆâ–‡â–‡â–ˆâ–ˆâ–ˆâ–ˆâ–‡â–‡â–ˆâ–ˆâ–ˆâ–ˆâ–ˆâ–ˆâ–ˆâ–‡â–‡â–ˆâ–ˆâ–ˆâ–ˆâ–ˆ
wandb:   test/precision â–â–…â–†â–†â–†â–†â–†â–†â–†â–†â–†â–†â–†â–‡â–‡â–‡â–‡â–‡â–‡â–‡â–‡â–‡â–‡â–‡â–‡â–‡â–ˆâ–ˆâ–ˆâ–ˆâ–ˆâ–ˆâ–ˆâ–ˆâ–ˆâ–ˆâ–ˆâ–ˆâ–ˆâ–ˆ
wandb:      test/recall â–â–ƒâ–„â–…â–†â–†â–†â–†â–†â–†â–†â–†â–‡â–‡â–ˆâ–ˆâ–‡â–ˆâ–‡â–‡â–ˆâ–ˆâ–ˆâ–ˆâ–‡â–‡â–ˆâ–ˆâ–ˆâ–ˆâ–ˆâ–ˆâ–ˆâ–‡â–‡â–ˆâ–‡â–‡â–‡â–‡
wandb:   test/top-1-acc â–â–„â–„â–…â–…â–…â–†â–†â–†â–†â–†â–†â–†â–‡â–‡â–‡â–‡â–ˆâ–‡â–‡â–ˆâ–ˆâ–ˆâ–ˆâ–‡â–‡â–ˆâ–ˆâ–ˆâ–ˆâ–ˆâ–ˆâ–ˆâ–‡â–‡â–ˆâ–‡â–‡â–‡â–‡
wandb:   train/run_time â–ƒâ–‚â–ƒâ–ƒâ–„â–ƒâ–ƒâ–ƒâ–ˆâ–ƒâ–ƒâ–„â–„â–ƒâ–„â–„â–ƒâ–ƒâ–ƒâ–ƒâ–„â–â–‚â–„â–‚â–ƒâ–ƒâ–ƒâ–ƒâ–ƒâ–ƒâ–ƒâ–ƒâ–ƒâ–„â–ƒâ–„â–ƒâ–ƒâ–„
wandb:   train/sup_loss â–ˆâ–‚â–‚â–‚â–â–â–â–â–â–â–â–â–â–â–â–â–â–â–â–â–â–â–â–â–â–â–â–â–â–â–â–â–â–â–â–â–â–â–â–
wandb: train/total_loss â–ˆâ–‚â–‚â–‚â–â–â–â–â–â–â–â–â–â–â–â–â–â–â–â–â–â–â–â–â–â–â–â–â–â–â–â–â–â–â–â–â–â–â–â–
wandb: train/unsup_loss â–ˆâ–ƒâ–‚â–‚â–‚â–â–â–â–â–â–â–â–â–â–â–â–â–â–â–â–â–â–â–â–â–‚â–â–â–â–â–â–â–â–â–â–â–â–â–â–
wandb: train/util_ratio â–†â–†â–‚â–ƒâ–…â–†â–…â–ˆâ–‚â–…â–ƒâ–ƒâ–ƒâ–…â–ƒâ–ƒâ–ƒâ–…â–…â–ƒâ–…â–†â–ƒâ–‡â–‡â–†â–‡â–ƒâ–†â–â–…â–…â–…â–ƒâ–†â–…â–ƒâ–ƒâ–…â–†
wandb: 
wandb: Run summary:
wandb:          eval/F1 0.74785
wandb:    eval/best-acc 0.84
wandb:   eval/precision 0.75505
wandb:      eval/recall 0.74781
wandb:   eval/top-1-acc 0.8
wandb:               lr 0.0021
wandb:          test/F1 0.66853
wandb:   test/precision 0.70159
wandb:      test/recall 0.65953
wandb:   test/top-1-acc 0.66393
wandb:   train/run_time 0.63636
wandb:   train/sup_loss 0.02579
wandb: train/total_loss 0.05403
wandb: train/unsup_loss 0.02824
wandb: train/util_ratio 0.875
wandb: 
wandb: ðŸš€ View run selfkd_deit_v8_exp4_4 at: https://wandb.ai/satwikdpshrit/radformer/runs/4ttg1rrn
wandb: ï¸âš¡ View job at https://wandb.ai/satwikdpshrit/radformer/jobs/QXJ0aWZhY3RDb2xsZWN0aW9uOjE0Mzc3ODU5NQ==/version_details/v4
wandb: Synced 6 W&B file(s), 0 media file(s), 0 artifact file(s) and 0 other file(s)
wandb: Find logs at: saved_models/radformer/wandb/selfkd_deit_v8_exp4_4/wandb/run-20240303_181218-4ttg1rrn/logs
[2024-03-03 22:37:05,147 INFO] Model result - eval/best_f1 : 0.8067423355558949
[2024-03-03 22:37:05,148 INFO] Model result - eval/best_it : 4275
[2024-03-03 22:37:05,148 INFO] Model result - test/best_acc : 0.6065573770491803
[2024-03-03 22:37:08,985 INFO] Best model on target dataset (without EMA): acc = 0.5738, agreement = 0.5738, spec = 0.76, sens = 0.60
[2024-03-03 22:37:12,982 INFO] Best model on target dataset (with EMA): acc = 0.6066, agreement = 0.5738, spec = 0.76, sens = 0.69
[2024-03-03 22:37:12,983 WARNING] GPU 0 training is FINISHED
