[2024-02-29 16:19:45,285 INFO] Use GPU: None for training
[2024-02-29 16:19:45,285 INFO] 

[2024-02-29 16:19:47,523 INFO] Total params: 109.04M
[2024-02-29 16:20:02,893 INFO] acc: 0.90
[2024-02-29 16:20:02,909 INFO] Victim model accuracy = 0.9016, spec = 0.90, sens = 0.93
[2024-02-29 16:20:02,910 INFO] Loading thief dataset ...
[2024-02-29 16:20:02,912 INFO] 
Initializing thief model ...


Loaded supervised labeled set of length  900
Labeled set expanded to length  900 , unique indices  900
dataset root /home/deepankar/mnt/vision3_data_ckpts_msa_medical/GBUSV-Shared
Num of videos 64 frames 15800
15800
15800
Num of videos 64 frames 15800
  0%|          | 0/8 [00:00<?, ?it/s] 12%|â–ˆâ–Ž        | 1/8 [00:10<01:13, 10.47s/it] 25%|â–ˆâ–ˆâ–Œ       | 2/8 [00:13<00:35,  5.89s/it] 38%|â–ˆâ–ˆâ–ˆâ–Š      | 3/8 [00:18<00:27,  5.55s/it] 50%|â–ˆâ–ˆâ–ˆâ–ˆâ–ˆ     | 4/8 [00:20<00:17,  4.41s/it] 62%|â–ˆâ–ˆâ–ˆâ–ˆâ–ˆâ–ˆâ–Ž   | 5/8 [00:24<00:11,  3.93s/it] 75%|â–ˆâ–ˆâ–ˆâ–ˆâ–ˆâ–ˆâ–ˆâ–Œ  | 6/8 [00:27<00:07,  3.62s/it] 88%|â–ˆâ–ˆâ–ˆâ–ˆâ–ˆâ–ˆâ–ˆâ–ˆâ–Š | 7/8 [00:29<00:03,  3.38s/it]100%|â–ˆâ–ˆâ–ˆâ–ˆâ–ˆâ–ˆâ–ˆâ–ˆâ–ˆâ–ˆ| 8/8 [00:31<00:00,  2.87s/it]100%|â–ˆâ–ˆâ–ˆâ–ˆâ–ˆâ–ˆâ–ˆâ–ˆâ–ˆâ–ˆ| 8/8 [00:31<00:00,  3.98s/it]
Num of videos 64 frames 15800
  0%|          | 0/1 [00:00<?, ?it/s]100%|â–ˆâ–ˆâ–ˆâ–ˆâ–ˆâ–ˆâ–ˆâ–ˆâ–ˆâ–ˆ| 1/1 [00:05<00:00,  5.93s/it]100%|â–ˆâ–ˆâ–ˆâ–ˆâ–ˆâ–ˆâ–ˆâ–ˆâ–ˆâ–ˆ| 1/1 [00:06<00:00,  6.04s/it]
[2024-02-29 16:20:40,889 INFO] unlabeled data number: 15800, labeled data number 900
[2024-02-29 16:20:40,890 INFO] Create train and test data loaders
[2024-02-29 16:20:40,890 INFO] [!] data loader keys: dict_keys(['train_lb', 'train_ulb', 'eval', 'test'])
[2024-02-29 16:20:41,820 INFO] Create optimizer and scheduler
[2024-02-29 16:20:41,828 INFO] Number of Trainable Params: 23514179
Num of videos 64 frames 15800
Load pretrained model for initializing the thief from  /home/deepankar/mnt/vision3_data_ckpts_msa_medical/ckpts/resnet50-imagenet1k.pth
key not found fc.weight
key not found fc.bias
Common keys pretrained model:  318
Load anchor model /home/deepankar/scratch/MSA_Medical/results_1k/gbusg_radformer/GBUSV_resnet50/SGD/1000_val100/random_v1_0.005_transforms/trial_1_cycle_1_best.pth
thief state:  ['conv1.weight', 'bn1.weight', 'bn1.bias', 'bn1.running_mean', 'bn1.running_var']
pretrained state:  ['conv1.weight', 'bn1.weight', 'bn1.bias', 'bn1.running_mean', 'bn1.running_var']
Common keys anchor model:  320
[2024-02-29 16:20:52,091 INFO] Anchor model on target dataset: acc = 0.6557, spec = 0.85, sens = 0.62
[2024-02-29 16:20:52,588 INFO] Arguments: Namespace(T=0.5, algorithm='selfkd', amp=False, batch_size=16, c='configs/gbc/selfkd.yaml', clip=0.0, clip_grad=0, crop_ratio=0.875, data_dir='./data', dataset='GBUSV', device=device(type='cuda'), dist_backend='nccl', dist_url='tcp://127.0.0.1:21411', distributed=False, ds_seed=123, ema_m=0.999, epoch=100, eval_batch_size=16, eval_step=234, expand_labels=True, gpu=None, hard_label=True, imb_algorithm=None, img_size=224, include_lb_to_ulb=True, kd_alpha=0.4, kd_alpha_ulb=0.5, kd_temp=1.5, kd_temp_ulb=1.5, la=False, labeled_set_path='/home/deepankar/scratch/MSA_Medical/results_1k/gbusg_radformer/GBUSV_resnet50/SGD/1000_val100/random_v1_0.005_transforms/X_trial_1_cycle_1_labeled_set.npy', layer_decay=0.5, lb_dest_len=900, lb_imb_ratio=1, load_labeled_set=True, load_path=None, local_rank=-1, lr=0.02, max_length=512, max_length_seconds=4.0, momentum=0.9, multiprocessing_distributed=False, net='resnet50', net_from_name=False, no_progress=True, num_classes=3, num_eval_iter=234, num_labels=5000, num_log_iter=234, num_train_iter=900000, num_warmup_iter=5120, num_workers=4, optim='SGD', overwrite=True, p_cutoff=0.95, pretrain_path='', pretrained_dir='/home/deepankar/mnt/vision3_data_ckpts_msa_medical/ckpts/resnet50-imagenet1k.pth', rank=0, resume=False, sample_rate=16000, save_dir='saved_models/radformer', save_name='selfkd_v8_exp2', scheduler_type='cosine', seed=5, subset=128116, thief_root='/home/deepankar/mnt/vision3_data_ckpts_msa_medical/GBUSV-Shared', train_sampler='RandomSampler', tro=1, ulb_dest_len=15800, ulb_imb_ratio=1, ulb_loss_ratio=1.0, ulb_num_labels=None, uratio=7, use_aim=False, use_cat=True, use_pretrain=True, use_tensorboard=True, use_wandb=True, val_set_path='/home/deepankar/scratch/MSA_Medical/results_1k/gbusg_radformer/GBUSV_resnet50/SGD/1000_val100/random_v1_0.005_transforms/X_trial_1_cycle_1_val_set.npy', victim_arch='radformer', victim_data_root='/home/deepankar/mnt/vision3_data_ckpts_msa_medical/GBCU-Shared', victim_dataset='gbusg', victim_model_path='/home/deepankar/mnt/vision3_data_ckpts_msa_medical/victim_models/radformer/radformer.pkl', warmstart=False, warmstart_dir='/home/deepankar/scratch/MSA_Medical/results_1k/gbusg_radformer/GBUSV_resnet50/SGD/1000_val100/random_v1_0.005_transforms/trial_1_cycle_1_best.pth', warmup=0, warmup_epoch=10, weight_decay=0.0005, world_size=1)
[2024-02-29 16:20:52,588 INFO] Validation set distribution: 
anchor model temp =  1.0
Number of samples  100
[2024-02-29 16:20:53,531 INFO] {0: 9, 1: 18, 2: 73}
[2024-02-29 16:20:53,531 INFO] Labeled set distribution: 
Number of samples  900
[2024-02-29 16:20:56,413 INFO] {0: 111, 1: 199, 2: 586}
[2024-02-29 16:21:02,189 INFO] Initial model on target dataset (without EMA): acc = 0.3934, agreement = 0.3770, spec = 0.42, sens = 0.55
[2024-02-29 16:21:02,189 INFO] Resume load path None does not exist
[2024-02-29 16:21:02,189 INFO] 
Model training
wandb: Currently logged in as: satwikdpshrit. Use `wandb login --relogin` to force relogin
wandb: - Waiting for wandb.init()...wandb: \ Waiting for wandb.init()...wandb: Tracking run with wandb version 0.16.3
wandb: Run data is saved locally in saved_models/radformer/wandb/selfkd_v8_exp2/wandb/run-20240229_162104-sax7xdet
wandb: Run `wandb offline` to turn off syncing.
wandb: Syncing run selfkd_v8_exp2
wandb: â­ï¸ View project at https://wandb.ai/satwikdpshrit/radformer
wandb: ðŸš€ View run at https://wandb.ai/satwikdpshrit/radformer/runs/sax7xdet
[2024-02-29 16:21:08,950 INFO] 

epoch 0
[2024-02-29 16:22:15,796 INFO] validating...
[2024-02-29 16:22:20,308 INFO] model saved: saved_models/radformer/selfkd_v8_exp2/latest_model.pth
[2024-02-29 16:22:20,862 INFO] model saved: saved_models/radformer/selfkd_v8_exp2/model_best.pth
[2024-02-29 16:22:20,863 INFO] 57 iteration, USE_EMA: True, train/sup_loss: 1.30154, train/unsup_loss: 0.75252, train/total_loss: 2.05406, train/util_ratio: 0.66071, train/run_time: 0.95140, lr: 0.00000, train/prefecth_time: 0.04746, eval/loss: 1.13220, eval/top-1-acc: 0.25000, eval/balanced_acc: 0.30923, eval/precision: 0.32497, eval/recall: 0.30923, eval/F1: 0.23045, eval/spec: 0.77778, eval/sens: 0.20548, test/loss: 1.09565, test/top-1-acc: 0.36885, test/balanced_acc: 0.34463, test/precision: 0.36119, test/recall: 0.34463, test/F1: 0.30840, test/spec: 0.40000, test/sens: 0.64286 BEST_EVAL_ACC: 0.2500, at 57 iters BEST_TEST_ACC: 0.3689, at 57 iters
[2024-02-29 16:22:20,868 INFO] 

epoch 1
[2024-02-29 16:23:23,400 INFO] validating...
[2024-02-29 16:23:28,534 INFO] model saved: saved_models/radformer/selfkd_v8_exp2/latest_model.pth
[2024-02-29 16:23:29,442 INFO] model saved: saved_models/radformer/selfkd_v8_exp2/model_best.pth
[2024-02-29 16:23:29,443 INFO] 113 iteration, USE_EMA: True, train/sup_loss: 0.90942, train/unsup_loss: 0.51212, train/total_loss: 1.42154, train/util_ratio: 0.67857, train/run_time: 0.95706, lr: 0.00200, train/prefecth_time: 0.03556, eval/loss: 1.04579, eval/top-1-acc: 0.56000, eval/balanced_acc: 0.37189, eval/precision: 0.37738, eval/recall: 0.37189, eval/F1: 0.37149, eval/spec: 0.40741, eval/sens: 0.67123, test/loss: 1.09050, test/top-1-acc: 0.34426, test/balanced_acc: 0.32540, test/precision: 0.24837, test/recall: 0.32540, test/F1: 0.22944, test/spec: 0.12500, test/sens: 0.83333 BEST_EVAL_ACC: 0.5600, at 113 iters BEST_TEST_ACC: 0.3443, at 113 iters
[2024-02-29 16:23:29,448 INFO] 

epoch 2
[2024-02-29 16:24:32,361 INFO] validating...
[2024-02-29 16:24:37,308 INFO] model saved: saved_models/radformer/selfkd_v8_exp2/latest_model.pth
[2024-02-29 16:24:38,093 INFO] model saved: saved_models/radformer/selfkd_v8_exp2/model_best.pth
[2024-02-29 16:24:38,096 INFO] 169 iteration, USE_EMA: True, train/sup_loss: 0.66529, train/unsup_loss: 0.45214, train/total_loss: 1.11742, train/util_ratio: 0.63393, train/run_time: 0.95611, lr: 0.00400, train/prefecth_time: 0.02614, eval/loss: 0.97806, eval/top-1-acc: 0.75000, eval/balanced_acc: 0.49112, eval/precision: 0.59921, eval/recall: 0.49112, eval/F1: 0.52040, eval/spec: 0.37037, eval/sens: 0.91781, test/loss: 1.08765, test/top-1-acc: 0.38525, test/balanced_acc: 0.35941, test/precision: 0.29848, test/recall: 0.35941, test/F1: 0.27700, test/spec: 0.18750, test/sens: 0.83333 BEST_EVAL_ACC: 0.7500, at 169 iters BEST_TEST_ACC: 0.3852, at 169 iters
[2024-02-29 16:24:38,100 INFO] 

epoch 3
[2024-02-29 16:25:40,552 INFO] validating...
[2024-02-29 16:25:45,241 INFO] model saved: saved_models/radformer/selfkd_v8_exp2/latest_model.pth
[2024-02-29 16:25:46,013 INFO] model saved: saved_models/radformer/selfkd_v8_exp2/model_best.pth
[2024-02-29 16:25:46,014 INFO] 225 iteration, USE_EMA: True, train/sup_loss: 0.77731, train/unsup_loss: 0.45570, train/total_loss: 1.23301, train/util_ratio: 0.62500, train/run_time: 0.95270, lr: 0.00600, train/prefecth_time: 0.02311, eval/loss: 0.91653, eval/top-1-acc: 0.80000, eval/balanced_acc: 0.51395, eval/precision: 0.79101, eval/recall: 0.51395, eval/F1: 0.55914, eval/spec: 0.44444, eval/sens: 0.98630, test/loss: 1.08444, test/top-1-acc: 0.38525, test/balanced_acc: 0.35488, test/precision: 0.26830, test/recall: 0.35488, test/F1: 0.28695, test/spec: 0.31250, test/sens: 0.73810 BEST_EVAL_ACC: 0.8000, at 225 iters BEST_TEST_ACC: 0.3852, at 225 iters
[2024-02-29 16:25:46,018 INFO] 

epoch 4
[2024-02-29 16:26:48,452 INFO] validating...
[2024-02-29 16:26:53,614 INFO] model saved: saved_models/radformer/selfkd_v8_exp2/latest_model.pth
[2024-02-29 16:26:53,616 INFO] 281 iteration, USE_EMA: True, train/sup_loss: 0.66778, train/unsup_loss: 0.46686, train/total_loss: 1.13464, train/util_ratio: 0.66071, train/run_time: 0.95495, lr: 0.00800, train/prefecth_time: 0.03387, eval/loss: 0.88321, eval/top-1-acc: 0.76000, eval/balanced_acc: 0.43531, eval/precision: 0.55991, eval/recall: 0.43531, eval/F1: 0.44839, eval/spec: 0.40741, eval/sens: 0.97260, test/loss: 1.07692, test/top-1-acc: 0.41803, test/balanced_acc: 0.37528, test/precision: 0.28384, test/recall: 0.37528, test/F1: 0.32099, test/spec: 0.48750, test/sens: 0.59524 BEST_EVAL_ACC: 0.8000, at 225 iters BEST_TEST_ACC: 0.3852, at 225 iters
[2024-02-29 16:26:53,619 INFO] 

epoch 5
[2024-02-29 16:27:56,717 INFO] validating...
[2024-02-29 16:28:01,877 INFO] model saved: saved_models/radformer/selfkd_v8_exp2/latest_model.pth
[2024-02-29 16:28:01,878 INFO] 337 iteration, USE_EMA: True, train/sup_loss: 0.51925, train/unsup_loss: 0.43422, train/total_loss: 0.95347, train/util_ratio: 0.66071, train/run_time: 0.95489, lr: 0.01000, train/prefecth_time: 0.03627, eval/loss: 0.81821, eval/top-1-acc: 0.79000, eval/balanced_acc: 0.45840, eval/precision: 0.45535, eval/recall: 0.45840, eval/F1: 0.45054, eval/spec: 0.44444, eval/sens: 0.98630, test/loss: 1.07151, test/top-1-acc: 0.43443, test/balanced_acc: 0.39057, test/precision: 0.45461, test/recall: 0.39057, test/F1: 0.34770, test/spec: 0.57500, test/sens: 0.54762 BEST_EVAL_ACC: 0.8000, at 225 iters BEST_TEST_ACC: 0.3852, at 225 iters
[2024-02-29 16:28:01,890 INFO] 

epoch 6
[2024-02-29 16:29:04,200 INFO] validating...
[2024-02-29 16:29:09,203 INFO] model saved: saved_models/radformer/selfkd_v8_exp2/latest_model.pth
[2024-02-29 16:29:09,991 INFO] model saved: saved_models/radformer/selfkd_v8_exp2/model_best.pth
[2024-02-29 16:29:09,993 INFO] 393 iteration, USE_EMA: True, train/sup_loss: 0.57253, train/unsup_loss: 0.37159, train/total_loss: 0.94412, train/util_ratio: 0.61607, train/run_time: 0.96844, lr: 0.01200, train/prefecth_time: 0.04093, eval/loss: 0.77296, eval/top-1-acc: 0.80000, eval/balanced_acc: 0.52790, eval/precision: 0.69510, eval/recall: 0.52790, eval/F1: 0.56624, eval/spec: 0.48148, eval/sens: 0.97260, test/loss: 1.06188, test/top-1-acc: 0.45082, test/balanced_acc: 0.39851, test/precision: 0.63148, test/recall: 0.39851, test/F1: 0.35179, test/spec: 0.72500, test/sens: 0.42857 BEST_EVAL_ACC: 0.8000, at 393 iters BEST_TEST_ACC: 0.4508, at 393 iters
[2024-02-29 16:29:10,001 INFO] 

epoch 7
[2024-02-29 16:30:12,534 INFO] validating...
[2024-02-29 16:30:17,656 INFO] model saved: saved_models/radformer/selfkd_v8_exp2/latest_model.pth
[2024-02-29 16:30:17,658 INFO] 449 iteration, USE_EMA: True, train/sup_loss: 0.38655, train/unsup_loss: 0.39012, train/total_loss: 0.77667, train/util_ratio: 0.65179, train/run_time: 0.95890, lr: 0.01400, train/prefecth_time: 0.03004, eval/loss: 0.73064, eval/top-1-acc: 0.81000, eval/balanced_acc: 0.52790, eval/precision: 0.59973, eval/recall: 0.52790, eval/F1: 0.54275, eval/spec: 0.59259, eval/sens: 0.97260, test/loss: 1.05636, test/top-1-acc: 0.43443, test/balanced_acc: 0.38830, test/precision: 0.40033, test/recall: 0.38830, test/F1: 0.34678, test/spec: 0.62500, test/sens: 0.50000 BEST_EVAL_ACC: 0.8000, at 393 iters BEST_TEST_ACC: 0.4508, at 393 iters
[2024-02-29 16:30:17,663 INFO] 

epoch 8
[2024-02-29 16:31:21,270 INFO] validating...
[2024-02-29 16:31:25,759 INFO] model saved: saved_models/radformer/selfkd_v8_exp2/latest_model.pth
[2024-02-29 16:31:26,538 INFO] model saved: saved_models/radformer/selfkd_v8_exp2/model_best.pth
[2024-02-29 16:31:26,539 INFO] 505 iteration, USE_EMA: True, train/sup_loss: 0.48453, train/unsup_loss: 0.36422, train/total_loss: 0.84875, train/util_ratio: 0.60714, train/run_time: 0.95693, lr: 0.01600, train/prefecth_time: 0.02473, eval/loss: 0.68745, eval/top-1-acc: 0.84000, eval/balanced_acc: 0.62050, eval/precision: 0.76440, eval/recall: 0.62050, eval/F1: 0.66323, eval/spec: 0.62963, eval/sens: 0.97260, test/loss: 1.04938, test/top-1-acc: 0.45902, test/balanced_acc: 0.41208, test/precision: 0.47172, test/recall: 0.41208, test/F1: 0.38501, test/spec: 0.75000, test/sens: 0.40476 BEST_EVAL_ACC: 0.8400, at 505 iters BEST_TEST_ACC: 0.4590, at 505 iters
[2024-02-29 16:31:26,543 INFO] 

epoch 9
[2024-02-29 16:32:29,555 INFO] validating...
[2024-02-29 16:32:34,318 INFO] model saved: saved_models/radformer/selfkd_v8_exp2/latest_model.pth
[2024-02-29 16:32:34,320 INFO] 561 iteration, USE_EMA: True, train/sup_loss: 0.45981, train/unsup_loss: 0.32885, train/total_loss: 0.78866, train/util_ratio: 0.62500, train/run_time: 0.96124, lr: 0.01800, train/prefecth_time: 0.04772, eval/loss: 0.65709, eval/top-1-acc: 0.83000, eval/balanced_acc: 0.53704, eval/precision: 0.65091, eval/recall: 0.53704, eval/F1: 0.55106, eval/spec: 0.66667, eval/sens: 1.00000, test/loss: 1.04282, test/top-1-acc: 0.48361, test/balanced_acc: 0.43475, test/precision: 0.51851, test/recall: 0.43475, test/F1: 0.40579, test/spec: 0.73750, test/sens: 0.45238 BEST_EVAL_ACC: 0.8400, at 505 iters BEST_TEST_ACC: 0.4590, at 505 iters
[2024-02-29 16:32:34,323 INFO] 

epoch 10
[2024-02-29 16:33:37,077 INFO] validating...
[2024-02-29 16:33:42,251 INFO] model saved: saved_models/radformer/selfkd_v8_exp2/latest_model.pth
[2024-02-29 16:33:42,252 INFO] 617 iteration, USE_EMA: True, train/sup_loss: 0.18448, train/unsup_loss: 0.33389, train/total_loss: 0.51837, train/util_ratio: 0.62500, train/run_time: 0.95191, lr: 0.02000, train/prefecth_time: 0.02971, eval/loss: 0.63596, eval/top-1-acc: 0.82000, eval/balanced_acc: 0.51395, eval/precision: 0.48148, eval/recall: 0.51395, eval/F1: 0.49687, eval/spec: 0.66667, eval/sens: 0.98630, test/loss: 1.03124, test/top-1-acc: 0.52459, test/balanced_acc: 0.45860, test/precision: 0.54774, test/recall: 0.45860, test/F1: 0.40132, test/spec: 0.88750, test/sens: 0.40476 BEST_EVAL_ACC: 0.8400, at 505 iters BEST_TEST_ACC: 0.4590, at 505 iters
[2024-02-29 16:33:42,255 INFO] 

epoch 11
[2024-02-29 16:34:45,486 INFO] validating...
[2024-02-29 16:34:50,075 INFO] model saved: saved_models/radformer/selfkd_v8_exp2/latest_model.pth
[2024-02-29 16:34:50,076 INFO] 673 iteration, USE_EMA: True, train/sup_loss: 0.31432, train/unsup_loss: 0.33882, train/total_loss: 0.65314, train/util_ratio: 0.60714, train/run_time: 0.95612, lr: 0.02000, train/prefecth_time: 0.03440, eval/loss: 0.60667, eval/top-1-acc: 0.85000, eval/balanced_acc: 0.62050, eval/precision: 0.83675, eval/recall: 0.62050, eval/F1: 0.64520, eval/spec: 0.74074, eval/sens: 0.97260, test/loss: 1.02620, test/top-1-acc: 0.53279, test/balanced_acc: 0.46822, test/precision: 0.60222, test/recall: 0.46822, test/F1: 0.41753, test/spec: 0.88750, test/sens: 0.38095 BEST_EVAL_ACC: 0.8400, at 505 iters BEST_TEST_ACC: 0.4590, at 505 iters
[2024-02-29 16:34:50,080 INFO] 

epoch 12
[2024-02-29 16:35:53,650 INFO] validating...
[2024-02-29 16:35:58,966 INFO] model saved: saved_models/radformer/selfkd_v8_exp2/latest_model.pth
[2024-02-29 16:35:58,969 INFO] 729 iteration, USE_EMA: True, train/sup_loss: 0.21321, train/unsup_loss: 0.29020, train/total_loss: 0.50340, train/util_ratio: 0.61607, train/run_time: 0.95563, lr: 0.01999, train/prefecth_time: 0.04784, eval/loss: 0.57165, eval/top-1-acc: 0.84000, eval/balanced_acc: 0.61593, eval/precision: 0.83922, eval/recall: 0.61593, eval/F1: 0.64445, eval/spec: 0.66667, eval/sens: 0.95890, test/loss: 1.01983, test/top-1-acc: 0.51639, test/balanced_acc: 0.45688, test/precision: 0.52083, test/recall: 0.45688, test/F1: 0.41260, test/spec: 0.82500, test/sens: 0.42857 BEST_EVAL_ACC: 0.8400, at 505 iters BEST_TEST_ACC: 0.4590, at 505 iters
[2024-02-29 16:35:58,975 INFO] 

epoch 13
[2024-02-29 16:37:03,055 INFO] validating...
[2024-02-29 16:37:08,609 INFO] model saved: saved_models/radformer/selfkd_v8_exp2/latest_model.pth
[2024-02-29 16:37:09,464 INFO] model saved: saved_models/radformer/selfkd_v8_exp2/model_best.pth
[2024-02-29 16:37:09,465 INFO] 785 iteration, USE_EMA: True, train/sup_loss: 0.20346, train/unsup_loss: 0.28588, train/total_loss: 0.48934, train/util_ratio: 0.64286, train/run_time: 0.96263, lr: 0.01998, train/prefecth_time: 0.03770, eval/loss: 0.57729, eval/top-1-acc: 0.85000, eval/balanced_acc: 0.64358, eval/precision: 0.79012, eval/recall: 0.64358, eval/F1: 0.69370, eval/spec: 0.62963, eval/sens: 0.98630, test/loss: 1.01436, test/top-1-acc: 0.51639, test/balanced_acc: 0.46251, test/precision: 0.57088, test/recall: 0.46251, test/F1: 0.43309, test/spec: 0.83750, test/sens: 0.38095 BEST_EVAL_ACC: 0.8500, at 785 iters BEST_TEST_ACC: 0.5164, at 785 iters
[2024-02-29 16:37:09,468 INFO] 

epoch 14
[2024-02-29 16:38:12,736 INFO] validating...
[2024-02-29 16:38:17,825 INFO] model saved: saved_models/radformer/selfkd_v8_exp2/latest_model.pth
[2024-02-29 16:38:18,771 INFO] model saved: saved_models/radformer/selfkd_v8_exp2/model_best.pth
[2024-02-29 16:38:18,772 INFO] 841 iteration, USE_EMA: True, train/sup_loss: 0.13523, train/unsup_loss: 0.24550, train/total_loss: 0.38072, train/util_ratio: 0.64286, train/run_time: 0.95948, lr: 0.01996, train/prefecth_time: 0.05086, eval/loss: 0.54394, eval/top-1-acc: 0.86000, eval/balanced_acc: 0.65753, eval/precision: 0.85513, eval/recall: 0.65753, eval/F1: 0.70029, eval/spec: 0.70370, eval/sens: 0.97260, test/loss: 1.00875, test/top-1-acc: 0.47541, test/balanced_acc: 0.42341, test/precision: 0.51311, test/recall: 0.42341, test/F1: 0.38970, test/spec: 0.78750, test/sens: 0.35714 BEST_EVAL_ACC: 0.8600, at 841 iters BEST_TEST_ACC: 0.4754, at 841 iters
[2024-02-29 16:38:18,776 INFO] 

epoch 15
[2024-02-29 16:39:22,531 INFO] validating...
[2024-02-29 16:39:28,074 INFO] model saved: saved_models/radformer/selfkd_v8_exp2/latest_model.pth
[2024-02-29 16:39:28,076 INFO] 897 iteration, USE_EMA: True, train/sup_loss: 0.14828, train/unsup_loss: 0.23856, train/total_loss: 0.38683, train/util_ratio: 0.66964, train/run_time: 0.95742, lr: 0.01994, train/prefecth_time: 0.03582, eval/loss: 0.54380, eval/top-1-acc: 0.86000, eval/balanced_acc: 0.59259, eval/precision: 0.85597, eval/recall: 0.59259, eval/F1: 0.60491, eval/spec: 0.70370, eval/sens: 1.00000, test/loss: 1.00128, test/top-1-acc: 0.50000, test/balanced_acc: 0.44496, test/precision: 0.57946, test/recall: 0.44496, test/F1: 0.40869, test/spec: 0.80000, test/sens: 0.38095 BEST_EVAL_ACC: 0.8600, at 841 iters BEST_TEST_ACC: 0.4754, at 841 iters
[2024-02-29 16:39:28,080 INFO] 

epoch 16
[2024-02-29 16:40:31,702 INFO] validating...
[2024-02-29 16:40:37,002 INFO] model saved: saved_models/radformer/selfkd_v8_exp2/latest_model.pth
[2024-02-29 16:40:37,004 INFO] 953 iteration, USE_EMA: True, train/sup_loss: 0.07987, train/unsup_loss: 0.20274, train/total_loss: 0.28261, train/util_ratio: 0.60714, train/run_time: 0.96604, lr: 0.01992, train/prefecth_time: 0.03659, eval/loss: 0.51462, eval/top-1-acc: 0.85000, eval/balanced_acc: 0.63902, eval/precision: 0.83662, eval/recall: 0.63902, eval/F1: 0.68177, eval/spec: 0.70370, eval/sens: 0.97260, test/loss: 0.99395, test/top-1-acc: 0.52459, test/balanced_acc: 0.47553, test/precision: 0.56250, test/recall: 0.47553, test/F1: 0.45628, test/spec: 0.82500, test/sens: 0.42857 BEST_EVAL_ACC: 0.8600, at 841 iters BEST_TEST_ACC: 0.4754, at 841 iters
[2024-02-29 16:40:37,007 INFO] 

epoch 17
[2024-02-29 16:41:39,940 INFO] validating...
[2024-02-29 16:41:44,822 INFO] model saved: saved_models/radformer/selfkd_v8_exp2/latest_model.pth
[2024-02-29 16:41:44,825 INFO] 1009 iteration, USE_EMA: True, train/sup_loss: 0.16431, train/unsup_loss: 0.18843, train/total_loss: 0.35274, train/util_ratio: 0.59821, train/run_time: 0.96280, lr: 0.01989, train/prefecth_time: 0.03622, eval/loss: 0.46491, eval/top-1-acc: 0.84000, eval/balanced_acc: 0.60198, eval/precision: 0.71862, eval/recall: 0.60198, eval/F1: 0.62278, eval/spec: 0.74074, eval/sens: 0.97260, test/loss: 0.98966, test/top-1-acc: 0.51639, test/balanced_acc: 0.48511, test/precision: 0.55556, test/recall: 0.48511, test/F1: 0.48588, test/spec: 0.72500, test/sens: 0.52381 BEST_EVAL_ACC: 0.8600, at 841 iters BEST_TEST_ACC: 0.4754, at 841 iters
[2024-02-29 16:41:44,829 INFO] 

epoch 18
[2024-02-29 16:42:48,037 INFO] validating...
[2024-02-29 16:42:53,365 INFO] model saved: saved_models/radformer/selfkd_v8_exp2/latest_model.pth
[2024-02-29 16:42:53,366 INFO] 1065 iteration, USE_EMA: True, train/sup_loss: 0.13670, train/unsup_loss: 0.22488, train/total_loss: 0.36158, train/util_ratio: 0.63393, train/run_time: 0.96416, lr: 0.01985, train/prefecth_time: 0.04568, eval/loss: 0.45024, eval/top-1-acc: 0.83000, eval/balanced_acc: 0.58803, eval/precision: 0.81297, eval/recall: 0.58803, eval/F1: 0.64103, eval/spec: 0.59259, eval/sens: 0.98630, test/loss: 0.98358, test/top-1-acc: 0.51639, test/balanced_acc: 0.48457, test/precision: 0.56581, test/recall: 0.48457, test/F1: 0.48073, test/spec: 0.66250, test/sens: 0.59524 BEST_EVAL_ACC: 0.8600, at 841 iters BEST_TEST_ACC: 0.4754, at 841 iters
[2024-02-29 16:42:53,370 INFO] 

epoch 19
[2024-02-29 16:43:56,588 INFO] validating...
[2024-02-29 16:44:01,388 INFO] model saved: saved_models/radformer/selfkd_v8_exp2/latest_model.pth
[2024-02-29 16:44:01,390 INFO] 1121 iteration, USE_EMA: True, train/sup_loss: 0.15897, train/unsup_loss: 0.19271, train/total_loss: 0.35168, train/util_ratio: 0.63393, train/run_time: 0.96109, lr: 0.01981, train/prefecth_time: 0.03450, eval/loss: 0.45274, eval/top-1-acc: 0.84000, eval/balanced_acc: 0.62050, eval/precision: 0.83385, eval/recall: 0.62050, eval/F1: 0.67010, eval/spec: 0.62963, eval/sens: 0.97260, test/loss: 0.97806, test/top-1-acc: 0.52459, test/balanced_acc: 0.49927, test/precision: 0.56693, test/recall: 0.49927, test/F1: 0.50271, test/spec: 0.68750, test/sens: 0.59524 BEST_EVAL_ACC: 0.8600, at 841 iters BEST_TEST_ACC: 0.4754, at 841 iters
[2024-02-29 16:44:01,393 INFO] 

epoch 20
[2024-02-29 16:45:03,823 INFO] validating...
[2024-02-29 16:45:08,507 INFO] model saved: saved_models/radformer/selfkd_v8_exp2/latest_model.pth
[2024-02-29 16:45:08,509 INFO] 1177 iteration, USE_EMA: True, train/sup_loss: 0.12144, train/unsup_loss: 0.17265, train/total_loss: 0.29409, train/util_ratio: 0.61607, train/run_time: 0.95385, lr: 0.01977, train/prefecth_time: 0.03053, eval/loss: 0.43279, eval/top-1-acc: 0.83000, eval/balanced_acc: 0.61593, eval/precision: 0.74144, eval/recall: 0.61593, eval/F1: 0.65134, eval/spec: 0.66667, eval/sens: 0.95890, test/loss: 0.97062, test/top-1-acc: 0.52459, test/balanced_acc: 0.49645, test/precision: 0.59957, test/recall: 0.49645, test/F1: 0.49755, test/spec: 0.65000, test/sens: 0.61905 BEST_EVAL_ACC: 0.8600, at 841 iters BEST_TEST_ACC: 0.4754, at 841 iters
[2024-02-29 16:45:08,512 INFO] 

epoch 21
[2024-02-29 16:46:11,954 INFO] validating...
[2024-02-29 16:46:17,214 INFO] model saved: saved_models/radformer/selfkd_v8_exp2/latest_model.pth
[2024-02-29 16:46:17,216 INFO] 1233 iteration, USE_EMA: True, train/sup_loss: 0.21053, train/unsup_loss: 0.17919, train/total_loss: 0.38972, train/util_ratio: 0.65179, train/run_time: 0.96747, lr: 0.01972, train/prefecth_time: 0.03810, eval/loss: 0.39936, eval/top-1-acc: 0.84000, eval/balanced_acc: 0.62050, eval/precision: 0.83385, eval/recall: 0.62050, eval/F1: 0.67010, eval/spec: 0.62963, eval/sens: 0.97260, test/loss: 0.96726, test/top-1-acc: 0.52459, test/balanced_acc: 0.49532, test/precision: 0.59915, test/recall: 0.49532, test/F1: 0.49699, test/spec: 0.66250, test/sens: 0.59524 BEST_EVAL_ACC: 0.8600, at 841 iters BEST_TEST_ACC: 0.4754, at 841 iters
[2024-02-29 16:46:17,221 INFO] 

epoch 22
[2024-02-29 16:47:21,292 INFO] validating...
[2024-02-29 16:47:26,140 INFO] model saved: saved_models/radformer/selfkd_v8_exp2/latest_model.pth
[2024-02-29 16:47:26,923 INFO] model saved: saved_models/radformer/selfkd_v8_exp2/model_best.pth
[2024-02-29 16:47:26,926 INFO] 1289 iteration, USE_EMA: True, train/sup_loss: 0.17978, train/unsup_loss: 0.14083, train/total_loss: 0.32061, train/util_ratio: 0.58929, train/run_time: 0.97035, lr: 0.01967, train/prefecth_time: 0.03765, eval/loss: 0.38185, eval/top-1-acc: 0.85000, eval/balanced_acc: 0.65753, eval/precision: 0.84774, eval/recall: 0.65753, eval/F1: 0.71451, eval/spec: 0.62963, eval/sens: 0.97260, test/loss: 0.96114, test/top-1-acc: 0.55738, test/balanced_acc: 0.54060, test/precision: 0.61549, test/recall: 0.54060, test/F1: 0.55109, test/spec: 0.67500, test/sens: 0.64286 BEST_EVAL_ACC: 0.8500, at 1289 iters BEST_TEST_ACC: 0.5574, at 1289 iters
[2024-02-29 16:47:26,930 INFO] 

epoch 23
[2024-02-29 16:48:30,938 INFO] validating...
[2024-02-29 16:48:35,947 INFO] model saved: saved_models/radformer/selfkd_v8_exp2/latest_model.pth
[2024-02-29 16:48:36,839 INFO] model saved: saved_models/radformer/selfkd_v8_exp2/model_best.pth
[2024-02-29 16:48:36,841 INFO] 1345 iteration, USE_EMA: True, train/sup_loss: 0.17715, train/unsup_loss: 0.14344, train/total_loss: 0.32059, train/util_ratio: 0.60714, train/run_time: 0.95760, lr: 0.01961, train/prefecth_time: 0.03323, eval/loss: 0.39007, eval/top-1-acc: 0.89000, eval/balanced_acc: 0.75013, eval/precision: 0.90374, eval/recall: 0.75013, eval/F1: 0.80440, eval/spec: 0.70370, eval/sens: 0.97260, test/loss: 0.95763, test/top-1-acc: 0.54098, test/balanced_acc: 0.52981, test/precision: 0.60440, test/recall: 0.52981, test/F1: 0.54317, test/spec: 0.65000, test/sens: 0.61905 BEST_EVAL_ACC: 0.8900, at 1345 iters BEST_TEST_ACC: 0.5410, at 1345 iters
[2024-02-29 16:48:36,846 INFO] 

epoch 24
[2024-02-29 16:49:40,439 INFO] validating...
[2024-02-29 16:49:45,325 INFO] model saved: saved_models/radformer/selfkd_v8_exp2/latest_model.pth
[2024-02-29 16:49:45,329 INFO] 1401 iteration, USE_EMA: True, train/sup_loss: 0.11695, train/unsup_loss: 0.15977, train/total_loss: 0.27672, train/util_ratio: 0.67857, train/run_time: 0.95482, lr: 0.01954, train/prefecth_time: 0.03972, eval/loss: 0.36688, eval/top-1-acc: 0.89000, eval/balanced_acc: 0.75013, eval/precision: 0.89165, eval/recall: 0.75013, eval/F1: 0.79918, eval/spec: 0.74074, eval/sens: 0.97260, test/loss: 0.95319, test/top-1-acc: 0.54098, test/balanced_acc: 0.52926, test/precision: 0.59028, test/recall: 0.52926, test/F1: 0.53537, test/spec: 0.63750, test/sens: 0.69048 BEST_EVAL_ACC: 0.8900, at 1345 iters BEST_TEST_ACC: 0.5410, at 1345 iters
[2024-02-29 16:49:45,333 INFO] 

epoch 25
[2024-02-29 16:50:48,100 INFO] validating...
[2024-02-29 16:50:52,490 INFO] model saved: saved_models/radformer/selfkd_v8_exp2/latest_model.pth
[2024-02-29 16:50:52,493 INFO] 1457 iteration, USE_EMA: True, train/sup_loss: 0.10607, train/unsup_loss: 0.14809, train/total_loss: 0.25416, train/util_ratio: 0.62500, train/run_time: 0.96318, lr: 0.01948, train/prefecth_time: 0.03755, eval/loss: 0.35331, eval/top-1-acc: 0.89000, eval/balanced_acc: 0.70370, eval/precision: 0.90041, eval/recall: 0.70370, eval/F1: 0.76357, eval/spec: 0.70370, eval/sens: 1.00000, test/loss: 0.94860, test/top-1-acc: 0.56557, test/balanced_acc: 0.54740, test/precision: 0.63762, test/recall: 0.54740, test/F1: 0.56001, test/spec: 0.70000, test/sens: 0.64286 BEST_EVAL_ACC: 0.8900, at 1345 iters BEST_TEST_ACC: 0.5410, at 1345 iters
[2024-02-29 16:50:52,496 INFO] 

epoch 26
[2024-02-29 16:51:55,104 INFO] validating...
[2024-02-29 16:52:00,040 INFO] model saved: saved_models/radformer/selfkd_v8_exp2/latest_model.pth
[2024-02-29 16:52:00,041 INFO] 1513 iteration, USE_EMA: True, train/sup_loss: 0.10682, train/unsup_loss: 0.12295, train/total_loss: 0.22977, train/util_ratio: 0.67857, train/run_time: 0.95586, lr: 0.01941, train/prefecth_time: 0.03732, eval/loss: 0.33613, eval/top-1-acc: 0.88000, eval/balanced_acc: 0.73161, eval/precision: 0.86291, eval/recall: 0.73161, eval/F1: 0.77587, eval/spec: 0.77778, eval/sens: 0.97260, test/loss: 0.93977, test/top-1-acc: 0.55738, test/balanced_acc: 0.54455, test/precision: 0.61675, test/recall: 0.54455, test/F1: 0.55712, test/spec: 0.68750, test/sens: 0.64286 BEST_EVAL_ACC: 0.8900, at 1345 iters BEST_TEST_ACC: 0.5410, at 1345 iters
[2024-02-29 16:52:00,044 INFO] 

epoch 27
[2024-02-29 16:53:02,860 INFO] validating...
[2024-02-29 16:53:07,879 INFO] model saved: saved_models/radformer/selfkd_v8_exp2/latest_model.pth
[2024-02-29 16:53:07,881 INFO] 1569 iteration, USE_EMA: True, train/sup_loss: 0.10449, train/unsup_loss: 0.11863, train/total_loss: 0.22312, train/util_ratio: 0.62500, train/run_time: 0.96146, lr: 0.01933, train/prefecth_time: 0.04344, eval/loss: 0.37869, eval/top-1-acc: 0.87000, eval/balanced_acc: 0.72248, eval/precision: 0.81491, eval/recall: 0.72248, eval/F1: 0.75145, eval/spec: 0.74074, eval/sens: 0.94521, test/loss: 0.93475, test/top-1-acc: 0.55738, test/balanced_acc: 0.54341, test/precision: 0.60505, test/recall: 0.54341, test/F1: 0.55554, test/spec: 0.72500, test/sens: 0.61905 BEST_EVAL_ACC: 0.8900, at 1345 iters BEST_TEST_ACC: 0.5410, at 1345 iters
[2024-02-29 16:53:07,887 INFO] 

epoch 28
[2024-02-29 16:54:11,081 INFO] validating...
[2024-02-29 16:54:15,660 INFO] model saved: saved_models/radformer/selfkd_v8_exp2/latest_model.pth
[2024-02-29 16:54:15,662 INFO] 1625 iteration, USE_EMA: True, train/sup_loss: 0.07660, train/unsup_loss: 0.12710, train/total_loss: 0.20370, train/util_ratio: 0.66071, train/run_time: 0.96066, lr: 0.01925, train/prefecth_time: 0.04474, eval/loss: 0.32271, eval/top-1-acc: 0.88000, eval/balanced_acc: 0.72704, eval/precision: 0.87368, eval/recall: 0.72704, eval/F1: 0.76394, eval/spec: 0.77778, eval/sens: 0.95890, test/loss: 0.93335, test/top-1-acc: 0.55738, test/balanced_acc: 0.54228, test/precision: 0.61763, test/recall: 0.54228, test/F1: 0.55685, test/spec: 0.72500, test/sens: 0.59524 BEST_EVAL_ACC: 0.8900, at 1345 iters BEST_TEST_ACC: 0.5410, at 1345 iters
[2024-02-29 16:54:15,665 INFO] 

epoch 29
[2024-02-29 16:55:18,140 INFO] validating...
[2024-02-29 16:55:22,938 INFO] model saved: saved_models/radformer/selfkd_v8_exp2/latest_model.pth
[2024-02-29 16:55:22,940 INFO] 1681 iteration, USE_EMA: True, train/sup_loss: 0.07832, train/unsup_loss: 0.11590, train/total_loss: 0.19421, train/util_ratio: 0.63393, train/run_time: 0.95741, lr: 0.01916, train/prefecth_time: 0.02169, eval/loss: 0.36304, eval/top-1-acc: 0.86000, eval/balanced_acc: 0.69457, eval/precision: 0.85139, eval/recall: 0.69457, eval/F1: 0.74948, eval/spec: 0.66667, eval/sens: 0.97260, test/loss: 0.93243, test/top-1-acc: 0.57377, test/balanced_acc: 0.55702, test/precision: 0.63037, test/recall: 0.55702, test/F1: 0.57051, test/spec: 0.73750, test/sens: 0.61905 BEST_EVAL_ACC: 0.8900, at 1345 iters BEST_TEST_ACC: 0.5410, at 1345 iters
[2024-02-29 16:55:22,944 INFO] 

epoch 30
[2024-02-29 16:56:25,799 INFO] validating...
[2024-02-29 16:56:30,946 INFO] model saved: saved_models/radformer/selfkd_v8_exp2/latest_model.pth
[2024-02-29 16:56:30,947 INFO] 1737 iteration, USE_EMA: True, train/sup_loss: 0.11570, train/unsup_loss: 0.09579, train/total_loss: 0.21149, train/util_ratio: 0.61607, train/run_time: 0.95139, lr: 0.01907, train/prefecth_time: 0.03519, eval/loss: 0.35766, eval/top-1-acc: 0.87000, eval/balanced_acc: 0.71309, eval/precision: 0.87361, eval/recall: 0.71309, eval/F1: 0.76969, eval/spec: 0.66667, eval/sens: 0.97260, test/loss: 0.93518, test/top-1-acc: 0.55738, test/balanced_acc: 0.53833, test/precision: 0.60606, test/recall: 0.53833, test/F1: 0.55020, test/spec: 0.76250, test/sens: 0.59524 BEST_EVAL_ACC: 0.8900, at 1345 iters BEST_TEST_ACC: 0.5410, at 1345 iters
[2024-02-29 16:56:30,951 INFO] 

epoch 31
[2024-02-29 16:57:34,801 INFO] validating...
[2024-02-29 16:57:39,443 INFO] model saved: saved_models/radformer/selfkd_v8_exp2/latest_model.pth
[2024-02-29 16:57:39,445 INFO] 1793 iteration, USE_EMA: True, train/sup_loss: 0.08911, train/unsup_loss: 0.09676, train/total_loss: 0.18587, train/util_ratio: 0.63393, train/run_time: 0.95195, lr: 0.01898, train/prefecth_time: 0.04985, eval/loss: 0.31525, eval/top-1-acc: 0.88000, eval/balanced_acc: 0.71309, eval/precision: 0.86876, eval/recall: 0.71309, eval/F1: 0.75492, eval/spec: 0.77778, eval/sens: 0.97260, test/loss: 0.93511, test/top-1-acc: 0.54918, test/balanced_acc: 0.53266, test/precision: 0.60922, test/recall: 0.53266, test/F1: 0.54442, test/spec: 0.68750, test/sens: 0.61905 BEST_EVAL_ACC: 0.8900, at 1345 iters BEST_TEST_ACC: 0.5410, at 1345 iters
[2024-02-29 16:57:39,448 INFO] 

epoch 32
[2024-02-29 16:58:42,127 INFO] validating...
[2024-02-29 16:58:46,682 INFO] model saved: saved_models/radformer/selfkd_v8_exp2/latest_model.pth
[2024-02-29 16:58:47,513 INFO] model saved: saved_models/radformer/selfkd_v8_exp2/model_best.pth
[2024-02-29 16:58:47,515 INFO] 1849 iteration, USE_EMA: True, train/sup_loss: 0.10233, train/unsup_loss: 0.09605, train/total_loss: 0.19838, train/util_ratio: 0.63393, train/run_time: 0.95466, lr: 0.01888, train/prefecth_time: 0.02871, eval/loss: 0.30065, eval/top-1-acc: 0.89000, eval/balanced_acc: 0.80112, eval/precision: 0.88636, eval/recall: 0.80112, eval/F1: 0.83807, eval/spec: 0.74074, eval/sens: 0.95890, test/loss: 0.94116, test/top-1-acc: 0.54918, test/balanced_acc: 0.53153, test/precision: 0.60877, test/recall: 0.53153, test/F1: 0.54375, test/spec: 0.68750, test/sens: 0.59524 BEST_EVAL_ACC: 0.8900, at 1849 iters BEST_TEST_ACC: 0.5492, at 1849 iters
[2024-02-29 16:58:47,519 INFO] 

epoch 33
[2024-02-29 16:59:50,386 INFO] validating...
[2024-02-29 16:59:55,379 INFO] model saved: saved_models/radformer/selfkd_v8_exp2/latest_model.pth
[2024-02-29 16:59:55,381 INFO] 1905 iteration, USE_EMA: True, train/sup_loss: 0.14952, train/unsup_loss: 0.07823, train/total_loss: 0.22775, train/util_ratio: 0.59821, train/run_time: 0.96025, lr: 0.01878, train/prefecth_time: 0.03194, eval/loss: 0.31365, eval/top-1-acc: 0.91000, eval/balanced_acc: 0.77321, eval/precision: 0.91554, eval/recall: 0.77321, eval/F1: 0.82264, eval/spec: 0.77778, eval/sens: 0.98630, test/loss: 0.93280, test/top-1-acc: 0.55738, test/balanced_acc: 0.54228, test/precision: 0.63099, test/recall: 0.54228, test/F1: 0.55824, test/spec: 0.68750, test/sens: 0.59524 BEST_EVAL_ACC: 0.8900, at 1849 iters BEST_TEST_ACC: 0.5492, at 1849 iters
[2024-02-29 16:59:55,384 INFO] 

epoch 34
[2024-02-29 17:00:58,255 INFO] validating...
[2024-02-29 17:01:03,131 INFO] model saved: saved_models/radformer/selfkd_v8_exp2/latest_model.pth
[2024-02-29 17:01:03,133 INFO] 1961 iteration, USE_EMA: True, train/sup_loss: 0.10065, train/unsup_loss: 0.09160, train/total_loss: 0.19224, train/util_ratio: 0.69643, train/run_time: 0.95669, lr: 0.01867, train/prefecth_time: 0.03431, eval/loss: 0.30924, eval/top-1-acc: 0.86000, eval/balanced_acc: 0.70396, eval/precision: 0.84635, eval/recall: 0.70396, eval/F1: 0.73816, eval/spec: 0.77778, eval/sens: 0.94521, test/loss: 0.92704, test/top-1-acc: 0.54918, test/balanced_acc: 0.53434, test/precision: 0.61054, test/recall: 0.53434, test/F1: 0.54936, test/spec: 0.71250, test/sens: 0.57143 BEST_EVAL_ACC: 0.8900, at 1849 iters BEST_TEST_ACC: 0.5492, at 1849 iters
[2024-02-29 17:01:03,136 INFO] 

epoch 35
[2024-02-29 17:02:06,008 INFO] validating...
[2024-02-29 17:02:10,872 INFO] model saved: saved_models/radformer/selfkd_v8_exp2/latest_model.pth
[2024-02-29 17:02:10,875 INFO] 2017 iteration, USE_EMA: True, train/sup_loss: 0.06826, train/unsup_loss: 0.10140, train/total_loss: 0.16966, train/util_ratio: 0.65179, train/run_time: 0.94933, lr: 0.01856, train/prefecth_time: 0.03458, eval/loss: 0.31912, eval/top-1-acc: 0.86000, eval/balanced_acc: 0.69001, eval/precision: 0.84689, eval/recall: 0.69001, eval/F1: 0.73246, eval/spec: 0.74074, eval/sens: 0.95890, test/loss: 0.93065, test/top-1-acc: 0.54918, test/balanced_acc: 0.53888, test/precision: 0.61145, test/recall: 0.53888, test/F1: 0.54982, test/spec: 0.63750, test/sens: 0.66667 BEST_EVAL_ACC: 0.8900, at 1849 iters BEST_TEST_ACC: 0.5492, at 1849 iters
[2024-02-29 17:02:10,879 INFO] 

epoch 36
[2024-02-29 17:03:13,555 INFO] validating...
[2024-02-29 17:03:19,030 INFO] model saved: saved_models/radformer/selfkd_v8_exp2/latest_model.pth
[2024-02-29 17:03:19,032 INFO] 2073 iteration, USE_EMA: True, train/sup_loss: 0.15898, train/unsup_loss: 0.10396, train/total_loss: 0.26294, train/util_ratio: 0.65179, train/run_time: 0.95500, lr: 0.01844, train/prefecth_time: 0.03223, eval/loss: 0.31552, eval/top-1-acc: 0.87000, eval/balanced_acc: 0.69001, eval/precision: 0.86257, eval/recall: 0.69001, eval/F1: 0.71918, eval/spec: 0.77778, eval/sens: 0.95890, test/loss: 0.92739, test/top-1-acc: 0.54918, test/balanced_acc: 0.53774, test/precision: 0.59779, test/recall: 0.53774, test/F1: 0.54825, test/spec: 0.67500, test/sens: 0.64286 BEST_EVAL_ACC: 0.8900, at 1849 iters BEST_TEST_ACC: 0.5492, at 1849 iters
[2024-02-29 17:03:19,035 INFO] 

epoch 37
[2024-02-29 17:04:22,458 INFO] validating...
[2024-02-29 17:04:27,375 INFO] model saved: saved_models/radformer/selfkd_v8_exp2/latest_model.pth
[2024-02-29 17:04:27,376 INFO] 2129 iteration, USE_EMA: True, train/sup_loss: 0.06178, train/unsup_loss: 0.07516, train/total_loss: 0.13694, train/util_ratio: 0.64286, train/run_time: 0.95935, lr: 0.01832, train/prefecth_time: 0.03796, eval/loss: 0.33222, eval/top-1-acc: 0.88000, eval/balanced_acc: 0.76408, eval/precision: 0.86257, eval/recall: 0.76408, eval/F1: 0.80209, eval/spec: 0.77778, eval/sens: 0.95890, test/loss: 0.92945, test/top-1-acc: 0.54918, test/balanced_acc: 0.53774, test/precision: 0.58689, test/recall: 0.53774, test/F1: 0.54658, test/spec: 0.68750, test/sens: 0.64286 BEST_EVAL_ACC: 0.8900, at 1849 iters BEST_TEST_ACC: 0.5492, at 1849 iters
[2024-02-29 17:04:27,379 INFO] 

epoch 38
[2024-02-29 17:05:29,839 INFO] validating...
[2024-02-29 17:05:34,735 INFO] model saved: saved_models/radformer/selfkd_v8_exp2/latest_model.pth
[2024-02-29 17:05:34,737 INFO] 2185 iteration, USE_EMA: True, train/sup_loss: 0.07932, train/unsup_loss: 0.08081, train/total_loss: 0.16012, train/util_ratio: 0.65179, train/run_time: 0.95671, lr: 0.01820, train/prefecth_time: 0.03262, eval/loss: 0.26767, eval/top-1-acc: 0.91000, eval/balanced_acc: 0.77321, eval/precision: 0.91554, eval/recall: 0.77321, eval/F1: 0.82264, eval/spec: 0.77778, eval/sens: 0.98630, test/loss: 0.92046, test/top-1-acc: 0.54918, test/balanced_acc: 0.53829, test/precision: 0.58912, test/recall: 0.53829, test/F1: 0.55087, test/spec: 0.72500, test/sens: 0.57143 BEST_EVAL_ACC: 0.8900, at 1849 iters BEST_TEST_ACC: 0.5492, at 1849 iters
[2024-02-29 17:05:34,740 INFO] 

epoch 39
[2024-02-29 17:06:37,325 INFO] validating...
[2024-02-29 17:06:42,315 INFO] model saved: saved_models/radformer/selfkd_v8_exp2/latest_model.pth
[2024-02-29 17:06:42,317 INFO] 2241 iteration, USE_EMA: True, train/sup_loss: 0.09184, train/unsup_loss: 0.07454, train/total_loss: 0.16637, train/util_ratio: 0.64286, train/run_time: 0.95815, lr: 0.01807, train/prefecth_time: 0.03914, eval/loss: 0.31600, eval/top-1-acc: 0.87000, eval/balanced_acc: 0.75951, eval/precision: 0.85819, eval/recall: 0.75951, eval/F1: 0.79761, eval/spec: 0.74074, eval/sens: 0.94521, test/loss: 0.92625, test/top-1-acc: 0.56557, test/balanced_acc: 0.55698, test/precision: 0.60262, test/recall: 0.55698, test/F1: 0.56897, test/spec: 0.71250, test/sens: 0.59524 BEST_EVAL_ACC: 0.8900, at 1849 iters BEST_TEST_ACC: 0.5492, at 1849 iters
[2024-02-29 17:06:42,319 INFO] 

epoch 40
[2024-02-29 17:07:45,354 INFO] validating...
[2024-02-29 17:07:49,824 INFO] model saved: saved_models/radformer/selfkd_v8_exp2/latest_model.pth
[2024-02-29 17:07:49,826 INFO] 2297 iteration, USE_EMA: True, train/sup_loss: 0.12687, train/unsup_loss: 0.06507, train/total_loss: 0.19193, train/util_ratio: 0.62500, train/run_time: 0.95999, lr: 0.01794, train/prefecth_time: 0.03497, eval/loss: 0.30299, eval/top-1-acc: 0.89000, eval/balanced_acc: 0.78260, eval/precision: 0.88109, eval/recall: 0.78260, eval/F1: 0.82061, eval/spec: 0.77778, eval/sens: 0.95890, test/loss: 0.91611, test/top-1-acc: 0.58197, test/balanced_acc: 0.57962, test/precision: 0.60994, test/recall: 0.57962, test/F1: 0.58914, test/spec: 0.72500, test/sens: 0.61905 BEST_EVAL_ACC: 0.8900, at 1849 iters BEST_TEST_ACC: 0.5492, at 1849 iters
[2024-02-29 17:07:49,828 INFO] 

epoch 41
[2024-02-29 17:08:53,338 INFO] validating...
[2024-02-29 17:08:58,622 INFO] model saved: saved_models/radformer/selfkd_v8_exp2/latest_model.pth
[2024-02-29 17:08:58,624 INFO] 2353 iteration, USE_EMA: True, train/sup_loss: 0.08081, train/unsup_loss: 0.05579, train/total_loss: 0.13659, train/util_ratio: 0.61607, train/run_time: 0.95777, lr: 0.01780, train/prefecth_time: 0.03774, eval/loss: 0.29694, eval/top-1-acc: 0.89000, eval/balanced_acc: 0.76408, eval/precision: 0.88596, eval/recall: 0.76408, eval/F1: 0.80355, eval/spec: 0.77778, eval/sens: 0.95890, test/loss: 0.92053, test/top-1-acc: 0.59016, test/balanced_acc: 0.59264, test/precision: 0.61981, test/recall: 0.59264, test/F1: 0.59901, test/spec: 0.67500, test/sens: 0.66667 BEST_EVAL_ACC: 0.8900, at 1849 iters BEST_TEST_ACC: 0.5492, at 1849 iters
[2024-02-29 17:08:58,627 INFO] 

epoch 42
[2024-02-29 17:10:02,018 INFO] validating...
[2024-02-29 17:10:07,282 INFO] model saved: saved_models/radformer/selfkd_v8_exp2/latest_model.pth
[2024-02-29 17:10:07,284 INFO] 2409 iteration, USE_EMA: True, train/sup_loss: 0.14145, train/unsup_loss: 0.06246, train/total_loss: 0.20391, train/util_ratio: 0.63393, train/run_time: 0.95737, lr: 0.01766, train/prefecth_time: 0.03163, eval/loss: 0.31281, eval/top-1-acc: 0.89000, eval/balanced_acc: 0.78260, eval/precision: 0.88109, eval/recall: 0.78260, eval/F1: 0.82061, eval/spec: 0.77778, eval/sens: 0.95890, test/loss: 0.92819, test/top-1-acc: 0.58197, test/balanced_acc: 0.58075, test/precision: 0.61888, test/recall: 0.58075, test/F1: 0.59081, test/spec: 0.67500, test/sens: 0.64286 BEST_EVAL_ACC: 0.8900, at 1849 iters BEST_TEST_ACC: 0.5492, at 1849 iters
[2024-02-29 17:10:07,288 INFO] 

epoch 43
[2024-02-29 17:11:10,779 INFO] validating...
[2024-02-29 17:11:16,127 INFO] model saved: saved_models/radformer/selfkd_v8_exp2/latest_model.pth
[2024-02-29 17:11:17,044 INFO] model saved: saved_models/radformer/selfkd_v8_exp2/model_best.pth
[2024-02-29 17:11:17,046 INFO] 2465 iteration, USE_EMA: True, train/sup_loss: 0.10000, train/unsup_loss: 0.05999, train/total_loss: 0.15999, train/util_ratio: 0.61607, train/run_time: 0.96255, lr: 0.01751, train/prefecth_time: 0.04155, eval/loss: 0.24440, eval/top-1-acc: 0.91000, eval/balanced_acc: 0.82420, eval/precision: 0.91153, eval/recall: 0.82420, eval/F1: 0.86212, eval/spec: 0.77778, eval/sens: 0.97260, test/loss: 0.91784, test/top-1-acc: 0.57377, test/balanced_acc: 0.57677, test/precision: 0.60389, test/recall: 0.57677, test/F1: 0.58528, test/spec: 0.70000, test/sens: 0.61905 BEST_EVAL_ACC: 0.9100, at 2465 iters BEST_TEST_ACC: 0.5738, at 2465 iters
[2024-02-29 17:11:17,051 INFO] 

epoch 44
[2024-02-29 17:12:20,638 INFO] validating...
[2024-02-29 17:12:25,853 INFO] model saved: saved_models/radformer/selfkd_v8_exp2/latest_model.pth
[2024-02-29 17:12:25,856 INFO] 2521 iteration, USE_EMA: True, train/sup_loss: 0.08129, train/unsup_loss: 0.06119, train/total_loss: 0.14248, train/util_ratio: 0.63393, train/run_time: 0.95855, lr: 0.01736, train/prefecth_time: 0.04469, eval/loss: 0.28268, eval/top-1-acc: 0.89000, eval/balanced_acc: 0.74556, eval/precision: 0.88254, eval/recall: 0.74556, eval/F1: 0.77685, eval/spec: 0.81481, eval/sens: 0.95890, test/loss: 0.92302, test/top-1-acc: 0.57377, test/balanced_acc: 0.57282, test/precision: 0.61118, test/recall: 0.57282, test/F1: 0.58389, test/spec: 0.68750, test/sens: 0.61905 BEST_EVAL_ACC: 0.9100, at 2465 iters BEST_TEST_ACC: 0.5738, at 2465 iters
[2024-02-29 17:12:25,860 INFO] 

epoch 45
[2024-02-29 17:13:29,687 INFO] validating...
[2024-02-29 17:13:34,500 INFO] model saved: saved_models/radformer/selfkd_v8_exp2/latest_model.pth
[2024-02-29 17:13:34,501 INFO] 2577 iteration, USE_EMA: True, train/sup_loss: 0.06620, train/unsup_loss: 0.06416, train/total_loss: 0.13036, train/util_ratio: 0.66964, train/run_time: 0.95833, lr: 0.01721, train/prefecth_time: 0.03722, eval/loss: 0.26200, eval/top-1-acc: 0.91000, eval/balanced_acc: 0.83815, eval/precision: 0.89426, eval/recall: 0.83815, eval/F1: 0.86138, eval/spec: 0.85185, eval/sens: 0.95890, test/loss: 0.90884, test/top-1-acc: 0.59836, test/balanced_acc: 0.59718, test/precision: 0.62430, test/recall: 0.59718, test/F1: 0.60657, test/spec: 0.75000, test/sens: 0.61905 BEST_EVAL_ACC: 0.9100, at 2465 iters BEST_TEST_ACC: 0.5738, at 2465 iters
[2024-02-29 17:13:34,505 INFO] 

epoch 46
[2024-02-29 17:14:37,472 INFO] validating...
[2024-02-29 17:14:42,384 INFO] model saved: saved_models/radformer/selfkd_v8_exp2/latest_model.pth
[2024-02-29 17:14:42,385 INFO] 2633 iteration, USE_EMA: True, train/sup_loss: 0.10879, train/unsup_loss: 0.05019, train/total_loss: 0.15898, train/util_ratio: 0.60714, train/run_time: 0.95899, lr: 0.01705, train/prefecth_time: 0.03730, eval/loss: 0.29417, eval/top-1-acc: 0.88000, eval/balanced_acc: 0.76408, eval/precision: 0.87166, eval/recall: 0.76408, eval/F1: 0.80635, eval/spec: 0.74074, eval/sens: 0.95890, test/loss: 0.90817, test/top-1-acc: 0.59836, test/balanced_acc: 0.59323, test/precision: 0.63199, test/recall: 0.59323, test/F1: 0.60538, test/spec: 0.76250, test/sens: 0.61905 BEST_EVAL_ACC: 0.9100, at 2465 iters BEST_TEST_ACC: 0.5738, at 2465 iters
[2024-02-29 17:14:42,388 INFO] 

epoch 47
[2024-02-29 17:15:45,999 INFO] validating...
[2024-02-29 17:15:50,794 INFO] model saved: saved_models/radformer/selfkd_v8_exp2/latest_model.pth
[2024-02-29 17:15:50,796 INFO] 2689 iteration, USE_EMA: True, train/sup_loss: 0.08907, train/unsup_loss: 0.07383, train/total_loss: 0.16290, train/util_ratio: 0.65179, train/run_time: 0.96062, lr: 0.01689, train/prefecth_time: 0.03620, eval/loss: 0.24456, eval/top-1-acc: 0.90000, eval/balanced_acc: 0.80112, eval/precision: 0.89006, eval/recall: 0.80112, eval/F1: 0.83423, eval/spec: 0.81481, eval/sens: 0.95890, test/loss: 0.92091, test/top-1-acc: 0.57377, test/balanced_acc: 0.57282, test/precision: 0.61091, test/recall: 0.57282, test/F1: 0.58406, test/spec: 0.70000, test/sens: 0.61905 BEST_EVAL_ACC: 0.9100, at 2465 iters BEST_TEST_ACC: 0.5738, at 2465 iters
[2024-02-29 17:15:50,804 INFO] 

epoch 48
[2024-02-29 17:16:53,558 INFO] validating...
[2024-02-29 17:16:58,479 INFO] model saved: saved_models/radformer/selfkd_v8_exp2/latest_model.pth
[2024-02-29 17:16:59,299 INFO] model saved: saved_models/radformer/selfkd_v8_exp2/model_best.pth
[2024-02-29 17:16:59,301 INFO] 2745 iteration, USE_EMA: True, train/sup_loss: 0.06889, train/unsup_loss: 0.06045, train/total_loss: 0.12934, train/util_ratio: 0.65179, train/run_time: 0.96086, lr: 0.01673, train/prefecth_time: 0.04384, eval/loss: 0.23281, eval/top-1-acc: 0.92000, eval/balanced_acc: 0.85667, eval/precision: 0.90297, eval/recall: 0.85667, eval/F1: 0.87446, eval/spec: 0.88889, eval/sens: 0.95890, test/loss: 0.90992, test/top-1-acc: 0.59836, test/balanced_acc: 0.59323, test/precision: 0.63117, test/recall: 0.59323, test/F1: 0.60498, test/spec: 0.75000, test/sens: 0.61905 BEST_EVAL_ACC: 0.9200, at 2745 iters BEST_TEST_ACC: 0.5984, at 2745 iters
[2024-02-29 17:16:59,313 INFO] 

epoch 49
[2024-02-29 17:18:02,316 INFO] validating...
[2024-02-29 17:18:07,073 INFO] model saved: saved_models/radformer/selfkd_v8_exp2/latest_model.pth
[2024-02-29 17:18:07,074 INFO] 2801 iteration, USE_EMA: True, train/sup_loss: 0.09656, train/unsup_loss: 0.06465, train/total_loss: 0.16121, train/util_ratio: 0.66964, train/run_time: 0.95366, lr: 0.01656, train/prefecth_time: 0.03560, eval/loss: 0.24772, eval/top-1-acc: 0.91000, eval/balanced_acc: 0.81963, eval/precision: 0.89865, eval/recall: 0.81963, eval/F1: 0.84728, eval/spec: 0.85185, eval/sens: 0.95890, test/loss: 0.90813, test/top-1-acc: 0.59836, test/balanced_acc: 0.59209, test/precision: 0.64052, test/recall: 0.59209, test/F1: 0.60672, test/spec: 0.76250, test/sens: 0.59524 BEST_EVAL_ACC: 0.9200, at 2745 iters BEST_TEST_ACC: 0.5984, at 2745 iters
[2024-02-29 17:18:07,077 INFO] 

epoch 50
[2024-02-29 17:19:10,278 INFO] validating...
[2024-02-29 17:19:15,163 INFO] model saved: saved_models/radformer/selfkd_v8_exp2/latest_model.pth
[2024-02-29 17:19:15,165 INFO] 2857 iteration, USE_EMA: True, train/sup_loss: 0.08503, train/unsup_loss: 0.05526, train/total_loss: 0.14030, train/util_ratio: 0.65179, train/run_time: 0.95665, lr: 0.01638, train/prefecth_time: 0.03557, eval/loss: 0.29065, eval/top-1-acc: 0.91000, eval/balanced_acc: 0.81963, eval/precision: 0.89865, eval/recall: 0.81963, eval/F1: 0.84728, eval/spec: 0.85185, eval/sens: 0.95890, test/loss: 0.90880, test/top-1-acc: 0.59836, test/balanced_acc: 0.59323, test/precision: 0.63199, test/recall: 0.59323, test/F1: 0.60538, test/spec: 0.76250, test/sens: 0.61905 BEST_EVAL_ACC: 0.9200, at 2745 iters BEST_TEST_ACC: 0.5984, at 2745 iters
[2024-02-29 17:19:15,169 INFO] 

epoch 51
[2024-02-29 17:20:17,943 INFO] validating...
[2024-02-29 17:20:22,674 INFO] model saved: saved_models/radformer/selfkd_v8_exp2/latest_model.pth
[2024-02-29 17:20:22,675 INFO] 2913 iteration, USE_EMA: True, train/sup_loss: 0.08643, train/unsup_loss: 0.03983, train/total_loss: 0.12626, train/util_ratio: 0.58929, train/run_time: 0.96130, lr: 0.01621, train/prefecth_time: 0.03976, eval/loss: 0.25411, eval/top-1-acc: 0.90000, eval/balanced_acc: 0.81963, eval/precision: 0.89525, eval/recall: 0.81963, eval/F1: 0.85248, eval/spec: 0.77778, eval/sens: 0.95890, test/loss: 0.90691, test/top-1-acc: 0.56557, test/balanced_acc: 0.55866, test/precision: 0.60600, test/recall: 0.55866, test/F1: 0.57285, test/spec: 0.76250, test/sens: 0.54762 BEST_EVAL_ACC: 0.9200, at 2745 iters BEST_TEST_ACC: 0.5984, at 2745 iters
[2024-02-29 17:20:22,678 INFO] 

epoch 52
[2024-02-29 17:21:25,398 INFO] validating...
[2024-02-29 17:21:30,041 INFO] model saved: saved_models/radformer/selfkd_v8_exp2/latest_model.pth
[2024-02-29 17:21:30,043 INFO] 2969 iteration, USE_EMA: True, train/sup_loss: 0.12243, train/unsup_loss: 0.05315, train/total_loss: 0.17558, train/util_ratio: 0.66964, train/run_time: 0.96520, lr: 0.01603, train/prefecth_time: 0.03905, eval/loss: 0.28168, eval/top-1-acc: 0.90000, eval/balanced_acc: 0.83359, eval/precision: 0.88174, eval/recall: 0.83359, eval/F1: 0.85235, eval/spec: 0.85185, eval/sens: 0.94521, test/loss: 0.90818, test/top-1-acc: 0.59016, test/balanced_acc: 0.58529, test/precision: 0.62554, test/recall: 0.58529, test/F1: 0.59811, test/spec: 0.76250, test/sens: 0.59524 BEST_EVAL_ACC: 0.9200, at 2745 iters BEST_TEST_ACC: 0.5984, at 2745 iters
[2024-02-29 17:21:30,047 INFO] 

epoch 53
[2024-02-29 17:22:33,142 INFO] validating...
[2024-02-29 17:22:37,899 INFO] model saved: saved_models/radformer/selfkd_v8_exp2/latest_model.pth
[2024-02-29 17:22:37,900 INFO] 3025 iteration, USE_EMA: True, train/sup_loss: 0.08410, train/unsup_loss: 0.06343, train/total_loss: 0.14753, train/util_ratio: 0.68750, train/run_time: 0.95537, lr: 0.01584, train/prefecth_time: 0.03671, eval/loss: 0.28780, eval/top-1-acc: 0.89000, eval/balanced_acc: 0.78260, eval/precision: 0.89127, eval/recall: 0.78260, eval/F1: 0.82540, eval/spec: 0.74074, eval/sens: 0.95890, test/loss: 0.91834, test/top-1-acc: 0.59016, test/balanced_acc: 0.58642, test/precision: 0.62499, test/recall: 0.58642, test/F1: 0.59851, test/spec: 0.75000, test/sens: 0.61905 BEST_EVAL_ACC: 0.9200, at 2745 iters BEST_TEST_ACC: 0.5984, at 2745 iters
[2024-02-29 17:22:37,903 INFO] 

epoch 54
[2024-02-29 17:23:40,724 INFO] validating...
[2024-02-29 17:23:45,701 INFO] model saved: saved_models/radformer/selfkd_v8_exp2/latest_model.pth
[2024-02-29 17:23:45,703 INFO] 3081 iteration, USE_EMA: True, train/sup_loss: 0.08597, train/unsup_loss: 0.03528, train/total_loss: 0.12125, train/util_ratio: 0.62500, train/run_time: 0.96385, lr: 0.01565, train/prefecth_time: 0.03007, eval/loss: 0.27722, eval/top-1-acc: 0.89000, eval/balanced_acc: 0.74556, eval/precision: 0.87592, eval/recall: 0.74556, eval/F1: 0.77259, eval/spec: 0.85185, eval/sens: 0.95890, test/loss: 0.91380, test/top-1-acc: 0.58197, test/balanced_acc: 0.57735, test/precision: 0.61906, test/recall: 0.57735, test/F1: 0.59075, test/spec: 0.76250, test/sens: 0.57143 BEST_EVAL_ACC: 0.9200, at 2745 iters BEST_TEST_ACC: 0.5984, at 2745 iters
[2024-02-29 17:23:45,708 INFO] 

epoch 55
[2024-02-29 17:24:49,242 INFO] validating...
[2024-02-29 17:24:54,065 INFO] model saved: saved_models/radformer/selfkd_v8_exp2/latest_model.pth
[2024-02-29 17:24:54,068 INFO] 3137 iteration, USE_EMA: True, train/sup_loss: 0.06790, train/unsup_loss: 0.04873, train/total_loss: 0.11663, train/util_ratio: 0.65179, train/run_time: 0.95681, lr: 0.01546, train/prefecth_time: 0.03461, eval/loss: 0.25267, eval/top-1-acc: 0.90000, eval/balanced_acc: 0.80112, eval/precision: 0.89006, eval/recall: 0.80112, eval/F1: 0.83423, eval/spec: 0.81481, eval/sens: 0.95890, test/loss: 0.91091, test/top-1-acc: 0.58197, test/balanced_acc: 0.57735, test/precision: 0.61906, test/recall: 0.57735, test/F1: 0.59075, test/spec: 0.76250, test/sens: 0.57143 BEST_EVAL_ACC: 0.9200, at 2745 iters BEST_TEST_ACC: 0.5984, at 2745 iters
[2024-02-29 17:24:54,075 INFO] 

epoch 56
[2024-02-29 17:25:57,225 INFO] validating...
[2024-02-29 17:26:02,560 INFO] model saved: saved_models/radformer/selfkd_v8_exp2/latest_model.pth
[2024-02-29 17:26:02,563 INFO] 3193 iteration, USE_EMA: True, train/sup_loss: 0.09110, train/unsup_loss: 0.03238, train/total_loss: 0.12349, train/util_ratio: 0.64286, train/run_time: 0.95873, lr: 0.01526, train/prefecth_time: 0.04665, eval/loss: 0.29261, eval/top-1-acc: 0.89000, eval/balanced_acc: 0.76408, eval/precision: 0.87778, eval/recall: 0.76408, eval/F1: 0.79902, eval/spec: 0.81481, eval/sens: 0.95890, test/loss: 0.91786, test/top-1-acc: 0.58197, test/balanced_acc: 0.57735, test/precision: 0.61906, test/recall: 0.57735, test/F1: 0.59075, test/spec: 0.76250, test/sens: 0.57143 BEST_EVAL_ACC: 0.9200, at 2745 iters BEST_TEST_ACC: 0.5984, at 2745 iters
[2024-02-29 17:26:02,566 INFO] 

epoch 57
[2024-02-29 17:27:05,796 INFO] validating...
[2024-02-29 17:27:11,566 INFO] model saved: saved_models/radformer/selfkd_v8_exp2/latest_model.pth
[2024-02-29 17:27:11,568 INFO] 3249 iteration, USE_EMA: True, train/sup_loss: 0.06708, train/unsup_loss: 0.04207, train/total_loss: 0.10915, train/util_ratio: 0.62500, train/run_time: 0.95950, lr: 0.01507, train/prefecth_time: 0.03690, eval/loss: 0.27528, eval/top-1-acc: 0.88000, eval/balanced_acc: 0.72704, eval/precision: 0.86667, eval/recall: 0.72704, eval/F1: 0.75976, eval/spec: 0.81481, eval/sens: 0.95890, test/loss: 0.92486, test/top-1-acc: 0.56557, test/balanced_acc: 0.56093, test/precision: 0.60411, test/recall: 0.56093, test/F1: 0.57362, test/spec: 0.72500, test/sens: 0.59524 BEST_EVAL_ACC: 0.9200, at 2745 iters BEST_TEST_ACC: 0.5984, at 2745 iters
[2024-02-29 17:27:11,572 INFO] 

epoch 58
[2024-02-29 17:28:15,238 INFO] validating...
[2024-02-29 17:28:21,029 INFO] model saved: saved_models/radformer/selfkd_v8_exp2/latest_model.pth
[2024-02-29 17:28:21,030 INFO] 3305 iteration, USE_EMA: True, train/sup_loss: 0.05041, train/unsup_loss: 0.04703, train/total_loss: 0.09744, train/util_ratio: 0.64286, train/run_time: 0.95434, lr: 0.01486, train/prefecth_time: 0.03927, eval/loss: 0.33210, eval/top-1-acc: 0.90000, eval/balanced_acc: 0.81963, eval/precision: 0.90720, eval/recall: 0.81963, eval/F1: 0.85768, eval/spec: 0.74074, eval/sens: 0.95890, test/loss: 0.92560, test/top-1-acc: 0.58197, test/balanced_acc: 0.57454, test/precision: 0.62640, test/recall: 0.57454, test/F1: 0.58902, test/spec: 0.73750, test/sens: 0.59524 BEST_EVAL_ACC: 0.9200, at 2745 iters BEST_TEST_ACC: 0.5984, at 2745 iters
[2024-02-29 17:28:21,034 INFO] 

epoch 59
[2024-02-29 17:29:24,412 INFO] validating...
[2024-02-29 17:29:30,079 INFO] model saved: saved_models/radformer/selfkd_v8_exp2/latest_model.pth
[2024-02-29 17:29:30,082 INFO] 3361 iteration, USE_EMA: True, train/sup_loss: 0.07659, train/unsup_loss: 0.03265, train/total_loss: 0.10924, train/util_ratio: 0.63393, train/run_time: 0.95607, lr: 0.01466, train/prefecth_time: 0.03795, eval/loss: 0.29139, eval/top-1-acc: 0.90000, eval/balanced_acc: 0.80112, eval/precision: 0.89006, eval/recall: 0.80112, eval/F1: 0.83423, eval/spec: 0.81481, eval/sens: 0.95890, test/loss: 0.92124, test/top-1-acc: 0.59016, test/balanced_acc: 0.58134, test/precision: 0.64405, test/recall: 0.58134, test/F1: 0.59805, test/spec: 0.75000, test/sens: 0.59524 BEST_EVAL_ACC: 0.9200, at 2745 iters BEST_TEST_ACC: 0.5984, at 2745 iters
[2024-02-29 17:29:30,085 INFO] 

epoch 60
[2024-02-29 17:30:33,483 INFO] validating...
[2024-02-29 17:30:38,917 INFO] model saved: saved_models/radformer/selfkd_v8_exp2/latest_model.pth
[2024-02-29 17:30:38,919 INFO] 3417 iteration, USE_EMA: True, train/sup_loss: 0.08674, train/unsup_loss: 0.04825, train/total_loss: 0.13499, train/util_ratio: 0.66964, train/run_time: 0.95660, lr: 0.01445, train/prefecth_time: 0.07093, eval/loss: 0.27143, eval/top-1-acc: 0.88000, eval/balanced_acc: 0.74556, eval/precision: 0.87710, eval/recall: 0.74556, eval/F1: 0.78995, eval/spec: 0.74074, eval/sens: 0.95890, test/loss: 0.92447, test/top-1-acc: 0.59836, test/balanced_acc: 0.58814, test/precision: 0.65089, test/recall: 0.58814, test/F1: 0.60466, test/spec: 0.76250, test/sens: 0.59524 BEST_EVAL_ACC: 0.9200, at 2745 iters BEST_TEST_ACC: 0.5984, at 2745 iters
[2024-02-29 17:30:38,923 INFO] 

epoch 61
[2024-02-29 17:31:42,918 INFO] validating...
[2024-02-29 17:31:48,187 INFO] model saved: saved_models/radformer/selfkd_v8_exp2/latest_model.pth
[2024-02-29 17:31:49,098 INFO] model saved: saved_models/radformer/selfkd_v8_exp2/model_best.pth
[2024-02-29 17:31:49,099 INFO] 3473 iteration, USE_EMA: True, train/sup_loss: 0.08031, train/unsup_loss: 0.03528, train/total_loss: 0.11558, train/util_ratio: 0.66071, train/run_time: 0.96107, lr: 0.01423, train/prefecth_time: 0.03563, eval/loss: 0.27961, eval/top-1-acc: 0.92000, eval/balanced_acc: 0.85667, eval/precision: 0.92222, eval/recall: 0.85667, eval/F1: 0.88476, eval/spec: 0.81481, eval/sens: 0.95890, test/loss: 0.92128, test/top-1-acc: 0.59016, test/balanced_acc: 0.58134, test/precision: 0.64315, test/recall: 0.58134, test/F1: 0.59770, test/spec: 0.73750, test/sens: 0.59524 BEST_EVAL_ACC: 0.9200, at 3473 iters BEST_TEST_ACC: 0.5902, at 3473 iters
[2024-02-29 17:31:49,102 INFO] 

epoch 62
[2024-02-29 17:32:52,885 INFO] validating...
[2024-02-29 17:32:57,800 INFO] model saved: saved_models/radformer/selfkd_v8_exp2/latest_model.pth
[2024-02-29 17:32:57,802 INFO] 3529 iteration, USE_EMA: True, train/sup_loss: 0.04685, train/unsup_loss: 0.06325, train/total_loss: 0.11010, train/util_ratio: 0.60714, train/run_time: 0.96585, lr: 0.01402, train/prefecth_time: 0.03709, eval/loss: 0.28597, eval/top-1-acc: 0.89000, eval/balanced_acc: 0.78260, eval/precision: 0.88109, eval/recall: 0.78260, eval/F1: 0.82061, eval/spec: 0.77778, eval/sens: 0.95890, test/loss: 0.91553, test/top-1-acc: 0.59836, test/balanced_acc: 0.58928, test/precision: 0.65039, test/recall: 0.58928, test/F1: 0.60527, test/spec: 0.75000, test/sens: 0.61905 BEST_EVAL_ACC: 0.9200, at 3473 iters BEST_TEST_ACC: 0.5902, at 3473 iters
[2024-02-29 17:32:57,805 INFO] 

epoch 63
[2024-02-29 17:34:00,976 INFO] validating...
[2024-02-29 17:34:05,959 INFO] model saved: saved_models/radformer/selfkd_v8_exp2/latest_model.pth
[2024-02-29 17:34:05,960 INFO] 3585 iteration, USE_EMA: True, train/sup_loss: 0.07325, train/unsup_loss: 0.03575, train/total_loss: 0.10900, train/util_ratio: 0.62500, train/run_time: 0.95837, lr: 0.01380, train/prefecth_time: 0.03922, eval/loss: 0.28296, eval/top-1-acc: 0.90000, eval/balanced_acc: 0.80112, eval/precision: 0.88198, eval/recall: 0.80112, eval/F1: 0.82974, eval/spec: 0.85185, eval/sens: 0.95890, test/loss: 0.90885, test/top-1-acc: 0.59836, test/balanced_acc: 0.59323, test/precision: 0.64007, test/recall: 0.59323, test/F1: 0.60723, test/spec: 0.75000, test/sens: 0.61905 BEST_EVAL_ACC: 0.9200, at 3473 iters BEST_TEST_ACC: 0.5902, at 3473 iters
[2024-02-29 17:34:05,964 INFO] 

epoch 64
[2024-02-29 17:35:08,858 INFO] validating...
[2024-02-29 17:35:13,909 INFO] model saved: saved_models/radformer/selfkd_v8_exp2/latest_model.pth
[2024-02-29 17:35:13,912 INFO] 3641 iteration, USE_EMA: True, train/sup_loss: 0.07486, train/unsup_loss: 0.02795, train/total_loss: 0.10281, train/util_ratio: 0.65179, train/run_time: 0.98707, lr: 0.01358, train/prefecth_time: 0.03397, eval/loss: 0.28107, eval/top-1-acc: 0.89000, eval/balanced_acc: 0.76408, eval/precision: 0.87087, eval/recall: 0.76408, eval/F1: 0.79487, eval/spec: 0.85185, eval/sens: 0.95890, test/loss: 0.91404, test/top-1-acc: 0.59016, test/balanced_acc: 0.58247, test/precision: 0.64308, test/recall: 0.58247, test/F1: 0.59823, test/spec: 0.72500, test/sens: 0.61905 BEST_EVAL_ACC: 0.9200, at 3473 iters BEST_TEST_ACC: 0.5902, at 3473 iters
[2024-02-29 17:35:13,916 INFO] 

epoch 65
[2024-02-29 17:36:16,561 INFO] validating...
[2024-02-29 17:36:21,350 INFO] model saved: saved_models/radformer/selfkd_v8_exp2/latest_model.pth
[2024-02-29 17:36:21,353 INFO] 3697 iteration, USE_EMA: True, train/sup_loss: 0.07909, train/unsup_loss: 0.02676, train/total_loss: 0.10585, train/util_ratio: 0.59821, train/run_time: 0.95473, lr: 0.01335, train/prefecth_time: 0.02531, eval/loss: 0.27337, eval/top-1-acc: 0.91000, eval/balanced_acc: 0.83815, eval/precision: 0.89426, eval/recall: 0.83815, eval/F1: 0.86138, eval/spec: 0.85185, eval/sens: 0.95890, test/loss: 0.91388, test/top-1-acc: 0.59016, test/balanced_acc: 0.58642, test/precision: 0.63279, test/recall: 0.58642, test/F1: 0.60008, test/spec: 0.72500, test/sens: 0.61905 BEST_EVAL_ACC: 0.9200, at 3473 iters BEST_TEST_ACC: 0.5902, at 3473 iters
[2024-02-29 17:36:21,357 INFO] 

epoch 66
[2024-02-29 17:37:24,648 INFO] validating...
[2024-02-29 17:37:29,494 INFO] model saved: saved_models/radformer/selfkd_v8_exp2/latest_model.pth
[2024-02-29 17:37:29,496 INFO] 3753 iteration, USE_EMA: True, train/sup_loss: 0.07683, train/unsup_loss: 0.05014, train/total_loss: 0.12698, train/util_ratio: 0.66071, train/run_time: 0.97278, lr: 0.01312, train/prefecth_time: 0.04342, eval/loss: 0.27953, eval/top-1-acc: 0.91000, eval/balanced_acc: 0.83815, eval/precision: 0.90370, eval/recall: 0.83815, eval/F1: 0.86624, eval/spec: 0.81481, eval/sens: 0.95890, test/loss: 0.91724, test/top-1-acc: 0.59016, test/balanced_acc: 0.58247, test/precision: 0.64367, test/recall: 0.58247, test/F1: 0.59857, test/spec: 0.73750, test/sens: 0.61905 BEST_EVAL_ACC: 0.9200, at 3473 iters BEST_TEST_ACC: 0.5902, at 3473 iters
[2024-02-29 17:37:29,499 INFO] 

epoch 67
[2024-02-29 17:38:32,062 INFO] validating...
[2024-02-29 17:38:36,653 INFO] model saved: saved_models/radformer/selfkd_v8_exp2/latest_model.pth
[2024-02-29 17:38:36,655 INFO] 3809 iteration, USE_EMA: True, train/sup_loss: 0.06059, train/unsup_loss: 0.03476, train/total_loss: 0.09535, train/util_ratio: 0.61607, train/run_time: 0.95999, lr: 0.01289, train/prefecth_time: 0.03368, eval/loss: 0.26160, eval/top-1-acc: 0.89000, eval/balanced_acc: 0.79655, eval/precision: 0.87748, eval/recall: 0.79655, eval/F1: 0.82521, eval/spec: 0.81481, eval/sens: 0.94521, test/loss: 0.91495, test/top-1-acc: 0.58197, test/balanced_acc: 0.57454, test/precision: 0.63730, test/recall: 0.57454, test/F1: 0.59141, test/spec: 0.73750, test/sens: 0.59524 BEST_EVAL_ACC: 0.9200, at 3473 iters BEST_TEST_ACC: 0.5902, at 3473 iters
[2024-02-29 17:38:36,658 INFO] 

epoch 68
[2024-02-29 17:39:39,152 INFO] validating...
[2024-02-29 17:39:44,151 INFO] model saved: saved_models/radformer/selfkd_v8_exp2/latest_model.pth
[2024-02-29 17:39:44,153 INFO] 3865 iteration, USE_EMA: True, train/sup_loss: 0.08585, train/unsup_loss: 0.03597, train/total_loss: 0.12182, train/util_ratio: 0.62500, train/run_time: 0.95574, lr: 0.01265, train/prefecth_time: 0.03404, eval/loss: 0.24706, eval/top-1-acc: 0.91000, eval/balanced_acc: 0.83815, eval/precision: 0.89426, eval/recall: 0.83815, eval/F1: 0.86138, eval/spec: 0.85185, eval/sens: 0.95890, test/loss: 0.91815, test/top-1-acc: 0.59016, test/balanced_acc: 0.58247, test/precision: 0.64308, test/recall: 0.58247, test/F1: 0.59823, test/spec: 0.72500, test/sens: 0.61905 BEST_EVAL_ACC: 0.9200, at 3473 iters BEST_TEST_ACC: 0.5902, at 3473 iters
[2024-02-29 17:39:44,157 INFO] 

epoch 69
[2024-02-29 17:40:47,581 INFO] validating...
[2024-02-29 17:40:52,338 INFO] model saved: saved_models/radformer/selfkd_v8_exp2/latest_model.pth
[2024-02-29 17:40:52,341 INFO] 3921 iteration, USE_EMA: True, train/sup_loss: 0.09439, train/unsup_loss: 0.03349, train/total_loss: 0.12787, train/util_ratio: 0.64286, train/run_time: 0.95877, lr: 0.01242, train/prefecth_time: 0.04079, eval/loss: 0.28007, eval/top-1-acc: 0.89000, eval/balanced_acc: 0.76408, eval/precision: 0.88596, eval/recall: 0.76408, eval/F1: 0.80355, eval/spec: 0.77778, eval/sens: 0.95890, test/loss: 0.91882, test/top-1-acc: 0.59016, test/balanced_acc: 0.58247, test/precision: 0.64308, test/recall: 0.58247, test/F1: 0.59823, test/spec: 0.72500, test/sens: 0.61905 BEST_EVAL_ACC: 0.9200, at 3473 iters BEST_TEST_ACC: 0.5902, at 3473 iters
[2024-02-29 17:40:52,345 INFO] 

epoch 70
[2024-02-29 17:41:54,861 INFO] validating...
[2024-02-29 17:41:59,701 INFO] model saved: saved_models/radformer/selfkd_v8_exp2/latest_model.pth
[2024-02-29 17:41:59,703 INFO] 3977 iteration, USE_EMA: True, train/sup_loss: 0.07873, train/unsup_loss: 0.04192, train/total_loss: 0.12064, train/util_ratio: 0.66964, train/run_time: 0.96109, lr: 0.01218, train/prefecth_time: 0.03882, eval/loss: 0.29108, eval/top-1-acc: 0.90000, eval/balanced_acc: 0.80112, eval/precision: 0.89006, eval/recall: 0.80112, eval/F1: 0.83423, eval/spec: 0.81481, eval/sens: 0.95890, test/loss: 0.92052, test/top-1-acc: 0.59016, test/balanced_acc: 0.58247, test/precision: 0.64367, test/recall: 0.58247, test/F1: 0.59857, test/spec: 0.73750, test/sens: 0.61905 BEST_EVAL_ACC: 0.9200, at 3473 iters BEST_TEST_ACC: 0.5902, at 3473 iters
[2024-02-29 17:41:59,707 INFO] 

epoch 71
[2024-02-29 17:43:02,574 INFO] validating...
[2024-02-29 17:43:07,358 INFO] model saved: saved_models/radformer/selfkd_v8_exp2/latest_model.pth
[2024-02-29 17:43:07,360 INFO] 4033 iteration, USE_EMA: True, train/sup_loss: 0.06823, train/unsup_loss: 0.04062, train/total_loss: 0.10885, train/util_ratio: 0.63393, train/run_time: 0.95345, lr: 0.01193, train/prefecth_time: 0.02558, eval/loss: 0.28298, eval/top-1-acc: 0.91000, eval/balanced_acc: 0.83815, eval/precision: 0.90370, eval/recall: 0.83815, eval/F1: 0.86624, eval/spec: 0.81481, eval/sens: 0.95890, test/loss: 0.92100, test/top-1-acc: 0.59016, test/balanced_acc: 0.58247, test/precision: 0.64367, test/recall: 0.58247, test/F1: 0.59857, test/spec: 0.73750, test/sens: 0.61905 BEST_EVAL_ACC: 0.9200, at 3473 iters BEST_TEST_ACC: 0.5902, at 3473 iters
[2024-02-29 17:43:07,364 INFO] 

epoch 72
[2024-02-29 17:44:10,523 INFO] validating...
[2024-02-29 17:44:15,434 INFO] model saved: saved_models/radformer/selfkd_v8_exp2/latest_model.pth
[2024-02-29 17:44:15,436 INFO] 4089 iteration, USE_EMA: True, train/sup_loss: 0.07609, train/unsup_loss: 0.03097, train/total_loss: 0.10706, train/util_ratio: 0.66071, train/run_time: 0.95561, lr: 0.01168, train/prefecth_time: 0.03525, eval/loss: 0.26128, eval/top-1-acc: 0.90000, eval/balanced_acc: 0.80112, eval/precision: 0.88198, eval/recall: 0.80112, eval/F1: 0.82974, eval/spec: 0.85185, eval/sens: 0.95890, test/loss: 0.91655, test/top-1-acc: 0.59836, test/balanced_acc: 0.59323, test/precision: 0.64955, test/recall: 0.59323, test/F1: 0.60929, test/spec: 0.73750, test/sens: 0.61905 BEST_EVAL_ACC: 0.9200, at 3473 iters BEST_TEST_ACC: 0.5902, at 3473 iters
[2024-02-29 17:44:15,438 INFO] 

epoch 73
[2024-02-29 17:45:17,881 INFO] validating...
[2024-02-29 17:45:22,748 INFO] model saved: saved_models/radformer/selfkd_v8_exp2/latest_model.pth
[2024-02-29 17:45:22,750 INFO] 4145 iteration, USE_EMA: True, train/sup_loss: 0.06271, train/unsup_loss: 0.03223, train/total_loss: 0.09494, train/util_ratio: 0.66964, train/run_time: 0.96047, lr: 0.01144, train/prefecth_time: 0.03478, eval/loss: 0.27916, eval/top-1-acc: 0.87000, eval/balanced_acc: 0.74099, eval/precision: 0.86404, eval/recall: 0.74099, eval/F1: 0.78105, eval/spec: 0.74074, eval/sens: 0.94521, test/loss: 0.91718, test/top-1-acc: 0.60656, test/balanced_acc: 0.60003, test/precision: 0.65721, test/recall: 0.60003, test/F1: 0.61642, test/spec: 0.76250, test/sens: 0.61905 BEST_EVAL_ACC: 0.9200, at 3473 iters BEST_TEST_ACC: 0.5902, at 3473 iters
[2024-02-29 17:45:22,753 INFO] 

epoch 74
[2024-02-29 17:46:25,469 INFO] validating...
[2024-02-29 17:46:30,412 INFO] model saved: saved_models/radformer/selfkd_v8_exp2/latest_model.pth
[2024-02-29 17:46:30,414 INFO] 4201 iteration, USE_EMA: True, train/sup_loss: 0.09912, train/unsup_loss: 0.02550, train/total_loss: 0.12461, train/util_ratio: 0.64286, train/run_time: 0.95171, lr: 0.01118, train/prefecth_time: 0.03375, eval/loss: 0.24537, eval/top-1-acc: 0.89000, eval/balanced_acc: 0.76408, eval/precision: 0.87778, eval/recall: 0.76408, eval/F1: 0.79902, eval/spec: 0.81481, eval/sens: 0.95890, test/loss: 0.92000, test/top-1-acc: 0.60656, test/balanced_acc: 0.60398, test/precision: 0.65594, test/recall: 0.60398, test/F1: 0.62005, test/spec: 0.75000, test/sens: 0.61905 BEST_EVAL_ACC: 0.9200, at 3473 iters BEST_TEST_ACC: 0.5902, at 3473 iters
[2024-02-29 17:46:30,417 INFO] 

epoch 75
[2024-02-29 17:47:33,636 INFO] validating...
[2024-02-29 17:47:38,386 INFO] model saved: saved_models/radformer/selfkd_v8_exp2/latest_model.pth
[2024-02-29 17:47:38,387 INFO] 4257 iteration, USE_EMA: True, train/sup_loss: 0.05513, train/unsup_loss: 0.02950, train/total_loss: 0.08462, train/util_ratio: 0.64286, train/run_time: 0.95794, lr: 0.01093, train/prefecth_time: 0.03476, eval/loss: 0.29141, eval/top-1-acc: 0.90000, eval/balanced_acc: 0.80112, eval/precision: 0.89006, eval/recall: 0.80112, eval/F1: 0.83423, eval/spec: 0.81481, eval/sens: 0.95890, test/loss: 0.91959, test/top-1-acc: 0.60656, test/balanced_acc: 0.60398, test/precision: 0.65594, test/recall: 0.60398, test/F1: 0.62005, test/spec: 0.75000, test/sens: 0.61905 BEST_EVAL_ACC: 0.9200, at 3473 iters BEST_TEST_ACC: 0.5902, at 3473 iters
[2024-02-29 17:47:38,391 INFO] 

epoch 76
[2024-02-29 17:48:40,857 INFO] validating...
[2024-02-29 17:48:45,656 INFO] model saved: saved_models/radformer/selfkd_v8_exp2/latest_model.pth
[2024-02-29 17:48:45,658 INFO] 4313 iteration, USE_EMA: True, train/sup_loss: 0.05581, train/unsup_loss: 0.02003, train/total_loss: 0.07585, train/util_ratio: 0.61607, train/run_time: 0.95905, lr: 0.01067, train/prefecth_time: 0.03823, eval/loss: 0.30580, eval/top-1-acc: 0.88000, eval/balanced_acc: 0.79198, eval/precision: 0.86606, eval/recall: 0.79198, eval/F1: 0.81649, eval/spec: 0.81481, eval/sens: 0.93151, test/loss: 0.92053, test/top-1-acc: 0.59016, test/balanced_acc: 0.58247, test/precision: 0.64367, test/recall: 0.58247, test/F1: 0.59857, test/spec: 0.73750, test/sens: 0.61905 BEST_EVAL_ACC: 0.9200, at 3473 iters BEST_TEST_ACC: 0.5902, at 3473 iters
[2024-02-29 17:48:45,661 INFO] 

epoch 77
[2024-02-29 17:49:48,407 INFO] validating...
[2024-02-29 17:49:53,237 INFO] model saved: saved_models/radformer/selfkd_v8_exp2/latest_model.pth
[2024-02-29 17:49:53,239 INFO] 4369 iteration, USE_EMA: True, train/sup_loss: 0.05464, train/unsup_loss: 0.01762, train/total_loss: 0.07226, train/util_ratio: 0.63393, train/run_time: 0.96358, lr: 0.01041, train/prefecth_time: 0.03831, eval/loss: 0.22101, eval/top-1-acc: 0.91000, eval/balanced_acc: 0.83815, eval/precision: 0.89426, eval/recall: 0.83815, eval/F1: 0.86138, eval/spec: 0.85185, eval/sens: 0.95890, test/loss: 0.91400, test/top-1-acc: 0.59836, test/balanced_acc: 0.59604, test/precision: 0.64947, test/recall: 0.59604, test/F1: 0.61282, test/spec: 0.75000, test/sens: 0.59524 BEST_EVAL_ACC: 0.9200, at 3473 iters BEST_TEST_ACC: 0.5902, at 3473 iters
[2024-02-29 17:49:53,242 INFO] 

epoch 78
[2024-02-29 17:50:56,179 INFO] validating...
[2024-02-29 17:51:00,872 INFO] model saved: saved_models/radformer/selfkd_v8_exp2/latest_model.pth
[2024-02-29 17:51:00,874 INFO] 4425 iteration, USE_EMA: True, train/sup_loss: 0.06033, train/unsup_loss: 0.02797, train/total_loss: 0.08830, train/util_ratio: 0.63393, train/run_time: 0.95385, lr: 0.01015, train/prefecth_time: 0.03294, eval/loss: 0.29672, eval/top-1-acc: 0.91000, eval/balanced_acc: 0.81963, eval/precision: 0.89106, eval/recall: 0.81963, eval/F1: 0.84271, eval/spec: 0.88889, eval/sens: 0.95890, test/loss: 0.92175, test/top-1-acc: 0.59016, test/balanced_acc: 0.58529, test/precision: 0.64396, test/recall: 0.58529, test/F1: 0.60247, test/spec: 0.75000, test/sens: 0.59524 BEST_EVAL_ACC: 0.9200, at 3473 iters BEST_TEST_ACC: 0.5902, at 3473 iters
[2024-02-29 17:51:00,878 INFO] 

epoch 79
[2024-02-29 17:52:03,322 INFO] validating...
[2024-02-29 17:52:07,819 INFO] model saved: saved_models/radformer/selfkd_v8_exp2/latest_model.pth
[2024-02-29 17:52:07,820 INFO] 4481 iteration, USE_EMA: True, train/sup_loss: 0.05742, train/unsup_loss: 0.02312, train/total_loss: 0.08054, train/util_ratio: 0.67857, train/run_time: 0.95342, lr: 0.00989, train/prefecth_time: 0.03300, eval/loss: 0.29307, eval/top-1-acc: 0.90000, eval/balanced_acc: 0.83359, eval/precision: 0.88174, eval/recall: 0.83359, eval/F1: 0.85235, eval/spec: 0.85185, eval/sens: 0.94521, test/loss: 0.91592, test/top-1-acc: 0.60656, test/balanced_acc: 0.60398, test/precision: 0.65594, test/recall: 0.60398, test/F1: 0.62005, test/spec: 0.75000, test/sens: 0.61905 BEST_EVAL_ACC: 0.9200, at 3473 iters BEST_TEST_ACC: 0.5902, at 3473 iters
[2024-02-29 17:52:07,823 INFO] 

epoch 80
[2024-02-29 17:53:10,311 INFO] validating...
[2024-02-29 17:53:15,598 INFO] model saved: saved_models/radformer/selfkd_v8_exp2/latest_model.pth
[2024-02-29 17:53:15,600 INFO] 4537 iteration, USE_EMA: True, train/sup_loss: 0.08191, train/unsup_loss: 0.01469, train/total_loss: 0.09660, train/util_ratio: 0.61607, train/run_time: 0.95965, lr: 0.00962, train/prefecth_time: 0.03059, eval/loss: 0.26301, eval/top-1-acc: 0.92000, eval/balanced_acc: 0.85667, eval/precision: 0.92222, eval/recall: 0.85667, eval/F1: 0.88476, eval/spec: 0.81481, eval/sens: 0.95890, test/loss: 0.92192, test/top-1-acc: 0.59836, test/balanced_acc: 0.59718, test/precision: 0.63951, test/recall: 0.59718, test/F1: 0.61071, test/spec: 0.73750, test/sens: 0.61905 BEST_EVAL_ACC: 0.9200, at 3473 iters BEST_TEST_ACC: 0.5902, at 3473 iters
[2024-02-29 17:53:15,603 INFO] 

epoch 81
[2024-02-29 17:54:18,731 INFO] validating...
[2024-02-29 17:54:23,304 INFO] model saved: saved_models/radformer/selfkd_v8_exp2/latest_model.pth
[2024-02-29 17:54:23,305 INFO] 4593 iteration, USE_EMA: True, train/sup_loss: 0.06149, train/unsup_loss: 0.02108, train/total_loss: 0.08257, train/util_ratio: 0.64286, train/run_time: 0.95639, lr: 0.00935, train/prefecth_time: 0.02529, eval/loss: 0.25869, eval/top-1-acc: 0.90000, eval/balanced_acc: 0.81963, eval/precision: 0.89525, eval/recall: 0.81963, eval/F1: 0.85248, eval/spec: 0.77778, eval/sens: 0.95890, test/loss: 0.91778, test/top-1-acc: 0.59836, test/balanced_acc: 0.59718, test/precision: 0.63951, test/recall: 0.59718, test/F1: 0.61071, test/spec: 0.73750, test/sens: 0.61905 BEST_EVAL_ACC: 0.9200, at 3473 iters BEST_TEST_ACC: 0.5902, at 3473 iters
[2024-02-29 17:54:23,308 INFO] 

epoch 82
[2024-02-29 17:55:25,439 INFO] validating...
[2024-02-29 17:55:30,034 INFO] model saved: saved_models/radformer/selfkd_v8_exp2/latest_model.pth
[2024-02-29 17:55:30,036 INFO] 4649 iteration, USE_EMA: True, train/sup_loss: 0.07205, train/unsup_loss: 0.02023, train/total_loss: 0.09228, train/util_ratio: 0.61607, train/run_time: 0.94977, lr: 0.00908, train/prefecth_time: 0.02923, eval/loss: 0.33153, eval/top-1-acc: 0.89000, eval/balanced_acc: 0.76408, eval/precision: 0.87778, eval/recall: 0.76408, eval/F1: 0.79902, eval/spec: 0.81481, eval/sens: 0.95890, test/loss: 0.92796, test/top-1-acc: 0.58197, test/balanced_acc: 0.57567, test/precision: 0.62682, test/recall: 0.57567, test/F1: 0.58980, test/spec: 0.73750, test/sens: 0.61905 BEST_EVAL_ACC: 0.9200, at 3473 iters BEST_TEST_ACC: 0.5902, at 3473 iters
[2024-02-29 17:55:30,039 INFO] 

epoch 83
[2024-02-29 17:56:32,003 INFO] validating...
[2024-02-29 17:56:36,986 INFO] model saved: saved_models/radformer/selfkd_v8_exp2/latest_model.pth
[2024-02-29 17:56:37,855 INFO] model saved: saved_models/radformer/selfkd_v8_exp2/model_best.pth
[2024-02-29 17:56:37,857 INFO] 4705 iteration, USE_EMA: True, train/sup_loss: 0.09650, train/unsup_loss: 0.02332, train/total_loss: 0.11983, train/util_ratio: 0.61607, train/run_time: 0.95068, lr: 0.00881, train/prefecth_time: 0.02462, eval/loss: 0.28626, eval/top-1-acc: 0.93000, eval/balanced_acc: 0.87519, eval/precision: 0.91963, eval/recall: 0.87519, eval/F1: 0.89200, eval/spec: 0.88889, eval/sens: 0.95890, test/loss: 0.92497, test/top-1-acc: 0.59016, test/balanced_acc: 0.58642, test/precision: 0.63325, test/recall: 0.58642, test/F1: 0.60041, test/spec: 0.73750, test/sens: 0.61905 BEST_EVAL_ACC: 0.9300, at 4705 iters BEST_TEST_ACC: 0.5902, at 4705 iters
[2024-02-29 17:56:37,860 INFO] 

epoch 84
[2024-02-29 17:57:40,766 INFO] validating...
[2024-02-29 17:57:45,798 INFO] model saved: saved_models/radformer/selfkd_v8_exp2/latest_model.pth
[2024-02-29 17:57:46,799 INFO] model saved: saved_models/radformer/selfkd_v8_exp2/model_best.pth
[2024-02-29 17:57:46,801 INFO] 4761 iteration, USE_EMA: True, train/sup_loss: 0.10407, train/unsup_loss: 0.03373, train/total_loss: 0.13779, train/util_ratio: 0.66071, train/run_time: 0.95793, lr: 0.00853, train/prefecth_time: 0.03302, eval/loss: 0.24964, eval/top-1-acc: 0.93000, eval/balanced_acc: 0.89371, eval/precision: 0.92643, eval/recall: 0.89371, eval/F1: 0.90896, eval/spec: 0.85185, eval/sens: 0.95890, test/loss: 0.92171, test/top-1-acc: 0.59016, test/balanced_acc: 0.58642, test/precision: 0.63325, test/recall: 0.58642, test/F1: 0.60041, test/spec: 0.73750, test/sens: 0.61905 BEST_EVAL_ACC: 0.9300, at 4761 iters BEST_TEST_ACC: 0.5902, at 4761 iters
[2024-02-29 17:57:46,805 INFO] 

epoch 85
[2024-02-29 17:58:48,700 INFO] validating...
[2024-02-29 17:58:53,263 INFO] model saved: saved_models/radformer/selfkd_v8_exp2/latest_model.pth
[2024-02-29 17:58:53,264 INFO] 4817 iteration, USE_EMA: True, train/sup_loss: 0.08516, train/unsup_loss: 0.02115, train/total_loss: 0.10631, train/util_ratio: 0.60714, train/run_time: 0.95778, lr: 0.00825, train/prefecth_time: 0.03342, eval/loss: 0.25547, eval/top-1-acc: 0.90000, eval/balanced_acc: 0.80112, eval/precision: 0.88198, eval/recall: 0.80112, eval/F1: 0.82974, eval/spec: 0.85185, eval/sens: 0.95890, test/loss: 0.92316, test/top-1-acc: 0.59836, test/balanced_acc: 0.59718, test/precision: 0.63918, test/recall: 0.59718, test/F1: 0.61043, test/spec: 0.72500, test/sens: 0.61905 BEST_EVAL_ACC: 0.9300, at 4761 iters BEST_TEST_ACC: 0.5902, at 4761 iters
[2024-02-29 17:58:53,267 INFO] 

epoch 86
[2024-02-29 17:59:55,560 INFO] validating...
[2024-02-29 18:00:00,138 INFO] model saved: saved_models/radformer/selfkd_v8_exp2/latest_model.pth
[2024-02-29 18:00:00,140 INFO] 4873 iteration, USE_EMA: True, train/sup_loss: 0.08586, train/unsup_loss: 0.01328, train/total_loss: 0.09914, train/util_ratio: 0.61607, train/run_time: 0.95216, lr: 0.00797, train/prefecth_time: 0.03177, eval/loss: 0.29593, eval/top-1-acc: 0.91000, eval/balanced_acc: 0.85667, eval/precision: 0.89935, eval/recall: 0.85667, eval/F1: 0.87666, eval/spec: 0.81481, eval/sens: 0.95890, test/loss: 0.91839, test/top-1-acc: 0.58197, test/balanced_acc: 0.57567, test/precision: 0.62682, test/recall: 0.57567, test/F1: 0.58980, test/spec: 0.73750, test/sens: 0.61905 BEST_EVAL_ACC: 0.9300, at 4761 iters BEST_TEST_ACC: 0.5902, at 4761 iters
[2024-02-29 18:00:00,143 INFO] 

epoch 87
[2024-02-29 18:01:03,224 INFO] validating...
[2024-02-29 18:01:08,017 INFO] model saved: saved_models/radformer/selfkd_v8_exp2/latest_model.pth
[2024-02-29 18:01:08,019 INFO] 4929 iteration, USE_EMA: True, train/sup_loss: 0.05400, train/unsup_loss: 0.02534, train/total_loss: 0.07934, train/util_ratio: 0.61607, train/run_time: 0.95640, lr: 0.00769, train/prefecth_time: 0.03336, eval/loss: 0.30930, eval/top-1-acc: 0.90000, eval/balanced_acc: 0.81507, eval/precision: 0.89414, eval/recall: 0.81507, eval/F1: 0.84275, eval/spec: 0.81481, eval/sens: 0.94521, test/loss: 0.92605, test/top-1-acc: 0.59016, test/balanced_acc: 0.58642, test/precision: 0.63261, test/recall: 0.58642, test/F1: 0.59984, test/spec: 0.71250, test/sens: 0.61905 BEST_EVAL_ACC: 0.9300, at 4761 iters BEST_TEST_ACC: 0.5902, at 4761 iters
[2024-02-29 18:01:08,024 INFO] 

epoch 88
[2024-02-29 18:02:10,586 INFO] validating...
[2024-02-29 18:02:15,085 INFO] model saved: saved_models/radformer/selfkd_v8_exp2/latest_model.pth
[2024-02-29 18:02:15,087 INFO] 4985 iteration, USE_EMA: True, train/sup_loss: 0.07110, train/unsup_loss: 0.01771, train/total_loss: 0.08881, train/util_ratio: 0.61607, train/run_time: 0.95506, lr: 0.00741, train/prefecth_time: 0.03158, eval/loss: 0.20977, eval/top-1-acc: 0.91000, eval/balanced_acc: 0.81963, eval/precision: 0.89865, eval/recall: 0.81963, eval/F1: 0.84728, eval/spec: 0.85185, eval/sens: 0.95890, test/loss: 0.92090, test/top-1-acc: 0.60656, test/balanced_acc: 0.60398, test/precision: 0.64714, test/recall: 0.60398, test/F1: 0.61796, test/spec: 0.76250, test/sens: 0.61905 BEST_EVAL_ACC: 0.9300, at 4761 iters BEST_TEST_ACC: 0.5902, at 4761 iters
[2024-02-29 18:02:15,090 INFO] 

epoch 89
[2024-02-29 18:03:17,053 INFO] validating...
[2024-02-29 18:03:21,651 INFO] model saved: saved_models/radformer/selfkd_v8_exp2/latest_model.pth
[2024-02-29 18:03:21,653 INFO] 5041 iteration, USE_EMA: True, train/sup_loss: 0.05703, train/unsup_loss: 0.03292, train/total_loss: 0.08995, train/util_ratio: 0.67857, train/run_time: 0.95302, lr: 0.00713, train/prefecth_time: 0.03333, eval/loss: 0.34569, eval/top-1-acc: 0.89000, eval/balanced_acc: 0.78260, eval/precision: 0.88109, eval/recall: 0.78260, eval/F1: 0.82061, eval/spec: 0.77778, eval/sens: 0.95890, test/loss: 0.92568, test/top-1-acc: 0.59836, test/balanced_acc: 0.59718, test/precision: 0.63918, test/recall: 0.59718, test/F1: 0.61043, test/spec: 0.72500, test/sens: 0.61905 BEST_EVAL_ACC: 0.9300, at 4761 iters BEST_TEST_ACC: 0.5902, at 4761 iters
[2024-02-29 18:03:21,655 INFO] 

epoch 90
[2024-02-29 18:04:24,257 INFO] validating...
[2024-02-29 18:04:29,416 INFO] model saved: saved_models/radformer/selfkd_v8_exp2/latest_model.pth
[2024-02-29 18:04:29,419 INFO] 5097 iteration, USE_EMA: True, train/sup_loss: 0.08491, train/unsup_loss: 0.02684, train/total_loss: 0.11175, train/util_ratio: 0.63393, train/run_time: 0.95876, lr: 0.00684, train/prefecth_time: 0.03490, eval/loss: 0.30349, eval/top-1-acc: 0.89000, eval/balanced_acc: 0.76408, eval/precision: 0.87778, eval/recall: 0.76408, eval/F1: 0.79902, eval/spec: 0.81481, eval/sens: 0.95890, test/loss: 0.91631, test/top-1-acc: 0.61475, test/balanced_acc: 0.61192, test/precision: 0.65253, test/recall: 0.61192, test/F1: 0.62443, test/spec: 0.73750, test/sens: 0.64286 BEST_EVAL_ACC: 0.9300, at 4761 iters BEST_TEST_ACC: 0.5902, at 4761 iters
[2024-02-29 18:04:29,432 INFO] 

epoch 91
[2024-02-29 18:05:32,930 INFO] validating...
[2024-02-29 18:05:38,164 INFO] model saved: saved_models/radformer/selfkd_v8_exp2/latest_model.pth
[2024-02-29 18:05:38,168 INFO] 5153 iteration, USE_EMA: True, train/sup_loss: 0.04707, train/unsup_loss: 0.02891, train/total_loss: 0.07598, train/util_ratio: 0.64286, train/run_time: 0.96375, lr: 0.00655, train/prefecth_time: 0.04193, eval/loss: 0.25210, eval/top-1-acc: 0.89000, eval/balanced_acc: 0.80112, eval/precision: 0.88636, eval/recall: 0.80112, eval/F1: 0.83807, eval/spec: 0.74074, eval/sens: 0.95890, test/loss: 0.92633, test/top-1-acc: 0.59836, test/balanced_acc: 0.59436, test/precision: 0.63938, test/recall: 0.59436, test/F1: 0.60693, test/spec: 0.71250, test/sens: 0.64286 BEST_EVAL_ACC: 0.9300, at 4761 iters BEST_TEST_ACC: 0.5902, at 4761 iters
[2024-02-29 18:05:38,174 INFO] 

epoch 92
[2024-02-29 18:06:41,694 INFO] validating...
[2024-02-29 18:06:46,810 INFO] model saved: saved_models/radformer/selfkd_v8_exp2/latest_model.pth
[2024-02-29 18:06:46,813 INFO] 5209 iteration, USE_EMA: True, train/sup_loss: 0.08251, train/unsup_loss: 0.01426, train/total_loss: 0.09677, train/util_ratio: 0.61607, train/run_time: 0.95621, lr: 0.00626, train/prefecth_time: 0.03450, eval/loss: 0.28809, eval/top-1-acc: 0.90000, eval/balanced_acc: 0.78260, eval/precision: 0.88024, eval/recall: 0.78260, eval/F1: 0.80773, eval/spec: 0.88889, eval/sens: 0.95890, test/loss: 0.92370, test/top-1-acc: 0.59836, test/balanced_acc: 0.59436, test/precision: 0.63941, test/recall: 0.59436, test/F1: 0.60717, test/spec: 0.72500, test/sens: 0.64286 BEST_EVAL_ACC: 0.9300, at 4761 iters BEST_TEST_ACC: 0.5902, at 4761 iters
[2024-02-29 18:06:46,816 INFO] 

epoch 93
[2024-02-29 18:07:50,386 INFO] validating...
[2024-02-29 18:07:55,457 INFO] model saved: saved_models/radformer/selfkd_v8_exp2/latest_model.pth
[2024-02-29 18:07:55,460 INFO] 5265 iteration, USE_EMA: True, train/sup_loss: 0.09162, train/unsup_loss: 0.01868, train/total_loss: 0.11030, train/util_ratio: 0.59821, train/run_time: 0.95342, lr: 0.00597, train/prefecth_time: 0.04097, eval/loss: 0.23550, eval/top-1-acc: 0.93000, eval/balanced_acc: 0.87519, eval/precision: 0.91963, eval/recall: 0.87519, eval/F1: 0.89200, eval/spec: 0.88889, eval/sens: 0.95890, test/loss: 0.92625, test/top-1-acc: 0.59836, test/balanced_acc: 0.59436, test/precision: 0.63941, test/recall: 0.59436, test/F1: 0.60717, test/spec: 0.72500, test/sens: 0.64286 BEST_EVAL_ACC: 0.9300, at 4761 iters BEST_TEST_ACC: 0.5902, at 4761 iters
[2024-02-29 18:07:55,463 INFO] 

epoch 94
[2024-02-29 18:08:58,332 INFO] validating...
[2024-02-29 18:09:02,747 INFO] model saved: saved_models/radformer/selfkd_v8_exp2/latest_model.pth
[2024-02-29 18:09:02,749 INFO] 5321 iteration, USE_EMA: True, train/sup_loss: 0.09132, train/unsup_loss: 0.02574, train/total_loss: 0.11706, train/util_ratio: 0.63393, train/run_time: 0.96281, lr: 0.00568, train/prefecth_time: 0.03846, eval/loss: 0.28026, eval/top-1-acc: 0.91000, eval/balanced_acc: 0.83815, eval/precision: 0.89426, eval/recall: 0.83815, eval/F1: 0.86138, eval/spec: 0.85185, eval/sens: 0.95890, test/loss: 0.93297, test/top-1-acc: 0.59836, test/balanced_acc: 0.59436, test/precision: 0.63938, test/recall: 0.59436, test/F1: 0.60693, test/spec: 0.71250, test/sens: 0.64286 BEST_EVAL_ACC: 0.9300, at 4761 iters BEST_TEST_ACC: 0.5902, at 4761 iters
[2024-02-29 18:09:02,754 INFO] 

epoch 95
[2024-02-29 18:10:05,551 INFO] validating...
[2024-02-29 18:10:10,870 INFO] model saved: saved_models/radformer/selfkd_v8_exp2/latest_model.pth
[2024-02-29 18:10:10,873 INFO] 5377 iteration, USE_EMA: True, train/sup_loss: 0.05544, train/unsup_loss: 0.01983, train/total_loss: 0.07527, train/util_ratio: 0.63393, train/run_time: 0.95682, lr: 0.00539, train/prefecth_time: 0.04251, eval/loss: 0.27741, eval/top-1-acc: 0.91000, eval/balanced_acc: 0.83815, eval/precision: 0.89426, eval/recall: 0.83815, eval/F1: 0.86138, eval/spec: 0.85185, eval/sens: 0.95890, test/loss: 0.92837, test/top-1-acc: 0.59836, test/balanced_acc: 0.59436, test/precision: 0.63938, test/recall: 0.59436, test/F1: 0.60693, test/spec: 0.71250, test/sens: 0.64286 BEST_EVAL_ACC: 0.9300, at 4761 iters BEST_TEST_ACC: 0.5902, at 4761 iters
[2024-02-29 18:10:10,878 INFO] 

epoch 96
[2024-02-29 18:11:13,852 INFO] validating...
[2024-02-29 18:11:18,774 INFO] model saved: saved_models/radformer/selfkd_v8_exp2/latest_model.pth
[2024-02-29 18:11:18,776 INFO] 5433 iteration, USE_EMA: True, train/sup_loss: 0.07473, train/unsup_loss: 0.01954, train/total_loss: 0.09427, train/util_ratio: 0.63393, train/run_time: 0.95726, lr: 0.00509, train/prefecth_time: 0.02483, eval/loss: 0.24439, eval/top-1-acc: 0.91000, eval/balanced_acc: 0.81963, eval/precision: 0.89106, eval/recall: 0.81963, eval/F1: 0.84271, eval/spec: 0.88889, eval/sens: 0.95890, test/loss: 0.93812, test/top-1-acc: 0.60656, test/balanced_acc: 0.60230, test/precision: 0.64618, test/recall: 0.60230, test/F1: 0.61395, test/spec: 0.71250, test/sens: 0.66667 BEST_EVAL_ACC: 0.9300, at 4761 iters BEST_TEST_ACC: 0.5902, at 4761 iters
[2024-02-29 18:11:18,789 INFO] 

epoch 97
[2024-02-29 18:12:22,237 INFO] validating...
[2024-02-29 18:12:27,515 INFO] model saved: saved_models/radformer/selfkd_v8_exp2/latest_model.pth
[2024-02-29 18:12:27,516 INFO] 5489 iteration, USE_EMA: True, train/sup_loss: 0.04144, train/unsup_loss: 0.02018, train/total_loss: 0.06162, train/util_ratio: 0.65179, train/run_time: 0.95978, lr: 0.00480, train/prefecth_time: 0.03728, eval/loss: 0.30624, eval/top-1-acc: 0.90000, eval/balanced_acc: 0.80112, eval/precision: 0.89006, eval/recall: 0.80112, eval/F1: 0.83423, eval/spec: 0.81481, eval/sens: 0.95890, test/loss: 0.93815, test/top-1-acc: 0.60656, test/balanced_acc: 0.60230, test/precision: 0.64618, test/recall: 0.60230, test/F1: 0.61395, test/spec: 0.71250, test/sens: 0.66667 BEST_EVAL_ACC: 0.9300, at 4761 iters BEST_TEST_ACC: 0.5902, at 4761 iters
[2024-02-29 18:12:27,519 INFO] 

epoch 98
[2024-02-29 18:13:31,129 INFO] validating...
[2024-02-29 18:13:35,697 INFO] model saved: saved_models/radformer/selfkd_v8_exp2/latest_model.pth
[2024-02-29 18:13:35,699 INFO] 5545 iteration, USE_EMA: True, train/sup_loss: 0.05578, train/unsup_loss: 0.02694, train/total_loss: 0.08272, train/util_ratio: 0.68750, train/run_time: 0.95627, lr: 0.00450, train/prefecth_time: 0.04354, eval/loss: 0.27643, eval/top-1-acc: 0.90000, eval/balanced_acc: 0.80112, eval/precision: 0.88198, eval/recall: 0.80112, eval/F1: 0.82974, eval/spec: 0.85185, eval/sens: 0.95890, test/loss: 0.93421, test/top-1-acc: 0.59836, test/balanced_acc: 0.59436, test/precision: 0.63938, test/recall: 0.59436, test/F1: 0.60693, test/spec: 0.71250, test/sens: 0.64286 BEST_EVAL_ACC: 0.9300, at 4761 iters BEST_TEST_ACC: 0.5902, at 4761 iters
[2024-02-29 18:13:35,707 INFO] 

epoch 99
[2024-02-29 18:14:39,475 INFO] validating...
[2024-02-29 18:14:44,299 INFO] model saved: saved_models/radformer/selfkd_v8_exp2/latest_model.pth
[2024-02-29 18:14:44,300 INFO] 5601 iteration, USE_EMA: True, train/sup_loss: 0.05945, train/unsup_loss: 0.02709, train/total_loss: 0.08654, train/util_ratio: 0.62500, train/run_time: 0.95761, lr: 0.00420, train/prefecth_time: 0.03487, eval/loss: 0.27429, eval/top-1-acc: 0.91000, eval/balanced_acc: 0.81963, eval/precision: 0.89865, eval/recall: 0.81963, eval/F1: 0.84728, eval/spec: 0.85185, eval/sens: 0.95890, test/loss: 0.93340, test/top-1-acc: 0.59836, test/balanced_acc: 0.59436, test/precision: 0.63938, test/recall: 0.59436, test/F1: 0.60693, test/spec: 0.71250, test/sens: 0.64286 BEST_EVAL_ACC: 0.9300, at 4761 iters BEST_TEST_ACC: 0.5902, at 4761 iters
[2024-02-29 18:14:45,075 INFO] model saved: saved_models/radformer/selfkd_v8_exp2/latest_model.pth
[2024-02-29 18:14:45,622 INFO] Model loaded
wandb: - 0.009 MB of 0.009 MB uploadedwandb: \ 0.009 MB of 0.009 MB uploadedwandb: | 0.009 MB of 0.009 MB uploadedwandb: / 0.009 MB of 0.104 MB uploadedwandb: - 0.104 MB of 0.104 MB uploadedwandb: \ 0.104 MB of 0.104 MB uploadedwandb: | 0.104 MB of 0.104 MB uploadedwandb:                                                                                
wandb: 
wandb: Run history:
wandb:          eval/F1 â–â–„â–ƒâ–„â–„â–…â–…â–…â–…â–†â–‡â–‡â–‡â–‡â–†â–‡â–‡â–ˆâ–ˆâ–ˆâ–ˆâ–‡â–‡â–ˆâ–‡â–‡â–ˆâ–ˆâ–ˆâ–‡â–‡â–‡â–ˆâ–ˆâ–ˆâ–ˆâ–‡â–ˆâ–‡â–ˆ
wandb:    eval/best-acc â–â–â–ƒâ–„â–„â–†â–†â–†â–†â–†â–‡â–‡â–‡â–‡â–‡â–‡â–‡â–‡â–‡â–‡â–ˆâ–ˆâ–ˆ
wandb:   eval/precision â–â–„â–ƒâ–„â–ƒâ–‡â–‡â–†â–†â–‡â–ˆâ–‡â–‡â–ˆâ–‡â–ˆâ–ˆâ–ˆâ–ˆâ–ˆâ–ˆâ–ˆâ–ˆâ–ˆâ–‡â–ˆâ–ˆâ–ˆâ–ˆâ–‡â–‡â–ˆâ–ˆâ–ˆâ–ˆâ–ˆâ–ˆâ–ˆâ–ˆâ–ˆ
wandb:      eval/recall â–â–ƒâ–ƒâ–„â–„â–…â–…â–…â–…â–…â–†â–†â–†â–‡â–†â–‡â–‡â–‡â–ˆâ–ˆâ–‡â–‡â–‡â–‡â–†â–‡â–ˆâ–ˆâ–ˆâ–†â–‡â–‡â–‡â–ˆâ–ˆâ–‡â–‡â–ˆâ–‡â–‡
wandb:   eval/top-1-acc â–â–†â–‡â–‡â–‡â–‡â–‡â–‡â–‡â–‡â–ˆâ–‡â–‡â–ˆâ–‡â–ˆâ–ˆâ–ˆâ–ˆâ–ˆâ–ˆâ–ˆâ–ˆâ–ˆâ–‡â–ˆâ–ˆâ–ˆâ–ˆâ–‡â–‡â–ˆâ–ˆâ–ˆâ–ˆâ–ˆâ–ˆâ–ˆâ–ˆâ–ˆ
wandb:               lr â–â–ƒâ–…â–‡â–ˆâ–ˆâ–ˆâ–ˆâ–ˆâ–ˆâ–ˆâ–ˆâ–ˆâ–ˆâ–‡â–‡â–‡â–‡â–‡â–‡â–‡â–‡â–†â–†â–†â–†â–†â–…â–…â–…â–…â–…â–„â–„â–„â–„â–ƒâ–ƒâ–ƒâ–‚
wandb:          test/F1 â–‚â–â–‚â–‚â–„â–„â–„â–…â–†â–‡â–‡â–‡â–‡â–‡â–‡â–‡â–‡â–‡â–ˆâ–ˆâ–ˆâ–ˆâ–‡â–‡â–ˆâ–ˆâ–ˆâ–ˆâ–ˆâ–ˆâ–ˆâ–ˆâ–ˆâ–ˆâ–‡â–ˆâ–ˆâ–ˆâ–ˆâ–ˆ
wandb:   test/precision â–‚â–â–„â–ƒâ–†â–…â–†â–†â–‡â–‡â–ˆâ–‡â–‡â–‡â–‡â–‡â–‡â–‡â–‡â–‡â–ˆâ–‡â–‡â–‡â–ˆâ–ˆâ–ˆâ–ˆâ–ˆâ–ˆâ–ˆâ–ˆâ–ˆâ–ˆâ–‡â–ˆâ–ˆâ–ˆâ–ˆâ–ˆ
wandb:      test/recall â–â–â–‚â–‚â–„â–„â–„â–…â–…â–†â–†â–†â–†â–†â–†â–†â–‡â–‡â–ˆâ–ˆâ–ˆâ–ˆâ–‡â–‡â–ˆâ–ˆâ–‡â–‡â–‡â–ˆâ–‡â–‡â–ˆâ–ˆâ–‡â–ˆâ–ˆâ–ˆâ–ˆâ–ˆ
wandb:   test/top-1-acc â–â–â–ƒâ–ƒâ–†â–…â–…â–…â–†â–‡â–‡â–‡â–‡â–‡â–†â–†â–‡â–‡â–ˆâ–ˆâ–ˆâ–ˆâ–‡â–‡â–ˆâ–ˆâ–ˆâ–ˆâ–ˆâ–ˆâ–ˆâ–ˆâ–ˆâ–ˆâ–‡â–ˆâ–ˆâ–ˆâ–ˆâ–ˆ
wandb:   train/run_time â–‚â–ƒâ–„â–†â–‚â–„â–…â–‡â–ƒâ–…â–‡â–†â–‚â–ƒâ–â–†â–ˆâ–‡â–…â–†â–„â–„â–„â–„â–†â–…â–‡â–„â–„â–†â–…â–ƒâ–„â–‚â–‚â–„â–‡â–ƒâ–…â–…
wandb:   train/sup_loss â–ˆâ–…â–„â–‚â–‚â–‚â–‚â–‚â–â–‚â–â–â–â–â–â–â–â–â–â–â–â–â–â–â–â–â–â–â–â–â–â–â–â–â–â–â–â–â–â–
wandb: train/total_loss â–ˆâ–…â–„â–ƒâ–ƒâ–‚â–‚â–‚â–‚â–‚â–‚â–â–â–â–â–â–â–â–â–â–â–â–â–â–â–â–â–â–â–â–â–â–â–â–â–â–â–â–â–
wandb: train/unsup_loss â–ˆâ–…â–…â–…â–„â–„â–ƒâ–ƒâ–ƒâ–‚â–‚â–‚â–‚â–‚â–‚â–‚â–‚â–â–‚â–â–â–‚â–â–â–â–â–â–â–â–â–â–â–â–â–â–â–â–â–â–
wandb: train/util_ratio â–…â–ƒâ–…â–†â–ƒâ–ƒâ–†â–‚â–ƒâ–‚â–ƒâ–…â–ƒâ–„â–…â–„â–†â–ƒâ–†â–…â–…â–‡â–…â–â–…â–ƒâ–„â–ƒâ–†â–†â–„â–„â–„â–ƒâ–ƒâ–ƒâ–†â–‚â–ˆâ–ƒ
wandb: 
wandb: Run summary:
wandb:          eval/F1 0.84728
wandb:    eval/best-acc 0.93
wandb:   eval/precision 0.89865
wandb:      eval/recall 0.81963
wandb:   eval/top-1-acc 0.91
wandb:               lr 0.0042
wandb:          test/F1 0.60693
wandb:   test/precision 0.63938
wandb:      test/recall 0.59436
wandb:   test/top-1-acc 0.59836
wandb:   train/run_time 0.95761
wandb:   train/sup_loss 0.05945
wandb: train/total_loss 0.08654
wandb: train/unsup_loss 0.02709
wandb: train/util_ratio 0.625
wandb: 
wandb: ðŸš€ View run selfkd_v8_exp2 at: https://wandb.ai/satwikdpshrit/radformer/runs/sax7xdet
wandb: ï¸âš¡ View job at https://wandb.ai/satwikdpshrit/radformer/jobs/QXJ0aWZhY3RDb2xsZWN0aW9uOjE0Mzc3ODU5NQ==/version_details/v0
wandb: Synced 6 W&B file(s), 0 media file(s), 0 artifact file(s) and 0 other file(s)
wandb: Find logs at: saved_models/radformer/wandb/selfkd_v8_exp2/wandb/run-20240229_162104-sax7xdet/logs
[2024-02-29 18:14:56,876 INFO] Model result - eval/best_f1 : 0.9089635854341737
[2024-02-29 18:14:56,876 INFO] Model result - eval/best_it : 4760
[2024-02-29 18:14:56,876 INFO] Model result - test/best_acc : 0.5901639344262295
[2024-02-29 18:15:02,814 INFO] Best model on target dataset (without EMA): acc = 0.6148, agreement = 0.6311, spec = 0.71, sens = 0.69
[2024-02-29 18:15:09,065 INFO] Best model on target dataset (with EMA): acc = 0.5902, agreement = 0.6148, spec = 0.74, sens = 0.62
[2024-02-29 18:15:09,066 WARNING] GPU 0 training is FINISHED
