[2024-03-01 00:17:16,513 INFO] Use GPU: None for training
[2024-03-01 00:17:16,513 INFO] 

[2024-03-01 00:17:17,713 INFO] Total params: 109.04M
[2024-03-01 00:17:26,504 INFO] acc: 0.90
[2024-03-01 00:17:26,516 INFO] Victim model accuracy = 0.9016, spec = 0.90, sens = 0.93
[2024-03-01 00:17:26,516 INFO] Loading thief dataset ...
[2024-03-01 00:17:26,518 INFO] 
Initializing thief model ...


Loaded supervised labeled set of length  900
Labeled set expanded to length  900 , unique indices  900
dataset root /home/deepankar/mnt/vision3_data_ckpts_msa_medical/GBUSV-Shared
Num of videos 64 frames 15800
15800
15800
Num of videos 64 frames 15800
  0%|          | 0/8 [00:00<?, ?it/s] 12%|â–ˆâ–Ž        | 1/8 [00:06<00:46,  6.64s/it] 25%|â–ˆâ–ˆâ–Œ       | 2/8 [00:08<00:23,  3.99s/it] 38%|â–ˆâ–ˆâ–ˆâ–Š      | 3/8 [00:10<00:15,  3.16s/it] 50%|â–ˆâ–ˆâ–ˆâ–ˆâ–ˆ     | 4/8 [00:13<00:10,  2.73s/it] 62%|â–ˆâ–ˆâ–ˆâ–ˆâ–ˆâ–ˆâ–Ž   | 5/8 [00:15<00:07,  2.53s/it] 75%|â–ˆâ–ˆâ–ˆâ–ˆâ–ˆâ–ˆâ–ˆâ–Œ  | 6/8 [00:17<00:04,  2.43s/it] 88%|â–ˆâ–ˆâ–ˆâ–ˆâ–ˆâ–ˆâ–ˆâ–ˆâ–Š | 7/8 [00:19<00:02,  2.28s/it]100%|â–ˆâ–ˆâ–ˆâ–ˆâ–ˆâ–ˆâ–ˆâ–ˆâ–ˆâ–ˆ| 8/8 [00:20<00:00,  2.02s/it]100%|â–ˆâ–ˆâ–ˆâ–ˆâ–ˆâ–ˆâ–ˆâ–ˆâ–ˆâ–ˆ| 8/8 [00:20<00:00,  2.62s/it]
Num of videos 64 frames 15800
  0%|          | 0/1 [00:00<?, ?it/s]100%|â–ˆâ–ˆâ–ˆâ–ˆâ–ˆâ–ˆâ–ˆâ–ˆâ–ˆâ–ˆ| 1/1 [00:05<00:00,  5.85s/it]100%|â–ˆâ–ˆâ–ˆâ–ˆâ–ˆâ–ˆâ–ˆâ–ˆâ–ˆâ–ˆ| 1/1 [00:05<00:00,  5.94s/it]
[2024-03-01 00:17:53,490 INFO] unlabeled data number: 15800, labeled data number 900
[2024-03-01 00:17:53,491 INFO] Create train and test data loaders
[2024-03-01 00:17:53,491 INFO] [!] data loader keys: dict_keys(['train_lb', 'train_ulb', 'eval', 'test'])
[2024-03-01 00:17:54,370 INFO] Create optimizer and scheduler
[2024-03-01 00:17:54,377 INFO] Number of Trainable Params: 23514179
Num of videos 64 frames 15800
Load pretrained model for initializing the thief from  /home/deepankar/mnt/vision3_data_ckpts_msa_medical/ckpts/resnet50-imagenet1k.pth
key not found fc.weight
key not found fc.bias
Common keys pretrained model:  318
Load anchor model /home/deepankar/scratch/MSA_Medical/results_1k/gbusg_radformer/GBUSV_resnet50/SGD/1000_val100/random_v1_0.005_transforms/trial_5_cycle_1_best.pth
thief state:  ['conv1.weight', 'bn1.weight', 'bn1.bias', 'bn1.running_mean', 'bn1.running_var']
pretrained state:  ['conv1.weight', 'bn1.weight', 'bn1.bias', 'bn1.running_mean', 'bn1.running_var']
Common keys anchor model:  320
[2024-03-01 00:18:02,193 INFO] Anchor model on target dataset: acc = 0.6475, spec = 0.79, sens = 0.57
[2024-03-01 00:18:02,513 INFO] Arguments: Namespace(T=0.5, algorithm='selfkd', amp=False, batch_size=16, c='configs/gbc/selfkd.yaml', clip=0.0, clip_grad=0, crop_ratio=0.875, data_dir='./data', dataset='GBUSV', device=device(type='cuda'), dist_backend='nccl', dist_url='tcp://127.0.0.1:29944', distributed=False, ds_seed=123, ema_m=0.999, epoch=100, eval_batch_size=16, eval_step=234, expand_labels=True, gpu=None, hard_label=True, imb_algorithm=None, img_size=224, include_lb_to_ulb=True, kd_alpha=0.4, kd_alpha_ulb=0.5, kd_temp=1.5, kd_temp_ulb=1.5, la=False, labeled_set_path='/home/deepankar/scratch/MSA_Medical/results_1k/gbusg_radformer/GBUSV_resnet50/SGD/1000_val100/random_v1_0.005_transforms/X_trial_5_cycle_1_labeled_set.npy', layer_decay=0.5, lb_dest_len=900, lb_imb_ratio=1, load_labeled_set=True, load_path=None, local_rank=-1, lr=0.02, max_length=512, max_length_seconds=4.0, momentum=0.9, multiprocessing_distributed=False, net='resnet50', net_from_name=False, no_progress=True, num_classes=3, num_eval_iter=234, num_labels=5000, num_log_iter=234, num_train_iter=900000, num_warmup_iter=5120, num_workers=4, optim='SGD', overwrite=True, p_cutoff=0.95, pretrain_path='', pretrained_dir='/home/deepankar/mnt/vision3_data_ckpts_msa_medical/ckpts/resnet50-imagenet1k.pth', rank=0, resume=False, sample_rate=16000, save_dir='saved_models/radformer', save_name='selfkd_v8_exp2_5', scheduler_type='cosine', seed=5, subset=128116, thief_root='/home/deepankar/mnt/vision3_data_ckpts_msa_medical/GBUSV-Shared', train_sampler='RandomSampler', tro=1, ulb_dest_len=15800, ulb_imb_ratio=1, ulb_loss_ratio=1.0, ulb_num_labels=None, uratio=7, use_aim=False, use_cat=True, use_pretrain=True, use_tensorboard=True, use_wandb=True, val_set_path='/home/deepankar/scratch/MSA_Medical/results_1k/gbusg_radformer/GBUSV_resnet50/SGD/1000_val100/random_v1_0.005_transforms/X_trial_5_cycle_1_val_set.npy', victim_arch='radformer', victim_data_root='/home/deepankar/mnt/vision3_data_ckpts_msa_medical/GBCU-Shared', victim_dataset='gbusg', victim_model_path='/home/deepankar/mnt/vision3_data_ckpts_msa_medical/victim_models/radformer/radformer.pkl', warmstart=False, warmstart_dir='/home/deepankar/scratch/MSA_Medical/results_1k/gbusg_radformer/GBUSV_resnet50/SGD/1000_val100/random_v1_0.005_transforms/trial_5_cycle_1_best.pth', warmup=0, warmup_epoch=10, weight_decay=0.0005, world_size=1)
[2024-03-01 00:18:02,513 INFO] Validation set distribution: 
anchor model temp =  1.0
Number of samples  100
[2024-03-01 00:18:03,427 INFO] {0: 11, 1: 20, 2: 69}
[2024-03-01 00:18:03,428 INFO] Labeled set distribution: 
Number of samples  900
[2024-03-01 00:18:06,175 INFO] {0: 101, 1: 217, 2: 578}
[2024-03-01 00:18:12,021 INFO] Initial model on target dataset (without EMA): acc = 0.3934, agreement = 0.3770, spec = 0.42, sens = 0.55
[2024-03-01 00:18:12,022 INFO] Resume load path None does not exist
[2024-03-01 00:18:12,022 INFO] 
Model training
wandb: Currently logged in as: satwikdpshrit. Use `wandb login --relogin` to force relogin
wandb: - Waiting for wandb.init()...wandb: \ Waiting for wandb.init()...wandb: Tracking run with wandb version 0.16.3
wandb: Run data is saved locally in saved_models/radformer/wandb/selfkd_v8_exp2_5/wandb/run-20240301_001814-v73nn661
wandb: Run `wandb offline` to turn off syncing.
wandb: Syncing run selfkd_v8_exp2_5
wandb: â­ï¸ View project at https://wandb.ai/satwikdpshrit/radformer
wandb: ðŸš€ View run at https://wandb.ai/satwikdpshrit/radformer/runs/v73nn661
[2024-03-01 00:18:18,591 INFO] 

epoch 0
[2024-03-01 00:19:21,191 INFO] validating...
[2024-03-01 00:19:24,855 INFO] model saved: saved_models/radformer/selfkd_v8_exp2_5/latest_model.pth
[2024-03-01 00:19:25,407 INFO] model saved: saved_models/radformer/selfkd_v8_exp2_5/model_best.pth
[2024-03-01 00:19:25,408 INFO] 57 iteration, USE_EMA: True, train/sup_loss: 1.54576, train/unsup_loss: 0.91920, train/total_loss: 2.46496, train/util_ratio: 0.78571, train/run_time: 0.94381, lr: 0.00000, train/prefecth_time: 0.03357, eval/loss: 1.12398, eval/top-1-acc: 0.23000, eval/balanced_acc: 0.24491, eval/precision: 0.26858, eval/recall: 0.24491, eval/F1: 0.20929, eval/spec: 0.64516, eval/sens: 0.20290, test/loss: 1.09562, test/top-1-acc: 0.36066, test/balanced_acc: 0.33670, test/precision: 0.34244, test/recall: 0.33670, test/F1: 0.30303, test/spec: 0.40000, test/sens: 0.61905 BEST_EVAL_ACC: 0.2300, at 57 iters BEST_TEST_ACC: 0.3607, at 57 iters
[2024-03-01 00:19:25,412 INFO] 

epoch 1
[2024-03-01 00:20:25,197 INFO] validating...
[2024-03-01 00:20:29,047 INFO] model saved: saved_models/radformer/selfkd_v8_exp2_5/latest_model.pth
[2024-03-01 00:20:29,807 INFO] model saved: saved_models/radformer/selfkd_v8_exp2_5/model_best.pth
[2024-03-01 00:20:29,809 INFO] 113 iteration, USE_EMA: True, train/sup_loss: 0.96975, train/unsup_loss: 0.67689, train/total_loss: 1.64665, train/util_ratio: 0.81250, train/run_time: 0.95324, lr: 0.00200, train/prefecth_time: 0.03393, eval/loss: 1.05620, eval/top-1-acc: 0.60000, eval/balanced_acc: 0.44912, eval/precision: 0.44192, eval/recall: 0.44912, eval/F1: 0.44498, eval/spec: 0.48387, eval/sens: 0.72464, test/loss: 1.09117, test/top-1-acc: 0.40164, test/balanced_acc: 0.37697, test/precision: 0.62819, test/recall: 0.37697, test/F1: 0.30703, test/spec: 0.23750, test/sens: 0.83333 BEST_EVAL_ACC: 0.6000, at 113 iters BEST_TEST_ACC: 0.4016, at 113 iters
[2024-03-01 00:20:29,814 INFO] 

epoch 2
[2024-03-01 00:21:29,995 INFO] validating...
[2024-03-01 00:21:33,973 INFO] model saved: saved_models/radformer/selfkd_v8_exp2_5/latest_model.pth
[2024-03-01 00:21:34,700 INFO] model saved: saved_models/radformer/selfkd_v8_exp2_5/model_best.pth
[2024-03-01 00:21:34,701 INFO] 169 iteration, USE_EMA: True, train/sup_loss: 0.90643, train/unsup_loss: 0.63723, train/total_loss: 1.54367, train/util_ratio: 0.82143, train/run_time: 0.94234, lr: 0.00400, train/prefecth_time: 0.03658, eval/loss: 0.99609, eval/top-1-acc: 0.72000, eval/balanced_acc: 0.44431, eval/precision: 0.50794, eval/recall: 0.44431, eval/F1: 0.45267, eval/spec: 0.38710, eval/sens: 0.94203, test/loss: 1.08828, test/top-1-acc: 0.39344, test/balanced_acc: 0.36449, test/precision: 0.59654, test/recall: 0.36449, test/F1: 0.31069, test/spec: 0.37500, test/sens: 0.71429 BEST_EVAL_ACC: 0.7200, at 169 iters BEST_TEST_ACC: 0.3934, at 169 iters
[2024-03-01 00:21:34,704 INFO] 

epoch 3
[2024-03-01 00:22:34,045 INFO] validating...
[2024-03-01 00:22:37,964 INFO] model saved: saved_models/radformer/selfkd_v8_exp2_5/latest_model.pth
[2024-03-01 00:22:38,644 INFO] model saved: saved_models/radformer/selfkd_v8_exp2_5/model_best.pth
[2024-03-01 00:22:38,645 INFO] 225 iteration, USE_EMA: True, train/sup_loss: 0.85582, train/unsup_loss: 0.61810, train/total_loss: 1.47392, train/util_ratio: 0.81250, train/run_time: 0.95100, lr: 0.00600, train/prefecth_time: 0.03747, eval/loss: 0.94456, eval/top-1-acc: 0.75000, eval/balanced_acc: 0.54886, eval/precision: 0.65384, eval/recall: 0.54886, eval/F1: 0.57969, eval/spec: 0.45161, eval/sens: 0.94203, test/loss: 1.08393, test/top-1-acc: 0.40984, test/balanced_acc: 0.36563, test/precision: 0.43619, test/recall: 0.36563, test/F1: 0.32595, test/spec: 0.61250, test/sens: 0.45238 BEST_EVAL_ACC: 0.7500, at 225 iters BEST_TEST_ACC: 0.4098, at 225 iters
[2024-03-01 00:22:38,650 INFO] 

epoch 4
[2024-03-01 00:23:38,583 INFO] validating...
[2024-03-01 00:23:42,719 INFO] model saved: saved_models/radformer/selfkd_v8_exp2_5/latest_model.pth
[2024-03-01 00:23:42,720 INFO] 281 iteration, USE_EMA: True, train/sup_loss: 0.68508, train/unsup_loss: 0.59518, train/total_loss: 1.28026, train/util_ratio: 0.82143, train/run_time: 0.94211, lr: 0.00800, train/prefecth_time: 0.02598, eval/loss: 0.87805, eval/top-1-acc: 0.75000, eval/balanced_acc: 0.52339, eval/precision: 0.63757, eval/recall: 0.52339, eval/F1: 0.55067, eval/spec: 0.41935, eval/sens: 0.95652, test/loss: 1.07832, test/top-1-acc: 0.41803, test/balanced_acc: 0.37638, test/precision: 0.39165, test/recall: 0.37638, test/F1: 0.34804, test/spec: 0.66250, test/sens: 0.45238 BEST_EVAL_ACC: 0.7500, at 225 iters BEST_TEST_ACC: 0.4098, at 225 iters
[2024-03-01 00:23:42,723 INFO] 

epoch 5
[2024-03-01 00:24:42,581 INFO] validating...
[2024-03-01 00:24:46,546 INFO] model saved: saved_models/radformer/selfkd_v8_exp2_5/latest_model.pth
[2024-03-01 00:24:47,225 INFO] model saved: saved_models/radformer/selfkd_v8_exp2_5/model_best.pth
[2024-03-01 00:24:47,227 INFO] 337 iteration, USE_EMA: True, train/sup_loss: 0.51684, train/unsup_loss: 0.56921, train/total_loss: 1.08605, train/util_ratio: 0.81250, train/run_time: 0.94814, lr: 0.01000, train/prefecth_time: 0.02630, eval/loss: 0.82917, eval/top-1-acc: 0.78000, eval/balanced_acc: 0.56155, eval/precision: 0.74466, eval/recall: 0.56155, eval/F1: 0.60914, eval/spec: 0.45161, eval/sens: 0.97101, test/loss: 1.07178, test/top-1-acc: 0.41803, test/balanced_acc: 0.38150, test/precision: 0.36799, test/recall: 0.38150, test/F1: 0.33752, test/spec: 0.50000, test/sens: 0.64286 BEST_EVAL_ACC: 0.7800, at 337 iters BEST_TEST_ACC: 0.4180, at 337 iters
[2024-03-01 00:24:47,231 INFO] 

epoch 6
[2024-03-01 00:25:47,119 INFO] validating...
[2024-03-01 00:25:51,567 INFO] model saved: saved_models/radformer/selfkd_v8_exp2_5/latest_model.pth
[2024-03-01 00:25:52,273 INFO] model saved: saved_models/radformer/selfkd_v8_exp2_5/model_best.pth
[2024-03-01 00:25:52,274 INFO] 393 iteration, USE_EMA: True, train/sup_loss: 0.53607, train/unsup_loss: 0.55357, train/total_loss: 1.08964, train/util_ratio: 0.80357, train/run_time: 0.95317, lr: 0.01200, train/prefecth_time: 0.02448, eval/loss: 0.80026, eval/top-1-acc: 0.79000, eval/balanced_acc: 0.61552, eval/precision: 0.72917, eval/recall: 0.61552, eval/F1: 0.65377, eval/spec: 0.51613, eval/sens: 0.94203, test/loss: 1.06417, test/top-1-acc: 0.44262, test/balanced_acc: 0.40019, test/precision: 0.42925, test/recall: 0.40019, test/F1: 0.36887, test/spec: 0.65000, test/sens: 0.52381 BEST_EVAL_ACC: 0.7900, at 393 iters BEST_TEST_ACC: 0.4426, at 393 iters
[2024-03-01 00:25:52,278 INFO] 

epoch 7
[2024-03-01 00:26:52,325 INFO] validating...
[2024-03-01 00:26:56,765 INFO] model saved: saved_models/radformer/selfkd_v8_exp2_5/latest_model.pth
[2024-03-01 00:26:56,767 INFO] 449 iteration, USE_EMA: True, train/sup_loss: 0.41484, train/unsup_loss: 0.53476, train/total_loss: 0.94960, train/util_ratio: 0.83036, train/run_time: 0.95140, lr: 0.01400, train/prefecth_time: 0.03653, eval/loss: 0.74945, eval/top-1-acc: 0.77000, eval/balanced_acc: 0.56856, eval/precision: 0.73602, eval/recall: 0.56856, eval/F1: 0.61526, eval/spec: 0.45161, eval/sens: 0.94203, test/loss: 1.05741, test/top-1-acc: 0.45082, test/balanced_acc: 0.40418, test/precision: 0.38955, test/recall: 0.40418, test/F1: 0.36269, test/spec: 0.67500, test/sens: 0.54762 BEST_EVAL_ACC: 0.7900, at 393 iters BEST_TEST_ACC: 0.4426, at 393 iters
[2024-03-01 00:26:56,770 INFO] 

epoch 8
[2024-03-01 00:27:56,750 INFO] validating...
[2024-03-01 00:28:00,963 INFO] model saved: saved_models/radformer/selfkd_v8_exp2_5/latest_model.pth
[2024-03-01 00:28:01,682 INFO] model saved: saved_models/radformer/selfkd_v8_exp2_5/model_best.pth
[2024-03-01 00:28:01,684 INFO] 505 iteration, USE_EMA: True, train/sup_loss: 0.45343, train/unsup_loss: 0.51867, train/total_loss: 0.97211, train/util_ratio: 0.79464, train/run_time: 0.94431, lr: 0.01600, train/prefecth_time: 0.02384, eval/loss: 0.71292, eval/top-1-acc: 0.83000, eval/balanced_acc: 0.66032, eval/precision: 0.83486, eval/recall: 0.66032, eval/F1: 0.71599, eval/spec: 0.54839, eval/sens: 0.98551, test/loss: 1.05412, test/top-1-acc: 0.45902, test/balanced_acc: 0.41380, test/precision: 0.44612, test/recall: 0.41380, test/F1: 0.38244, test/spec: 0.72500, test/sens: 0.52381 BEST_EVAL_ACC: 0.8300, at 505 iters BEST_TEST_ACC: 0.4590, at 505 iters
[2024-03-01 00:28:01,687 INFO] 

epoch 9
[2024-03-01 00:29:01,989 INFO] validating...
[2024-03-01 00:29:05,954 INFO] model saved: saved_models/radformer/selfkd_v8_exp2_5/latest_model.pth
[2024-03-01 00:29:05,956 INFO] 561 iteration, USE_EMA: True, train/sup_loss: 0.37690, train/unsup_loss: 0.44225, train/total_loss: 0.81915, train/util_ratio: 0.78571, train/run_time: 0.95115, lr: 0.01800, train/prefecth_time: 0.03884, eval/loss: 0.67957, eval/top-1-acc: 0.82000, eval/balanced_acc: 0.64185, eval/precision: 0.86210, eval/recall: 0.64185, eval/F1: 0.70616, eval/spec: 0.51613, eval/sens: 0.97101, test/loss: 1.04716, test/top-1-acc: 0.46721, test/balanced_acc: 0.42627, test/precision: 0.44678, test/recall: 0.42627, test/F1: 0.39011, test/spec: 0.62500, test/sens: 0.64286 BEST_EVAL_ACC: 0.8300, at 505 iters BEST_TEST_ACC: 0.4590, at 505 iters
[2024-03-01 00:29:05,959 INFO] 

epoch 10
[2024-03-01 00:30:05,646 INFO] validating...
[2024-03-01 00:30:10,018 INFO] model saved: saved_models/radformer/selfkd_v8_exp2_5/latest_model.pth
[2024-03-01 00:30:10,020 INFO] 617 iteration, USE_EMA: True, train/sup_loss: 0.50814, train/unsup_loss: 0.48260, train/total_loss: 0.99074, train/util_ratio: 0.83036, train/run_time: 0.94941, lr: 0.02000, train/prefecth_time: 0.02791, eval/loss: 0.66512, eval/top-1-acc: 0.80000, eval/balanced_acc: 0.62036, eval/precision: 0.74386, eval/recall: 0.62036, eval/F1: 0.66231, eval/spec: 0.54839, eval/sens: 0.95652, test/loss: 1.04177, test/top-1-acc: 0.46721, test/balanced_acc: 0.41946, test/precision: 0.45319, test/recall: 0.41946, test/F1: 0.38705, test/spec: 0.75000, test/sens: 0.50000 BEST_EVAL_ACC: 0.8300, at 505 iters BEST_TEST_ACC: 0.4590, at 505 iters
[2024-03-01 00:30:10,024 INFO] 

epoch 11
[2024-03-01 00:31:09,926 INFO] validating...
[2024-03-01 00:31:14,307 INFO] model saved: saved_models/radformer/selfkd_v8_exp2_5/latest_model.pth
[2024-03-01 00:31:14,309 INFO] 673 iteration, USE_EMA: True, train/sup_loss: 0.18313, train/unsup_loss: 0.45307, train/total_loss: 0.63620, train/util_ratio: 0.84821, train/run_time: 0.94769, lr: 0.02000, train/prefecth_time: 0.02700, eval/loss: 0.63273, eval/top-1-acc: 0.82000, eval/balanced_acc: 0.65549, eval/precision: 0.83982, eval/recall: 0.65549, eval/F1: 0.71489, eval/spec: 0.54839, eval/sens: 0.97101, test/loss: 1.03786, test/top-1-acc: 0.45902, test/balanced_acc: 0.41266, test/precision: 0.44667, test/recall: 0.41266, test/F1: 0.38112, test/spec: 0.73750, test/sens: 0.50000 BEST_EVAL_ACC: 0.8300, at 505 iters BEST_TEST_ACC: 0.4590, at 505 iters
[2024-03-01 00:31:14,312 INFO] 

epoch 12
[2024-03-01 00:32:14,034 INFO] validating...
[2024-03-01 00:32:18,224 INFO] model saved: saved_models/radformer/selfkd_v8_exp2_5/latest_model.pth
[2024-03-01 00:32:18,228 INFO] 729 iteration, USE_EMA: True, train/sup_loss: 0.20414, train/unsup_loss: 0.38353, train/total_loss: 0.58767, train/util_ratio: 0.81250, train/run_time: 0.93949, lr: 0.01999, train/prefecth_time: 0.02954, eval/loss: 0.57786, eval/top-1-acc: 0.82000, eval/balanced_acc: 0.61638, eval/precision: 0.83539, eval/recall: 0.61638, eval/F1: 0.67048, eval/spec: 0.58065, eval/sens: 0.98551, test/loss: 1.03336, test/top-1-acc: 0.48361, test/balanced_acc: 0.43307, test/precision: 0.49805, test/recall: 0.43307, test/F1: 0.39843, test/spec: 0.77500, test/sens: 0.50000 BEST_EVAL_ACC: 0.8300, at 505 iters BEST_TEST_ACC: 0.4590, at 505 iters
[2024-03-01 00:32:18,233 INFO] 

epoch 13
[2024-03-01 00:33:17,796 INFO] validating...
[2024-03-01 00:33:22,171 INFO] model saved: saved_models/radformer/selfkd_v8_exp2_5/latest_model.pth
[2024-03-01 00:33:22,172 INFO] 785 iteration, USE_EMA: True, train/sup_loss: 0.32020, train/unsup_loss: 0.38298, train/total_loss: 0.70318, train/util_ratio: 0.82143, train/run_time: 0.94425, lr: 0.01998, train/prefecth_time: 0.02942, eval/loss: 0.57781, eval/top-1-acc: 0.80000, eval/balanced_acc: 0.58125, eval/precision: 0.80122, eval/recall: 0.58125, eval/F1: 0.62010, eval/spec: 0.61290, eval/sens: 0.97101, test/loss: 1.02917, test/top-1-acc: 0.46721, test/balanced_acc: 0.41606, test/precision: 0.48996, test/recall: 0.41606, test/F1: 0.38145, test/spec: 0.80000, test/sens: 0.42857 BEST_EVAL_ACC: 0.8300, at 505 iters BEST_TEST_ACC: 0.4590, at 505 iters
[2024-03-01 00:33:22,175 INFO] 

epoch 14
[2024-03-01 00:34:22,386 INFO] validating...
[2024-03-01 00:34:26,527 INFO] model saved: saved_models/radformer/selfkd_v8_exp2_5/latest_model.pth
[2024-03-01 00:34:26,529 INFO] 841 iteration, USE_EMA: True, train/sup_loss: 0.09772, train/unsup_loss: 0.36536, train/total_loss: 0.46308, train/util_ratio: 0.82143, train/run_time: 0.96504, lr: 0.01996, train/prefecth_time: 0.02786, eval/loss: 0.56591, eval/top-1-acc: 0.80000, eval/balanced_acc: 0.62036, eval/precision: 0.81922, eval/recall: 0.62036, eval/F1: 0.67814, eval/spec: 0.51613, eval/sens: 0.95652, test/loss: 1.02192, test/top-1-acc: 0.46721, test/balanced_acc: 0.41833, test/precision: 0.48291, test/recall: 0.41833, test/F1: 0.38442, test/spec: 0.75000, test/sens: 0.47619 BEST_EVAL_ACC: 0.8300, at 505 iters BEST_TEST_ACC: 0.4590, at 505 iters
[2024-03-01 00:34:26,532 INFO] 

epoch 15
[2024-03-01 00:35:26,301 INFO] validating...
[2024-03-01 00:35:30,451 INFO] model saved: saved_models/radformer/selfkd_v8_exp2_5/latest_model.pth
[2024-03-01 00:35:30,453 INFO] 897 iteration, USE_EMA: True, train/sup_loss: 0.12866, train/unsup_loss: 0.36485, train/total_loss: 0.49351, train/util_ratio: 0.85714, train/run_time: 0.96349, lr: 0.01994, train/prefecth_time: 0.02201, eval/loss: 0.56490, eval/top-1-acc: 0.81000, eval/balanced_acc: 0.63702, eval/precision: 0.82015, eval/recall: 0.63702, eval/F1: 0.69082, eval/spec: 0.58065, eval/sens: 0.95652, test/loss: 1.01596, test/top-1-acc: 0.47541, test/balanced_acc: 0.42513, test/precision: 0.49499, test/recall: 0.42513, test/F1: 0.39149, test/spec: 0.78750, test/sens: 0.47619 BEST_EVAL_ACC: 0.8300, at 505 iters BEST_TEST_ACC: 0.4590, at 505 iters
[2024-03-01 00:35:30,457 INFO] 

epoch 16
[2024-03-01 00:36:30,483 INFO] validating...
[2024-03-01 00:36:34,464 INFO] model saved: saved_models/radformer/selfkd_v8_exp2_5/latest_model.pth
[2024-03-01 00:36:34,465 INFO] 953 iteration, USE_EMA: True, train/sup_loss: 0.11668, train/unsup_loss: 0.30894, train/total_loss: 0.42562, train/util_ratio: 0.81250, train/run_time: 0.96544, lr: 0.01992, train/prefecth_time: 0.02470, eval/loss: 0.49169, eval/top-1-acc: 0.81000, eval/balanced_acc: 0.62519, eval/precision: 0.82334, eval/recall: 0.62519, eval/F1: 0.68258, eval/spec: 0.54839, eval/sens: 0.97101, test/loss: 1.01065, test/top-1-acc: 0.46721, test/balanced_acc: 0.41833, test/precision: 0.48529, test/recall: 0.41833, test/F1: 0.38500, test/spec: 0.76250, test/sens: 0.47619 BEST_EVAL_ACC: 0.8300, at 505 iters BEST_TEST_ACC: 0.4590, at 505 iters
[2024-03-01 00:36:34,469 INFO] 

epoch 17
[2024-03-01 00:37:34,477 INFO] validating...
[2024-03-01 00:37:38,347 INFO] model saved: saved_models/radformer/selfkd_v8_exp2_5/latest_model.pth
[2024-03-01 00:37:39,099 INFO] model saved: saved_models/radformer/selfkd_v8_exp2_5/model_best.pth
[2024-03-01 00:37:39,100 INFO] 1009 iteration, USE_EMA: True, train/sup_loss: 0.17797, train/unsup_loss: 0.29006, train/total_loss: 0.46803, train/util_ratio: 0.82143, train/run_time: 0.94650, lr: 0.01989, train/prefecth_time: 0.03538, eval/loss: 0.52388, eval/top-1-acc: 0.83000, eval/balanced_acc: 0.67216, eval/precision: 0.85060, eval/recall: 0.67216, eval/F1: 0.73115, eval/spec: 0.58065, eval/sens: 0.97101, test/loss: 1.01187, test/top-1-acc: 0.45902, test/balanced_acc: 0.41493, test/precision: 0.52748, test/recall: 0.41493, test/F1: 0.38181, test/spec: 0.68750, test/sens: 0.54762 BEST_EVAL_ACC: 0.8300, at 1009 iters BEST_TEST_ACC: 0.4590, at 1009 iters
[2024-03-01 00:37:39,102 INFO] 

epoch 18
[2024-03-01 00:38:39,457 INFO] validating...
[2024-03-01 00:38:43,131 INFO] model saved: saved_models/radformer/selfkd_v8_exp2_5/latest_model.pth
[2024-03-01 00:38:43,877 INFO] model saved: saved_models/radformer/selfkd_v8_exp2_5/model_best.pth
[2024-03-01 00:38:43,878 INFO] 1065 iteration, USE_EMA: True, train/sup_loss: 0.15584, train/unsup_loss: 0.28059, train/total_loss: 0.43643, train/util_ratio: 0.82143, train/run_time: 0.95303, lr: 0.01985, train/prefecth_time: 0.03692, eval/loss: 0.50236, eval/top-1-acc: 0.84000, eval/balanced_acc: 0.70246, eval/precision: 0.85413, eval/recall: 0.70246, eval/F1: 0.75714, eval/spec: 0.61290, eval/sens: 0.97101, test/loss: 1.01069, test/top-1-acc: 0.46721, test/balanced_acc: 0.42001, test/precision: 0.51777, test/recall: 0.42001, test/F1: 0.39461, test/spec: 0.78750, test/sens: 0.42857 BEST_EVAL_ACC: 0.8400, at 1065 iters BEST_TEST_ACC: 0.4672, at 1065 iters
[2024-03-01 00:38:43,881 INFO] 

epoch 19
[2024-03-01 00:39:43,697 INFO] validating...
[2024-03-01 00:39:47,578 INFO] model saved: saved_models/radformer/selfkd_v8_exp2_5/latest_model.pth
[2024-03-01 00:39:47,579 INFO] 1121 iteration, USE_EMA: True, train/sup_loss: 0.07681, train/unsup_loss: 0.24895, train/total_loss: 0.32576, train/util_ratio: 0.78571, train/run_time: 0.95638, lr: 0.01981, train/prefecth_time: 0.02336, eval/loss: 0.47280, eval/top-1-acc: 0.80000, eval/balanced_acc: 0.60852, eval/precision: 0.82463, eval/recall: 0.60852, eval/F1: 0.66886, eval/spec: 0.48387, eval/sens: 0.97101, test/loss: 1.01613, test/top-1-acc: 0.45082, test/balanced_acc: 0.40246, test/precision: 0.52415, test/recall: 0.40246, test/F1: 0.36870, test/spec: 0.75000, test/sens: 0.42857 BEST_EVAL_ACC: 0.8400, at 1065 iters BEST_TEST_ACC: 0.4672, at 1065 iters
[2024-03-01 00:39:47,583 INFO] 

epoch 20
[2024-03-01 00:40:47,850 INFO] validating...
[2024-03-01 00:40:51,795 INFO] model saved: saved_models/radformer/selfkd_v8_exp2_5/latest_model.pth
[2024-03-01 00:40:51,797 INFO] 1177 iteration, USE_EMA: True, train/sup_loss: 0.10312, train/unsup_loss: 0.28088, train/total_loss: 0.38400, train/util_ratio: 0.83036, train/run_time: 0.94849, lr: 0.01977, train/prefecth_time: 0.02742, eval/loss: 0.45511, eval/top-1-acc: 0.82000, eval/balanced_acc: 0.64185, eval/precision: 0.83472, eval/recall: 0.64185, eval/F1: 0.69859, eval/spec: 0.58065, eval/sens: 0.97101, test/loss: 1.01006, test/top-1-acc: 0.46721, test/balanced_acc: 0.41888, test/precision: 0.51526, test/recall: 0.41888, test/F1: 0.39155, test/spec: 0.78750, test/sens: 0.40476 BEST_EVAL_ACC: 0.8400, at 1065 iters BEST_TEST_ACC: 0.4672, at 1065 iters
[2024-03-01 00:40:51,801 INFO] 

epoch 21
[2024-03-01 00:41:52,154 INFO] validating...
[2024-03-01 00:41:55,914 INFO] model saved: saved_models/radformer/selfkd_v8_exp2_5/latest_model.pth
[2024-03-01 00:41:55,917 INFO] 1233 iteration, USE_EMA: True, train/sup_loss: 0.08292, train/unsup_loss: 0.23799, train/total_loss: 0.32091, train/util_ratio: 0.82143, train/run_time: 0.95271, lr: 0.01972, train/prefecth_time: 0.02517, eval/loss: 0.47458, eval/top-1-acc: 0.81000, eval/balanced_acc: 0.62519, eval/precision: 0.82334, eval/recall: 0.62519, eval/F1: 0.68258, eval/spec: 0.54839, eval/sens: 0.97101, test/loss: 1.00434, test/top-1-acc: 0.50000, test/balanced_acc: 0.46248, test/precision: 0.60763, test/recall: 0.46248, test/F1: 0.45772, test/spec: 0.73750, test/sens: 0.50000 BEST_EVAL_ACC: 0.8400, at 1065 iters BEST_TEST_ACC: 0.4672, at 1065 iters
[2024-03-01 00:41:55,921 INFO] 

epoch 22
[2024-03-01 00:42:55,537 INFO] validating...
[2024-03-01 00:42:59,424 INFO] model saved: saved_models/radformer/selfkd_v8_exp2_5/latest_model.pth
[2024-03-01 00:42:59,426 INFO] 1289 iteration, USE_EMA: True, train/sup_loss: 0.05201, train/unsup_loss: 0.29276, train/total_loss: 0.34477, train/util_ratio: 0.87500, train/run_time: 0.95459, lr: 0.01967, train/prefecth_time: 0.03847, eval/loss: 0.42470, eval/top-1-acc: 0.82000, eval/balanced_acc: 0.65369, eval/precision: 0.83107, eval/recall: 0.65369, eval/F1: 0.70585, eval/spec: 0.61290, eval/sens: 0.95652, test/loss: 1.01126, test/top-1-acc: 0.49180, test/balanced_acc: 0.45114, test/precision: 0.57398, test/recall: 0.45114, test/F1: 0.44342, test/spec: 0.80000, test/sens: 0.40476 BEST_EVAL_ACC: 0.8400, at 1065 iters BEST_TEST_ACC: 0.4672, at 1065 iters
[2024-03-01 00:42:59,429 INFO] 

epoch 23
[2024-03-01 00:43:59,829 INFO] validating...
[2024-03-01 00:44:03,780 INFO] model saved: saved_models/radformer/selfkd_v8_exp2_5/latest_model.pth
[2024-03-01 00:44:03,783 INFO] 1345 iteration, USE_EMA: True, train/sup_loss: 0.06712, train/unsup_loss: 0.20037, train/total_loss: 0.26750, train/util_ratio: 0.77679, train/run_time: 0.94655, lr: 0.01961, train/prefecth_time: 0.02796, eval/loss: 0.43022, eval/top-1-acc: 0.81000, eval/balanced_acc: 0.65066, eval/precision: 0.79148, eval/recall: 0.65066, eval/F1: 0.69934, eval/spec: 0.54839, eval/sens: 0.95652, test/loss: 0.99551, test/top-1-acc: 0.50820, test/balanced_acc: 0.48168, test/precision: 0.59519, test/recall: 0.48168, test/F1: 0.49273, test/spec: 0.76250, test/sens: 0.42857 BEST_EVAL_ACC: 0.8400, at 1065 iters BEST_TEST_ACC: 0.4672, at 1065 iters
[2024-03-01 00:44:03,786 INFO] 

epoch 24
[2024-03-01 00:45:04,028 INFO] validating...
[2024-03-01 00:45:07,901 INFO] model saved: saved_models/radformer/selfkd_v8_exp2_5/latest_model.pth
[2024-03-01 00:45:08,689 INFO] model saved: saved_models/radformer/selfkd_v8_exp2_5/model_best.pth
[2024-03-01 00:45:08,690 INFO] 1401 iteration, USE_EMA: True, train/sup_loss: 0.05401, train/unsup_loss: 0.17650, train/total_loss: 0.23051, train/util_ratio: 0.79464, train/run_time: 0.94476, lr: 0.01954, train/prefecth_time: 0.03371, eval/loss: 0.42056, eval/top-1-acc: 0.86000, eval/balanced_acc: 0.72216, eval/precision: 0.86793, eval/recall: 0.72216, eval/F1: 0.77141, eval/spec: 0.70968, eval/sens: 0.97101, test/loss: 0.99532, test/top-1-acc: 0.51639, test/balanced_acc: 0.48848, test/precision: 0.60476, test/recall: 0.48848, test/F1: 0.49905, test/spec: 0.78750, test/sens: 0.42857 BEST_EVAL_ACC: 0.8600, at 1401 iters BEST_TEST_ACC: 0.5164, at 1401 iters
[2024-03-01 00:45:08,693 INFO] 

epoch 25
[2024-03-01 00:46:08,174 INFO] validating...
[2024-03-01 00:46:11,806 INFO] model saved: saved_models/radformer/selfkd_v8_exp2_5/latest_model.pth
[2024-03-01 00:46:12,576 INFO] model saved: saved_models/radformer/selfkd_v8_exp2_5/model_best.pth
[2024-03-01 00:46:12,577 INFO] 1457 iteration, USE_EMA: True, train/sup_loss: 0.03425, train/unsup_loss: 0.18930, train/total_loss: 0.22355, train/util_ratio: 0.81250, train/run_time: 0.94249, lr: 0.01948, train/prefecth_time: 0.02445, eval/loss: 0.39027, eval/top-1-acc: 0.86000, eval/balanced_acc: 0.74943, eval/precision: 0.88156, eval/recall: 0.74943, eval/F1: 0.80024, eval/spec: 0.64516, eval/sens: 0.97101, test/loss: 0.99403, test/top-1-acc: 0.51639, test/balanced_acc: 0.48848, test/precision: 0.60476, test/recall: 0.48848, test/F1: 0.49905, test/spec: 0.78750, test/sens: 0.42857 BEST_EVAL_ACC: 0.8600, at 1457 iters BEST_TEST_ACC: 0.5164, at 1457 iters
[2024-03-01 00:46:12,581 INFO] 

epoch 26
[2024-03-01 00:47:12,022 INFO] validating...
[2024-03-01 00:47:15,805 INFO] model saved: saved_models/radformer/selfkd_v8_exp2_5/latest_model.pth
[2024-03-01 00:47:15,806 INFO] 1513 iteration, USE_EMA: True, train/sup_loss: 0.11835, train/unsup_loss: 0.17912, train/total_loss: 0.29746, train/util_ratio: 0.82143, train/run_time: 0.94470, lr: 0.01941, train/prefecth_time: 0.02612, eval/loss: 0.40634, eval/top-1-acc: 0.84000, eval/balanced_acc: 0.72793, eval/precision: 0.83476, eval/recall: 0.72793, eval/F1: 0.76801, eval/spec: 0.61290, eval/sens: 0.95652, test/loss: 1.00158, test/top-1-acc: 0.51639, test/balanced_acc: 0.48848, test/precision: 0.60476, test/recall: 0.48848, test/F1: 0.49905, test/spec: 0.78750, test/sens: 0.42857 BEST_EVAL_ACC: 0.8600, at 1457 iters BEST_TEST_ACC: 0.5164, at 1457 iters
[2024-03-01 00:47:15,810 INFO] 

epoch 27
[2024-03-01 00:48:15,479 INFO] validating...
[2024-03-01 00:48:19,069 INFO] model saved: saved_models/radformer/selfkd_v8_exp2_5/latest_model.pth
[2024-03-01 00:48:19,820 INFO] model saved: saved_models/radformer/selfkd_v8_exp2_5/model_best.pth
[2024-03-01 00:48:19,822 INFO] 1569 iteration, USE_EMA: True, train/sup_loss: 0.05204, train/unsup_loss: 0.18420, train/total_loss: 0.23624, train/util_ratio: 0.82143, train/run_time: 0.94823, lr: 0.01933, train/prefecth_time: 0.02403, eval/loss: 0.39342, eval/top-1-acc: 0.87000, eval/balanced_acc: 0.77793, eval/precision: 0.88157, eval/recall: 0.77793, eval/F1: 0.82049, eval/spec: 0.70968, eval/sens: 0.95652, test/loss: 1.00614, test/top-1-acc: 0.52459, test/balanced_acc: 0.49415, test/precision: 0.61298, test/recall: 0.49415, test/F1: 0.50242, test/spec: 0.81250, test/sens: 0.40476 BEST_EVAL_ACC: 0.8700, at 1569 iters BEST_TEST_ACC: 0.5246, at 1569 iters
[2024-03-01 00:48:19,826 INFO] 

epoch 28
[2024-03-01 00:49:19,696 INFO] validating...
[2024-03-01 00:49:23,513 INFO] model saved: saved_models/radformer/selfkd_v8_exp2_5/latest_model.pth
[2024-03-01 00:49:23,516 INFO] 1625 iteration, USE_EMA: True, train/sup_loss: 0.08698, train/unsup_loss: 0.16850, train/total_loss: 0.25549, train/util_ratio: 0.80357, train/run_time: 0.94575, lr: 0.01925, train/prefecth_time: 0.02827, eval/loss: 0.39040, eval/top-1-acc: 0.83000, eval/balanced_acc: 0.69763, eval/precision: 0.81181, eval/recall: 0.69763, eval/F1: 0.74101, eval/spec: 0.61290, eval/sens: 0.95652, test/loss: 1.01918, test/top-1-acc: 0.50000, test/balanced_acc: 0.46807, test/precision: 0.59561, test/recall: 0.46807, test/F1: 0.46884, test/spec: 0.85000, test/sens: 0.28571 BEST_EVAL_ACC: 0.8700, at 1569 iters BEST_TEST_ACC: 0.5246, at 1569 iters
[2024-03-01 00:49:23,520 INFO] 

epoch 29
[2024-03-01 00:50:23,201 INFO] validating...
[2024-03-01 00:50:26,886 INFO] model saved: saved_models/radformer/selfkd_v8_exp2_5/latest_model.pth
[2024-03-01 00:50:26,888 INFO] 1681 iteration, USE_EMA: True, train/sup_loss: 0.04629, train/unsup_loss: 0.14375, train/total_loss: 0.19004, train/util_ratio: 0.78571, train/run_time: 0.94368, lr: 0.01916, train/prefecth_time: 0.03042, eval/loss: 0.41493, eval/top-1-acc: 0.85000, eval/balanced_acc: 0.73096, eval/precision: 0.85810, eval/recall: 0.73096, eval/F1: 0.77892, eval/spec: 0.67742, eval/sens: 0.95652, test/loss: 1.01389, test/top-1-acc: 0.54098, test/balanced_acc: 0.51565, test/precision: 0.62508, test/recall: 0.51565, test/F1: 0.52826, test/spec: 0.81250, test/sens: 0.40476 BEST_EVAL_ACC: 0.8700, at 1569 iters BEST_TEST_ACC: 0.5246, at 1569 iters
[2024-03-01 00:50:26,891 INFO] 

epoch 30
[2024-03-01 00:51:26,813 INFO] validating...
[2024-03-01 00:51:30,823 INFO] model saved: saved_models/radformer/selfkd_v8_exp2_5/latest_model.pth
[2024-03-01 00:51:30,825 INFO] 1737 iteration, USE_EMA: True, train/sup_loss: 0.06467, train/unsup_loss: 0.16477, train/total_loss: 0.22945, train/util_ratio: 0.83036, train/run_time: 0.94170, lr: 0.01907, train/prefecth_time: 0.03240, eval/loss: 0.38897, eval/top-1-acc: 0.86000, eval/balanced_acc: 0.76126, eval/precision: 0.85244, eval/recall: 0.76126, eval/F1: 0.79869, eval/spec: 0.67742, eval/sens: 0.95652, test/loss: 1.01052, test/top-1-acc: 0.52459, test/balanced_acc: 0.49978, test/precision: 0.61050, test/recall: 0.49978, test/F1: 0.51089, test/spec: 0.81250, test/sens: 0.35714 BEST_EVAL_ACC: 0.8700, at 1569 iters BEST_TEST_ACC: 0.5246, at 1569 iters
[2024-03-01 00:51:30,828 INFO] 

epoch 31
[2024-03-01 00:52:30,396 INFO] validating...
[2024-03-01 00:52:34,221 INFO] model saved: saved_models/radformer/selfkd_v8_exp2_5/latest_model.pth
[2024-03-01 00:52:34,223 INFO] 1793 iteration, USE_EMA: True, train/sup_loss: 0.05006, train/unsup_loss: 0.14557, train/total_loss: 0.19563, train/util_ratio: 0.80357, train/run_time: 0.94457, lr: 0.01898, train/prefecth_time: 0.03188, eval/loss: 0.35651, eval/top-1-acc: 0.88000, eval/balanced_acc: 0.76913, eval/precision: 0.89037, eval/recall: 0.76913, eval/F1: 0.81506, eval/spec: 0.74194, eval/sens: 0.97101, test/loss: 1.02516, test/top-1-acc: 0.50820, test/balanced_acc: 0.48277, test/precision: 0.59832, test/recall: 0.48277, test/F1: 0.48910, test/spec: 0.83750, test/sens: 0.28571 BEST_EVAL_ACC: 0.8700, at 1569 iters BEST_TEST_ACC: 0.5246, at 1569 iters
[2024-03-01 00:52:34,226 INFO] 

epoch 32
[2024-03-01 00:53:33,706 INFO] validating...
[2024-03-01 00:53:37,316 INFO] model saved: saved_models/radformer/selfkd_v8_exp2_5/latest_model.pth
[2024-03-01 00:53:37,317 INFO] 1849 iteration, USE_EMA: True, train/sup_loss: 0.04069, train/unsup_loss: 0.14184, train/total_loss: 0.18252, train/util_ratio: 0.79464, train/run_time: 0.95222, lr: 0.01888, train/prefecth_time: 0.02493, eval/loss: 0.36036, eval/top-1-acc: 0.88000, eval/balanced_acc: 0.78096, eval/precision: 0.88470, eval/recall: 0.78096, eval/F1: 0.81912, eval/spec: 0.77419, eval/sens: 0.95652, test/loss: 1.03049, test/top-1-acc: 0.53279, test/balanced_acc: 0.50940, test/precision: 0.62006, test/recall: 0.50940, test/F1: 0.52005, test/spec: 0.83750, test/sens: 0.33333 BEST_EVAL_ACC: 0.8700, at 1569 iters BEST_TEST_ACC: 0.5246, at 1569 iters
[2024-03-01 00:53:37,321 INFO] 

epoch 33
[2024-03-01 00:54:36,872 INFO] validating...
[2024-03-01 00:54:40,527 INFO] model saved: saved_models/radformer/selfkd_v8_exp2_5/latest_model.pth
[2024-03-01 00:54:40,528 INFO] 1905 iteration, USE_EMA: True, train/sup_loss: 0.05169, train/unsup_loss: 0.15519, train/total_loss: 0.20688, train/util_ratio: 0.82143, train/run_time: 0.96395, lr: 0.01878, train/prefecth_time: 0.02480, eval/loss: 0.32736, eval/top-1-acc: 0.88000, eval/balanced_acc: 0.79460, eval/precision: 0.84255, eval/recall: 0.79460, eval/F1: 0.81608, eval/spec: 0.77419, eval/sens: 0.95652, test/loss: 1.03448, test/top-1-acc: 0.52459, test/balanced_acc: 0.50428, test/precision: 0.62558, test/recall: 0.50428, test/F1: 0.51569, test/spec: 0.83750, test/sens: 0.28571 BEST_EVAL_ACC: 0.8700, at 1569 iters BEST_TEST_ACC: 0.5246, at 1569 iters
[2024-03-01 00:54:40,532 INFO] 

epoch 34
[2024-03-01 00:55:40,369 INFO] validating...
[2024-03-01 00:55:44,001 INFO] model saved: saved_models/radformer/selfkd_v8_exp2_5/latest_model.pth
[2024-03-01 00:55:44,732 INFO] model saved: saved_models/radformer/selfkd_v8_exp2_5/model_best.pth
[2024-03-01 00:55:44,733 INFO] 1961 iteration, USE_EMA: True, train/sup_loss: 0.04913, train/unsup_loss: 0.11677, train/total_loss: 0.16590, train/util_ratio: 0.78571, train/run_time: 0.95095, lr: 0.01867, train/prefecth_time: 0.02395, eval/loss: 0.36583, eval/top-1-acc: 0.88000, eval/balanced_acc: 0.79640, eval/precision: 0.87957, eval/recall: 0.79640, eval/F1: 0.82905, eval/spec: 0.70968, eval/sens: 0.97101, test/loss: 1.02867, test/top-1-acc: 0.53279, test/balanced_acc: 0.50940, test/precision: 0.62006, test/recall: 0.50940, test/F1: 0.52005, test/spec: 0.83750, test/sens: 0.33333 BEST_EVAL_ACC: 0.8800, at 1961 iters BEST_TEST_ACC: 0.5328, at 1961 iters
[2024-03-01 00:55:44,736 INFO] 

epoch 35
[2024-03-01 00:56:44,637 INFO] validating...
[2024-03-01 00:56:48,294 INFO] model saved: saved_models/radformer/selfkd_v8_exp2_5/latest_model.pth
[2024-03-01 00:56:48,295 INFO] 2017 iteration, USE_EMA: True, train/sup_loss: 0.01831, train/unsup_loss: 0.13787, train/total_loss: 0.15618, train/util_ratio: 0.82143, train/run_time: 0.95312, lr: 0.01856, train/prefecth_time: 0.02554, eval/loss: 0.37599, eval/top-1-acc: 0.88000, eval/balanced_acc: 0.79460, eval/precision: 0.86810, eval/recall: 0.79460, eval/F1: 0.82661, eval/spec: 0.74194, eval/sens: 0.95652, test/loss: 1.05845, test/top-1-acc: 0.53279, test/balanced_acc: 0.50658, test/precision: 0.63844, test/recall: 0.50658, test/F1: 0.51905, test/spec: 0.82500, test/sens: 0.35714 BEST_EVAL_ACC: 0.8800, at 1961 iters BEST_TEST_ACC: 0.5328, at 1961 iters
[2024-03-01 00:56:48,298 INFO] 

epoch 36
[2024-03-01 00:57:48,261 INFO] validating...
[2024-03-01 00:57:52,153 INFO] model saved: saved_models/radformer/selfkd_v8_exp2_5/latest_model.pth
[2024-03-01 00:57:52,155 INFO] 2073 iteration, USE_EMA: True, train/sup_loss: 0.02969, train/unsup_loss: 0.12300, train/total_loss: 0.15270, train/util_ratio: 0.79464, train/run_time: 0.94447, lr: 0.01844, train/prefecth_time: 0.03259, eval/loss: 0.36343, eval/top-1-acc: 0.87000, eval/balanced_acc: 0.77793, eval/precision: 0.86046, eval/recall: 0.77793, eval/F1: 0.81296, eval/spec: 0.70968, eval/sens: 0.95652, test/loss: 1.05684, test/top-1-acc: 0.53279, test/balanced_acc: 0.50940, test/precision: 0.63452, test/recall: 0.50940, test/F1: 0.52231, test/spec: 0.82500, test/sens: 0.33333 BEST_EVAL_ACC: 0.8800, at 1961 iters BEST_TEST_ACC: 0.5328, at 1961 iters
[2024-03-01 00:57:52,160 INFO] 

epoch 37
[2024-03-01 00:58:51,674 INFO] validating...
[2024-03-01 00:58:55,522 INFO] model saved: saved_models/radformer/selfkd_v8_exp2_5/latest_model.pth
[2024-03-01 00:58:55,523 INFO] 2129 iteration, USE_EMA: True, train/sup_loss: 0.03312, train/unsup_loss: 0.15069, train/total_loss: 0.18381, train/util_ratio: 0.83929, train/run_time: 0.94686, lr: 0.01832, train/prefecth_time: 0.02629, eval/loss: 0.36267, eval/top-1-acc: 0.87000, eval/balanced_acc: 0.77793, eval/precision: 0.88157, eval/recall: 0.77793, eval/F1: 0.82049, eval/spec: 0.70968, eval/sens: 0.95652, test/loss: 1.05292, test/top-1-acc: 0.54918, test/balanced_acc: 0.52527, test/precision: 0.64969, test/recall: 0.52527, test/F1: 0.54022, test/spec: 0.82500, test/sens: 0.38095 BEST_EVAL_ACC: 0.8800, at 1961 iters BEST_TEST_ACC: 0.5328, at 1961 iters
[2024-03-01 00:58:55,527 INFO] 

epoch 38
[2024-03-01 00:59:55,430 INFO] validating...
[2024-03-01 00:59:59,251 INFO] model saved: saved_models/radformer/selfkd_v8_exp2_5/latest_model.pth
[2024-03-01 00:59:59,252 INFO] 2185 iteration, USE_EMA: True, train/sup_loss: 0.01666, train/unsup_loss: 0.11878, train/total_loss: 0.13545, train/util_ratio: 0.85714, train/run_time: 0.94566, lr: 0.01820, train/prefecth_time: 0.04203, eval/loss: 0.34530, eval/top-1-acc: 0.87000, eval/balanced_acc: 0.77793, eval/precision: 0.88157, eval/recall: 0.77793, eval/F1: 0.82049, eval/spec: 0.70968, eval/sens: 0.95652, test/loss: 1.05854, test/top-1-acc: 0.54098, test/balanced_acc: 0.51847, test/precision: 0.64174, test/recall: 0.51847, test/F1: 0.53448, test/spec: 0.81250, test/sens: 0.38095 BEST_EVAL_ACC: 0.8800, at 1961 iters BEST_TEST_ACC: 0.5328, at 1961 iters
[2024-03-01 00:59:59,256 INFO] 

epoch 39
[2024-03-01 01:00:58,961 INFO] validating...
[2024-03-01 01:01:02,927 INFO] model saved: saved_models/radformer/selfkd_v8_exp2_5/latest_model.pth
[2024-03-01 01:01:03,540 INFO] model saved: saved_models/radformer/selfkd_v8_exp2_5/model_best.pth
[2024-03-01 01:01:03,543 INFO] 2241 iteration, USE_EMA: True, train/sup_loss: 0.06619, train/unsup_loss: 0.12570, train/total_loss: 0.19189, train/util_ratio: 0.83929, train/run_time: 0.94476, lr: 0.01807, train/prefecth_time: 0.02887, eval/loss: 0.32672, eval/top-1-acc: 0.88000, eval/balanced_acc: 0.80643, eval/precision: 0.86038, eval/recall: 0.80643, eval/F1: 0.83041, eval/spec: 0.77419, eval/sens: 0.94203, test/loss: 1.06585, test/top-1-acc: 0.54918, test/balanced_acc: 0.52527, test/precision: 0.64969, test/recall: 0.52527, test/F1: 0.54022, test/spec: 0.82500, test/sens: 0.38095 BEST_EVAL_ACC: 0.8800, at 2241 iters BEST_TEST_ACC: 0.5492, at 2241 iters
[2024-03-01 01:01:03,547 INFO] 

epoch 40
[2024-03-01 01:02:03,685 INFO] validating...
[2024-03-01 01:02:07,603 INFO] model saved: saved_models/radformer/selfkd_v8_exp2_5/latest_model.pth
[2024-03-01 01:02:07,605 INFO] 2297 iteration, USE_EMA: True, train/sup_loss: 0.02929, train/unsup_loss: 0.09875, train/total_loss: 0.12804, train/util_ratio: 0.82143, train/run_time: 0.96074, lr: 0.01794, train/prefecth_time: 0.02609, eval/loss: 0.33509, eval/top-1-acc: 0.86000, eval/balanced_acc: 0.77310, eval/precision: 0.86687, eval/recall: 0.77310, eval/F1: 0.81180, eval/spec: 0.70968, eval/sens: 0.94203, test/loss: 1.06734, test/top-1-acc: 0.54918, test/balanced_acc: 0.52527, test/precision: 0.64969, test/recall: 0.52527, test/F1: 0.54022, test/spec: 0.82500, test/sens: 0.38095 BEST_EVAL_ACC: 0.8800, at 2241 iters BEST_TEST_ACC: 0.5492, at 2241 iters
[2024-03-01 01:02:07,608 INFO] 

epoch 41
[2024-03-01 01:03:07,227 INFO] validating...
[2024-03-01 01:03:11,171 INFO] model saved: saved_models/radformer/selfkd_v8_exp2_5/latest_model.pth
[2024-03-01 01:03:11,909 INFO] model saved: saved_models/radformer/selfkd_v8_exp2_5/model_best.pth
[2024-03-01 01:03:11,911 INFO] 2353 iteration, USE_EMA: True, train/sup_loss: 0.02906, train/unsup_loss: 0.12350, train/total_loss: 0.15256, train/util_ratio: 0.82143, train/run_time: 0.94729, lr: 0.01780, train/prefecth_time: 0.03254, eval/loss: 0.35696, eval/top-1-acc: 0.89000, eval/balanced_acc: 0.78759, eval/precision: 0.91659, eval/recall: 0.78759, eval/F1: 0.83882, eval/spec: 0.70968, eval/sens: 0.98551, test/loss: 1.08688, test/top-1-acc: 0.54918, test/balanced_acc: 0.52527, test/precision: 0.64969, test/recall: 0.52527, test/F1: 0.54022, test/spec: 0.82500, test/sens: 0.38095 BEST_EVAL_ACC: 0.8900, at 2353 iters BEST_TEST_ACC: 0.5492, at 2353 iters
[2024-03-01 01:03:11,914 INFO] 

epoch 42
[2024-03-01 01:04:11,830 INFO] validating...
[2024-03-01 01:04:15,647 INFO] model saved: saved_models/radformer/selfkd_v8_exp2_5/latest_model.pth
[2024-03-01 01:04:15,648 INFO] 2409 iteration, USE_EMA: True, train/sup_loss: 0.06913, train/unsup_loss: 0.10962, train/total_loss: 0.17874, train/util_ratio: 0.83929, train/run_time: 0.94979, lr: 0.01766, train/prefecth_time: 0.03295, eval/loss: 0.30719, eval/top-1-acc: 0.88000, eval/balanced_acc: 0.79460, eval/precision: 0.88989, eval/recall: 0.79460, eval/F1: 0.83401, eval/spec: 0.74194, eval/sens: 0.95652, test/loss: 1.08771, test/top-1-acc: 0.54918, test/balanced_acc: 0.52527, test/precision: 0.64969, test/recall: 0.52527, test/F1: 0.54022, test/spec: 0.82500, test/sens: 0.38095 BEST_EVAL_ACC: 0.8900, at 2353 iters BEST_TEST_ACC: 0.5492, at 2353 iters
[2024-03-01 01:04:15,652 INFO] 

epoch 43
[2024-03-01 01:05:15,437 INFO] validating...
[2024-03-01 01:05:19,122 INFO] model saved: saved_models/radformer/selfkd_v8_exp2_5/latest_model.pth
[2024-03-01 01:05:19,813 INFO] model saved: saved_models/radformer/selfkd_v8_exp2_5/model_best.pth
[2024-03-01 01:05:19,816 INFO] 2465 iteration, USE_EMA: True, train/sup_loss: 0.05467, train/unsup_loss: 0.10375, train/total_loss: 0.15841, train/util_ratio: 0.83929, train/run_time: 0.94815, lr: 0.01751, train/prefecth_time: 0.02460, eval/loss: 0.36180, eval/top-1-acc: 0.89000, eval/balanced_acc: 0.79943, eval/precision: 0.90562, eval/recall: 0.79943, eval/F1: 0.84314, eval/spec: 0.74194, eval/sens: 0.97101, test/loss: 1.10332, test/top-1-acc: 0.54918, test/balanced_acc: 0.52527, test/precision: 0.64969, test/recall: 0.52527, test/F1: 0.54022, test/spec: 0.82500, test/sens: 0.38095 BEST_EVAL_ACC: 0.8900, at 2465 iters BEST_TEST_ACC: 0.5492, at 2465 iters
[2024-03-01 01:05:19,822 INFO] 

epoch 44
[2024-03-01 01:06:19,702 INFO] validating...
[2024-03-01 01:06:23,483 INFO] model saved: saved_models/radformer/selfkd_v8_exp2_5/latest_model.pth
[2024-03-01 01:06:23,485 INFO] 2521 iteration, USE_EMA: True, train/sup_loss: 0.02067, train/unsup_loss: 0.09296, train/total_loss: 0.11364, train/util_ratio: 0.81250, train/run_time: 0.94524, lr: 0.01736, train/prefecth_time: 0.03488, eval/loss: 0.30583, eval/top-1-acc: 0.87000, eval/balanced_acc: 0.77793, eval/precision: 0.88157, eval/recall: 0.77793, eval/F1: 0.82049, eval/spec: 0.70968, eval/sens: 0.95652, test/loss: 1.10747, test/top-1-acc: 0.55738, test/balanced_acc: 0.53603, test/precision: 0.65741, test/recall: 0.53603, test/F1: 0.55261, test/spec: 0.83750, test/sens: 0.38095 BEST_EVAL_ACC: 0.8900, at 2465 iters BEST_TEST_ACC: 0.5492, at 2465 iters
[2024-03-01 01:06:23,487 INFO] 

epoch 45
[2024-03-01 01:07:23,238 INFO] validating...
[2024-03-01 01:07:26,741 INFO] model saved: saved_models/radformer/selfkd_v8_exp2_5/latest_model.pth
[2024-03-01 01:07:26,744 INFO] 2577 iteration, USE_EMA: True, train/sup_loss: 0.01292, train/unsup_loss: 0.08769, train/total_loss: 0.10061, train/util_ratio: 0.85714, train/run_time: 0.95236, lr: 0.01721, train/prefecth_time: 0.02402, eval/loss: 0.35651, eval/top-1-acc: 0.89000, eval/balanced_acc: 0.79763, eval/precision: 0.89286, eval/recall: 0.79763, eval/F1: 0.83148, eval/spec: 0.80645, eval/sens: 0.95652, test/loss: 1.10127, test/top-1-acc: 0.55738, test/balanced_acc: 0.53603, test/precision: 0.65741, test/recall: 0.53603, test/F1: 0.55261, test/spec: 0.83750, test/sens: 0.38095 BEST_EVAL_ACC: 0.8900, at 2465 iters BEST_TEST_ACC: 0.5492, at 2465 iters
[2024-03-01 01:07:26,750 INFO] 

epoch 46
[2024-03-01 01:08:25,988 INFO] validating...
[2024-03-01 01:08:29,601 INFO] model saved: saved_models/radformer/selfkd_v8_exp2_5/latest_model.pth
[2024-03-01 01:08:29,603 INFO] 2633 iteration, USE_EMA: True, train/sup_loss: 0.04970, train/unsup_loss: 0.09300, train/total_loss: 0.14271, train/util_ratio: 0.81250, train/run_time: 0.95109, lr: 0.01705, train/prefecth_time: 0.02369, eval/loss: 0.33623, eval/top-1-acc: 0.88000, eval/balanced_acc: 0.78276, eval/precision: 0.89803, eval/recall: 0.78276, eval/F1: 0.82949, eval/spec: 0.70968, eval/sens: 0.97101, test/loss: 1.09637, test/top-1-acc: 0.54918, test/balanced_acc: 0.52527, test/precision: 0.64969, test/recall: 0.52527, test/F1: 0.54022, test/spec: 0.82500, test/sens: 0.38095 BEST_EVAL_ACC: 0.8900, at 2465 iters BEST_TEST_ACC: 0.5492, at 2465 iters
[2024-03-01 01:08:29,607 INFO] 

epoch 47
[2024-03-01 01:09:29,131 INFO] validating...
[2024-03-01 01:09:32,868 INFO] model saved: saved_models/radformer/selfkd_v8_exp2_5/latest_model.pth
[2024-03-01 01:09:32,870 INFO] 2689 iteration, USE_EMA: True, train/sup_loss: 0.06332, train/unsup_loss: 0.10797, train/total_loss: 0.17128, train/util_ratio: 0.84821, train/run_time: 0.94468, lr: 0.01689, train/prefecth_time: 0.03461, eval/loss: 0.40022, eval/top-1-acc: 0.86000, eval/balanced_acc: 0.76126, eval/precision: 0.85244, eval/recall: 0.76126, eval/F1: 0.79869, eval/spec: 0.67742, eval/sens: 0.95652, test/loss: 1.12491, test/top-1-acc: 0.54918, test/balanced_acc: 0.52527, test/precision: 0.64969, test/recall: 0.52527, test/F1: 0.54022, test/spec: 0.82500, test/sens: 0.38095 BEST_EVAL_ACC: 0.8900, at 2465 iters BEST_TEST_ACC: 0.5492, at 2465 iters
[2024-03-01 01:09:32,873 INFO] 

epoch 48
[2024-03-01 01:10:32,173 INFO] validating...
[2024-03-01 01:10:35,918 INFO] model saved: saved_models/radformer/selfkd_v8_exp2_5/latest_model.pth
[2024-03-01 01:10:36,623 INFO] model saved: saved_models/radformer/selfkd_v8_exp2_5/model_best.pth
[2024-03-01 01:10:36,624 INFO] 2745 iteration, USE_EMA: True, train/sup_loss: 0.02869, train/unsup_loss: 0.08043, train/total_loss: 0.10912, train/util_ratio: 0.82143, train/run_time: 0.95543, lr: 0.01673, train/prefecth_time: 0.02313, eval/loss: 0.30756, eval/top-1-acc: 0.90000, eval/balanced_acc: 0.80426, eval/precision: 0.92325, eval/recall: 0.80426, eval/F1: 0.85260, eval/spec: 0.74194, eval/sens: 0.98551, test/loss: 1.12719, test/top-1-acc: 0.54918, test/balanced_acc: 0.52527, test/precision: 0.64607, test/recall: 0.52527, test/F1: 0.53977, test/spec: 0.81250, test/sens: 0.38095 BEST_EVAL_ACC: 0.9000, at 2745 iters BEST_TEST_ACC: 0.5492, at 2745 iters
[2024-03-01 01:10:36,628 INFO] 

epoch 49
[2024-03-01 01:11:35,756 INFO] validating...
[2024-03-01 01:11:39,522 INFO] model saved: saved_models/radformer/selfkd_v8_exp2_5/latest_model.pth
[2024-03-01 01:11:39,524 INFO] 2801 iteration, USE_EMA: True, train/sup_loss: 0.02992, train/unsup_loss: 0.07223, train/total_loss: 0.10216, train/util_ratio: 0.78571, train/run_time: 0.95523, lr: 0.01656, train/prefecth_time: 0.02468, eval/loss: 0.32967, eval/top-1-acc: 0.89000, eval/balanced_acc: 0.81126, eval/precision: 0.89786, eval/recall: 0.81126, eval/F1: 0.84697, eval/spec: 0.77419, eval/sens: 0.95652, test/loss: 1.14314, test/top-1-acc: 0.54918, test/balanced_acc: 0.52527, test/precision: 0.64969, test/recall: 0.52527, test/F1: 0.54022, test/spec: 0.82500, test/sens: 0.38095 BEST_EVAL_ACC: 0.9000, at 2745 iters BEST_TEST_ACC: 0.5492, at 2745 iters
[2024-03-01 01:11:39,533 INFO] 

epoch 50
[2024-03-01 01:12:39,078 INFO] validating...
[2024-03-01 01:12:42,917 INFO] model saved: saved_models/radformer/selfkd_v8_exp2_5/latest_model.pth
[2024-03-01 01:12:42,919 INFO] 2857 iteration, USE_EMA: True, train/sup_loss: 0.01463, train/unsup_loss: 0.07926, train/total_loss: 0.09389, train/util_ratio: 0.82143, train/run_time: 0.94225, lr: 0.01638, train/prefecth_time: 0.02466, eval/loss: 0.38046, eval/top-1-acc: 0.88000, eval/balanced_acc: 0.79460, eval/precision: 0.88989, eval/recall: 0.79460, eval/F1: 0.83401, eval/spec: 0.74194, eval/sens: 0.95652, test/loss: 1.13785, test/top-1-acc: 0.55738, test/balanced_acc: 0.53603, test/precision: 0.65741, test/recall: 0.53603, test/F1: 0.55261, test/spec: 0.83750, test/sens: 0.38095 BEST_EVAL_ACC: 0.9000, at 2745 iters BEST_TEST_ACC: 0.5492, at 2745 iters
[2024-03-01 01:12:42,922 INFO] 

epoch 51
[2024-03-01 01:13:42,307 INFO] validating...
[2024-03-01 01:13:46,085 INFO] model saved: saved_models/radformer/selfkd_v8_exp2_5/latest_model.pth
[2024-03-01 01:13:46,087 INFO] 2913 iteration, USE_EMA: True, train/sup_loss: 0.04540, train/unsup_loss: 0.06449, train/total_loss: 0.10989, train/util_ratio: 0.79464, train/run_time: 0.94794, lr: 0.01621, train/prefecth_time: 0.02515, eval/loss: 0.32134, eval/top-1-acc: 0.88000, eval/balanced_acc: 0.79460, eval/precision: 0.88989, eval/recall: 0.79460, eval/F1: 0.83401, eval/spec: 0.74194, eval/sens: 0.95652, test/loss: 1.16408, test/top-1-acc: 0.57377, test/balanced_acc: 0.55358, test/precision: 0.67459, test/recall: 0.55358, test/F1: 0.57048, test/spec: 0.86250, test/sens: 0.38095 BEST_EVAL_ACC: 0.9000, at 2745 iters BEST_TEST_ACC: 0.5492, at 2745 iters
[2024-03-01 01:13:46,091 INFO] 

epoch 52
[2024-03-01 01:14:45,619 INFO] validating...
[2024-03-01 01:14:49,271 INFO] model saved: saved_models/radformer/selfkd_v8_exp2_5/latest_model.pth
[2024-03-01 01:14:49,272 INFO] 2969 iteration, USE_EMA: True, train/sup_loss: 0.01438, train/unsup_loss: 0.06823, train/total_loss: 0.08261, train/util_ratio: 0.76786, train/run_time: 0.94448, lr: 0.01603, train/prefecth_time: 0.04772, eval/loss: 0.37245, eval/top-1-acc: 0.88000, eval/balanced_acc: 0.79460, eval/precision: 0.88989, eval/recall: 0.79460, eval/F1: 0.83401, eval/spec: 0.74194, eval/sens: 0.95652, test/loss: 1.18725, test/top-1-acc: 0.56557, test/balanced_acc: 0.54283, test/precision: 0.66614, test/recall: 0.54283, test/F1: 0.55840, test/spec: 0.85000, test/sens: 0.38095 BEST_EVAL_ACC: 0.9000, at 2745 iters BEST_TEST_ACC: 0.5492, at 2745 iters
[2024-03-01 01:14:49,276 INFO] 

epoch 53
[2024-03-01 01:15:48,505 INFO] validating...
[2024-03-01 01:15:52,311 INFO] model saved: saved_models/radformer/selfkd_v8_exp2_5/latest_model.pth
[2024-03-01 01:15:52,313 INFO] 3025 iteration, USE_EMA: True, train/sup_loss: 0.01170, train/unsup_loss: 0.05358, train/total_loss: 0.06528, train/util_ratio: 0.78571, train/run_time: 0.95324, lr: 0.01584, train/prefecth_time: 0.02687, eval/loss: 0.39454, eval/top-1-acc: 0.88000, eval/balanced_acc: 0.80643, eval/precision: 0.86038, eval/recall: 0.80643, eval/F1: 0.83041, eval/spec: 0.77419, eval/sens: 0.94203, test/loss: 1.18464, test/top-1-acc: 0.56557, test/balanced_acc: 0.54283, test/precision: 0.66614, test/recall: 0.54283, test/F1: 0.55840, test/spec: 0.85000, test/sens: 0.38095 BEST_EVAL_ACC: 0.9000, at 2745 iters BEST_TEST_ACC: 0.5492, at 2745 iters
[2024-03-01 01:15:52,317 INFO] 

epoch 54
[2024-03-01 01:16:51,898 INFO] validating...
[2024-03-01 01:16:55,821 INFO] model saved: saved_models/radformer/selfkd_v8_exp2_5/latest_model.pth
[2024-03-01 01:16:55,822 INFO] 3081 iteration, USE_EMA: True, train/sup_loss: 0.01315, train/unsup_loss: 0.04760, train/total_loss: 0.06075, train/util_ratio: 0.78571, train/run_time: 0.95000, lr: 0.01565, train/prefecth_time: 0.03152, eval/loss: 0.36773, eval/top-1-acc: 0.88000, eval/balanced_acc: 0.79460, eval/precision: 0.88989, eval/recall: 0.79460, eval/F1: 0.83401, eval/spec: 0.74194, eval/sens: 0.95652, test/loss: 1.17591, test/top-1-acc: 0.59016, test/balanced_acc: 0.57227, test/precision: 0.68494, test/recall: 0.57227, test/F1: 0.59048, test/spec: 0.86250, test/sens: 0.40476 BEST_EVAL_ACC: 0.9000, at 2745 iters BEST_TEST_ACC: 0.5492, at 2745 iters
[2024-03-01 01:16:55,826 INFO] 

epoch 55
[2024-03-01 01:17:55,457 INFO] validating...
[2024-03-01 01:17:59,351 INFO] model saved: saved_models/radformer/selfkd_v8_exp2_5/latest_model.pth
[2024-03-01 01:17:59,353 INFO] 3137 iteration, USE_EMA: True, train/sup_loss: 0.01433, train/unsup_loss: 0.07434, train/total_loss: 0.08867, train/util_ratio: 0.82143, train/run_time: 0.94647, lr: 0.01546, train/prefecth_time: 0.02250, eval/loss: 0.35372, eval/top-1-acc: 0.87000, eval/balanced_acc: 0.75246, eval/precision: 0.88209, eval/recall: 0.75246, eval/F1: 0.80154, eval/spec: 0.70968, eval/sens: 0.97101, test/loss: 1.16857, test/top-1-acc: 0.56557, test/balanced_acc: 0.54791, test/precision: 0.65974, test/recall: 0.54791, test/F1: 0.56694, test/spec: 0.82500, test/sens: 0.40476 BEST_EVAL_ACC: 0.9000, at 2745 iters BEST_TEST_ACC: 0.5492, at 2745 iters
[2024-03-01 01:17:59,356 INFO] 

epoch 56
[2024-03-01 01:18:58,277 INFO] validating...
[2024-03-01 01:19:01,725 INFO] model saved: saved_models/radformer/selfkd_v8_exp2_5/latest_model.pth
[2024-03-01 01:19:01,728 INFO] 3193 iteration, USE_EMA: True, train/sup_loss: 0.02996, train/unsup_loss: 0.06529, train/total_loss: 0.09525, train/util_ratio: 0.83036, train/run_time: 0.94818, lr: 0.01526, train/prefecth_time: 0.02378, eval/loss: 0.35747, eval/top-1-acc: 0.88000, eval/balanced_acc: 0.80643, eval/precision: 0.88426, eval/recall: 0.80643, eval/F1: 0.83803, eval/spec: 0.77419, eval/sens: 0.94203, test/loss: 1.17216, test/top-1-acc: 0.57377, test/balanced_acc: 0.55698, test/precision: 0.66247, test/recall: 0.55698, test/F1: 0.57727, test/spec: 0.80000, test/sens: 0.45238 BEST_EVAL_ACC: 0.9000, at 2745 iters BEST_TEST_ACC: 0.5492, at 2745 iters
[2024-03-01 01:19:01,732 INFO] 

epoch 57
[2024-03-01 01:20:01,601 INFO] validating...
[2024-03-01 01:20:05,216 INFO] model saved: saved_models/radformer/selfkd_v8_exp2_5/latest_model.pth
[2024-03-01 01:20:05,995 INFO] model saved: saved_models/radformer/selfkd_v8_exp2_5/model_best.pth
[2024-03-01 01:20:05,996 INFO] 3249 iteration, USE_EMA: True, train/sup_loss: 0.01857, train/unsup_loss: 0.05665, train/total_loss: 0.07522, train/util_ratio: 0.81250, train/run_time: 0.94553, lr: 0.01507, train/prefecth_time: 0.02729, eval/loss: 0.33313, eval/top-1-acc: 0.91000, eval/balanced_acc: 0.83276, eval/precision: 0.91997, eval/recall: 0.83276, eval/F1: 0.86876, eval/spec: 0.80645, eval/sens: 0.97101, test/loss: 1.18181, test/top-1-acc: 0.56557, test/balanced_acc: 0.54791, test/precision: 0.65974, test/recall: 0.54791, test/F1: 0.56694, test/spec: 0.82500, test/sens: 0.40476 BEST_EVAL_ACC: 0.9100, at 3249 iters BEST_TEST_ACC: 0.5656, at 3249 iters
[2024-03-01 01:20:05,999 INFO] 

epoch 58
[2024-03-01 01:21:05,983 INFO] validating...
[2024-03-01 01:21:09,575 INFO] model saved: saved_models/radformer/selfkd_v8_exp2_5/latest_model.pth
[2024-03-01 01:21:09,576 INFO] 3305 iteration, USE_EMA: True, train/sup_loss: 0.03037, train/unsup_loss: 0.06633, train/total_loss: 0.09671, train/util_ratio: 0.83929, train/run_time: 0.95159, lr: 0.01486, train/prefecth_time: 0.02382, eval/loss: 0.39921, eval/top-1-acc: 0.90000, eval/balanced_acc: 0.82973, eval/precision: 0.90964, eval/recall: 0.82973, eval/F1: 0.86461, eval/spec: 0.77419, eval/sens: 0.97101, test/loss: 1.20171, test/top-1-acc: 0.57377, test/balanced_acc: 0.55471, test/precision: 0.66806, test/recall: 0.55471, test/F1: 0.57284, test/spec: 0.83750, test/sens: 0.40476 BEST_EVAL_ACC: 0.9100, at 3249 iters BEST_TEST_ACC: 0.5656, at 3249 iters
[2024-03-01 01:21:09,580 INFO] 

epoch 59
[2024-03-01 01:22:08,901 INFO] validating...
[2024-03-01 01:22:12,616 INFO] model saved: saved_models/radformer/selfkd_v8_exp2_5/latest_model.pth
[2024-03-01 01:22:13,363 INFO] model saved: saved_models/radformer/selfkd_v8_exp2_5/model_best.pth
[2024-03-01 01:22:13,364 INFO] 3361 iteration, USE_EMA: True, train/sup_loss: 0.03849, train/unsup_loss: 0.04305, train/total_loss: 0.08154, train/util_ratio: 0.83929, train/run_time: 0.96102, lr: 0.01466, train/prefecth_time: 0.02319, eval/loss: 0.31114, eval/top-1-acc: 0.92000, eval/balanced_acc: 0.85123, eval/precision: 0.93376, eval/recall: 0.85123, eval/F1: 0.88729, eval/spec: 0.80645, eval/sens: 0.98551, test/loss: 1.18150, test/top-1-acc: 0.58197, test/balanced_acc: 0.56547, test/precision: 0.67150, test/recall: 0.56547, test/F1: 0.58393, test/spec: 0.83750, test/sens: 0.40476 BEST_EVAL_ACC: 0.9200, at 3361 iters BEST_TEST_ACC: 0.5820, at 3361 iters
[2024-03-01 01:22:13,366 INFO] 

epoch 60
[2024-03-01 01:23:13,003 INFO] validating...
[2024-03-01 01:23:17,060 INFO] model saved: saved_models/radformer/selfkd_v8_exp2_5/latest_model.pth
[2024-03-01 01:23:17,061 INFO] 3417 iteration, USE_EMA: True, train/sup_loss: 0.02652, train/unsup_loss: 0.04102, train/total_loss: 0.06754, train/util_ratio: 0.79464, train/run_time: 0.94543, lr: 0.01445, train/prefecth_time: 0.02503, eval/loss: 0.39044, eval/top-1-acc: 0.89000, eval/balanced_acc: 0.79943, eval/precision: 0.90562, eval/recall: 0.79943, eval/F1: 0.84314, eval/spec: 0.74194, eval/sens: 0.97101, test/loss: 1.18886, test/top-1-acc: 0.57377, test/balanced_acc: 0.55471, test/precision: 0.66806, test/recall: 0.55471, test/F1: 0.57284, test/spec: 0.83750, test/sens: 0.40476 BEST_EVAL_ACC: 0.9200, at 3361 iters BEST_TEST_ACC: 0.5820, at 3361 iters
[2024-03-01 01:23:17,064 INFO] 

epoch 61
[2024-03-01 01:24:16,569 INFO] validating...
[2024-03-01 01:24:20,265 INFO] model saved: saved_models/radformer/selfkd_v8_exp2_5/latest_model.pth
[2024-03-01 01:24:20,267 INFO] 3473 iteration, USE_EMA: True, train/sup_loss: 0.01565, train/unsup_loss: 0.05753, train/total_loss: 0.07317, train/util_ratio: 0.84821, train/run_time: 0.94546, lr: 0.01423, train/prefecth_time: 0.03994, eval/loss: 0.28641, eval/top-1-acc: 0.91000, eval/balanced_acc: 0.85823, eval/precision: 0.89056, eval/recall: 0.85823, eval/F1: 0.87350, eval/spec: 0.83871, eval/sens: 0.95652, test/loss: 1.20822, test/top-1-acc: 0.58197, test/balanced_acc: 0.56547, test/precision: 0.66534, test/recall: 0.56547, test/F1: 0.58226, test/spec: 0.86250, test/sens: 0.40476 BEST_EVAL_ACC: 0.9200, at 3361 iters BEST_TEST_ACC: 0.5820, at 3361 iters
[2024-03-01 01:24:20,273 INFO] 

epoch 62
[2024-03-01 01:25:19,974 INFO] validating...
[2024-03-01 01:25:23,939 INFO] model saved: saved_models/radformer/selfkd_v8_exp2_5/latest_model.pth
[2024-03-01 01:25:23,940 INFO] 3529 iteration, USE_EMA: True, train/sup_loss: 0.03616, train/unsup_loss: 0.05329, train/total_loss: 0.08945, train/util_ratio: 0.83036, train/run_time: 0.94697, lr: 0.01402, train/prefecth_time: 0.03120, eval/loss: 0.33743, eval/top-1-acc: 0.90000, eval/balanced_acc: 0.80246, eval/precision: 0.90594, eval/recall: 0.80246, eval/F1: 0.84048, eval/spec: 0.80645, eval/sens: 0.97101, test/loss: 1.23913, test/top-1-acc: 0.58197, test/balanced_acc: 0.56547, test/precision: 0.67579, test/recall: 0.56547, test/F1: 0.58451, test/spec: 0.85000, test/sens: 0.40476 BEST_EVAL_ACC: 0.9200, at 3361 iters BEST_TEST_ACC: 0.5820, at 3361 iters
[2024-03-01 01:25:23,944 INFO] 

epoch 63
[2024-03-01 01:26:23,238 INFO] validating...
[2024-03-01 01:26:27,357 INFO] model saved: saved_models/radformer/selfkd_v8_exp2_5/latest_model.pth
[2024-03-01 01:26:27,359 INFO] 3585 iteration, USE_EMA: True, train/sup_loss: 0.01625, train/unsup_loss: 0.06898, train/total_loss: 0.08524, train/util_ratio: 0.84821, train/run_time: 0.94207, lr: 0.01380, train/prefecth_time: 0.03016, eval/loss: 0.34447, eval/top-1-acc: 0.90000, eval/balanced_acc: 0.81610, eval/precision: 0.91291, eval/recall: 0.81610, eval/F1: 0.85621, eval/spec: 0.77419, eval/sens: 0.97101, test/loss: 1.21922, test/top-1-acc: 0.57377, test/balanced_acc: 0.55866, test/precision: 0.65614, test/recall: 0.55866, test/F1: 0.57624, test/spec: 0.85000, test/sens: 0.40476 BEST_EVAL_ACC: 0.9200, at 3361 iters BEST_TEST_ACC: 0.5820, at 3361 iters
[2024-03-01 01:26:27,363 INFO] 

epoch 64
[2024-03-01 01:27:27,174 INFO] validating...
[2024-03-01 01:27:30,967 INFO] model saved: saved_models/radformer/selfkd_v8_exp2_5/latest_model.pth
[2024-03-01 01:27:30,969 INFO] 3641 iteration, USE_EMA: True, train/sup_loss: 0.01378, train/unsup_loss: 0.03385, train/total_loss: 0.04762, train/util_ratio: 0.76786, train/run_time: 0.94777, lr: 0.01358, train/prefecth_time: 0.02844, eval/loss: 0.33833, eval/top-1-acc: 0.91000, eval/balanced_acc: 0.83276, eval/precision: 0.91997, eval/recall: 0.83276, eval/F1: 0.86876, eval/spec: 0.80645, eval/sens: 0.97101, test/loss: 1.24477, test/top-1-acc: 0.58197, test/balanced_acc: 0.56547, test/precision: 0.67579, test/recall: 0.56547, test/F1: 0.58451, test/spec: 0.85000, test/sens: 0.40476 BEST_EVAL_ACC: 0.9200, at 3361 iters BEST_TEST_ACC: 0.5820, at 3361 iters
[2024-03-01 01:27:30,972 INFO] 

epoch 65
[2024-03-01 01:28:30,958 INFO] validating...
[2024-03-01 01:28:34,742 INFO] model saved: saved_models/radformer/selfkd_v8_exp2_5/latest_model.pth
[2024-03-01 01:28:34,744 INFO] 3697 iteration, USE_EMA: True, train/sup_loss: 0.01374, train/unsup_loss: 0.05536, train/total_loss: 0.06909, train/util_ratio: 0.80357, train/run_time: 0.94394, lr: 0.01335, train/prefecth_time: 0.05126, eval/loss: 0.31991, eval/top-1-acc: 0.89000, eval/balanced_acc: 0.81126, eval/precision: 0.87544, eval/recall: 0.81126, eval/F1: 0.83968, eval/spec: 0.77419, eval/sens: 0.95652, test/loss: 1.24471, test/top-1-acc: 0.58197, test/balanced_acc: 0.56547, test/precision: 0.67579, test/recall: 0.56547, test/F1: 0.58451, test/spec: 0.85000, test/sens: 0.40476 BEST_EVAL_ACC: 0.9200, at 3361 iters BEST_TEST_ACC: 0.5820, at 3361 iters
[2024-03-01 01:28:34,750 INFO] 

epoch 66
[2024-03-01 01:29:33,959 INFO] validating...
[2024-03-01 01:29:38,077 INFO] model saved: saved_models/radformer/selfkd_v8_exp2_5/latest_model.pth
[2024-03-01 01:29:38,079 INFO] 3753 iteration, USE_EMA: True, train/sup_loss: 0.03972, train/unsup_loss: 0.05402, train/total_loss: 0.09374, train/util_ratio: 0.79464, train/run_time: 0.94393, lr: 0.01312, train/prefecth_time: 0.02343, eval/loss: 0.31189, eval/top-1-acc: 0.89000, eval/balanced_acc: 0.81126, eval/precision: 0.89786, eval/recall: 0.81126, eval/F1: 0.84697, eval/spec: 0.77419, eval/sens: 0.95652, test/loss: 1.26376, test/top-1-acc: 0.58197, test/balanced_acc: 0.56547, test/precision: 0.67579, test/recall: 0.56547, test/F1: 0.58451, test/spec: 0.85000, test/sens: 0.40476 BEST_EVAL_ACC: 0.9200, at 3361 iters BEST_TEST_ACC: 0.5820, at 3361 iters
[2024-03-01 01:29:38,082 INFO] 

epoch 67
[2024-03-01 01:30:37,489 INFO] validating...
[2024-03-01 01:30:41,284 INFO] model saved: saved_models/radformer/selfkd_v8_exp2_5/latest_model.pth
[2024-03-01 01:30:41,285 INFO] 3809 iteration, USE_EMA: True, train/sup_loss: 0.03215, train/unsup_loss: 0.04107, train/total_loss: 0.07321, train/util_ratio: 0.82143, train/run_time: 0.94713, lr: 0.01289, train/prefecth_time: 0.02147, eval/loss: 0.33565, eval/top-1-acc: 0.89000, eval/balanced_acc: 0.81126, eval/precision: 0.89786, eval/recall: 0.81126, eval/F1: 0.84697, eval/spec: 0.77419, eval/sens: 0.95652, test/loss: 1.26587, test/top-1-acc: 0.58197, test/balanced_acc: 0.56547, test/precision: 0.66534, test/recall: 0.56547, test/F1: 0.58226, test/spec: 0.86250, test/sens: 0.40476 BEST_EVAL_ACC: 0.9200, at 3361 iters BEST_TEST_ACC: 0.5820, at 3361 iters
[2024-03-01 01:30:41,288 INFO] 

epoch 68
[2024-03-01 01:31:40,841 INFO] validating...
[2024-03-01 01:31:44,728 INFO] model saved: saved_models/radformer/selfkd_v8_exp2_5/latest_model.pth
[2024-03-01 01:31:44,731 INFO] 3865 iteration, USE_EMA: True, train/sup_loss: 0.08764, train/unsup_loss: 0.05749, train/total_loss: 0.14513, train/util_ratio: 0.81250, train/run_time: 0.94447, lr: 0.01265, train/prefecth_time: 0.03878, eval/loss: 0.37034, eval/top-1-acc: 0.88000, eval/balanced_acc: 0.79460, eval/precision: 0.85693, eval/recall: 0.79460, eval/F1: 0.82214, eval/spec: 0.77419, eval/sens: 0.95652, test/loss: 1.23001, test/top-1-acc: 0.57377, test/balanced_acc: 0.55866, test/precision: 0.65614, test/recall: 0.55866, test/F1: 0.57624, test/spec: 0.85000, test/sens: 0.40476 BEST_EVAL_ACC: 0.9200, at 3361 iters BEST_TEST_ACC: 0.5820, at 3361 iters
[2024-03-01 01:31:44,737 INFO] 

epoch 69
[2024-03-01 01:32:44,243 INFO] validating...
[2024-03-01 01:32:47,882 INFO] model saved: saved_models/radformer/selfkd_v8_exp2_5/latest_model.pth
[2024-03-01 01:32:47,883 INFO] 3921 iteration, USE_EMA: True, train/sup_loss: 0.05149, train/unsup_loss: 0.03529, train/total_loss: 0.08679, train/util_ratio: 0.83036, train/run_time: 0.94700, lr: 0.01242, train/prefecth_time: 0.02497, eval/loss: 0.31938, eval/top-1-acc: 0.90000, eval/balanced_acc: 0.85340, eval/precision: 0.87619, eval/recall: 0.85340, eval/F1: 0.86413, eval/spec: 0.83871, eval/sens: 0.94203, test/loss: 1.23883, test/top-1-acc: 0.57377, test/balanced_acc: 0.55866, test/precision: 0.65614, test/recall: 0.55866, test/F1: 0.57624, test/spec: 0.85000, test/sens: 0.40476 BEST_EVAL_ACC: 0.9200, at 3361 iters BEST_TEST_ACC: 0.5820, at 3361 iters
[2024-03-01 01:32:47,888 INFO] 

epoch 70
[2024-03-01 01:33:46,916 INFO] validating...
[2024-03-01 01:33:50,648 INFO] model saved: saved_models/radformer/selfkd_v8_exp2_5/latest_model.pth
[2024-03-01 01:33:50,650 INFO] 3977 iteration, USE_EMA: True, train/sup_loss: 0.01169, train/unsup_loss: 0.03261, train/total_loss: 0.04430, train/util_ratio: 0.80357, train/run_time: 0.94630, lr: 0.01218, train/prefecth_time: 0.03927, eval/loss: 0.41273, eval/top-1-acc: 0.88000, eval/balanced_acc: 0.82007, eval/precision: 0.87987, eval/recall: 0.82007, eval/F1: 0.84664, eval/spec: 0.77419, eval/sens: 0.94203, test/loss: 1.25194, test/top-1-acc: 0.57377, test/balanced_acc: 0.55866, test/precision: 0.65614, test/recall: 0.55866, test/F1: 0.57624, test/spec: 0.85000, test/sens: 0.40476 BEST_EVAL_ACC: 0.9200, at 3361 iters BEST_TEST_ACC: 0.5820, at 3361 iters
[2024-03-01 01:33:50,653 INFO] 

epoch 71
[2024-03-01 01:34:49,971 INFO] validating...
[2024-03-01 01:34:53,688 INFO] model saved: saved_models/radformer/selfkd_v8_exp2_5/latest_model.pth
[2024-03-01 01:34:53,690 INFO] 4033 iteration, USE_EMA: True, train/sup_loss: 0.04801, train/unsup_loss: 0.02941, train/total_loss: 0.07742, train/util_ratio: 0.79464, train/run_time: 0.94144, lr: 0.01193, train/prefecth_time: 0.02849, eval/loss: 0.38707, eval/top-1-acc: 0.87000, eval/balanced_acc: 0.76430, eval/precision: 0.81989, eval/recall: 0.76430, eval/F1: 0.78881, eval/spec: 0.77419, eval/sens: 0.95652, test/loss: 1.24053, test/top-1-acc: 0.57377, test/balanced_acc: 0.55866, test/precision: 0.65614, test/recall: 0.55866, test/F1: 0.57624, test/spec: 0.85000, test/sens: 0.40476 BEST_EVAL_ACC: 0.9200, at 3361 iters BEST_TEST_ACC: 0.5820, at 3361 iters
[2024-03-01 01:34:53,694 INFO] 

epoch 72
[2024-03-01 01:35:53,173 INFO] validating...
[2024-03-01 01:35:56,786 INFO] model saved: saved_models/radformer/selfkd_v8_exp2_5/latest_model.pth
[2024-03-01 01:35:57,422 INFO] model saved: saved_models/radformer/selfkd_v8_exp2_5/model_best.pth
[2024-03-01 01:35:57,423 INFO] 4089 iteration, USE_EMA: True, train/sup_loss: 0.03756, train/unsup_loss: 0.04570, train/total_loss: 0.08326, train/util_ratio: 0.80357, train/run_time: 0.94191, lr: 0.01168, train/prefecth_time: 0.03576, eval/loss: 0.34232, eval/top-1-acc: 0.93000, eval/balanced_acc: 0.86790, eval/precision: 0.91111, eval/recall: 0.86790, eval/F1: 0.88793, eval/spec: 0.87097, eval/sens: 0.98551, test/loss: 1.22118, test/top-1-acc: 0.58197, test/balanced_acc: 0.56942, test/precision: 0.66031, test/recall: 0.56942, test/F1: 0.58683, test/spec: 0.85000, test/sens: 0.40476 BEST_EVAL_ACC: 0.9300, at 4089 iters BEST_TEST_ACC: 0.5820, at 4089 iters
[2024-03-01 01:35:57,426 INFO] 

epoch 73
[2024-03-01 01:36:56,446 INFO] validating...
[2024-03-01 01:37:00,090 INFO] model saved: saved_models/radformer/selfkd_v8_exp2_5/latest_model.pth
[2024-03-01 01:37:00,091 INFO] 4145 iteration, USE_EMA: True, train/sup_loss: 0.01098, train/unsup_loss: 0.03083, train/total_loss: 0.04182, train/util_ratio: 0.80357, train/run_time: 0.95170, lr: 0.01144, train/prefecth_time: 0.03412, eval/loss: 0.34324, eval/top-1-acc: 0.88000, eval/balanced_acc: 0.79460, eval/precision: 0.84255, eval/recall: 0.79460, eval/F1: 0.81608, eval/spec: 0.77419, eval/sens: 0.95652, test/loss: 1.24370, test/top-1-acc: 0.57377, test/balanced_acc: 0.55866, test/precision: 0.65614, test/recall: 0.55866, test/F1: 0.57624, test/spec: 0.85000, test/sens: 0.40476 BEST_EVAL_ACC: 0.9300, at 4089 iters BEST_TEST_ACC: 0.5820, at 4089 iters
[2024-03-01 01:37:00,095 INFO] 

epoch 74
[2024-03-01 01:37:59,212 INFO] validating...
[2024-03-01 01:38:02,695 INFO] model saved: saved_models/radformer/selfkd_v8_exp2_5/latest_model.pth
[2024-03-01 01:38:02,696 INFO] 4201 iteration, USE_EMA: True, train/sup_loss: 0.02361, train/unsup_loss: 0.04294, train/total_loss: 0.06655, train/util_ratio: 0.85714, train/run_time: 0.94694, lr: 0.01118, train/prefecth_time: 0.02264, eval/loss: 0.29961, eval/top-1-acc: 0.90000, eval/balanced_acc: 0.82793, eval/precision: 0.90556, eval/recall: 0.82793, eval/F1: 0.85943, eval/spec: 0.80645, eval/sens: 0.95652, test/loss: 1.26467, test/top-1-acc: 0.57377, test/balanced_acc: 0.55866, test/precision: 0.65614, test/recall: 0.55866, test/F1: 0.57624, test/spec: 0.85000, test/sens: 0.40476 BEST_EVAL_ACC: 0.9300, at 4089 iters BEST_TEST_ACC: 0.5820, at 4089 iters
[2024-03-01 01:38:02,699 INFO] 

epoch 75
[2024-03-01 01:39:02,069 INFO] validating...
[2024-03-01 01:39:05,814 INFO] model saved: saved_models/radformer/selfkd_v8_exp2_5/latest_model.pth
[2024-03-01 01:39:05,815 INFO] 4257 iteration, USE_EMA: True, train/sup_loss: 0.02210, train/unsup_loss: 0.04795, train/total_loss: 0.07005, train/util_ratio: 0.85714, train/run_time: 0.94194, lr: 0.01093, train/prefecth_time: 0.03499, eval/loss: 0.41499, eval/top-1-acc: 0.87000, eval/balanced_acc: 0.76430, eval/precision: 0.87624, eval/recall: 0.76430, eval/F1: 0.80627, eval/spec: 0.74194, eval/sens: 0.95652, test/loss: 1.25198, test/top-1-acc: 0.57377, test/balanced_acc: 0.55866, test/precision: 0.65614, test/recall: 0.55866, test/F1: 0.57624, test/spec: 0.85000, test/sens: 0.40476 BEST_EVAL_ACC: 0.9300, at 4089 iters BEST_TEST_ACC: 0.5820, at 4089 iters
[2024-03-01 01:39:05,819 INFO] 

epoch 76
[2024-03-01 01:40:04,940 INFO] validating...
[2024-03-01 01:40:08,400 INFO] model saved: saved_models/radformer/selfkd_v8_exp2_5/latest_model.pth
[2024-03-01 01:40:08,401 INFO] 4313 iteration, USE_EMA: True, train/sup_loss: 0.01918, train/unsup_loss: 0.02780, train/total_loss: 0.04698, train/util_ratio: 0.81250, train/run_time: 0.94249, lr: 0.01067, train/prefecth_time: 0.02860, eval/loss: 0.35773, eval/top-1-acc: 0.91000, eval/balanced_acc: 0.81913, eval/precision: 0.91336, eval/recall: 0.81913, eval/F1: 0.85247, eval/spec: 0.83871, eval/sens: 0.97101, test/loss: 1.28571, test/top-1-acc: 0.57377, test/balanced_acc: 0.55866, test/precision: 0.65614, test/recall: 0.55866, test/F1: 0.57624, test/spec: 0.85000, test/sens: 0.40476 BEST_EVAL_ACC: 0.9300, at 4089 iters BEST_TEST_ACC: 0.5820, at 4089 iters
[2024-03-01 01:40:08,404 INFO] 

epoch 77
[2024-03-01 01:41:07,541 INFO] validating...
[2024-03-01 01:41:10,862 INFO] model saved: saved_models/radformer/selfkd_v8_exp2_5/latest_model.pth
[2024-03-01 01:41:10,863 INFO] 4369 iteration, USE_EMA: True, train/sup_loss: 0.02044, train/unsup_loss: 0.04241, train/total_loss: 0.06285, train/util_ratio: 0.79464, train/run_time: 0.95400, lr: 0.01041, train/prefecth_time: 0.02392, eval/loss: 0.34604, eval/top-1-acc: 0.91000, eval/balanced_acc: 0.83276, eval/precision: 0.91997, eval/recall: 0.83276, eval/F1: 0.86876, eval/spec: 0.80645, eval/sens: 0.97101, test/loss: 1.28753, test/top-1-acc: 0.57377, test/balanced_acc: 0.55866, test/precision: 0.65614, test/recall: 0.55866, test/F1: 0.57624, test/spec: 0.85000, test/sens: 0.40476 BEST_EVAL_ACC: 0.9300, at 4089 iters BEST_TEST_ACC: 0.5820, at 4089 iters
[2024-03-01 01:41:10,867 INFO] 

epoch 78
[2024-03-01 01:42:10,179 INFO] validating...
[2024-03-01 01:42:13,879 INFO] model saved: saved_models/radformer/selfkd_v8_exp2_5/latest_model.pth
[2024-03-01 01:42:13,881 INFO] 4425 iteration, USE_EMA: True, train/sup_loss: 0.00993, train/unsup_loss: 0.05258, train/total_loss: 0.06252, train/util_ratio: 0.82143, train/run_time: 0.95090, lr: 0.01015, train/prefecth_time: 0.02510, eval/loss: 0.37956, eval/top-1-acc: 0.89000, eval/balanced_acc: 0.79943, eval/precision: 0.87261, eval/recall: 0.79943, eval/F1: 0.83127, eval/spec: 0.77419, eval/sens: 0.97101, test/loss: 1.26759, test/top-1-acc: 0.57377, test/balanced_acc: 0.55866, test/precision: 0.65614, test/recall: 0.55866, test/F1: 0.57624, test/spec: 0.85000, test/sens: 0.40476 BEST_EVAL_ACC: 0.9300, at 4089 iters BEST_TEST_ACC: 0.5820, at 4089 iters
[2024-03-01 01:42:13,884 INFO] 

epoch 79
[2024-03-01 01:43:12,804 INFO] validating...
[2024-03-01 01:43:16,212 INFO] model saved: saved_models/radformer/selfkd_v8_exp2_5/latest_model.pth
[2024-03-01 01:43:16,214 INFO] 4481 iteration, USE_EMA: True, train/sup_loss: 0.00532, train/unsup_loss: 0.03690, train/total_loss: 0.04223, train/util_ratio: 0.83036, train/run_time: 0.94719, lr: 0.00989, train/prefecth_time: 0.02729, eval/loss: 0.37422, eval/top-1-acc: 0.89000, eval/balanced_acc: 0.81126, eval/precision: 0.89786, eval/recall: 0.81126, eval/F1: 0.84697, eval/spec: 0.77419, eval/sens: 0.95652, test/loss: 1.24002, test/top-1-acc: 0.57377, test/balanced_acc: 0.55866, test/precision: 0.65185, test/recall: 0.55866, test/F1: 0.57564, test/spec: 0.83750, test/sens: 0.40476 BEST_EVAL_ACC: 0.9300, at 4089 iters BEST_TEST_ACC: 0.5820, at 4089 iters
[2024-03-01 01:43:16,218 INFO] 

epoch 80
[2024-03-01 01:44:14,903 INFO] validating...
[2024-03-01 01:44:18,548 INFO] model saved: saved_models/radformer/selfkd_v8_exp2_5/latest_model.pth
[2024-03-01 01:44:18,550 INFO] 4537 iteration, USE_EMA: True, train/sup_loss: 0.02069, train/unsup_loss: 0.03299, train/total_loss: 0.05368, train/util_ratio: 0.84821, train/run_time: 0.94536, lr: 0.00962, train/prefecth_time: 0.02759, eval/loss: 0.34777, eval/top-1-acc: 0.90000, eval/balanced_acc: 0.82793, eval/precision: 0.88255, eval/recall: 0.82793, eval/F1: 0.85223, eval/spec: 0.80645, eval/sens: 0.95652, test/loss: 1.24412, test/top-1-acc: 0.58197, test/balanced_acc: 0.56942, test/precision: 0.66031, test/recall: 0.56942, test/F1: 0.58683, test/spec: 0.85000, test/sens: 0.40476 BEST_EVAL_ACC: 0.9300, at 4089 iters BEST_TEST_ACC: 0.5820, at 4089 iters
[2024-03-01 01:44:18,554 INFO] 

epoch 81
[2024-03-01 01:45:17,527 INFO] validating...
[2024-03-01 01:45:21,043 INFO] model saved: saved_models/radformer/selfkd_v8_exp2_5/latest_model.pth
[2024-03-01 01:45:21,045 INFO] 4593 iteration, USE_EMA: True, train/sup_loss: 0.03989, train/unsup_loss: 0.03849, train/total_loss: 0.07838, train/util_ratio: 0.85714, train/run_time: 0.96082, lr: 0.00935, train/prefecth_time: 0.02245, eval/loss: 0.32858, eval/top-1-acc: 0.92000, eval/balanced_acc: 0.85123, eval/precision: 0.93376, eval/recall: 0.85123, eval/F1: 0.88729, eval/spec: 0.80645, eval/sens: 0.98551, test/loss: 1.25410, test/top-1-acc: 0.58197, test/balanced_acc: 0.56942, test/precision: 0.66031, test/recall: 0.56942, test/F1: 0.58683, test/spec: 0.85000, test/sens: 0.40476 BEST_EVAL_ACC: 0.9300, at 4089 iters BEST_TEST_ACC: 0.5820, at 4089 iters
[2024-03-01 01:45:21,048 INFO] 

epoch 82
[2024-03-01 01:46:20,099 INFO] validating...
[2024-03-01 01:46:23,822 INFO] model saved: saved_models/radformer/selfkd_v8_exp2_5/latest_model.pth
[2024-03-01 01:46:23,824 INFO] 4649 iteration, USE_EMA: True, train/sup_loss: 0.02081, train/unsup_loss: 0.03141, train/total_loss: 0.05222, train/util_ratio: 0.84821, train/run_time: 0.95430, lr: 0.00908, train/prefecth_time: 0.02916, eval/loss: 0.32249, eval/top-1-acc: 0.91000, eval/balanced_acc: 0.83276, eval/precision: 0.91997, eval/recall: 0.83276, eval/F1: 0.86876, eval/spec: 0.80645, eval/sens: 0.97101, test/loss: 1.26310, test/top-1-acc: 0.58197, test/balanced_acc: 0.56942, test/precision: 0.66031, test/recall: 0.56942, test/F1: 0.58683, test/spec: 0.85000, test/sens: 0.40476 BEST_EVAL_ACC: 0.9300, at 4089 iters BEST_TEST_ACC: 0.5820, at 4089 iters
[2024-03-01 01:46:23,827 INFO] 

epoch 83
[2024-03-01 01:47:23,037 INFO] validating...
[2024-03-01 01:47:26,880 INFO] model saved: saved_models/radformer/selfkd_v8_exp2_5/latest_model.pth
[2024-03-01 01:47:26,882 INFO] 4705 iteration, USE_EMA: True, train/sup_loss: 0.02555, train/unsup_loss: 0.03292, train/total_loss: 0.05847, train/util_ratio: 0.79464, train/run_time: 0.94501, lr: 0.00881, train/prefecth_time: 0.02556, eval/loss: 0.33138, eval/top-1-acc: 0.89000, eval/balanced_acc: 0.79943, eval/precision: 0.87261, eval/recall: 0.79943, eval/F1: 0.83127, eval/spec: 0.77419, eval/sens: 0.97101, test/loss: 1.28667, test/top-1-acc: 0.57377, test/balanced_acc: 0.55866, test/precision: 0.65614, test/recall: 0.55866, test/F1: 0.57624, test/spec: 0.85000, test/sens: 0.40476 BEST_EVAL_ACC: 0.9300, at 4089 iters BEST_TEST_ACC: 0.5820, at 4089 iters
[2024-03-01 01:47:26,885 INFO] 

epoch 84
[2024-03-01 01:48:26,119 INFO] validating...
[2024-03-01 01:48:29,584 INFO] model saved: saved_models/radformer/selfkd_v8_exp2_5/latest_model.pth
[2024-03-01 01:48:29,585 INFO] 4761 iteration, USE_EMA: True, train/sup_loss: 0.00637, train/unsup_loss: 0.03197, train/total_loss: 0.03834, train/util_ratio: 0.79464, train/run_time: 0.94336, lr: 0.00853, train/prefecth_time: 0.02417, eval/loss: 0.36761, eval/top-1-acc: 0.90000, eval/balanced_acc: 0.82793, eval/precision: 0.90556, eval/recall: 0.82793, eval/F1: 0.85943, eval/spec: 0.80645, eval/sens: 0.95652, test/loss: 1.28398, test/top-1-acc: 0.57377, test/balanced_acc: 0.55866, test/precision: 0.65614, test/recall: 0.55866, test/F1: 0.57624, test/spec: 0.85000, test/sens: 0.40476 BEST_EVAL_ACC: 0.9300, at 4089 iters BEST_TEST_ACC: 0.5820, at 4089 iters
[2024-03-01 01:48:29,590 INFO] 

epoch 85
[2024-03-01 01:49:28,514 INFO] validating...
[2024-03-01 01:49:32,652 INFO] model saved: saved_models/radformer/selfkd_v8_exp2_5/latest_model.pth
[2024-03-01 01:49:32,654 INFO] 4817 iteration, USE_EMA: True, train/sup_loss: 0.02571, train/unsup_loss: 0.01759, train/total_loss: 0.04331, train/util_ratio: 0.76786, train/run_time: 0.94636, lr: 0.00825, train/prefecth_time: 0.04398, eval/loss: 0.36234, eval/top-1-acc: 0.88000, eval/balanced_acc: 0.78276, eval/precision: 0.89803, eval/recall: 0.78276, eval/F1: 0.82949, eval/spec: 0.70968, eval/sens: 0.97101, test/loss: 1.28020, test/top-1-acc: 0.59016, test/balanced_acc: 0.58017, test/precision: 0.66435, test/recall: 0.58017, test/F1: 0.59710, test/spec: 0.85000, test/sens: 0.40476 BEST_EVAL_ACC: 0.9300, at 4089 iters BEST_TEST_ACC: 0.5820, at 4089 iters
[2024-03-01 01:49:32,658 INFO] 

epoch 86
[2024-03-01 01:50:31,740 INFO] validating...
[2024-03-01 01:50:35,241 INFO] model saved: saved_models/radformer/selfkd_v8_exp2_5/latest_model.pth
[2024-03-01 01:50:35,242 INFO] 4873 iteration, USE_EMA: True, train/sup_loss: 0.01160, train/unsup_loss: 0.04186, train/total_loss: 0.05346, train/util_ratio: 0.84821, train/run_time: 0.94216, lr: 0.00797, train/prefecth_time: 0.02781, eval/loss: 0.35314, eval/top-1-acc: 0.88000, eval/balanced_acc: 0.79460, eval/precision: 0.88989, eval/recall: 0.79460, eval/F1: 0.83401, eval/spec: 0.74194, eval/sens: 0.95652, test/loss: 1.28663, test/top-1-acc: 0.58197, test/balanced_acc: 0.56942, test/precision: 0.66031, test/recall: 0.56942, test/F1: 0.58683, test/spec: 0.85000, test/sens: 0.40476 BEST_EVAL_ACC: 0.9300, at 4089 iters BEST_TEST_ACC: 0.5820, at 4089 iters
[2024-03-01 01:50:35,245 INFO] 

epoch 87
[2024-03-01 01:51:33,975 INFO] validating...
[2024-03-01 01:51:37,732 INFO] model saved: saved_models/radformer/selfkd_v8_exp2_5/latest_model.pth
[2024-03-01 01:51:37,733 INFO] 4929 iteration, USE_EMA: True, train/sup_loss: 0.02730, train/unsup_loss: 0.02318, train/total_loss: 0.05049, train/util_ratio: 0.78571, train/run_time: 0.95090, lr: 0.00769, train/prefecth_time: 0.03126, eval/loss: 0.30298, eval/top-1-acc: 0.92000, eval/balanced_acc: 0.84943, eval/precision: 0.92685, eval/recall: 0.84943, eval/F1: 0.88082, eval/spec: 0.83871, eval/sens: 0.97101, test/loss: 1.31169, test/top-1-acc: 0.58197, test/balanced_acc: 0.56942, test/precision: 0.66031, test/recall: 0.56942, test/F1: 0.58683, test/spec: 0.85000, test/sens: 0.40476 BEST_EVAL_ACC: 0.9300, at 4089 iters BEST_TEST_ACC: 0.5820, at 4089 iters
[2024-03-01 01:51:37,736 INFO] 

epoch 88
[2024-03-01 01:52:36,849 INFO] validating...
[2024-03-01 01:52:40,420 INFO] model saved: saved_models/radformer/selfkd_v8_exp2_5/latest_model.pth
[2024-03-01 01:52:40,421 INFO] 4985 iteration, USE_EMA: True, train/sup_loss: 0.02330, train/unsup_loss: 0.02490, train/total_loss: 0.04820, train/util_ratio: 0.83036, train/run_time: 0.94733, lr: 0.00741, train/prefecth_time: 0.02233, eval/loss: 0.40186, eval/top-1-acc: 0.89000, eval/balanced_acc: 0.81126, eval/precision: 0.89786, eval/recall: 0.81126, eval/F1: 0.84697, eval/spec: 0.77419, eval/sens: 0.95652, test/loss: 1.28470, test/top-1-acc: 0.58197, test/balanced_acc: 0.56942, test/precision: 0.66031, test/recall: 0.56942, test/F1: 0.58683, test/spec: 0.85000, test/sens: 0.40476 BEST_EVAL_ACC: 0.9300, at 4089 iters BEST_TEST_ACC: 0.5820, at 4089 iters
[2024-03-01 01:52:40,424 INFO] 

epoch 89
[2024-03-01 01:53:39,319 INFO] validating...
[2024-03-01 01:53:42,748 INFO] model saved: saved_models/radformer/selfkd_v8_exp2_5/latest_model.pth
[2024-03-01 01:53:42,750 INFO] 5041 iteration, USE_EMA: True, train/sup_loss: 0.01167, train/unsup_loss: 0.01635, train/total_loss: 0.02802, train/util_ratio: 0.77679, train/run_time: 0.94046, lr: 0.00713, train/prefecth_time: 0.02863, eval/loss: 0.40964, eval/top-1-acc: 0.88000, eval/balanced_acc: 0.79460, eval/precision: 0.85693, eval/recall: 0.79460, eval/F1: 0.82214, eval/spec: 0.77419, eval/sens: 0.95652, test/loss: 1.31095, test/top-1-acc: 0.58197, test/balanced_acc: 0.56942, test/precision: 0.66031, test/recall: 0.56942, test/F1: 0.58683, test/spec: 0.85000, test/sens: 0.40476 BEST_EVAL_ACC: 0.9300, at 4089 iters BEST_TEST_ACC: 0.5820, at 4089 iters
[2024-03-01 01:53:42,754 INFO] 

epoch 90
[2024-03-01 01:54:42,144 INFO] validating...
[2024-03-01 01:54:45,770 INFO] model saved: saved_models/radformer/selfkd_v8_exp2_5/latest_model.pth
[2024-03-01 01:54:45,772 INFO] 5097 iteration, USE_EMA: True, train/sup_loss: 0.00859, train/unsup_loss: 0.02256, train/total_loss: 0.03115, train/util_ratio: 0.82143, train/run_time: 0.94243, lr: 0.00684, train/prefecth_time: 0.03281, eval/loss: 0.31294, eval/top-1-acc: 0.91000, eval/balanced_acc: 0.83276, eval/precision: 0.91997, eval/recall: 0.83276, eval/F1: 0.86876, eval/spec: 0.80645, eval/sens: 0.97101, test/loss: 1.30162, test/top-1-acc: 0.58197, test/balanced_acc: 0.56942, test/precision: 0.66031, test/recall: 0.56942, test/F1: 0.58683, test/spec: 0.85000, test/sens: 0.40476 BEST_EVAL_ACC: 0.9300, at 4089 iters BEST_TEST_ACC: 0.5820, at 4089 iters
[2024-03-01 01:54:45,775 INFO] 

epoch 91
[2024-03-01 01:55:44,552 INFO] validating...
[2024-03-01 01:55:47,858 INFO] model saved: saved_models/radformer/selfkd_v8_exp2_5/latest_model.pth
[2024-03-01 01:55:47,860 INFO] 5153 iteration, USE_EMA: True, train/sup_loss: 0.02028, train/unsup_loss: 0.03821, train/total_loss: 0.05848, train/util_ratio: 0.83036, train/run_time: 0.95992, lr: 0.00655, train/prefecth_time: 0.02324, eval/loss: 0.33771, eval/top-1-acc: 0.89000, eval/balanced_acc: 0.83674, eval/precision: 0.88850, eval/recall: 0.83674, eval/F1: 0.85952, eval/spec: 0.80645, eval/sens: 0.94203, test/loss: 1.30887, test/top-1-acc: 0.58197, test/balanced_acc: 0.56942, test/precision: 0.66031, test/recall: 0.56942, test/F1: 0.58683, test/spec: 0.85000, test/sens: 0.40476 BEST_EVAL_ACC: 0.9300, at 4089 iters BEST_TEST_ACC: 0.5820, at 4089 iters
[2024-03-01 01:55:47,864 INFO] 

epoch 92
[2024-03-01 01:56:46,723 INFO] validating...
[2024-03-01 01:56:50,071 INFO] model saved: saved_models/radformer/selfkd_v8_exp2_5/latest_model.pth
[2024-03-01 01:56:50,072 INFO] 5209 iteration, USE_EMA: True, train/sup_loss: 0.02146, train/unsup_loss: 0.02542, train/total_loss: 0.04688, train/util_ratio: 0.80357, train/run_time: 0.95840, lr: 0.00626, train/prefecth_time: 0.02165, eval/loss: 0.30100, eval/top-1-acc: 0.90000, eval/balanced_acc: 0.81430, eval/precision: 0.87137, eval/recall: 0.81430, eval/F1: 0.83632, eval/spec: 0.83871, eval/sens: 0.95652, test/loss: 1.30298, test/top-1-acc: 0.58197, test/balanced_acc: 0.56942, test/precision: 0.65608, test/recall: 0.56942, test/F1: 0.58626, test/spec: 0.83750, test/sens: 0.40476 BEST_EVAL_ACC: 0.9300, at 4089 iters BEST_TEST_ACC: 0.5820, at 4089 iters
[2024-03-01 01:56:50,080 INFO] 

epoch 93
[2024-03-01 01:57:48,954 INFO] validating...
[2024-03-01 01:57:52,206 INFO] model saved: saved_models/radformer/selfkd_v8_exp2_5/latest_model.pth
[2024-03-01 01:57:52,208 INFO] 5265 iteration, USE_EMA: True, train/sup_loss: 0.01355, train/unsup_loss: 0.01571, train/total_loss: 0.02926, train/util_ratio: 0.82143, train/run_time: 0.96091, lr: 0.00597, train/prefecth_time: 0.02300, eval/loss: 0.38709, eval/top-1-acc: 0.91000, eval/balanced_acc: 0.87007, eval/precision: 0.90492, eval/recall: 0.87007, eval/F1: 0.88385, eval/spec: 0.87097, eval/sens: 0.94203, test/loss: 1.32328, test/top-1-acc: 0.58197, test/balanced_acc: 0.56942, test/precision: 0.66031, test/recall: 0.56942, test/F1: 0.58683, test/spec: 0.85000, test/sens: 0.40476 BEST_EVAL_ACC: 0.9300, at 4089 iters BEST_TEST_ACC: 0.5820, at 4089 iters
[2024-03-01 01:57:52,211 INFO] 

epoch 94
[2024-03-01 01:58:50,896 INFO] validating...
[2024-03-01 01:58:54,389 INFO] model saved: saved_models/radformer/selfkd_v8_exp2_5/latest_model.pth
[2024-03-01 01:58:55,206 INFO] model saved: saved_models/radformer/selfkd_v8_exp2_5/model_best.pth
[2024-03-01 01:58:55,207 INFO] 5321 iteration, USE_EMA: True, train/sup_loss: 0.01233, train/unsup_loss: 0.02019, train/total_loss: 0.03253, train/util_ratio: 0.78571, train/run_time: 0.95478, lr: 0.00568, train/prefecth_time: 0.02321, eval/loss: 0.29887, eval/top-1-acc: 0.92000, eval/balanced_acc: 0.88854, eval/precision: 0.89802, eval/recall: 0.88854, eval/F1: 0.89308, eval/spec: 0.87097, eval/sens: 0.95652, test/loss: 1.32250, test/top-1-acc: 0.59016, test/balanced_acc: 0.58017, test/precision: 0.66435, test/recall: 0.58017, test/F1: 0.59710, test/spec: 0.85000, test/sens: 0.40476 BEST_EVAL_ACC: 0.9200, at 5321 iters BEST_TEST_ACC: 0.5902, at 5321 iters
[2024-03-01 01:58:55,210 INFO] 

epoch 95
[2024-03-01 01:59:53,787 INFO] validating...
[2024-03-01 01:59:57,091 INFO] model saved: saved_models/radformer/selfkd_v8_exp2_5/latest_model.pth
[2024-03-01 01:59:57,092 INFO] 5377 iteration, USE_EMA: True, train/sup_loss: 0.01184, train/unsup_loss: 0.02762, train/total_loss: 0.03946, train/util_ratio: 0.81250, train/run_time: 0.95835, lr: 0.00539, train/prefecth_time: 0.02201, eval/loss: 0.36805, eval/top-1-acc: 0.89000, eval/balanced_acc: 0.79943, eval/precision: 0.87261, eval/recall: 0.79943, eval/F1: 0.83127, eval/spec: 0.77419, eval/sens: 0.97101, test/loss: 1.32395, test/top-1-acc: 0.59016, test/balanced_acc: 0.58017, test/precision: 0.66435, test/recall: 0.58017, test/F1: 0.59710, test/spec: 0.85000, test/sens: 0.40476 BEST_EVAL_ACC: 0.9200, at 5321 iters BEST_TEST_ACC: 0.5902, at 5321 iters
[2024-03-01 01:59:57,095 INFO] 

epoch 96
[2024-03-01 02:00:56,027 INFO] validating...
[2024-03-01 02:00:59,299 INFO] model saved: saved_models/radformer/selfkd_v8_exp2_5/latest_model.pth
[2024-03-01 02:00:59,300 INFO] 5433 iteration, USE_EMA: True, train/sup_loss: 0.04211, train/unsup_loss: 0.01962, train/total_loss: 0.06173, train/util_ratio: 0.78571, train/run_time: 0.95288, lr: 0.00509, train/prefecth_time: 0.02135, eval/loss: 0.35805, eval/top-1-acc: 0.92000, eval/balanced_acc: 0.86307, eval/precision: 0.92422, eval/recall: 0.86307, eval/F1: 0.89029, eval/spec: 0.83871, eval/sens: 0.97101, test/loss: 1.31471, test/top-1-acc: 0.59836, test/balanced_acc: 0.59092, test/precision: 0.66419, test/recall: 0.59092, test/F1: 0.60655, test/spec: 0.83750, test/sens: 0.40476 BEST_EVAL_ACC: 0.9200, at 5321 iters BEST_TEST_ACC: 0.5902, at 5321 iters
[2024-03-01 02:00:59,304 INFO] 

epoch 97
[2024-03-01 02:01:58,057 INFO] validating...
[2024-03-01 02:02:01,449 INFO] model saved: saved_models/radformer/selfkd_v8_exp2_5/latest_model.pth
[2024-03-01 02:02:01,451 INFO] 5489 iteration, USE_EMA: True, train/sup_loss: 0.02713, train/unsup_loss: 0.02079, train/total_loss: 0.04792, train/util_ratio: 0.81250, train/run_time: 0.95575, lr: 0.00480, train/prefecth_time: 0.02344, eval/loss: 0.40094, eval/top-1-acc: 0.91000, eval/balanced_acc: 0.82093, eval/precision: 0.92967, eval/recall: 0.82093, eval/F1: 0.86579, eval/spec: 0.77419, eval/sens: 0.98551, test/loss: 1.32362, test/top-1-acc: 0.59836, test/balanced_acc: 0.59092, test/precision: 0.66829, test/recall: 0.59092, test/F1: 0.60707, test/spec: 0.85000, test/sens: 0.40476 BEST_EVAL_ACC: 0.9200, at 5321 iters BEST_TEST_ACC: 0.5902, at 5321 iters
[2024-03-01 02:02:01,454 INFO] 

epoch 98
[2024-03-01 02:03:00,248 INFO] validating...
[2024-03-01 02:03:03,621 INFO] model saved: saved_models/radformer/selfkd_v8_exp2_5/latest_model.pth
[2024-03-01 02:03:03,622 INFO] 5545 iteration, USE_EMA: True, train/sup_loss: 0.02776, train/unsup_loss: 0.01679, train/total_loss: 0.04455, train/util_ratio: 0.84821, train/run_time: 0.95021, lr: 0.00450, train/prefecth_time: 0.02355, eval/loss: 0.30196, eval/top-1-acc: 0.90000, eval/balanced_acc: 0.82793, eval/precision: 0.90556, eval/recall: 0.82793, eval/F1: 0.85943, eval/spec: 0.80645, eval/sens: 0.95652, test/loss: 1.30606, test/top-1-acc: 0.63115, test/balanced_acc: 0.62267, test/precision: 0.69155, test/recall: 0.62267, test/F1: 0.64044, test/spec: 0.83750, test/sens: 0.50000 BEST_EVAL_ACC: 0.9200, at 5321 iters BEST_TEST_ACC: 0.5902, at 5321 iters
[2024-03-01 02:03:03,626 INFO] 

epoch 99
[2024-03-01 02:04:02,470 INFO] validating...
[2024-03-01 02:04:05,928 INFO] model saved: saved_models/radformer/selfkd_v8_exp2_5/latest_model.pth
[2024-03-01 02:04:05,930 INFO] 5601 iteration, USE_EMA: True, train/sup_loss: 0.02388, train/unsup_loss: 0.03078, train/total_loss: 0.05466, train/util_ratio: 0.83929, train/run_time: 0.94819, lr: 0.00420, train/prefecth_time: 0.02405, eval/loss: 0.36678, eval/top-1-acc: 0.89000, eval/balanced_acc: 0.82490, eval/precision: 0.89396, eval/recall: 0.82490, eval/F1: 0.85547, eval/spec: 0.77419, eval/sens: 0.95652, test/loss: 1.31906, test/top-1-acc: 0.59836, test/balanced_acc: 0.58811, test/precision: 0.67130, test/recall: 0.58811, test/F1: 0.60582, test/spec: 0.85000, test/sens: 0.42857 BEST_EVAL_ACC: 0.9200, at 5321 iters BEST_TEST_ACC: 0.5902, at 5321 iters
[2024-03-01 02:04:06,595 INFO] model saved: saved_models/radformer/selfkd_v8_exp2_5/latest_model.pth
[2024-03-01 02:04:07,017 INFO] Model loaded
wandb: - 0.009 MB of 0.009 MB uploadedwandb: \ 0.009 MB of 0.009 MB uploadedwandb: | 0.009 MB of 0.105 MB uploadedwandb: / 0.013 MB of 0.105 MB uploadedwandb: - 0.105 MB of 0.105 MB uploadedwandb: \ 0.105 MB of 0.105 MB uploadedwandb: | 0.105 MB of 0.105 MB uploadedwandb:                                                                                
wandb: 
wandb: Run history:
wandb:          eval/F1 â–â–„â–…â–…â–†â–†â–†â–†â–†â–†â–‡â–‡â–‡â–‡â–‡â–‡â–‡â–ˆâ–‡â–ˆâ–‡â–‡â–‡â–ˆâ–ˆâ–ˆâ–ˆâ–‡â–‡â–‡â–ˆâ–‡â–ˆâ–‡â–‡â–ˆâ–ˆâ–ˆâ–ˆâ–ˆ
wandb:    eval/best-acc â–â–ƒâ–„â–„â–„â–…â–†â–†â–†â–†â–†â–‡â–‡â–‡â–ˆâ–ˆâ–ˆâ–ˆâ–ˆâ–ˆâ–ˆâ–ˆâ–ˆ
wandb:   eval/precision â–â–„â–†â–†â–†â–‡â–‡â–‡â–‡â–‡â–‡â–‡â–‡â–‡â–‡â–‡â–‡â–ˆâ–ˆâ–ˆâ–ˆâ–‡â–‡â–ˆâ–ˆâ–ˆâ–ˆâ–‡â–‡â–‡â–ˆâ–‡â–ˆâ–‡â–ˆâ–ˆâ–ˆâ–ˆâ–ˆâ–ˆ
wandb:      eval/recall â–â–ƒâ–…â–…â–…â–…â–…â–†â–…â–†â–‡â–‡â–‡â–‡â–‡â–‡â–‡â–‡â–‡â–‡â–‡â–‡â–‡â–ˆâ–‡â–‡â–‡â–‡â–‡â–‡â–‡â–‡â–ˆâ–‡â–‡â–‡â–ˆâ–ˆâ–ˆâ–‡
wandb:   eval/top-1-acc â–â–†â–‡â–†â–‡â–‡â–‡â–‡â–‡â–‡â–‡â–‡â–‡â–ˆâ–ˆâ–‡â–‡â–ˆâ–ˆâ–ˆâ–ˆâ–ˆâ–‡â–ˆâ–ˆâ–ˆâ–ˆâ–ˆâ–‡â–ˆâ–ˆâ–ˆâ–ˆâ–ˆâ–ˆâ–ˆâ–ˆâ–ˆâ–ˆâ–ˆ
wandb:               lr â–â–ƒâ–…â–‡â–ˆâ–ˆâ–ˆâ–ˆâ–ˆâ–ˆâ–ˆâ–ˆâ–ˆâ–ˆâ–‡â–‡â–‡â–‡â–‡â–‡â–‡â–‡â–†â–†â–†â–†â–†â–…â–…â–…â–…â–…â–„â–„â–„â–„â–ƒâ–ƒâ–ƒâ–‚
wandb:          test/F1 â–â–â–‚â–‚â–ƒâ–ƒâ–ƒâ–ƒâ–ƒâ–„â–†â–†â–†â–†â–†â–†â–†â–†â–‡â–†â–‡â–‡â–‡â–‡â–‡â–‡â–‡â–‡â–‡â–‡â–‡â–‡â–ˆâ–‡â–ˆâ–ˆâ–ˆâ–ˆâ–ˆâ–ˆ
wandb:   test/precision â–â–†â–‚â–‚â–ƒâ–„â–„â–…â–…â–†â–‡â–‡â–‡â–‡â–‡â–‡â–‡â–‡â–ˆâ–‡â–ˆâ–ˆâ–ˆâ–ˆâ–ˆâ–ˆâ–ˆâ–ˆâ–ˆâ–ˆâ–ˆâ–ˆâ–ˆâ–ˆâ–ˆâ–ˆâ–ˆâ–ˆâ–ˆâ–ˆ
wandb:      test/recall â–â–‚â–‚â–ƒâ–ƒâ–„â–ƒâ–ƒâ–ƒâ–„â–…â–…â–…â–†â–†â–†â–†â–†â–†â–†â–†â–‡â–‡â–‡â–‡â–‡â–‡â–‡â–‡â–‡â–‡â–‡â–‡â–‡â–‡â–‡â–‡â–‡â–ˆâ–ˆ
wandb:   test/top-1-acc â–â–‚â–ƒâ–„â–„â–…â–„â–„â–„â–…â–†â–†â–†â–†â–†â–†â–‡â–‡â–‡â–‡â–‡â–‡â–‡â–‡â–‡â–‡â–ˆâ–‡â–‡â–‡â–‡â–‡â–ˆâ–‡â–ˆâ–ˆâ–ˆâ–ˆâ–ˆâ–ˆ
wandb:   train/run_time â–‚â–„â–ƒâ–â–„â–â–‡â–ƒâ–ƒâ–ƒâ–‚â–ƒâ–‚â–â–„â–ƒâ–‚â–ƒâ–„â–…â–‚â–„â–ƒâ–ˆâ–ƒâ–‚â–‚â–‚â–…â–„â–‚â–„â–†â–‚â–‚â–ƒâ–…â–†â–‡â–ƒ
wandb:   train/sup_loss â–ˆâ–…â–ƒâ–ƒâ–ƒâ–‚â–‚â–‚â–â–â–â–â–â–â–â–â–â–â–â–â–â–â–â–â–â–â–â–â–â–â–â–â–â–â–â–â–â–â–â–
wandb: train/total_loss â–ˆâ–…â–„â–ƒâ–„â–ƒâ–‚â–‚â–‚â–‚â–‚â–‚â–‚â–‚â–â–â–â–â–â–â–â–â–â–â–â–â–â–â–â–â–â–â–â–â–â–â–â–â–â–
wandb: train/unsup_loss â–ˆâ–†â–…â–…â–…â–„â–„â–ƒâ–ƒâ–‚â–‚â–‚â–‚â–‚â–‚â–‚â–‚â–‚â–‚â–‚â–â–â–â–â–â–â–â–â–â–â–â–â–â–â–â–â–â–â–â–
wandb: train/util_ratio â–„â–…â–…â–„â–†â–…â–ˆâ–†â–†â–ƒâ–…â–…â–†â–„â–†â–‡â–†â–‡â–ˆâ–†â–†â–„â–†â–ƒâ–‡â–‡â–â–…â–†â–…â–ˆâ–†â–ˆâ–„â–‡â–†â–…â–†â–ƒâ–‡
wandb: 
wandb: Run summary:
wandb:          eval/F1 0.85547
wandb:    eval/best-acc 0.92
wandb:   eval/precision 0.89396
wandb:      eval/recall 0.8249
wandb:   eval/top-1-acc 0.89
wandb:               lr 0.0042
wandb:          test/F1 0.60582
wandb:   test/precision 0.6713
wandb:      test/recall 0.58811
wandb:   test/top-1-acc 0.59836
wandb:   train/run_time 0.94819
wandb:   train/sup_loss 0.02388
wandb: train/total_loss 0.05466
wandb: train/unsup_loss 0.03078
wandb: train/util_ratio 0.83929
wandb: 
wandb: ðŸš€ View run selfkd_v8_exp2_5 at: https://wandb.ai/satwikdpshrit/radformer/runs/v73nn661
wandb: ï¸âš¡ View job at https://wandb.ai/satwikdpshrit/radformer/jobs/QXJ0aWZhY3RDb2xsZWN0aW9uOjE0Mzc3ODU5NQ==/version_details/v0
wandb: Synced 6 W&B file(s), 0 media file(s), 0 artifact file(s) and 0 other file(s)
wandb: Find logs at: saved_models/radformer/wandb/selfkd_v8_exp2_5/wandb/run-20240301_001814-v73nn661/logs
[2024-03-01 02:04:17,885 INFO] Model result - eval/best_f1 : 0.8930813391245046
[2024-03-01 02:04:17,885 INFO] Model result - eval/best_it : 5320
[2024-03-01 02:04:17,885 INFO] Model result - test/best_acc : 0.5901639344262295
[2024-03-01 02:04:21,551 INFO] Best model on target dataset (without EMA): acc = 0.6230, agreement = 0.6393, spec = 0.84, sens = 0.48
[2024-03-01 02:04:25,154 INFO] Best model on target dataset (with EMA): acc = 0.5902, agreement = 0.6148, spec = 0.85, sens = 0.40
[2024-03-01 02:04:25,154 WARNING] GPU 0 training is FINISHED
