[2024-03-01 00:17:40,135 INFO] Use GPU: None for training
[2024-03-01 00:17:40,135 INFO] 

[2024-03-01 00:17:41,851 INFO] Total params: 109.04M
[2024-03-01 00:17:52,391 INFO] acc: 0.90
[2024-03-01 00:17:52,405 INFO] Victim model accuracy = 0.9016, spec = 0.90, sens = 0.93
[2024-03-01 00:17:52,405 INFO] Loading thief dataset ...
[2024-03-01 00:17:52,407 INFO] 
Initializing thief model ...


Loaded supervised labeled set of length  900
Labeled set expanded to length  900 , unique indices  900
dataset root /home/deepankar/mnt/vision3_data_ckpts_msa_medical/GBUSV-Shared
Num of videos 64 frames 15800
15800
15800
Num of videos 64 frames 15800
  0%|          | 0/8 [00:00<?, ?it/s] 12%|â–ˆâ–Ž        | 1/8 [00:06<00:47,  6.75s/it] 25%|â–ˆâ–ˆâ–Œ       | 2/8 [00:09<00:25,  4.30s/it] 38%|â–ˆâ–ˆâ–ˆâ–Š      | 3/8 [00:11<00:16,  3.32s/it] 50%|â–ˆâ–ˆâ–ˆâ–ˆâ–ˆ     | 4/8 [00:13<00:11,  2.81s/it] 62%|â–ˆâ–ˆâ–ˆâ–ˆâ–ˆâ–ˆâ–Ž   | 5/8 [00:15<00:07,  2.61s/it] 75%|â–ˆâ–ˆâ–ˆâ–ˆâ–ˆâ–ˆâ–ˆâ–Œ  | 6/8 [00:18<00:05,  2.60s/it] 88%|â–ˆâ–ˆâ–ˆâ–ˆâ–ˆâ–ˆâ–ˆâ–ˆâ–Š | 7/8 [00:20<00:02,  2.56s/it]100%|â–ˆâ–ˆâ–ˆâ–ˆâ–ˆâ–ˆâ–ˆâ–ˆâ–ˆâ–ˆ| 8/8 [00:22<00:00,  2.21s/it]100%|â–ˆâ–ˆâ–ˆâ–ˆâ–ˆâ–ˆâ–ˆâ–ˆâ–ˆâ–ˆ| 8/8 [00:22<00:00,  2.80s/it]
Num of videos 64 frames 15800
  0%|          | 0/1 [00:00<?, ?it/s]100%|â–ˆâ–ˆâ–ˆâ–ˆâ–ˆâ–ˆâ–ˆâ–ˆâ–ˆâ–ˆ| 1/1 [00:04<00:00,  4.86s/it]100%|â–ˆâ–ˆâ–ˆâ–ˆâ–ˆâ–ˆâ–ˆâ–ˆâ–ˆâ–ˆ| 1/1 [00:04<00:00,  4.95s/it]
[2024-03-01 00:18:19,810 INFO] unlabeled data number: 15800, labeled data number 900
[2024-03-01 00:18:19,810 INFO] Create train and test data loaders
[2024-03-01 00:18:19,810 INFO] [!] data loader keys: dict_keys(['train_lb', 'train_ulb', 'eval', 'test'])
[2024-03-01 00:18:20,626 INFO] Create optimizer and scheduler
[2024-03-01 00:18:20,633 INFO] Number of Trainable Params: 23514179
Num of videos 64 frames 15800
Load pretrained model for initializing the thief from  /home/deepankar/mnt/vision3_data_ckpts_msa_medical/ckpts/resnet50-imagenet1k.pth
key not found fc.weight
key not found fc.bias
Common keys pretrained model:  318
Load anchor model /home/deepankar/scratch/MSA_Medical/results_1k/gbusg_radformer/GBUSV_resnet50/SGD/1000_val100/random_v1_0.005_transforms/trial_4_cycle_1_best.pth
thief state:  ['conv1.weight', 'bn1.weight', 'bn1.bias', 'bn1.running_mean', 'bn1.running_var']
pretrained state:  ['conv1.weight', 'bn1.weight', 'bn1.bias', 'bn1.running_mean', 'bn1.running_var']
Common keys anchor model:  320
[2024-03-01 00:18:28,315 INFO] Anchor model on target dataset: acc = 0.6393, spec = 0.84, sens = 0.57
[2024-03-01 00:18:28,649 INFO] Arguments: Namespace(T=0.5, algorithm='selfkd', amp=False, batch_size=16, c='configs/gbc/selfkd.yaml', clip=0.0, clip_grad=0, crop_ratio=0.875, data_dir='./data', dataset='GBUSV', device=device(type='cuda'), dist_backend='nccl', dist_url='tcp://127.0.0.1:23481', distributed=False, ds_seed=123, ema_m=0.999, epoch=100, eval_batch_size=16, eval_step=234, expand_labels=True, gpu=None, hard_label=True, imb_algorithm=None, img_size=224, include_lb_to_ulb=True, kd_alpha=0.4, kd_alpha_ulb=0.5, kd_temp=1.5, kd_temp_ulb=1.5, la=False, labeled_set_path='/home/deepankar/scratch/MSA_Medical/results_1k/gbusg_radformer/GBUSV_resnet50/SGD/1000_val100/random_v1_0.005_transforms/X_trial_4_cycle_1_labeled_set.npy', layer_decay=0.5, lb_dest_len=900, lb_imb_ratio=1, load_labeled_set=True, load_path=None, local_rank=-1, lr=0.02, max_length=512, max_length_seconds=4.0, momentum=0.9, multiprocessing_distributed=False, net='resnet50', net_from_name=False, no_progress=True, num_classes=3, num_eval_iter=234, num_labels=5000, num_log_iter=234, num_train_iter=900000, num_warmup_iter=5120, num_workers=4, optim='SGD', overwrite=True, p_cutoff=0.95, pretrain_path='', pretrained_dir='/home/deepankar/mnt/vision3_data_ckpts_msa_medical/ckpts/resnet50-imagenet1k.pth', rank=0, resume=False, sample_rate=16000, save_dir='saved_models/radformer', save_name='selfkd_v8_exp2_4', scheduler_type='cosine', seed=5, subset=128116, thief_root='/home/deepankar/mnt/vision3_data_ckpts_msa_medical/GBUSV-Shared', train_sampler='RandomSampler', tro=1, ulb_dest_len=15800, ulb_imb_ratio=1, ulb_loss_ratio=1.0, ulb_num_labels=None, uratio=7, use_aim=False, use_cat=True, use_pretrain=True, use_tensorboard=True, use_wandb=True, val_set_path='/home/deepankar/scratch/MSA_Medical/results_1k/gbusg_radformer/GBUSV_resnet50/SGD/1000_val100/random_v1_0.005_transforms/X_trial_4_cycle_1_val_set.npy', victim_arch='radformer', victim_data_root='/home/deepankar/mnt/vision3_data_ckpts_msa_medical/GBCU-Shared', victim_dataset='gbusg', victim_model_path='/home/deepankar/mnt/vision3_data_ckpts_msa_medical/victim_models/radformer/radformer.pkl', warmstart=False, warmstart_dir='/home/deepankar/scratch/MSA_Medical/results_1k/gbusg_radformer/GBUSV_resnet50/SGD/1000_val100/random_v1_0.005_transforms/trial_4_cycle_1_best.pth', warmup=0, warmup_epoch=10, weight_decay=0.0005, world_size=1)
[2024-03-01 00:18:28,649 INFO] Validation set distribution: 
anchor model temp =  1.0
Number of samples  100
[2024-03-01 00:18:29,371 INFO] {0: 19, 1: 24, 2: 57}
[2024-03-01 00:18:29,372 INFO] Labeled set distribution: 
Number of samples  900
[2024-03-01 00:18:31,833 INFO] {0: 114, 1: 209, 2: 573}
[2024-03-01 00:18:36,288 INFO] Initial model on target dataset (without EMA): acc = 0.3934, agreement = 0.3770, spec = 0.42, sens = 0.55
[2024-03-01 00:18:36,289 INFO] Resume load path None does not exist
[2024-03-01 00:18:36,289 INFO] 
Model training
wandb: Currently logged in as: satwikdpshrit. Use `wandb login --relogin` to force relogin
wandb: - Waiting for wandb.init()...wandb: \ Waiting for wandb.init()...wandb: Tracking run with wandb version 0.16.3
wandb: Run data is saved locally in saved_models/radformer/wandb/selfkd_v8_exp2_4/wandb/run-20240301_001838-ieutcten
wandb: Run `wandb offline` to turn off syncing.
wandb: Syncing run selfkd_v8_exp2_4
wandb: â­ï¸ View project at https://wandb.ai/satwikdpshrit/radformer
wandb: ðŸš€ View run at https://wandb.ai/satwikdpshrit/radformer/runs/ieutcten
[2024-03-01 00:18:42,225 INFO] 

epoch 0
[2024-03-01 00:19:45,355 INFO] validating...
[2024-03-01 00:19:49,063 INFO] model saved: saved_models/radformer/selfkd_v8_exp2_4/latest_model.pth
[2024-03-01 00:19:49,643 INFO] model saved: saved_models/radformer/selfkd_v8_exp2_4/model_best.pth
[2024-03-01 00:19:49,644 INFO] 57 iteration, USE_EMA: True, train/sup_loss: 1.49429, train/unsup_loss: 0.84676, train/total_loss: 2.34106, train/util_ratio: 0.74107, train/run_time: 0.94863, lr: 0.00000, train/prefecth_time: 0.04059, eval/loss: 1.12960, eval/top-1-acc: 0.19000, eval/balanced_acc: 0.20687, eval/precision: 0.20463, eval/recall: 0.20687, eval/F1: 0.18384, eval/spec: 0.62791, eval/sens: 0.14035, test/loss: 1.09571, test/top-1-acc: 0.36066, test/balanced_acc: 0.33670, test/precision: 0.34244, test/recall: 0.33670, test/F1: 0.30303, test/spec: 0.40000, test/sens: 0.61905 BEST_EVAL_ACC: 0.1900, at 57 iters BEST_TEST_ACC: 0.3607, at 57 iters
[2024-03-01 00:19:49,647 INFO] 

epoch 1
[2024-03-01 00:20:49,959 INFO] validating...
[2024-03-01 00:20:53,886 INFO] model saved: saved_models/radformer/selfkd_v8_exp2_4/latest_model.pth
[2024-03-01 00:20:54,589 INFO] model saved: saved_models/radformer/selfkd_v8_exp2_4/model_best.pth
[2024-03-01 00:20:54,591 INFO] 113 iteration, USE_EMA: True, train/sup_loss: 1.02746, train/unsup_loss: 0.63972, train/total_loss: 1.66718, train/util_ratio: 0.77679, train/run_time: 0.94557, lr: 0.00200, train/prefecth_time: 0.02728, eval/loss: 1.07196, eval/top-1-acc: 0.44000, eval/balanced_acc: 0.31725, eval/precision: 0.30710, eval/recall: 0.31725, eval/F1: 0.30932, eval/spec: 0.30233, eval/sens: 0.64912, test/loss: 1.09191, test/top-1-acc: 0.37705, test/balanced_acc: 0.35656, test/precision: 0.44324, test/recall: 0.35656, test/F1: 0.28092, test/spec: 0.20000, test/sens: 0.83333 BEST_EVAL_ACC: 0.4400, at 113 iters BEST_TEST_ACC: 0.3770, at 113 iters
[2024-03-01 00:20:54,595 INFO] 

epoch 2
[2024-03-01 00:21:54,202 INFO] validating...
[2024-03-01 00:21:58,042 INFO] model saved: saved_models/radformer/selfkd_v8_exp2_4/latest_model.pth
[2024-03-01 00:21:58,701 INFO] model saved: saved_models/radformer/selfkd_v8_exp2_4/model_best.pth
[2024-03-01 00:21:58,702 INFO] 169 iteration, USE_EMA: True, train/sup_loss: 1.11367, train/unsup_loss: 0.62896, train/total_loss: 1.74263, train/util_ratio: 0.81250, train/run_time: 0.95113, lr: 0.00400, train/prefecth_time: 0.02831, eval/loss: 1.02085, eval/top-1-acc: 0.62000, eval/balanced_acc: 0.46491, eval/precision: 0.59472, eval/recall: 0.46491, eval/F1: 0.47598, eval/spec: 0.30233, eval/sens: 0.91228, test/loss: 1.09013, test/top-1-acc: 0.40164, test/balanced_acc: 0.37470, test/precision: 0.61685, test/recall: 0.37470, test/F1: 0.31250, test/spec: 0.28750, test/sens: 0.78571 BEST_EVAL_ACC: 0.6200, at 169 iters BEST_TEST_ACC: 0.4016, at 169 iters
[2024-03-01 00:21:58,705 INFO] 

epoch 3
[2024-03-01 00:22:58,769 INFO] validating...
[2024-03-01 00:23:02,742 INFO] model saved: saved_models/radformer/selfkd_v8_exp2_4/latest_model.pth
[2024-03-01 00:23:02,744 INFO] 225 iteration, USE_EMA: True, train/sup_loss: 0.77592, train/unsup_loss: 0.58513, train/total_loss: 1.36105, train/util_ratio: 0.78571, train/run_time: 0.95369, lr: 0.00600, train/prefecth_time: 0.03927, eval/loss: 0.99302, eval/top-1-acc: 0.61000, eval/balanced_acc: 0.44298, eval/precision: 0.52491, eval/recall: 0.44298, eval/F1: 0.44399, eval/spec: 0.39535, eval/sens: 0.92982, test/loss: 1.08627, test/top-1-acc: 0.40164, test/balanced_acc: 0.37016, test/precision: 0.60649, test/recall: 0.37016, test/F1: 0.31981, test/spec: 0.37500, test/sens: 0.69048 BEST_EVAL_ACC: 0.6200, at 169 iters BEST_TEST_ACC: 0.4016, at 169 iters
[2024-03-01 00:23:02,746 INFO] 

epoch 4
[2024-03-01 00:24:02,545 INFO] validating...
[2024-03-01 00:24:06,535 INFO] model saved: saved_models/radformer/selfkd_v8_exp2_4/latest_model.pth
[2024-03-01 00:24:07,242 INFO] model saved: saved_models/radformer/selfkd_v8_exp2_4/model_best.pth
[2024-03-01 00:24:07,244 INFO] 281 iteration, USE_EMA: True, train/sup_loss: 0.85188, train/unsup_loss: 0.57186, train/total_loss: 1.42375, train/util_ratio: 0.77679, train/run_time: 0.94465, lr: 0.00800, train/prefecth_time: 0.02960, eval/loss: 0.94277, eval/top-1-acc: 0.64000, eval/balanced_acc: 0.46491, eval/precision: 0.69466, eval/recall: 0.46491, eval/F1: 0.47611, eval/spec: 0.27907, eval/sens: 0.96491, test/loss: 1.07812, test/top-1-acc: 0.41803, test/balanced_acc: 0.37697, test/precision: 0.44415, test/recall: 0.37697, test/F1: 0.33565, test/spec: 0.55000, test/sens: 0.54762 BEST_EVAL_ACC: 0.6400, at 281 iters BEST_TEST_ACC: 0.4180, at 281 iters
[2024-03-01 00:24:07,247 INFO] 

epoch 5
[2024-03-01 00:25:07,391 INFO] validating...
[2024-03-01 00:25:11,668 INFO] model saved: saved_models/radformer/selfkd_v8_exp2_4/latest_model.pth
[2024-03-01 00:25:11,670 INFO] 337 iteration, USE_EMA: True, train/sup_loss: 0.69233, train/unsup_loss: 0.50418, train/total_loss: 1.19651, train/util_ratio: 0.77679, train/run_time: 0.94391, lr: 0.01000, train/prefecth_time: 0.02729, eval/loss: 0.90527, eval/top-1-acc: 0.58000, eval/balanced_acc: 0.39839, eval/precision: 0.45060, eval/recall: 0.39839, eval/F1: 0.38749, eval/spec: 0.41860, eval/sens: 0.91228, test/loss: 1.07048, test/top-1-acc: 0.43443, test/balanced_acc: 0.38263, test/precision: 0.61826, test/recall: 0.38263, test/F1: 0.33598, test/spec: 0.72500, test/sens: 0.38095 BEST_EVAL_ACC: 0.6400, at 281 iters BEST_TEST_ACC: 0.4180, at 281 iters
[2024-03-01 00:25:11,675 INFO] 

epoch 6
[2024-03-01 00:26:11,537 INFO] validating...
[2024-03-01 00:26:15,762 INFO] model saved: saved_models/radformer/selfkd_v8_exp2_4/latest_model.pth
[2024-03-01 00:26:16,601 INFO] model saved: saved_models/radformer/selfkd_v8_exp2_4/model_best.pth
[2024-03-01 00:26:16,603 INFO] 393 iteration, USE_EMA: True, train/sup_loss: 0.48597, train/unsup_loss: 0.49998, train/total_loss: 0.98595, train/util_ratio: 0.75000, train/run_time: 0.94780, lr: 0.01200, train/prefecth_time: 0.03847, eval/loss: 0.88515, eval/top-1-acc: 0.66000, eval/balanced_acc: 0.51170, eval/precision: 0.57018, eval/recall: 0.51170, eval/F1: 0.51679, eval/spec: 0.48837, eval/sens: 0.94737, test/loss: 1.06567, test/top-1-acc: 0.45082, test/balanced_acc: 0.39057, test/precision: 0.62931, test/recall: 0.39057, test/F1: 0.32799, test/spec: 0.82500, test/sens: 0.26190 BEST_EVAL_ACC: 0.6600, at 393 iters BEST_TEST_ACC: 0.4508, at 393 iters
[2024-03-01 00:26:16,607 INFO] 

epoch 7
[2024-03-01 00:27:16,510 INFO] validating...
[2024-03-01 00:27:20,660 INFO] model saved: saved_models/radformer/selfkd_v8_exp2_4/latest_model.pth
[2024-03-01 00:27:20,662 INFO] 449 iteration, USE_EMA: True, train/sup_loss: 0.36436, train/unsup_loss: 0.47424, train/total_loss: 0.83860, train/util_ratio: 0.78571, train/run_time: 0.94853, lr: 0.01400, train/prefecth_time: 0.02508, eval/loss: 0.87719, eval/top-1-acc: 0.62000, eval/balanced_acc: 0.43787, eval/precision: 0.57149, eval/recall: 0.43787, eval/F1: 0.43313, eval/spec: 0.46512, eval/sens: 0.94737, test/loss: 1.05547, test/top-1-acc: 0.45082, test/balanced_acc: 0.38830, test/precision: 0.64563, test/recall: 0.38830, test/F1: 0.31820, test/spec: 0.88750, test/sens: 0.21429 BEST_EVAL_ACC: 0.6600, at 393 iters BEST_TEST_ACC: 0.4508, at 393 iters
[2024-03-01 00:27:20,667 INFO] 

epoch 8
[2024-03-01 00:28:20,222 INFO] validating...
[2024-03-01 00:28:24,243 INFO] model saved: saved_models/radformer/selfkd_v8_exp2_4/latest_model.pth
[2024-03-01 00:28:24,244 INFO] 505 iteration, USE_EMA: True, train/sup_loss: 0.39303, train/unsup_loss: 0.51214, train/total_loss: 0.90517, train/util_ratio: 0.85714, train/run_time: 0.94777, lr: 0.01600, train/prefecth_time: 0.02653, eval/loss: 0.85521, eval/top-1-acc: 0.60000, eval/balanced_acc: 0.45468, eval/precision: 0.67974, eval/recall: 0.45468, eval/F1: 0.44295, eval/spec: 0.53488, eval/sens: 0.84211, test/loss: 1.05061, test/top-1-acc: 0.45082, test/balanced_acc: 0.38490, test/precision: 0.72493, test/recall: 0.38490, test/F1: 0.29836, test/spec: 0.97500, test/sens: 0.14286 BEST_EVAL_ACC: 0.6600, at 393 iters BEST_TEST_ACC: 0.4508, at 393 iters
[2024-03-01 00:28:24,246 INFO] 

epoch 9
[2024-03-01 00:29:24,603 INFO] validating...
[2024-03-01 00:29:28,575 INFO] model saved: saved_models/radformer/selfkd_v8_exp2_4/latest_model.pth
[2024-03-01 00:29:28,576 INFO] 561 iteration, USE_EMA: True, train/sup_loss: 0.23903, train/unsup_loss: 0.43992, train/total_loss: 0.67895, train/util_ratio: 0.76786, train/run_time: 0.95043, lr: 0.01800, train/prefecth_time: 0.03821, eval/loss: 0.84188, eval/top-1-acc: 0.61000, eval/balanced_acc: 0.44444, eval/precision: 0.67154, eval/recall: 0.44444, eval/F1: 0.43369, eval/spec: 0.53488, eval/sens: 0.89474, test/loss: 1.05173, test/top-1-acc: 0.44262, test/balanced_acc: 0.37415, test/precision: 0.39035, test/recall: 0.37415, test/F1: 0.27632, test/spec: 0.97500, test/sens: 0.14286 BEST_EVAL_ACC: 0.6600, at 393 iters BEST_TEST_ACC: 0.4508, at 393 iters
[2024-03-01 00:29:28,579 INFO] 

epoch 10
[2024-03-01 00:30:29,051 INFO] validating...
[2024-03-01 00:30:32,720 INFO] model saved: saved_models/radformer/selfkd_v8_exp2_4/latest_model.pth
[2024-03-01 00:30:32,721 INFO] 617 iteration, USE_EMA: True, train/sup_loss: 0.36609, train/unsup_loss: 0.41078, train/total_loss: 0.77687, train/util_ratio: 0.79464, train/run_time: 0.94833, lr: 0.02000, train/prefecth_time: 0.03682, eval/loss: 0.81668, eval/top-1-acc: 0.65000, eval/balanced_acc: 0.47588, eval/precision: 0.59380, eval/recall: 0.47588, eval/F1: 0.46253, eval/spec: 0.55814, eval/sens: 0.94737, test/loss: 1.04535, test/top-1-acc: 0.45902, test/balanced_acc: 0.39397, test/precision: 0.69929, test/recall: 0.39397, test/F1: 0.31791, test/spec: 0.95000, test/sens: 0.19048 BEST_EVAL_ACC: 0.6600, at 393 iters BEST_TEST_ACC: 0.4508, at 393 iters
[2024-03-01 00:30:32,725 INFO] 

epoch 11
[2024-03-01 00:31:33,420 INFO] validating...
[2024-03-01 00:31:37,412 INFO] model saved: saved_models/radformer/selfkd_v8_exp2_4/latest_model.pth
[2024-03-01 00:31:38,319 INFO] model saved: saved_models/radformer/selfkd_v8_exp2_4/model_best.pth
[2024-03-01 00:31:38,321 INFO] 673 iteration, USE_EMA: True, train/sup_loss: 0.16325, train/unsup_loss: 0.39290, train/total_loss: 0.55615, train/util_ratio: 0.76786, train/run_time: 0.94286, lr: 0.02000, train/prefecth_time: 0.02751, eval/loss: 0.78983, eval/top-1-acc: 0.70000, eval/balanced_acc: 0.55190, eval/precision: 0.68686, eval/recall: 0.55190, eval/F1: 0.57226, eval/spec: 0.58140, eval/sens: 0.96491, test/loss: 1.04245, test/top-1-acc: 0.45902, test/balanced_acc: 0.39397, test/precision: 0.69929, test/recall: 0.39397, test/F1: 0.31791, test/spec: 0.95000, test/sens: 0.19048 BEST_EVAL_ACC: 0.7000, at 673 iters BEST_TEST_ACC: 0.4590, at 673 iters
[2024-03-01 00:31:38,328 INFO] 

epoch 12
[2024-03-01 00:32:38,315 INFO] validating...
[2024-03-01 00:32:42,031 INFO] model saved: saved_models/radformer/selfkd_v8_exp2_4/latest_model.pth
[2024-03-01 00:32:42,033 INFO] 729 iteration, USE_EMA: True, train/sup_loss: 0.30962, train/unsup_loss: 0.37939, train/total_loss: 0.68900, train/util_ratio: 0.76786, train/run_time: 0.94608, lr: 0.01999, train/prefecth_time: 0.02468, eval/loss: 0.79534, eval/top-1-acc: 0.63000, eval/balanced_acc: 0.46418, eval/precision: 0.53080, eval/recall: 0.46418, eval/F1: 0.45125, eval/spec: 0.55814, eval/sens: 0.91228, test/loss: 1.04026, test/top-1-acc: 0.45902, test/balanced_acc: 0.39397, test/precision: 0.71818, test/recall: 0.39397, test/F1: 0.31853, test/spec: 0.96250, test/sens: 0.19048 BEST_EVAL_ACC: 0.7000, at 673 iters BEST_TEST_ACC: 0.4590, at 673 iters
[2024-03-01 00:32:42,036 INFO] 

epoch 13
[2024-03-01 00:33:42,487 INFO] validating...
[2024-03-01 00:33:46,862 INFO] model saved: saved_models/radformer/selfkd_v8_exp2_4/latest_model.pth
[2024-03-01 00:33:46,864 INFO] 785 iteration, USE_EMA: True, train/sup_loss: 0.18184, train/unsup_loss: 0.38357, train/total_loss: 0.56541, train/util_ratio: 0.78571, train/run_time: 0.94393, lr: 0.01998, train/prefecth_time: 0.02269, eval/loss: 0.76502, eval/top-1-acc: 0.66000, eval/balanced_acc: 0.52047, eval/precision: 0.69206, eval/recall: 0.52047, eval/F1: 0.54408, eval/spec: 0.58140, eval/sens: 0.91228, test/loss: 1.03310, test/top-1-acc: 0.45902, test/balanced_acc: 0.39792, test/precision: 0.68176, test/recall: 0.39792, test/F1: 0.33395, test/spec: 0.93750, test/sens: 0.19048 BEST_EVAL_ACC: 0.7000, at 673 iters BEST_TEST_ACC: 0.4590, at 673 iters
[2024-03-01 00:33:46,868 INFO] 

epoch 14
[2024-03-01 00:34:47,257 INFO] validating...
[2024-03-01 00:34:51,417 INFO] model saved: saved_models/radformer/selfkd_v8_exp2_4/latest_model.pth
[2024-03-01 00:34:51,419 INFO] 841 iteration, USE_EMA: True, train/sup_loss: 0.15216, train/unsup_loss: 0.30522, train/total_loss: 0.45738, train/util_ratio: 0.74107, train/run_time: 0.94638, lr: 0.01996, train/prefecth_time: 0.02757, eval/loss: 0.76747, eval/top-1-acc: 0.68000, eval/balanced_acc: 0.53655, eval/precision: 0.66715, eval/recall: 0.53655, eval/F1: 0.54981, eval/spec: 0.62791, eval/sens: 0.92982, test/loss: 1.02494, test/top-1-acc: 0.45902, test/balanced_acc: 0.39906, test/precision: 0.67619, test/recall: 0.39906, test/F1: 0.34047, test/spec: 0.92500, test/sens: 0.21429 BEST_EVAL_ACC: 0.7000, at 673 iters BEST_TEST_ACC: 0.4590, at 673 iters
[2024-03-01 00:34:51,423 INFO] 

epoch 15
[2024-03-01 00:35:51,993 INFO] validating...
[2024-03-01 00:35:56,106 INFO] model saved: saved_models/radformer/selfkd_v8_exp2_4/latest_model.pth
[2024-03-01 00:35:56,905 INFO] model saved: saved_models/radformer/selfkd_v8_exp2_4/model_best.pth
[2024-03-01 00:35:56,906 INFO] 897 iteration, USE_EMA: True, train/sup_loss: 0.16725, train/unsup_loss: 0.35095, train/total_loss: 0.51821, train/util_ratio: 0.81250, train/run_time: 0.95059, lr: 0.01994, train/prefecth_time: 0.02580, eval/loss: 0.74661, eval/top-1-acc: 0.71000, eval/balanced_acc: 0.57749, eval/precision: 0.73540, eval/recall: 0.57749, eval/F1: 0.60480, eval/spec: 0.62791, eval/sens: 0.94737, test/loss: 1.01868, test/top-1-acc: 0.46721, test/balanced_acc: 0.40813, test/precision: 0.68083, test/recall: 0.40813, test/F1: 0.35689, test/spec: 0.91250, test/sens: 0.26190 BEST_EVAL_ACC: 0.7100, at 897 iters BEST_TEST_ACC: 0.4672, at 897 iters
[2024-03-01 00:35:56,912 INFO] 

epoch 16
[2024-03-01 00:36:57,050 INFO] validating...
[2024-03-01 00:37:01,093 INFO] model saved: saved_models/radformer/selfkd_v8_exp2_4/latest_model.pth
[2024-03-01 00:37:01,095 INFO] 953 iteration, USE_EMA: True, train/sup_loss: 0.22146, train/unsup_loss: 0.28827, train/total_loss: 0.50973, train/util_ratio: 0.75000, train/run_time: 0.94679, lr: 0.01992, train/prefecth_time: 0.02702, eval/loss: 0.72928, eval/top-1-acc: 0.66000, eval/balanced_acc: 0.51243, eval/precision: 0.69170, eval/recall: 0.51243, eval/F1: 0.53620, eval/spec: 0.48837, eval/sens: 0.92982, test/loss: 1.01040, test/top-1-acc: 0.50820, test/balanced_acc: 0.44949, test/precision: 0.71818, test/recall: 0.44949, test/F1: 0.41206, test/spec: 0.92500, test/sens: 0.33333 BEST_EVAL_ACC: 0.7100, at 897 iters BEST_TEST_ACC: 0.4672, at 897 iters
[2024-03-01 00:37:01,098 INFO] 

epoch 17
[2024-03-01 00:38:01,184 INFO] validating...
[2024-03-01 00:38:05,087 INFO] model saved: saved_models/radformer/selfkd_v8_exp2_4/latest_model.pth
[2024-03-01 00:38:05,088 INFO] 1009 iteration, USE_EMA: True, train/sup_loss: 0.12719, train/unsup_loss: 0.29265, train/total_loss: 0.41985, train/util_ratio: 0.78571, train/run_time: 0.94952, lr: 0.01989, train/prefecth_time: 0.02409, eval/loss: 0.72636, eval/top-1-acc: 0.68000, eval/balanced_acc: 0.54386, eval/precision: 0.61636, eval/recall: 0.54386, eval/F1: 0.55986, eval/spec: 0.62791, eval/sens: 0.92982, test/loss: 1.00162, test/top-1-acc: 0.48361, test/balanced_acc: 0.42682, test/precision: 0.69053, test/recall: 0.42682, test/F1: 0.38684, test/spec: 0.91250, test/sens: 0.28571 BEST_EVAL_ACC: 0.7100, at 897 iters BEST_TEST_ACC: 0.4672, at 897 iters
[2024-03-01 00:38:05,092 INFO] 

epoch 18
[2024-03-01 00:39:04,677 INFO] validating...
[2024-03-01 00:39:08,381 INFO] model saved: saved_models/radformer/selfkd_v8_exp2_4/latest_model.pth
[2024-03-01 00:39:08,383 INFO] 1065 iteration, USE_EMA: True, train/sup_loss: 0.15096, train/unsup_loss: 0.26432, train/total_loss: 0.41528, train/util_ratio: 0.76786, train/run_time: 0.94505, lr: 0.01985, train/prefecth_time: 0.02431, eval/loss: 0.71475, eval/top-1-acc: 0.70000, eval/balanced_acc: 0.55556, eval/precision: 0.65424, eval/recall: 0.55556, eval/F1: 0.57494, eval/spec: 0.60465, eval/sens: 0.96491, test/loss: 0.99994, test/top-1-acc: 0.50000, test/balanced_acc: 0.44156, test/precision: 0.71140, test/recall: 0.44156, test/F1: 0.40224, test/spec: 0.92500, test/sens: 0.30952 BEST_EVAL_ACC: 0.7100, at 897 iters BEST_TEST_ACC: 0.4672, at 897 iters
[2024-03-01 00:39:08,386 INFO] 

epoch 19
[2024-03-01 00:40:08,121 INFO] validating...
[2024-03-01 00:40:11,924 INFO] model saved: saved_models/radformer/selfkd_v8_exp2_4/latest_model.pth
[2024-03-01 00:40:11,926 INFO] 1121 iteration, USE_EMA: True, train/sup_loss: 0.11439, train/unsup_loss: 0.29238, train/total_loss: 0.40677, train/util_ratio: 0.82143, train/run_time: 0.94492, lr: 0.01981, train/prefecth_time: 0.02750, eval/loss: 0.67865, eval/top-1-acc: 0.69000, eval/balanced_acc: 0.57749, eval/precision: 0.69122, eval/recall: 0.57749, eval/F1: 0.60432, eval/spec: 0.60465, eval/sens: 0.89474, test/loss: 0.99836, test/top-1-acc: 0.47541, test/balanced_acc: 0.41888, test/precision: 0.68225, test/recall: 0.41888, test/F1: 0.37660, test/spec: 0.91250, test/sens: 0.26190 BEST_EVAL_ACC: 0.7100, at 897 iters BEST_TEST_ACC: 0.4672, at 897 iters
[2024-03-01 00:40:11,929 INFO] 

epoch 20
[2024-03-01 00:41:12,368 INFO] validating...
[2024-03-01 00:41:16,198 INFO] model saved: saved_models/radformer/selfkd_v8_exp2_4/latest_model.pth
[2024-03-01 00:41:17,016 INFO] model saved: saved_models/radformer/selfkd_v8_exp2_4/model_best.pth
[2024-03-01 00:41:17,017 INFO] 1177 iteration, USE_EMA: True, train/sup_loss: 0.09536, train/unsup_loss: 0.23809, train/total_loss: 0.33345, train/util_ratio: 0.77679, train/run_time: 0.94881, lr: 0.01977, train/prefecth_time: 0.04465, eval/loss: 0.70892, eval/top-1-acc: 0.71000, eval/balanced_acc: 0.58480, eval/precision: 0.69815, eval/recall: 0.58480, eval/F1: 0.61295, eval/spec: 0.58140, eval/sens: 0.94737, test/loss: 0.98848, test/top-1-acc: 0.50820, test/balanced_acc: 0.45458, test/precision: 0.62912, test/recall: 0.45458, test/F1: 0.42747, test/spec: 0.88750, test/sens: 0.35714 BEST_EVAL_ACC: 0.7100, at 1177 iters BEST_TEST_ACC: 0.5082, at 1177 iters
[2024-03-01 00:41:17,021 INFO] 

epoch 21
[2024-03-01 00:42:16,721 INFO] validating...
[2024-03-01 00:42:20,638 INFO] model saved: saved_models/radformer/selfkd_v8_exp2_4/latest_model.pth
[2024-03-01 00:42:21,371 INFO] model saved: saved_models/radformer/selfkd_v8_exp2_4/model_best.pth
[2024-03-01 00:42:21,372 INFO] 1233 iteration, USE_EMA: True, train/sup_loss: 0.08888, train/unsup_loss: 0.22320, train/total_loss: 0.31208, train/util_ratio: 0.74107, train/run_time: 0.94367, lr: 0.01972, train/prefecth_time: 0.02703, eval/loss: 0.67245, eval/top-1-acc: 0.77000, eval/balanced_acc: 0.66374, eval/precision: 0.75400, eval/recall: 0.66374, eval/F1: 0.69211, eval/spec: 0.67442, eval/sens: 0.96491, test/loss: 0.98428, test/top-1-acc: 0.50820, test/balanced_acc: 0.46134, test/precision: 0.61430, test/recall: 0.46134, test/F1: 0.44698, test/spec: 0.90000, test/sens: 0.33333 BEST_EVAL_ACC: 0.7700, at 1233 iters BEST_TEST_ACC: 0.5082, at 1233 iters
[2024-03-01 00:42:21,377 INFO] 

epoch 22
[2024-03-01 00:43:21,203 INFO] validating...
[2024-03-01 00:43:25,261 INFO] model saved: saved_models/radformer/selfkd_v8_exp2_4/latest_model.pth
[2024-03-01 00:43:25,264 INFO] 1289 iteration, USE_EMA: True, train/sup_loss: 0.12354, train/unsup_loss: 0.21738, train/total_loss: 0.34092, train/util_ratio: 0.77679, train/run_time: 0.94863, lr: 0.01967, train/prefecth_time: 0.03022, eval/loss: 0.67923, eval/top-1-acc: 0.72000, eval/balanced_acc: 0.62208, eval/precision: 0.73885, eval/recall: 0.62208, eval/F1: 0.65695, eval/spec: 0.58140, eval/sens: 0.91228, test/loss: 0.97251, test/top-1-acc: 0.51639, test/balanced_acc: 0.46814, test/precision: 0.64441, test/recall: 0.46814, test/F1: 0.45216, test/spec: 0.88750, test/sens: 0.33333 BEST_EVAL_ACC: 0.7700, at 1233 iters BEST_TEST_ACC: 0.5082, at 1233 iters
[2024-03-01 00:43:25,268 INFO] 

epoch 23
[2024-03-01 00:44:25,696 INFO] validating...
[2024-03-01 00:44:29,638 INFO] model saved: saved_models/radformer/selfkd_v8_exp2_4/latest_model.pth
[2024-03-01 00:44:29,640 INFO] 1345 iteration, USE_EMA: True, train/sup_loss: 0.14678, train/unsup_loss: 0.21371, train/total_loss: 0.36049, train/util_ratio: 0.80357, train/run_time: 0.94739, lr: 0.01961, train/prefecth_time: 0.02531, eval/loss: 0.70693, eval/top-1-acc: 0.71000, eval/balanced_acc: 0.59649, eval/precision: 0.70526, eval/recall: 0.59649, eval/F1: 0.62621, eval/spec: 0.55814, eval/sens: 0.92982, test/loss: 0.96744, test/top-1-acc: 0.52459, test/balanced_acc: 0.48398, test/precision: 0.61789, test/recall: 0.48398, test/F1: 0.47961, test/spec: 0.86250, test/sens: 0.35714 BEST_EVAL_ACC: 0.7700, at 1233 iters BEST_TEST_ACC: 0.5082, at 1233 iters
[2024-03-01 00:44:29,643 INFO] 

epoch 24
[2024-03-01 00:45:29,406 INFO] validating...
[2024-03-01 00:45:33,130 INFO] model saved: saved_models/radformer/selfkd_v8_exp2_4/latest_model.pth
[2024-03-01 00:45:33,131 INFO] 1401 iteration, USE_EMA: True, train/sup_loss: 0.07732, train/unsup_loss: 0.19187, train/total_loss: 0.26920, train/util_ratio: 0.75893, train/run_time: 0.94800, lr: 0.01954, train/prefecth_time: 0.02392, eval/loss: 0.71724, eval/top-1-acc: 0.71000, eval/balanced_acc: 0.61184, eval/precision: 0.71058, eval/recall: 0.61184, eval/F1: 0.64214, eval/spec: 0.58140, eval/sens: 0.91228, test/loss: 0.95315, test/top-1-acc: 0.53279, test/balanced_acc: 0.49868, test/precision: 0.62361, test/recall: 0.49868, test/F1: 0.50199, test/spec: 0.85000, test/sens: 0.35714 BEST_EVAL_ACC: 0.7700, at 1233 iters BEST_TEST_ACC: 0.5082, at 1233 iters
[2024-03-01 00:45:33,135 INFO] 

epoch 25
[2024-03-01 00:46:32,621 INFO] validating...
[2024-03-01 00:46:36,574 INFO] model saved: saved_models/radformer/selfkd_v8_exp2_4/latest_model.pth
[2024-03-01 00:46:36,576 INFO] 1457 iteration, USE_EMA: True, train/sup_loss: 0.10861, train/unsup_loss: 0.19786, train/total_loss: 0.30647, train/util_ratio: 0.77679, train/run_time: 0.94617, lr: 0.01948, train/prefecth_time: 0.02556, eval/loss: 0.73300, eval/top-1-acc: 0.69000, eval/balanced_acc: 0.56579, eval/precision: 0.65909, eval/recall: 0.56579, eval/F1: 0.58584, eval/spec: 0.62791, eval/sens: 0.91228, test/loss: 0.94670, test/top-1-acc: 0.55738, test/balanced_acc: 0.52023, test/precision: 0.64957, test/recall: 0.52023, test/F1: 0.52243, test/spec: 0.87500, test/sens: 0.38095 BEST_EVAL_ACC: 0.7700, at 1233 iters BEST_TEST_ACC: 0.5082, at 1233 iters
[2024-03-01 00:46:36,581 INFO] 

epoch 26
[2024-03-01 00:47:36,028 INFO] validating...
[2024-03-01 00:47:39,787 INFO] model saved: saved_models/radformer/selfkd_v8_exp2_4/latest_model.pth
[2024-03-01 00:47:39,788 INFO] 1513 iteration, USE_EMA: True, train/sup_loss: 0.09681, train/unsup_loss: 0.16675, train/total_loss: 0.26357, train/util_ratio: 0.74107, train/run_time: 0.94508, lr: 0.01941, train/prefecth_time: 0.02668, eval/loss: 0.69194, eval/top-1-acc: 0.72000, eval/balanced_acc: 0.62646, eval/precision: 0.69874, eval/recall: 0.62646, eval/F1: 0.64977, eval/spec: 0.67442, eval/sens: 0.89474, test/loss: 0.94389, test/top-1-acc: 0.54098, test/balanced_acc: 0.50322, test/precision: 0.63413, test/recall: 0.50322, test/F1: 0.49903, test/spec: 0.91250, test/sens: 0.30952 BEST_EVAL_ACC: 0.7700, at 1233 iters BEST_TEST_ACC: 0.5082, at 1233 iters
[2024-03-01 00:47:39,790 INFO] 

epoch 27
[2024-03-01 00:48:39,671 INFO] validating...
[2024-03-01 00:48:43,482 INFO] model saved: saved_models/radformer/selfkd_v8_exp2_4/latest_model.pth
[2024-03-01 00:48:43,484 INFO] 1569 iteration, USE_EMA: True, train/sup_loss: 0.04387, train/unsup_loss: 0.16344, train/total_loss: 0.20731, train/util_ratio: 0.76786, train/run_time: 0.94687, lr: 0.01933, train/prefecth_time: 0.02968, eval/loss: 0.69108, eval/top-1-acc: 0.67000, eval/balanced_acc: 0.54971, eval/precision: 0.61941, eval/recall: 0.54971, eval/F1: 0.56830, eval/spec: 0.60465, eval/sens: 0.89474, test/loss: 0.94615, test/top-1-acc: 0.56557, test/balanced_acc: 0.52589, test/precision: 0.67172, test/recall: 0.52589, test/F1: 0.52540, test/spec: 0.91250, test/sens: 0.35714 BEST_EVAL_ACC: 0.7700, at 1233 iters BEST_TEST_ACC: 0.5082, at 1233 iters
[2024-03-01 00:48:43,488 INFO] 

epoch 28
[2024-03-01 00:49:42,978 INFO] validating...
[2024-03-01 00:49:46,904 INFO] model saved: saved_models/radformer/selfkd_v8_exp2_4/latest_model.pth
[2024-03-01 00:49:46,905 INFO] 1625 iteration, USE_EMA: True, train/sup_loss: 0.05897, train/unsup_loss: 0.16297, train/total_loss: 0.22193, train/util_ratio: 0.80357, train/run_time: 0.94969, lr: 0.01925, train/prefecth_time: 0.02645, eval/loss: 0.69114, eval/top-1-acc: 0.72000, eval/balanced_acc: 0.62646, eval/precision: 0.68859, eval/recall: 0.62646, eval/F1: 0.64772, eval/spec: 0.65116, eval/sens: 0.89474, test/loss: 0.94120, test/top-1-acc: 0.55738, test/balanced_acc: 0.51909, test/precision: 0.65992, test/recall: 0.51909, test/F1: 0.51967, test/spec: 0.90000, test/sens: 0.35714 BEST_EVAL_ACC: 0.7700, at 1233 iters BEST_TEST_ACC: 0.5082, at 1233 iters
[2024-03-01 00:49:46,909 INFO] 

epoch 29
[2024-03-01 00:50:46,572 INFO] validating...
[2024-03-01 00:50:50,389 INFO] model saved: saved_models/radformer/selfkd_v8_exp2_4/latest_model.pth
[2024-03-01 00:50:51,214 INFO] model saved: saved_models/radformer/selfkd_v8_exp2_4/model_best.pth
[2024-03-01 00:50:51,215 INFO] 1681 iteration, USE_EMA: True, train/sup_loss: 0.07037, train/unsup_loss: 0.14636, train/total_loss: 0.21673, train/util_ratio: 0.75000, train/run_time: 0.95023, lr: 0.01916, train/prefecth_time: 0.02404, eval/loss: 0.66165, eval/top-1-acc: 0.76000, eval/balanced_acc: 0.66155, eval/precision: 0.75941, eval/recall: 0.66155, eval/F1: 0.69282, eval/spec: 0.65116, eval/sens: 0.94737, test/loss: 0.93217, test/top-1-acc: 0.54098, test/balanced_acc: 0.50549, test/precision: 0.63278, test/recall: 0.50549, test/F1: 0.50761, test/spec: 0.86250, test/sens: 0.35714 BEST_EVAL_ACC: 0.7600, at 1681 iters BEST_TEST_ACC: 0.5410, at 1681 iters
[2024-03-01 00:50:51,218 INFO] 

epoch 30
[2024-03-01 00:51:51,044 INFO] validating...
[2024-03-01 00:51:54,902 INFO] model saved: saved_models/radformer/selfkd_v8_exp2_4/latest_model.pth
[2024-03-01 00:51:54,904 INFO] 1737 iteration, USE_EMA: True, train/sup_loss: 0.13279, train/unsup_loss: 0.14668, train/total_loss: 0.27947, train/util_ratio: 0.78571, train/run_time: 0.94661, lr: 0.01907, train/prefecth_time: 0.02626, eval/loss: 0.64365, eval/top-1-acc: 0.75000, eval/balanced_acc: 0.65936, eval/precision: 0.73783, eval/recall: 0.65936, eval/F1: 0.68545, eval/spec: 0.62791, eval/sens: 0.92982, test/loss: 0.94058, test/top-1-acc: 0.55738, test/balanced_acc: 0.51909, test/precision: 0.65278, test/recall: 0.51909, test/F1: 0.51890, test/spec: 0.88750, test/sens: 0.35714 BEST_EVAL_ACC: 0.7600, at 1681 iters BEST_TEST_ACC: 0.5410, at 1681 iters
[2024-03-01 00:51:54,908 INFO] 

epoch 31
[2024-03-01 00:52:54,482 INFO] validating...
[2024-03-01 00:52:58,401 INFO] model saved: saved_models/radformer/selfkd_v8_exp2_4/latest_model.pth
[2024-03-01 00:52:58,403 INFO] 1793 iteration, USE_EMA: True, train/sup_loss: 0.07742, train/unsup_loss: 0.12593, train/total_loss: 0.20335, train/util_ratio: 0.77679, train/run_time: 0.94704, lr: 0.01898, train/prefecth_time: 0.02597, eval/loss: 0.64417, eval/top-1-acc: 0.73000, eval/balanced_acc: 0.63962, eval/precision: 0.69804, eval/recall: 0.63962, eval/F1: 0.65897, eval/spec: 0.62791, eval/sens: 0.91228, test/loss: 0.93798, test/top-1-acc: 0.56557, test/balanced_acc: 0.52984, test/precision: 0.66611, test/recall: 0.52984, test/F1: 0.53286, test/spec: 0.90000, test/sens: 0.35714 BEST_EVAL_ACC: 0.7600, at 1681 iters BEST_TEST_ACC: 0.5410, at 1681 iters
[2024-03-01 00:52:58,407 INFO] 

epoch 32
[2024-03-01 00:53:58,254 INFO] validating...
[2024-03-01 00:54:02,021 INFO] model saved: saved_models/radformer/selfkd_v8_exp2_4/latest_model.pth
[2024-03-01 00:54:02,023 INFO] 1849 iteration, USE_EMA: True, train/sup_loss: 0.04563, train/unsup_loss: 0.13120, train/total_loss: 0.17682, train/util_ratio: 0.75893, train/run_time: 0.94708, lr: 0.01888, train/prefecth_time: 0.02943, eval/loss: 0.68575, eval/top-1-acc: 0.73000, eval/balanced_acc: 0.64766, eval/precision: 0.74579, eval/recall: 0.64766, eval/F1: 0.68041, eval/spec: 0.62791, eval/sens: 0.89474, test/loss: 0.92349, test/top-1-acc: 0.57377, test/balanced_acc: 0.54513, test/precision: 0.65468, test/recall: 0.54513, test/F1: 0.55695, test/spec: 0.83750, test/sens: 0.45238 BEST_EVAL_ACC: 0.7600, at 1681 iters BEST_TEST_ACC: 0.5410, at 1681 iters
[2024-03-01 00:54:02,027 INFO] 

epoch 33
[2024-03-01 00:55:02,263 INFO] validating...
[2024-03-01 00:55:06,236 INFO] model saved: saved_models/radformer/selfkd_v8_exp2_4/latest_model.pth
[2024-03-01 00:55:06,958 INFO] model saved: saved_models/radformer/selfkd_v8_exp2_4/model_best.pth
[2024-03-01 00:55:06,958 INFO] 1905 iteration, USE_EMA: True, train/sup_loss: 0.06695, train/unsup_loss: 0.12492, train/total_loss: 0.19186, train/util_ratio: 0.77679, train/run_time: 0.95442, lr: 0.01878, train/prefecth_time: 0.02710, eval/loss: 0.61412, eval/top-1-acc: 0.78000, eval/balanced_acc: 0.70468, eval/precision: 0.76709, eval/recall: 0.70468, eval/F1: 0.72821, eval/spec: 0.69767, eval/sens: 0.92982, test/loss: 0.92043, test/top-1-acc: 0.56557, test/balanced_acc: 0.53833, test/precision: 0.64316, test/recall: 0.53833, test/F1: 0.55041, test/spec: 0.81250, test/sens: 0.45238 BEST_EVAL_ACC: 0.7800, at 1905 iters BEST_TEST_ACC: 0.5656, at 1905 iters
[2024-03-01 00:55:06,961 INFO] 

epoch 34
[2024-03-01 00:56:07,196 INFO] validating...
[2024-03-01 00:56:11,072 INFO] model saved: saved_models/radformer/selfkd_v8_exp2_4/latest_model.pth
[2024-03-01 00:56:11,073 INFO] 1961 iteration, USE_EMA: True, train/sup_loss: 0.13117, train/unsup_loss: 0.14524, train/total_loss: 0.27641, train/util_ratio: 0.82143, train/run_time: 0.94540, lr: 0.01867, train/prefecth_time: 0.02711, eval/loss: 0.68560, eval/top-1-acc: 0.74000, eval/balanced_acc: 0.64547, eval/precision: 0.70294, eval/recall: 0.64547, eval/F1: 0.66430, eval/spec: 0.65116, eval/sens: 0.92982, test/loss: 0.90608, test/top-1-acc: 0.57377, test/balanced_acc: 0.55585, test/precision: 0.64723, test/recall: 0.55585, test/F1: 0.57219, test/spec: 0.81250, test/sens: 0.42857 BEST_EVAL_ACC: 0.7800, at 1905 iters BEST_TEST_ACC: 0.5656, at 1905 iters
[2024-03-01 00:56:11,076 INFO] 

epoch 35
[2024-03-01 00:57:11,117 INFO] validating...
[2024-03-01 00:57:15,099 INFO] model saved: saved_models/radformer/selfkd_v8_exp2_4/latest_model.pth
[2024-03-01 00:57:15,101 INFO] 2017 iteration, USE_EMA: True, train/sup_loss: 0.03826, train/unsup_loss: 0.12175, train/total_loss: 0.16001, train/util_ratio: 0.77679, train/run_time: 0.94604, lr: 0.01856, train/prefecth_time: 0.02544, eval/loss: 0.69153, eval/top-1-acc: 0.74000, eval/balanced_acc: 0.65351, eval/precision: 0.70473, eval/recall: 0.65351, eval/F1: 0.67218, eval/spec: 0.67442, eval/sens: 0.91228, test/loss: 0.90115, test/top-1-acc: 0.59836, test/balanced_acc: 0.57739, test/precision: 0.67409, test/recall: 0.57739, test/F1: 0.59323, test/spec: 0.85000, test/sens: 0.45238 BEST_EVAL_ACC: 0.7800, at 1905 iters BEST_TEST_ACC: 0.5656, at 1905 iters
[2024-03-01 00:57:15,106 INFO] 

epoch 36
[2024-03-01 00:58:14,895 INFO] validating...
[2024-03-01 00:58:19,014 INFO] model saved: saved_models/radformer/selfkd_v8_exp2_4/latest_model.pth
[2024-03-01 00:58:19,015 INFO] 2073 iteration, USE_EMA: True, train/sup_loss: 0.09665, train/unsup_loss: 0.12180, train/total_loss: 0.21845, train/util_ratio: 0.77679, train/run_time: 0.94636, lr: 0.01844, train/prefecth_time: 0.03791, eval/loss: 0.69080, eval/top-1-acc: 0.72000, eval/balanced_acc: 0.63012, eval/precision: 0.68615, eval/recall: 0.63012, eval/F1: 0.65016, eval/spec: 0.65116, eval/sens: 0.89474, test/loss: 0.92132, test/top-1-acc: 0.58197, test/balanced_acc: 0.55475, test/precision: 0.67778, test/recall: 0.55475, test/F1: 0.56904, test/spec: 0.88750, test/sens: 0.42857 BEST_EVAL_ACC: 0.7800, at 1905 iters BEST_TEST_ACC: 0.5656, at 1905 iters
[2024-03-01 00:58:19,018 INFO] 

epoch 37
[2024-03-01 00:59:18,816 INFO] validating...
[2024-03-01 00:59:22,800 INFO] model saved: saved_models/radformer/selfkd_v8_exp2_4/latest_model.pth
[2024-03-01 00:59:22,802 INFO] 2129 iteration, USE_EMA: True, train/sup_loss: 0.03257, train/unsup_loss: 0.11267, train/total_loss: 0.14524, train/util_ratio: 0.78571, train/run_time: 0.94698, lr: 0.01832, train/prefecth_time: 0.02522, eval/loss: 0.74793, eval/top-1-acc: 0.71000, eval/balanced_acc: 0.61988, eval/precision: 0.66855, eval/recall: 0.61988, eval/F1: 0.63647, eval/spec: 0.62791, eval/sens: 0.89474, test/loss: 0.89891, test/top-1-acc: 0.60656, test/balanced_acc: 0.58419, test/precision: 0.66907, test/recall: 0.58419, test/F1: 0.59681, test/spec: 0.86250, test/sens: 0.45238 BEST_EVAL_ACC: 0.7800, at 1905 iters BEST_TEST_ACC: 0.5656, at 1905 iters
[2024-03-01 00:59:22,807 INFO] 

epoch 38
[2024-03-01 01:00:22,661 INFO] validating...
[2024-03-01 01:00:26,736 INFO] model saved: saved_models/radformer/selfkd_v8_exp2_4/latest_model.pth
[2024-03-01 01:00:26,737 INFO] 2185 iteration, USE_EMA: True, train/sup_loss: 0.04351, train/unsup_loss: 0.11470, train/total_loss: 0.15822, train/util_ratio: 0.80357, train/run_time: 0.94785, lr: 0.01820, train/prefecth_time: 0.03375, eval/loss: 0.66556, eval/top-1-acc: 0.75000, eval/balanced_acc: 0.66740, eval/precision: 0.73740, eval/recall: 0.66740, eval/F1: 0.69254, eval/spec: 0.65116, eval/sens: 0.91228, test/loss: 0.89219, test/top-1-acc: 0.59016, test/balanced_acc: 0.57059, test/precision: 0.63948, test/recall: 0.57059, test/F1: 0.58228, test/spec: 0.83750, test/sens: 0.45238 BEST_EVAL_ACC: 0.7800, at 1905 iters BEST_TEST_ACC: 0.5656, at 1905 iters
[2024-03-01 01:00:26,741 INFO] 

epoch 39
[2024-03-01 01:01:26,244 INFO] validating...
[2024-03-01 01:01:30,219 INFO] model saved: saved_models/radformer/selfkd_v8_exp2_4/latest_model.pth
[2024-03-01 01:01:30,220 INFO] 2241 iteration, USE_EMA: True, train/sup_loss: 0.07490, train/unsup_loss: 0.12672, train/total_loss: 0.20162, train/util_ratio: 0.80357, train/run_time: 0.94604, lr: 0.01807, train/prefecth_time: 0.05530, eval/loss: 0.69820, eval/top-1-acc: 0.74000, eval/balanced_acc: 0.65351, eval/precision: 0.69781, eval/recall: 0.65351, eval/F1: 0.66914, eval/spec: 0.67442, eval/sens: 0.91228, test/loss: 0.89700, test/top-1-acc: 0.59016, test/balanced_acc: 0.56945, test/precision: 0.65345, test/recall: 0.56945, test/F1: 0.58213, test/spec: 0.85000, test/sens: 0.42857 BEST_EVAL_ACC: 0.7800, at 1905 iters BEST_TEST_ACC: 0.5656, at 1905 iters
[2024-03-01 01:01:30,224 INFO] 

epoch 40
[2024-03-01 01:02:30,252 INFO] validating...
[2024-03-01 01:02:34,611 INFO] model saved: saved_models/radformer/selfkd_v8_exp2_4/latest_model.pth
[2024-03-01 01:02:34,612 INFO] 2297 iteration, USE_EMA: True, train/sup_loss: 0.09798, train/unsup_loss: 0.11243, train/total_loss: 0.21042, train/util_ratio: 0.80357, train/run_time: 0.94634, lr: 0.01794, train/prefecth_time: 0.04341, eval/loss: 0.74617, eval/top-1-acc: 0.74000, eval/balanced_acc: 0.65278, eval/precision: 0.73597, eval/recall: 0.65278, eval/F1: 0.67454, eval/spec: 0.55814, eval/sens: 0.92982, test/loss: 0.91118, test/top-1-acc: 0.59016, test/balanced_acc: 0.56945, test/precision: 0.66745, test/recall: 0.56945, test/F1: 0.58468, test/spec: 0.85000, test/sens: 0.42857 BEST_EVAL_ACC: 0.7800, at 1905 iters BEST_TEST_ACC: 0.5656, at 1905 iters
[2024-03-01 01:02:34,615 INFO] 

epoch 41
[2024-03-01 01:03:34,646 INFO] validating...
[2024-03-01 01:03:38,618 INFO] model saved: saved_models/radformer/selfkd_v8_exp2_4/latest_model.pth
[2024-03-01 01:03:38,619 INFO] 2353 iteration, USE_EMA: True, train/sup_loss: 0.08283, train/unsup_loss: 0.09582, train/total_loss: 0.17865, train/util_ratio: 0.80357, train/run_time: 0.94525, lr: 0.01780, train/prefecth_time: 0.02872, eval/loss: 0.62629, eval/top-1-acc: 0.72000, eval/balanced_acc: 0.63012, eval/precision: 0.67265, eval/recall: 0.63012, eval/F1: 0.64589, eval/spec: 0.67442, eval/sens: 0.89474, test/loss: 0.92186, test/top-1-acc: 0.60656, test/balanced_acc: 0.58193, test/precision: 0.68889, test/recall: 0.58193, test/F1: 0.59285, test/spec: 0.91250, test/sens: 0.40476 BEST_EVAL_ACC: 0.7800, at 1905 iters BEST_TEST_ACC: 0.5656, at 1905 iters
[2024-03-01 01:03:38,622 INFO] 

epoch 42
[2024-03-01 01:04:38,696 INFO] validating...
[2024-03-01 01:04:42,693 INFO] model saved: saved_models/radformer/selfkd_v8_exp2_4/latest_model.pth
[2024-03-01 01:04:42,695 INFO] 2409 iteration, USE_EMA: True, train/sup_loss: 0.04097, train/unsup_loss: 0.08576, train/total_loss: 0.12673, train/util_ratio: 0.79464, train/run_time: 0.96561, lr: 0.01766, train/prefecth_time: 0.02516, eval/loss: 0.73553, eval/top-1-acc: 0.72000, eval/balanced_acc: 0.62573, eval/precision: 0.68454, eval/recall: 0.62573, eval/F1: 0.64376, eval/spec: 0.60465, eval/sens: 0.91228, test/loss: 0.90612, test/top-1-acc: 0.56557, test/balanced_acc: 0.54905, test/precision: 0.61640, test/recall: 0.54905, test/F1: 0.56168, test/spec: 0.81250, test/sens: 0.42857 BEST_EVAL_ACC: 0.7800, at 1905 iters BEST_TEST_ACC: 0.5656, at 1905 iters
[2024-03-01 01:04:42,698 INFO] 

epoch 43
[2024-03-01 01:05:42,613 INFO] validating...
[2024-03-01 01:05:46,937 INFO] model saved: saved_models/radformer/selfkd_v8_exp2_4/latest_model.pth
[2024-03-01 01:05:46,938 INFO] 2465 iteration, USE_EMA: True, train/sup_loss: 0.05058, train/unsup_loss: 0.08338, train/total_loss: 0.13396, train/util_ratio: 0.76786, train/run_time: 0.95473, lr: 0.01751, train/prefecth_time: 0.02205, eval/loss: 0.75896, eval/top-1-acc: 0.72000, eval/balanced_acc: 0.62573, eval/precision: 0.66557, eval/recall: 0.62573, eval/F1: 0.63822, eval/spec: 0.65116, eval/sens: 0.91228, test/loss: 0.90316, test/top-1-acc: 0.59836, test/balanced_acc: 0.57626, test/precision: 0.66082, test/recall: 0.57626, test/F1: 0.58725, test/spec: 0.88750, test/sens: 0.42857 BEST_EVAL_ACC: 0.7800, at 1905 iters BEST_TEST_ACC: 0.5656, at 1905 iters
[2024-03-01 01:05:46,942 INFO] 

epoch 44
[2024-03-01 01:06:46,638 INFO] validating...
[2024-03-01 01:06:50,108 INFO] model saved: saved_models/radformer/selfkd_v8_exp2_4/latest_model.pth
[2024-03-01 01:06:50,109 INFO] 2521 iteration, USE_EMA: True, train/sup_loss: 0.04317, train/unsup_loss: 0.08035, train/total_loss: 0.12352, train/util_ratio: 0.76786, train/run_time: 0.95170, lr: 0.01736, train/prefecth_time: 0.02453, eval/loss: 0.74789, eval/top-1-acc: 0.71000, eval/balanced_acc: 0.62427, eval/precision: 0.67384, eval/recall: 0.62427, eval/F1: 0.64263, eval/spec: 0.67442, eval/sens: 0.87719, test/loss: 0.90430, test/top-1-acc: 0.59016, test/balanced_acc: 0.57340, test/precision: 0.63679, test/recall: 0.57340, test/F1: 0.58351, test/spec: 0.86250, test/sens: 0.42857 BEST_EVAL_ACC: 0.7800, at 1905 iters BEST_TEST_ACC: 0.5656, at 1905 iters
[2024-03-01 01:06:50,113 INFO] 

epoch 45
[2024-03-01 01:07:49,600 INFO] validating...
[2024-03-01 01:07:53,273 INFO] model saved: saved_models/radformer/selfkd_v8_exp2_4/latest_model.pth
[2024-03-01 01:07:53,274 INFO] 2577 iteration, USE_EMA: True, train/sup_loss: 0.03505, train/unsup_loss: 0.08339, train/total_loss: 0.11844, train/util_ratio: 0.76786, train/run_time: 0.95114, lr: 0.01721, train/prefecth_time: 0.02914, eval/loss: 0.70113, eval/top-1-acc: 0.72000, eval/balanced_acc: 0.62208, eval/precision: 0.69485, eval/recall: 0.62208, eval/F1: 0.64603, eval/spec: 0.62791, eval/sens: 0.91228, test/loss: 0.89975, test/top-1-acc: 0.56557, test/balanced_acc: 0.55413, test/precision: 0.60664, test/recall: 0.55413, test/F1: 0.56673, test/spec: 0.80000, test/sens: 0.45238 BEST_EVAL_ACC: 0.7800, at 1905 iters BEST_TEST_ACC: 0.5656, at 1905 iters
[2024-03-01 01:07:53,277 INFO] 

epoch 46
[2024-03-01 01:08:52,964 INFO] validating...
[2024-03-01 01:08:56,728 INFO] model saved: saved_models/radformer/selfkd_v8_exp2_4/latest_model.pth
[2024-03-01 01:08:56,730 INFO] 2633 iteration, USE_EMA: True, train/sup_loss: 0.03810, train/unsup_loss: 0.07664, train/total_loss: 0.11474, train/util_ratio: 0.76786, train/run_time: 0.94734, lr: 0.01705, train/prefecth_time: 0.02473, eval/loss: 0.80416, eval/top-1-acc: 0.74000, eval/balanced_acc: 0.65716, eval/precision: 0.70601, eval/recall: 0.65716, eval/F1: 0.67353, eval/spec: 0.65116, eval/sens: 0.91228, test/loss: 0.90317, test/top-1-acc: 0.55738, test/balanced_acc: 0.54619, test/precision: 0.59959, test/recall: 0.54619, test/F1: 0.55843, test/spec: 0.80000, test/sens: 0.42857 BEST_EVAL_ACC: 0.7800, at 1905 iters BEST_TEST_ACC: 0.5656, at 1905 iters
[2024-03-01 01:08:56,734 INFO] 

epoch 47
[2024-03-01 01:09:56,193 INFO] validating...
[2024-03-01 01:09:59,919 INFO] model saved: saved_models/radformer/selfkd_v8_exp2_4/latest_model.pth
[2024-03-01 01:09:59,920 INFO] 2689 iteration, USE_EMA: True, train/sup_loss: 0.06060, train/unsup_loss: 0.08387, train/total_loss: 0.14447, train/util_ratio: 0.81250, train/run_time: 0.94870, lr: 0.01689, train/prefecth_time: 0.02282, eval/loss: 0.81467, eval/top-1-acc: 0.71000, eval/balanced_acc: 0.61550, eval/precision: 0.65637, eval/recall: 0.61550, eval/F1: 0.62181, eval/spec: 0.58140, eval/sens: 0.91228, test/loss: 0.89939, test/top-1-acc: 0.59836, test/balanced_acc: 0.58021, test/precision: 0.64142, test/recall: 0.58021, test/F1: 0.58902, test/spec: 0.86250, test/sens: 0.42857 BEST_EVAL_ACC: 0.7800, at 1905 iters BEST_TEST_ACC: 0.5656, at 1905 iters
[2024-03-01 01:09:59,924 INFO] 

epoch 48
[2024-03-01 01:10:59,369 INFO] validating...
[2024-03-01 01:11:03,181 INFO] model saved: saved_models/radformer/selfkd_v8_exp2_4/latest_model.pth
[2024-03-01 01:11:03,183 INFO] 2745 iteration, USE_EMA: True, train/sup_loss: 0.06799, train/unsup_loss: 0.06504, train/total_loss: 0.13303, train/util_ratio: 0.75000, train/run_time: 0.94616, lr: 0.01673, train/prefecth_time: 0.02422, eval/loss: 0.78634, eval/top-1-acc: 0.72000, eval/balanced_acc: 0.63743, eval/precision: 0.66934, eval/recall: 0.63743, eval/F1: 0.64724, eval/spec: 0.65116, eval/sens: 0.89474, test/loss: 0.90314, test/top-1-acc: 0.61475, test/balanced_acc: 0.59776, test/precision: 0.66853, test/recall: 0.59776, test/F1: 0.60711, test/spec: 0.90000, test/sens: 0.42857 BEST_EVAL_ACC: 0.7800, at 1905 iters BEST_TEST_ACC: 0.5656, at 1905 iters
[2024-03-01 01:11:03,187 INFO] 

epoch 49
[2024-03-01 01:12:02,587 INFO] validating...
[2024-03-01 01:12:06,383 INFO] model saved: saved_models/radformer/selfkd_v8_exp2_4/latest_model.pth
[2024-03-01 01:12:06,384 INFO] 2801 iteration, USE_EMA: True, train/sup_loss: 0.03323, train/unsup_loss: 0.08058, train/total_loss: 0.11381, train/util_ratio: 0.77679, train/run_time: 0.94817, lr: 0.01656, train/prefecth_time: 0.02607, eval/loss: 0.77369, eval/top-1-acc: 0.75000, eval/balanced_acc: 0.66374, eval/precision: 0.73515, eval/recall: 0.66374, eval/F1: 0.68879, eval/spec: 0.67442, eval/sens: 0.91228, test/loss: 0.91166, test/top-1-acc: 0.59836, test/balanced_acc: 0.58021, test/precision: 0.65187, test/recall: 0.58021, test/F1: 0.59042, test/spec: 0.88750, test/sens: 0.42857 BEST_EVAL_ACC: 0.7800, at 1905 iters BEST_TEST_ACC: 0.5656, at 1905 iters
[2024-03-01 01:12:06,387 INFO] 

epoch 50
[2024-03-01 01:13:05,841 INFO] validating...
[2024-03-01 01:13:09,736 INFO] model saved: saved_models/radformer/selfkd_v8_exp2_4/latest_model.pth
[2024-03-01 01:13:09,738 INFO] 2857 iteration, USE_EMA: True, train/sup_loss: 0.23693, train/unsup_loss: 0.07300, train/total_loss: 0.30993, train/util_ratio: 0.76786, train/run_time: 0.94918, lr: 0.01638, train/prefecth_time: 0.02463, eval/loss: 0.73143, eval/top-1-acc: 0.77000, eval/balanced_acc: 0.69518, eval/precision: 0.75873, eval/recall: 0.69518, eval/F1: 0.71917, eval/spec: 0.69767, eval/sens: 0.91228, test/loss: 0.93058, test/top-1-acc: 0.59836, test/balanced_acc: 0.57626, test/precision: 0.65621, test/recall: 0.57626, test/F1: 0.58588, test/spec: 0.90000, test/sens: 0.42857 BEST_EVAL_ACC: 0.7800, at 1905 iters BEST_TEST_ACC: 0.5656, at 1905 iters
[2024-03-01 01:13:09,741 INFO] 

epoch 51
[2024-03-01 01:14:09,041 INFO] validating...
[2024-03-01 01:14:12,899 INFO] model saved: saved_models/radformer/selfkd_v8_exp2_4/latest_model.pth
[2024-03-01 01:14:12,900 INFO] 2913 iteration, USE_EMA: True, train/sup_loss: 0.03662, train/unsup_loss: 0.06300, train/total_loss: 0.09961, train/util_ratio: 0.76786, train/run_time: 0.94458, lr: 0.01621, train/prefecth_time: 0.02393, eval/loss: 0.70093, eval/top-1-acc: 0.76000, eval/balanced_acc: 0.68494, eval/precision: 0.74450, eval/recall: 0.68494, eval/F1: 0.70729, eval/spec: 0.67442, eval/sens: 0.91228, test/loss: 0.91750, test/top-1-acc: 0.60656, test/balanced_acc: 0.58701, test/precision: 0.66252, test/recall: 0.58701, test/F1: 0.59665, test/spec: 0.90000, test/sens: 0.42857 BEST_EVAL_ACC: 0.7800, at 1905 iters BEST_TEST_ACC: 0.5656, at 1905 iters
[2024-03-01 01:14:12,904 INFO] 

epoch 52
[2024-03-01 01:15:12,522 INFO] validating...
[2024-03-01 01:15:16,142 INFO] model saved: saved_models/radformer/selfkd_v8_exp2_4/latest_model.pth
[2024-03-01 01:15:16,143 INFO] 2969 iteration, USE_EMA: True, train/sup_loss: 0.04368, train/unsup_loss: 0.04357, train/total_loss: 0.08725, train/util_ratio: 0.75893, train/run_time: 0.95073, lr: 0.01603, train/prefecth_time: 0.02567, eval/loss: 0.77436, eval/top-1-acc: 0.74000, eval/balanced_acc: 0.65351, eval/precision: 0.71056, eval/recall: 0.65351, eval/F1: 0.67359, eval/spec: 0.65116, eval/sens: 0.91228, test/loss: 0.92200, test/top-1-acc: 0.60656, test/balanced_acc: 0.58701, test/precision: 0.66252, test/recall: 0.58701, test/F1: 0.59665, test/spec: 0.90000, test/sens: 0.42857 BEST_EVAL_ACC: 0.7800, at 1905 iters BEST_TEST_ACC: 0.5656, at 1905 iters
[2024-03-01 01:15:16,146 INFO] 

epoch 53
[2024-03-01 01:16:15,625 INFO] validating...
[2024-03-01 01:16:19,286 INFO] model saved: saved_models/radformer/selfkd_v8_exp2_4/latest_model.pth
[2024-03-01 01:16:19,288 INFO] 3025 iteration, USE_EMA: True, train/sup_loss: 0.14762, train/unsup_loss: 0.07132, train/total_loss: 0.21894, train/util_ratio: 0.80357, train/run_time: 0.94841, lr: 0.01584, train/prefecth_time: 0.02315, eval/loss: 0.87171, eval/top-1-acc: 0.73000, eval/balanced_acc: 0.65497, eval/precision: 0.68350, eval/recall: 0.65497, eval/F1: 0.66201, eval/spec: 0.65116, eval/sens: 0.89474, test/loss: 0.93449, test/top-1-acc: 0.61475, test/balanced_acc: 0.59776, test/precision: 0.67535, test/recall: 0.59776, test/F1: 0.60799, test/spec: 0.91250, test/sens: 0.42857 BEST_EVAL_ACC: 0.7800, at 1905 iters BEST_TEST_ACC: 0.5656, at 1905 iters
[2024-03-01 01:16:19,291 INFO] 

epoch 54
[2024-03-01 01:17:19,118 INFO] validating...
[2024-03-01 01:17:22,744 INFO] model saved: saved_models/radformer/selfkd_v8_exp2_4/latest_model.pth
[2024-03-01 01:17:22,746 INFO] 3081 iteration, USE_EMA: True, train/sup_loss: 0.06222, train/unsup_loss: 0.06770, train/total_loss: 0.12992, train/util_ratio: 0.83036, train/run_time: 0.94480, lr: 0.01565, train/prefecth_time: 0.02278, eval/loss: 0.82447, eval/top-1-acc: 0.72000, eval/balanced_acc: 0.62939, eval/precision: 0.69206, eval/recall: 0.62939, eval/F1: 0.64753, eval/spec: 0.58140, eval/sens: 0.91228, test/loss: 0.92839, test/top-1-acc: 0.61475, test/balanced_acc: 0.60058, test/precision: 0.67476, test/recall: 0.60058, test/F1: 0.60899, test/spec: 0.91250, test/sens: 0.40476 BEST_EVAL_ACC: 0.7800, at 1905 iters BEST_TEST_ACC: 0.5656, at 1905 iters
[2024-03-01 01:17:22,749 INFO] 

epoch 55
[2024-03-01 01:18:22,558 INFO] validating...
[2024-03-01 01:18:26,116 INFO] model saved: saved_models/radformer/selfkd_v8_exp2_4/latest_model.pth
[2024-03-01 01:18:26,117 INFO] 3137 iteration, USE_EMA: True, train/sup_loss: 0.02240, train/unsup_loss: 0.06909, train/total_loss: 0.09149, train/util_ratio: 0.78571, train/run_time: 0.94778, lr: 0.01546, train/prefecth_time: 0.02458, eval/loss: 0.81193, eval/top-1-acc: 0.76000, eval/balanced_acc: 0.69664, eval/precision: 0.72331, eval/recall: 0.69664, eval/F1: 0.70794, eval/spec: 0.74419, eval/sens: 0.89474, test/loss: 0.91437, test/top-1-acc: 0.62295, test/balanced_acc: 0.60851, test/precision: 0.68105, test/recall: 0.60851, test/F1: 0.61813, test/spec: 0.91250, test/sens: 0.42857 BEST_EVAL_ACC: 0.7800, at 1905 iters BEST_TEST_ACC: 0.5656, at 1905 iters
[2024-03-01 01:18:26,121 INFO] 

epoch 56
[2024-03-01 01:19:25,286 INFO] validating...
[2024-03-01 01:19:29,102 INFO] model saved: saved_models/radformer/selfkd_v8_exp2_4/latest_model.pth
[2024-03-01 01:19:29,104 INFO] 3193 iteration, USE_EMA: True, train/sup_loss: 0.09349, train/unsup_loss: 0.05580, train/total_loss: 0.14929, train/util_ratio: 0.79464, train/run_time: 0.94649, lr: 0.01526, train/prefecth_time: 0.02662, eval/loss: 0.79215, eval/top-1-acc: 0.75000, eval/balanced_acc: 0.67909, eval/precision: 0.70808, eval/recall: 0.67909, eval/F1: 0.69074, eval/spec: 0.72093, eval/sens: 0.89474, test/loss: 0.92774, test/top-1-acc: 0.61475, test/balanced_acc: 0.60058, test/precision: 0.67476, test/recall: 0.60058, test/F1: 0.60899, test/spec: 0.91250, test/sens: 0.40476 BEST_EVAL_ACC: 0.7800, at 1905 iters BEST_TEST_ACC: 0.5656, at 1905 iters
[2024-03-01 01:19:29,107 INFO] 

epoch 57
[2024-03-01 01:20:28,882 INFO] validating...
[2024-03-01 01:20:32,593 INFO] model saved: saved_models/radformer/selfkd_v8_exp2_4/latest_model.pth
[2024-03-01 01:20:32,595 INFO] 3249 iteration, USE_EMA: True, train/sup_loss: 0.02173, train/unsup_loss: 0.06410, train/total_loss: 0.08583, train/util_ratio: 0.78571, train/run_time: 0.94807, lr: 0.01507, train/prefecth_time: 0.02304, eval/loss: 0.78995, eval/top-1-acc: 0.74000, eval/balanced_acc: 0.64108, eval/precision: 0.69153, eval/recall: 0.64108, eval/F1: 0.65033, eval/spec: 0.62791, eval/sens: 0.94737, test/loss: 0.90984, test/top-1-acc: 0.61475, test/balanced_acc: 0.60171, test/precision: 0.66972, test/recall: 0.60171, test/F1: 0.61181, test/spec: 0.90000, test/sens: 0.42857 BEST_EVAL_ACC: 0.7800, at 1905 iters BEST_TEST_ACC: 0.5656, at 1905 iters
[2024-03-01 01:20:32,599 INFO] 

epoch 58
[2024-03-01 01:21:32,021 INFO] validating...
[2024-03-01 01:21:35,717 INFO] model saved: saved_models/radformer/selfkd_v8_exp2_4/latest_model.pth
[2024-03-01 01:21:35,719 INFO] 3305 iteration, USE_EMA: True, train/sup_loss: 0.01360, train/unsup_loss: 0.04181, train/total_loss: 0.05541, train/util_ratio: 0.78571, train/run_time: 0.94471, lr: 0.01486, train/prefecth_time: 0.02583, eval/loss: 0.79494, eval/top-1-acc: 0.75000, eval/balanced_acc: 0.66740, eval/precision: 0.69911, eval/recall: 0.66740, eval/F1: 0.67927, eval/spec: 0.72093, eval/sens: 0.91228, test/loss: 0.91347, test/top-1-acc: 0.61475, test/balanced_acc: 0.60171, test/precision: 0.66808, test/recall: 0.60171, test/F1: 0.61040, test/spec: 0.91250, test/sens: 0.42857 BEST_EVAL_ACC: 0.7800, at 1905 iters BEST_TEST_ACC: 0.5656, at 1905 iters
[2024-03-01 01:21:35,723 INFO] 

epoch 59
[2024-03-01 01:22:35,568 INFO] validating...
[2024-03-01 01:22:39,507 INFO] model saved: saved_models/radformer/selfkd_v8_exp2_4/latest_model.pth
[2024-03-01 01:22:39,509 INFO] 3361 iteration, USE_EMA: True, train/sup_loss: 0.06778, train/unsup_loss: 0.05007, train/total_loss: 0.11785, train/util_ratio: 0.74107, train/run_time: 0.94937, lr: 0.01466, train/prefecth_time: 0.03589, eval/loss: 0.84663, eval/top-1-acc: 0.77000, eval/balanced_acc: 0.70249, eval/precision: 0.72737, eval/recall: 0.70249, eval/F1: 0.71168, eval/spec: 0.74419, eval/sens: 0.91228, test/loss: 0.92528, test/top-1-acc: 0.61475, test/balanced_acc: 0.60171, test/precision: 0.66808, test/recall: 0.60171, test/F1: 0.61040, test/spec: 0.91250, test/sens: 0.42857 BEST_EVAL_ACC: 0.7800, at 1905 iters BEST_TEST_ACC: 0.5656, at 1905 iters
[2024-03-01 01:22:39,512 INFO] 

epoch 60
[2024-03-01 01:23:39,112 INFO] validating...
[2024-03-01 01:23:42,882 INFO] model saved: saved_models/radformer/selfkd_v8_exp2_4/latest_model.pth
[2024-03-01 01:23:42,884 INFO] 3417 iteration, USE_EMA: True, train/sup_loss: 0.02782, train/unsup_loss: 0.03880, train/total_loss: 0.06662, train/util_ratio: 0.76786, train/run_time: 0.94843, lr: 0.01445, train/prefecth_time: 0.02170, eval/loss: 0.88154, eval/top-1-acc: 0.70000, eval/balanced_acc: 0.62135, eval/precision: 0.63678, eval/recall: 0.62135, eval/F1: 0.62325, eval/spec: 0.62791, eval/sens: 0.87719, test/loss: 0.92560, test/top-1-acc: 0.61475, test/balanced_acc: 0.60171, test/precision: 0.66808, test/recall: 0.60171, test/F1: 0.61040, test/spec: 0.91250, test/sens: 0.42857 BEST_EVAL_ACC: 0.7800, at 1905 iters BEST_TEST_ACC: 0.5656, at 1905 iters
[2024-03-01 01:23:42,887 INFO] 

epoch 61
[2024-03-01 01:24:42,329 INFO] validating...
[2024-03-01 01:24:46,196 INFO] model saved: saved_models/radformer/selfkd_v8_exp2_4/latest_model.pth
[2024-03-01 01:24:46,197 INFO] 3473 iteration, USE_EMA: True, train/sup_loss: 0.03181, train/unsup_loss: 0.03356, train/total_loss: 0.06538, train/util_ratio: 0.77679, train/run_time: 0.94835, lr: 0.01423, train/prefecth_time: 0.02235, eval/loss: 0.77653, eval/top-1-acc: 0.75000, eval/balanced_acc: 0.68275, eval/precision: 0.71557, eval/recall: 0.68275, eval/F1: 0.69529, eval/spec: 0.69767, eval/sens: 0.89474, test/loss: 0.91892, test/top-1-acc: 0.61475, test/balanced_acc: 0.60171, test/precision: 0.66808, test/recall: 0.60171, test/F1: 0.61040, test/spec: 0.91250, test/sens: 0.42857 BEST_EVAL_ACC: 0.7800, at 1905 iters BEST_TEST_ACC: 0.5656, at 1905 iters
[2024-03-01 01:24:46,201 INFO] 

epoch 62
[2024-03-01 01:25:45,990 INFO] validating...
[2024-03-01 01:25:49,597 INFO] model saved: saved_models/radformer/selfkd_v8_exp2_4/latest_model.pth
[2024-03-01 01:25:49,599 INFO] 3529 iteration, USE_EMA: True, train/sup_loss: 0.06002, train/unsup_loss: 0.04611, train/total_loss: 0.10613, train/util_ratio: 0.78571, train/run_time: 0.94583, lr: 0.01402, train/prefecth_time: 0.03166, eval/loss: 0.77690, eval/top-1-acc: 0.74000, eval/balanced_acc: 0.66520, eval/precision: 0.70781, eval/recall: 0.66520, eval/F1: 0.68135, eval/spec: 0.67442, eval/sens: 0.89474, test/loss: 0.93105, test/top-1-acc: 0.60656, test/balanced_acc: 0.59378, test/precision: 0.66179, test/recall: 0.59378, test/F1: 0.60128, test/spec: 0.91250, test/sens: 0.40476 BEST_EVAL_ACC: 0.7800, at 1905 iters BEST_TEST_ACC: 0.5656, at 1905 iters
[2024-03-01 01:25:49,604 INFO] 

epoch 63
[2024-03-01 01:26:49,151 INFO] validating...
[2024-03-01 01:26:53,136 INFO] model saved: saved_models/radformer/selfkd_v8_exp2_4/latest_model.pth
[2024-03-01 01:26:53,138 INFO] 3585 iteration, USE_EMA: True, train/sup_loss: 0.06661, train/unsup_loss: 0.05121, train/total_loss: 0.11782, train/util_ratio: 0.77679, train/run_time: 0.94684, lr: 0.01380, train/prefecth_time: 0.04064, eval/loss: 0.87014, eval/top-1-acc: 0.71000, eval/balanced_acc: 0.61623, eval/precision: 0.66948, eval/recall: 0.61623, eval/F1: 0.63501, eval/spec: 0.65116, eval/sens: 0.89474, test/loss: 0.92832, test/top-1-acc: 0.60656, test/balanced_acc: 0.59378, test/precision: 0.66179, test/recall: 0.59378, test/F1: 0.60128, test/spec: 0.91250, test/sens: 0.40476 BEST_EVAL_ACC: 0.7800, at 1905 iters BEST_TEST_ACC: 0.5656, at 1905 iters
[2024-03-01 01:26:53,141 INFO] 

epoch 64
[2024-03-01 01:27:52,762 INFO] validating...
[2024-03-01 01:27:56,569 INFO] model saved: saved_models/radformer/selfkd_v8_exp2_4/latest_model.pth
[2024-03-01 01:27:56,571 INFO] 3641 iteration, USE_EMA: True, train/sup_loss: 0.05373, train/unsup_loss: 0.03225, train/total_loss: 0.08598, train/util_ratio: 0.76786, train/run_time: 0.94593, lr: 0.01358, train/prefecth_time: 0.03551, eval/loss: 0.82553, eval/top-1-acc: 0.74000, eval/balanced_acc: 0.66886, eval/precision: 0.69155, eval/recall: 0.66886, eval/F1: 0.67610, eval/spec: 0.69767, eval/sens: 0.89474, test/loss: 0.93470, test/top-1-acc: 0.61475, test/balanced_acc: 0.60171, test/precision: 0.66808, test/recall: 0.60171, test/F1: 0.61040, test/spec: 0.91250, test/sens: 0.42857 BEST_EVAL_ACC: 0.7800, at 1905 iters BEST_TEST_ACC: 0.5656, at 1905 iters
[2024-03-01 01:27:56,576 INFO] 

epoch 65
[2024-03-01 01:28:56,126 INFO] validating...
[2024-03-01 01:28:59,642 INFO] model saved: saved_models/radformer/selfkd_v8_exp2_4/latest_model.pth
[2024-03-01 01:28:59,644 INFO] 3697 iteration, USE_EMA: True, train/sup_loss: 0.01818, train/unsup_loss: 0.03033, train/total_loss: 0.04851, train/util_ratio: 0.75000, train/run_time: 0.95278, lr: 0.01335, train/prefecth_time: 0.02200, eval/loss: 0.77974, eval/top-1-acc: 0.75000, eval/balanced_acc: 0.67105, eval/precision: 0.72695, eval/recall: 0.67105, eval/F1: 0.69178, eval/spec: 0.67442, eval/sens: 0.91228, test/loss: 0.93454, test/top-1-acc: 0.61475, test/balanced_acc: 0.60171, test/precision: 0.66808, test/recall: 0.60171, test/F1: 0.61040, test/spec: 0.91250, test/sens: 0.42857 BEST_EVAL_ACC: 0.7800, at 1905 iters BEST_TEST_ACC: 0.5656, at 1905 iters
[2024-03-01 01:28:59,647 INFO] 

epoch 66
[2024-03-01 01:29:59,300 INFO] validating...
[2024-03-01 01:30:03,022 INFO] model saved: saved_models/radformer/selfkd_v8_exp2_4/latest_model.pth
[2024-03-01 01:30:03,024 INFO] 3753 iteration, USE_EMA: True, train/sup_loss: 0.05159, train/unsup_loss: 0.04145, train/total_loss: 0.09304, train/util_ratio: 0.78571, train/run_time: 0.94641, lr: 0.01312, train/prefecth_time: 0.03199, eval/loss: 0.91050, eval/top-1-acc: 0.74000, eval/balanced_acc: 0.64912, eval/precision: 0.69248, eval/recall: 0.64912, eval/F1: 0.66016, eval/spec: 0.65116, eval/sens: 0.92982, test/loss: 0.93224, test/top-1-acc: 0.59836, test/balanced_acc: 0.58811, test/precision: 0.64593, test/recall: 0.58811, test/F1: 0.59765, test/spec: 0.88750, test/sens: 0.42857 BEST_EVAL_ACC: 0.7800, at 1905 iters BEST_TEST_ACC: 0.5656, at 1905 iters
[2024-03-01 01:30:03,028 INFO] 

epoch 67
[2024-03-01 01:31:02,328 INFO] validating...
[2024-03-01 01:31:06,140 INFO] model saved: saved_models/radformer/selfkd_v8_exp2_4/latest_model.pth
[2024-03-01 01:31:06,141 INFO] 3809 iteration, USE_EMA: True, train/sup_loss: 0.03422, train/unsup_loss: 0.02764, train/total_loss: 0.06187, train/util_ratio: 0.75893, train/run_time: 0.94782, lr: 0.01289, train/prefecth_time: 0.02322, eval/loss: 0.82802, eval/top-1-acc: 0.73000, eval/balanced_acc: 0.65936, eval/precision: 0.68612, eval/recall: 0.65936, eval/F1: 0.67003, eval/spec: 0.69767, eval/sens: 0.87719, test/loss: 0.92846, test/top-1-acc: 0.62295, test/balanced_acc: 0.62036, test/precision: 0.66285, test/recall: 0.62036, test/F1: 0.62612, test/spec: 0.88750, test/sens: 0.42857 BEST_EVAL_ACC: 0.7800, at 1905 iters BEST_TEST_ACC: 0.5656, at 1905 iters
[2024-03-01 01:31:06,144 INFO] 

epoch 68
[2024-03-01 01:32:05,796 INFO] validating...
[2024-03-01 01:32:09,602 INFO] model saved: saved_models/radformer/selfkd_v8_exp2_4/latest_model.pth
[2024-03-01 01:32:09,604 INFO] 3865 iteration, USE_EMA: True, train/sup_loss: 0.02502, train/unsup_loss: 0.05049, train/total_loss: 0.07551, train/util_ratio: 0.80357, train/run_time: 0.94608, lr: 0.01265, train/prefecth_time: 0.02385, eval/loss: 0.81608, eval/top-1-acc: 0.76000, eval/balanced_acc: 0.69298, eval/precision: 0.71541, eval/recall: 0.69298, eval/F1: 0.70279, eval/spec: 0.76744, eval/sens: 0.89474, test/loss: 0.91322, test/top-1-acc: 0.62295, test/balanced_acc: 0.62431, test/precision: 0.65801, test/recall: 0.62431, test/F1: 0.62871, test/spec: 0.87500, test/sens: 0.42857 BEST_EVAL_ACC: 0.7800, at 1905 iters BEST_TEST_ACC: 0.5656, at 1905 iters
[2024-03-01 01:32:09,607 INFO] 

epoch 69
[2024-03-01 01:33:09,535 INFO] validating...
[2024-03-01 01:33:13,205 INFO] model saved: saved_models/radformer/selfkd_v8_exp2_4/latest_model.pth
[2024-03-01 01:33:13,206 INFO] 3921 iteration, USE_EMA: True, train/sup_loss: 0.03032, train/unsup_loss: 0.04438, train/total_loss: 0.07471, train/util_ratio: 0.77679, train/run_time: 0.94604, lr: 0.01242, train/prefecth_time: 0.03692, eval/loss: 0.88694, eval/top-1-acc: 0.73000, eval/balanced_acc: 0.65132, eval/precision: 0.69508, eval/recall: 0.65132, eval/F1: 0.66690, eval/spec: 0.65116, eval/sens: 0.89474, test/loss: 0.92631, test/top-1-acc: 0.62295, test/balanced_acc: 0.62036, test/precision: 0.66285, test/recall: 0.62036, test/F1: 0.62612, test/spec: 0.88750, test/sens: 0.42857 BEST_EVAL_ACC: 0.7800, at 1905 iters BEST_TEST_ACC: 0.5656, at 1905 iters
[2024-03-01 01:33:13,210 INFO] 

epoch 70
[2024-03-01 01:34:12,766 INFO] validating...
[2024-03-01 01:34:16,459 INFO] model saved: saved_models/radformer/selfkd_v8_exp2_4/latest_model.pth
[2024-03-01 01:34:16,461 INFO] 3977 iteration, USE_EMA: True, train/sup_loss: 0.04402, train/unsup_loss: 0.03900, train/total_loss: 0.08302, train/util_ratio: 0.75000, train/run_time: 0.94976, lr: 0.01218, train/prefecth_time: 0.02418, eval/loss: 0.74501, eval/top-1-acc: 0.76000, eval/balanced_acc: 0.69225, eval/precision: 0.72790, eval/recall: 0.69225, eval/F1: 0.70211, eval/spec: 0.67442, eval/sens: 0.91228, test/loss: 0.92849, test/top-1-acc: 0.62295, test/balanced_acc: 0.62036, test/precision: 0.66285, test/recall: 0.62036, test/F1: 0.62612, test/spec: 0.88750, test/sens: 0.42857 BEST_EVAL_ACC: 0.7800, at 1905 iters BEST_TEST_ACC: 0.5656, at 1905 iters
[2024-03-01 01:34:16,464 INFO] 

epoch 71
[2024-03-01 01:35:16,199 INFO] validating...
[2024-03-01 01:35:20,002 INFO] model saved: saved_models/radformer/selfkd_v8_exp2_4/latest_model.pth
[2024-03-01 01:35:20,004 INFO] 4033 iteration, USE_EMA: True, train/sup_loss: 0.03730, train/unsup_loss: 0.03640, train/total_loss: 0.07370, train/util_ratio: 0.82143, train/run_time: 0.94486, lr: 0.01193, train/prefecth_time: 0.02514, eval/loss: 0.85594, eval/top-1-acc: 0.75000, eval/balanced_acc: 0.69079, eval/precision: 0.71141, eval/recall: 0.69079, eval/F1: 0.69903, eval/spec: 0.72093, eval/sens: 0.87719, test/loss: 0.93653, test/top-1-acc: 0.61475, test/balanced_acc: 0.61356, test/precision: 0.65265, test/recall: 0.61356, test/F1: 0.61970, test/spec: 0.87500, test/sens: 0.42857 BEST_EVAL_ACC: 0.7800, at 1905 iters BEST_TEST_ACC: 0.5656, at 1905 iters
[2024-03-01 01:35:20,007 INFO] 

epoch 72
[2024-03-01 01:36:19,119 INFO] validating...
[2024-03-01 01:36:22,644 INFO] model saved: saved_models/radformer/selfkd_v8_exp2_4/latest_model.pth
[2024-03-01 01:36:23,577 INFO] model saved: saved_models/radformer/selfkd_v8_exp2_4/model_best.pth
[2024-03-01 01:36:23,578 INFO] 4089 iteration, USE_EMA: True, train/sup_loss: 0.01773, train/unsup_loss: 0.03438, train/total_loss: 0.05212, train/util_ratio: 0.78571, train/run_time: 0.95305, lr: 0.01168, train/prefecth_time: 0.02094, eval/loss: 0.76396, eval/top-1-acc: 0.77000, eval/balanced_acc: 0.71053, eval/precision: 0.75729, eval/recall: 0.71053, eval/F1: 0.72948, eval/spec: 0.69767, eval/sens: 0.89474, test/loss: 0.94599, test/top-1-acc: 0.63934, test/balanced_acc: 0.63397, test/precision: 0.68497, test/recall: 0.63397, test/F1: 0.63897, test/spec: 0.91250, test/sens: 0.42857 BEST_EVAL_ACC: 0.7700, at 4089 iters BEST_TEST_ACC: 0.6393, at 4089 iters
[2024-03-01 01:36:23,581 INFO] 

epoch 73
[2024-03-01 01:37:22,882 INFO] validating...
[2024-03-01 01:37:26,373 INFO] model saved: saved_models/radformer/selfkd_v8_exp2_4/latest_model.pth
[2024-03-01 01:37:26,375 INFO] 4145 iteration, USE_EMA: True, train/sup_loss: 0.02375, train/unsup_loss: 0.03570, train/total_loss: 0.05946, train/util_ratio: 0.76786, train/run_time: 0.94618, lr: 0.01144, train/prefecth_time: 0.02434, eval/loss: 0.88951, eval/top-1-acc: 0.74000, eval/balanced_acc: 0.68129, eval/precision: 0.70448, eval/recall: 0.68129, eval/F1: 0.69149, eval/spec: 0.72093, eval/sens: 0.85965, test/loss: 0.95346, test/top-1-acc: 0.62295, test/balanced_acc: 0.61528, test/precision: 0.67308, test/recall: 0.61528, test/F1: 0.62051, test/spec: 0.91250, test/sens: 0.40476 BEST_EVAL_ACC: 0.7700, at 4089 iters BEST_TEST_ACC: 0.6393, at 4089 iters
[2024-03-01 01:37:26,378 INFO] 

epoch 74
[2024-03-01 01:38:25,491 INFO] validating...
[2024-03-01 01:38:29,046 INFO] model saved: saved_models/radformer/selfkd_v8_exp2_4/latest_model.pth
[2024-03-01 01:38:29,048 INFO] 4201 iteration, USE_EMA: True, train/sup_loss: 0.03401, train/unsup_loss: 0.03587, train/total_loss: 0.06988, train/util_ratio: 0.80357, train/run_time: 0.95100, lr: 0.01118, train/prefecth_time: 0.03940, eval/loss: 0.83801, eval/top-1-acc: 0.75000, eval/balanced_acc: 0.68275, eval/precision: 0.71557, eval/recall: 0.68275, eval/F1: 0.69529, eval/spec: 0.69767, eval/sens: 0.89474, test/loss: 0.95998, test/top-1-acc: 0.63115, test/balanced_acc: 0.62885, test/precision: 0.67689, test/recall: 0.62885, test/F1: 0.62936, test/spec: 0.91250, test/sens: 0.38095 BEST_EVAL_ACC: 0.7700, at 4089 iters BEST_TEST_ACC: 0.6393, at 4089 iters
[2024-03-01 01:38:29,052 INFO] 

epoch 75
[2024-03-01 01:39:28,235 INFO] validating...
[2024-03-01 01:39:31,668 INFO] model saved: saved_models/radformer/selfkd_v8_exp2_4/latest_model.pth
[2024-03-01 01:39:31,669 INFO] 4257 iteration, USE_EMA: True, train/sup_loss: 0.05903, train/unsup_loss: 0.03595, train/total_loss: 0.09498, train/util_ratio: 0.74107, train/run_time: 0.94527, lr: 0.01093, train/prefecth_time: 0.02311, eval/loss: 0.83197, eval/top-1-acc: 0.77000, eval/balanced_acc: 0.70249, eval/precision: 0.72737, eval/recall: 0.70249, eval/F1: 0.71168, eval/spec: 0.74419, eval/sens: 0.91228, test/loss: 0.95820, test/top-1-acc: 0.64754, test/balanced_acc: 0.64472, test/precision: 0.69031, test/recall: 0.64472, test/F1: 0.64803, test/spec: 0.91250, test/sens: 0.42857 BEST_EVAL_ACC: 0.7700, at 4089 iters BEST_TEST_ACC: 0.6393, at 4089 iters
[2024-03-01 01:39:31,672 INFO] 

epoch 76
[2024-03-01 01:40:31,193 INFO] validating...
[2024-03-01 01:40:34,823 INFO] model saved: saved_models/radformer/selfkd_v8_exp2_4/latest_model.pth
[2024-03-01 01:40:35,506 INFO] model saved: saved_models/radformer/selfkd_v8_exp2_4/model_best.pth
[2024-03-01 01:40:35,507 INFO] 4313 iteration, USE_EMA: True, train/sup_loss: 0.02297, train/unsup_loss: 0.04379, train/total_loss: 0.06675, train/util_ratio: 0.80357, train/run_time: 0.94624, lr: 0.01067, train/prefecth_time: 0.02379, eval/loss: 0.87921, eval/top-1-acc: 0.78000, eval/balanced_acc: 0.72442, eval/precision: 0.75017, eval/recall: 0.72442, eval/F1: 0.73580, eval/spec: 0.76744, eval/sens: 0.89474, test/loss: 0.94403, test/top-1-acc: 0.65574, test/balanced_acc: 0.65548, test/precision: 0.69554, test/recall: 0.65548, test/F1: 0.65688, test/spec: 0.91250, test/sens: 0.42857 BEST_EVAL_ACC: 0.7800, at 4313 iters BEST_TEST_ACC: 0.6557, at 4313 iters
[2024-03-01 01:40:35,511 INFO] 

epoch 77
[2024-03-01 01:41:35,000 INFO] validating...
[2024-03-01 01:41:38,732 INFO] model saved: saved_models/radformer/selfkd_v8_exp2_4/latest_model.pth
[2024-03-01 01:41:38,733 INFO] 4369 iteration, USE_EMA: True, train/sup_loss: 0.02931, train/unsup_loss: 0.02781, train/total_loss: 0.05713, train/util_ratio: 0.78571, train/run_time: 0.94486, lr: 0.01041, train/prefecth_time: 0.03258, eval/loss: 0.87562, eval/top-1-acc: 0.76000, eval/balanced_acc: 0.69298, eval/precision: 0.71957, eval/recall: 0.69298, eval/F1: 0.70423, eval/spec: 0.74419, eval/sens: 0.89474, test/loss: 0.94859, test/top-1-acc: 0.65574, test/balanced_acc: 0.65548, test/precision: 0.69554, test/recall: 0.65548, test/F1: 0.65688, test/spec: 0.91250, test/sens: 0.42857 BEST_EVAL_ACC: 0.7800, at 4313 iters BEST_TEST_ACC: 0.6557, at 4313 iters
[2024-03-01 01:41:38,737 INFO] 

epoch 78
[2024-03-01 01:42:37,831 INFO] validating...
[2024-03-01 01:42:41,404 INFO] model saved: saved_models/radformer/selfkd_v8_exp2_4/latest_model.pth
[2024-03-01 01:42:41,405 INFO] 4425 iteration, USE_EMA: True, train/sup_loss: 0.03069, train/unsup_loss: 0.03876, train/total_loss: 0.06945, train/util_ratio: 0.84821, train/run_time: 0.94947, lr: 0.01015, train/prefecth_time: 0.02932, eval/loss: 0.82817, eval/top-1-acc: 0.76000, eval/balanced_acc: 0.68129, eval/precision: 0.72798, eval/recall: 0.68129, eval/F1: 0.69957, eval/spec: 0.72093, eval/sens: 0.91228, test/loss: 0.95447, test/top-1-acc: 0.65574, test/balanced_acc: 0.65548, test/precision: 0.69554, test/recall: 0.65548, test/F1: 0.65688, test/spec: 0.91250, test/sens: 0.42857 BEST_EVAL_ACC: 0.7800, at 4313 iters BEST_TEST_ACC: 0.6557, at 4313 iters
[2024-03-01 01:42:41,409 INFO] 

epoch 79
[2024-03-01 01:43:40,727 INFO] validating...
[2024-03-01 01:43:44,197 INFO] model saved: saved_models/radformer/selfkd_v8_exp2_4/latest_model.pth
[2024-03-01 01:43:44,200 INFO] 4481 iteration, USE_EMA: True, train/sup_loss: 0.03329, train/unsup_loss: 0.02381, train/total_loss: 0.05710, train/util_ratio: 0.73214, train/run_time: 0.94869, lr: 0.00989, train/prefecth_time: 0.02704, eval/loss: 0.80495, eval/top-1-acc: 0.75000, eval/balanced_acc: 0.68275, eval/precision: 0.70454, eval/recall: 0.68275, eval/F1: 0.69062, eval/spec: 0.72093, eval/sens: 0.89474, test/loss: 0.96339, test/top-1-acc: 0.64754, test/balanced_acc: 0.64754, test/precision: 0.68888, test/recall: 0.64754, test/F1: 0.64761, test/spec: 0.91250, test/sens: 0.40476 BEST_EVAL_ACC: 0.7800, at 4313 iters BEST_TEST_ACC: 0.6557, at 4313 iters
[2024-03-01 01:43:44,205 INFO] 

epoch 80
[2024-03-01 01:44:43,158 INFO] validating...
[2024-03-01 01:44:46,640 INFO] model saved: saved_models/radformer/selfkd_v8_exp2_4/latest_model.pth
[2024-03-01 01:44:46,641 INFO] 4537 iteration, USE_EMA: True, train/sup_loss: 0.01666, train/unsup_loss: 0.02280, train/total_loss: 0.03946, train/util_ratio: 0.78571, train/run_time: 0.94834, lr: 0.00962, train/prefecth_time: 0.03150, eval/loss: 0.81948, eval/top-1-acc: 0.75000, eval/balanced_acc: 0.68640, eval/precision: 0.71007, eval/recall: 0.68640, eval/F1: 0.69412, eval/spec: 0.69767, eval/sens: 0.89474, test/loss: 0.95451, test/top-1-acc: 0.63934, test/balanced_acc: 0.64187, test/precision: 0.67346, test/recall: 0.64187, test/F1: 0.64396, test/spec: 0.88750, test/sens: 0.42857 BEST_EVAL_ACC: 0.7800, at 4313 iters BEST_TEST_ACC: 0.6557, at 4313 iters
[2024-03-01 01:44:46,645 INFO] 

epoch 81
[2024-03-01 01:45:46,285 INFO] validating...
[2024-03-01 01:45:49,779 INFO] model saved: saved_models/radformer/selfkd_v8_exp2_4/latest_model.pth
[2024-03-01 01:45:49,781 INFO] 4593 iteration, USE_EMA: True, train/sup_loss: 0.01895, train/unsup_loss: 0.03010, train/total_loss: 0.04905, train/util_ratio: 0.76786, train/run_time: 0.94406, lr: 0.00935, train/prefecth_time: 0.02957, eval/loss: 0.78726, eval/top-1-acc: 0.79000, eval/balanced_acc: 0.72222, eval/precision: 0.75493, eval/recall: 0.72222, eval/F1: 0.73552, eval/spec: 0.76744, eval/sens: 0.92982, test/loss: 0.95089, test/top-1-acc: 0.65574, test/balanced_acc: 0.65548, test/precision: 0.69554, test/recall: 0.65548, test/F1: 0.65688, test/spec: 0.91250, test/sens: 0.42857 BEST_EVAL_ACC: 0.7800, at 4313 iters BEST_TEST_ACC: 0.6557, at 4313 iters
[2024-03-01 01:45:49,784 INFO] 

epoch 82
[2024-03-01 01:46:49,003 INFO] validating...
[2024-03-01 01:46:52,333 INFO] model saved: saved_models/radformer/selfkd_v8_exp2_4/latest_model.pth
[2024-03-01 01:46:52,334 INFO] 4649 iteration, USE_EMA: True, train/sup_loss: 0.04354, train/unsup_loss: 0.02980, train/total_loss: 0.07334, train/util_ratio: 0.79464, train/run_time: 0.94851, lr: 0.00908, train/prefecth_time: 0.02502, eval/loss: 0.88278, eval/top-1-acc: 0.75000, eval/balanced_acc: 0.68275, eval/precision: 0.71557, eval/recall: 0.68275, eval/F1: 0.69529, eval/spec: 0.69767, eval/sens: 0.89474, test/loss: 0.95549, test/top-1-acc: 0.63934, test/balanced_acc: 0.64187, test/precision: 0.67346, test/recall: 0.64187, test/F1: 0.64396, test/spec: 0.88750, test/sens: 0.42857 BEST_EVAL_ACC: 0.7800, at 4313 iters BEST_TEST_ACC: 0.6557, at 4313 iters
[2024-03-01 01:46:52,337 INFO] 

epoch 83
[2024-03-01 01:47:51,601 INFO] validating...
[2024-03-01 01:47:55,280 INFO] model saved: saved_models/radformer/selfkd_v8_exp2_4/latest_model.pth
[2024-03-01 01:47:55,281 INFO] 4705 iteration, USE_EMA: True, train/sup_loss: 0.03022, train/unsup_loss: 0.03817, train/total_loss: 0.06838, train/util_ratio: 0.79464, train/run_time: 0.95409, lr: 0.00881, train/prefecth_time: 0.02102, eval/loss: 0.80468, eval/top-1-acc: 0.76000, eval/balanced_acc: 0.70468, eval/precision: 0.72808, eval/recall: 0.70468, eval/F1: 0.71418, eval/spec: 0.72093, eval/sens: 0.87719, test/loss: 0.95799, test/top-1-acc: 0.65574, test/balanced_acc: 0.65548, test/precision: 0.69554, test/recall: 0.65548, test/F1: 0.65688, test/spec: 0.91250, test/sens: 0.42857 BEST_EVAL_ACC: 0.7800, at 4313 iters BEST_TEST_ACC: 0.6557, at 4313 iters
[2024-03-01 01:47:55,284 INFO] 

epoch 84
[2024-03-01 01:48:54,085 INFO] validating...
[2024-03-01 01:48:57,622 INFO] model saved: saved_models/radformer/selfkd_v8_exp2_4/latest_model.pth
[2024-03-01 01:48:57,624 INFO] 4761 iteration, USE_EMA: True, train/sup_loss: 0.01827, train/unsup_loss: 0.03535, train/total_loss: 0.05362, train/util_ratio: 0.83929, train/run_time: 0.95765, lr: 0.00853, train/prefecth_time: 0.02203, eval/loss: 0.87738, eval/top-1-acc: 0.75000, eval/balanced_acc: 0.67909, eval/precision: 0.70808, eval/recall: 0.67909, eval/F1: 0.69074, eval/spec: 0.72093, eval/sens: 0.89474, test/loss: 0.95374, test/top-1-acc: 0.64754, test/balanced_acc: 0.64754, test/precision: 0.68888, test/recall: 0.64754, test/F1: 0.64761, test/spec: 0.91250, test/sens: 0.40476 BEST_EVAL_ACC: 0.7800, at 4313 iters BEST_TEST_ACC: 0.6557, at 4313 iters
[2024-03-01 01:48:57,627 INFO] 

epoch 85
[2024-03-01 01:49:56,502 INFO] validating...
[2024-03-01 01:49:59,997 INFO] model saved: saved_models/radformer/selfkd_v8_exp2_4/latest_model.pth
[2024-03-01 01:49:59,998 INFO] 4817 iteration, USE_EMA: True, train/sup_loss: 0.02012, train/unsup_loss: 0.03201, train/total_loss: 0.05213, train/util_ratio: 0.80357, train/run_time: 0.95458, lr: 0.00825, train/prefecth_time: 0.02100, eval/loss: 0.89521, eval/top-1-acc: 0.72000, eval/balanced_acc: 0.64912, eval/precision: 0.65475, eval/recall: 0.64912, eval/F1: 0.64718, eval/spec: 0.69767, eval/sens: 0.87719, test/loss: 0.95432, test/top-1-acc: 0.63934, test/balanced_acc: 0.64187, test/precision: 0.67346, test/recall: 0.64187, test/F1: 0.64396, test/spec: 0.88750, test/sens: 0.42857 BEST_EVAL_ACC: 0.7800, at 4313 iters BEST_TEST_ACC: 0.6557, at 4313 iters
[2024-03-01 01:50:00,000 INFO] 

epoch 86
[2024-03-01 01:50:59,008 INFO] validating...
[2024-03-01 01:51:02,669 INFO] model saved: saved_models/radformer/selfkd_v8_exp2_4/latest_model.pth
[2024-03-01 01:51:02,670 INFO] 4873 iteration, USE_EMA: True, train/sup_loss: 0.04833, train/unsup_loss: 0.02543, train/total_loss: 0.07376, train/util_ratio: 0.79464, train/run_time: 0.95024, lr: 0.00797, train/prefecth_time: 0.03496, eval/loss: 0.87448, eval/top-1-acc: 0.77000, eval/balanced_acc: 0.69883, eval/precision: 0.75020, eval/recall: 0.69883, eval/F1: 0.71918, eval/spec: 0.72093, eval/sens: 0.91228, test/loss: 0.95248, test/top-1-acc: 0.63934, test/balanced_acc: 0.64187, test/precision: 0.67346, test/recall: 0.64187, test/F1: 0.64396, test/spec: 0.88750, test/sens: 0.42857 BEST_EVAL_ACC: 0.7800, at 4313 iters BEST_TEST_ACC: 0.6557, at 4313 iters
[2024-03-01 01:51:02,673 INFO] 

epoch 87
[2024-03-01 01:52:01,966 INFO] validating...
[2024-03-01 01:52:05,575 INFO] model saved: saved_models/radformer/selfkd_v8_exp2_4/latest_model.pth
[2024-03-01 01:52:05,577 INFO] 4929 iteration, USE_EMA: True, train/sup_loss: 0.04082, train/unsup_loss: 0.05638, train/total_loss: 0.09720, train/util_ratio: 0.80357, train/run_time: 0.94888, lr: 0.00769, train/prefecth_time: 0.03236, eval/loss: 0.89437, eval/top-1-acc: 0.75000, eval/balanced_acc: 0.69079, eval/precision: 0.69444, eval/recall: 0.69079, eval/F1: 0.69088, eval/spec: 0.76744, eval/sens: 0.87719, test/loss: 0.96540, test/top-1-acc: 0.63934, test/balanced_acc: 0.64187, test/precision: 0.67346, test/recall: 0.64187, test/F1: 0.64396, test/spec: 0.88750, test/sens: 0.42857 BEST_EVAL_ACC: 0.7800, at 4313 iters BEST_TEST_ACC: 0.6557, at 4313 iters
[2024-03-01 01:52:05,580 INFO] 

epoch 88
[2024-03-01 01:53:05,098 INFO] validating...
[2024-03-01 01:53:08,699 INFO] model saved: saved_models/radformer/selfkd_v8_exp2_4/latest_model.pth
[2024-03-01 01:53:08,701 INFO] 4985 iteration, USE_EMA: True, train/sup_loss: 0.01177, train/unsup_loss: 0.02697, train/total_loss: 0.03875, train/util_ratio: 0.79464, train/run_time: 0.94532, lr: 0.00741, train/prefecth_time: 0.02446, eval/loss: 0.92822, eval/top-1-acc: 0.73000, eval/balanced_acc: 0.65132, eval/precision: 0.69508, eval/recall: 0.65132, eval/F1: 0.66690, eval/spec: 0.65116, eval/sens: 0.89474, test/loss: 0.96814, test/top-1-acc: 0.65574, test/balanced_acc: 0.65548, test/precision: 0.69554, test/recall: 0.65548, test/F1: 0.65688, test/spec: 0.91250, test/sens: 0.42857 BEST_EVAL_ACC: 0.7800, at 4313 iters BEST_TEST_ACC: 0.6557, at 4313 iters
[2024-03-01 01:53:08,706 INFO] 

epoch 89
[2024-03-01 01:54:07,482 INFO] validating...
[2024-03-01 01:54:11,135 INFO] model saved: saved_models/radformer/selfkd_v8_exp2_4/latest_model.pth
[2024-03-01 01:54:11,137 INFO] 5041 iteration, USE_EMA: True, train/sup_loss: 0.01701, train/unsup_loss: 0.03042, train/total_loss: 0.04743, train/util_ratio: 0.80357, train/run_time: 0.95482, lr: 0.00713, train/prefecth_time: 0.02301, eval/loss: 0.88881, eval/top-1-acc: 0.77000, eval/balanced_acc: 0.70249, eval/precision: 0.73380, eval/recall: 0.70249, eval/F1: 0.71336, eval/spec: 0.72093, eval/sens: 0.91228, test/loss: 0.97875, test/top-1-acc: 0.63934, test/balanced_acc: 0.64187, test/precision: 0.67346, test/recall: 0.64187, test/F1: 0.64396, test/spec: 0.88750, test/sens: 0.42857 BEST_EVAL_ACC: 0.7800, at 4313 iters BEST_TEST_ACC: 0.6557, at 4313 iters
[2024-03-01 01:54:11,141 INFO] 

epoch 90
[2024-03-01 01:55:10,488 INFO] validating...
[2024-03-01 01:55:14,005 INFO] model saved: saved_models/radformer/selfkd_v8_exp2_4/latest_model.pth
[2024-03-01 01:55:14,006 INFO] 5097 iteration, USE_EMA: True, train/sup_loss: 0.01851, train/unsup_loss: 0.02145, train/total_loss: 0.03996, train/util_ratio: 0.78571, train/run_time: 0.94566, lr: 0.00684, train/prefecth_time: 0.04202, eval/loss: 0.97647, eval/top-1-acc: 0.75000, eval/balanced_acc: 0.69079, eval/precision: 0.69799, eval/recall: 0.69079, eval/F1: 0.69348, eval/spec: 0.76744, eval/sens: 0.87719, test/loss: 0.97631, test/top-1-acc: 0.63934, test/balanced_acc: 0.64187, test/precision: 0.67346, test/recall: 0.64187, test/F1: 0.64396, test/spec: 0.88750, test/sens: 0.42857 BEST_EVAL_ACC: 0.7800, at 4313 iters BEST_TEST_ACC: 0.6557, at 4313 iters
[2024-03-01 01:55:14,010 INFO] 

epoch 91
[2024-03-01 01:56:13,548 INFO] validating...
[2024-03-01 01:56:17,157 INFO] model saved: saved_models/radformer/selfkd_v8_exp2_4/latest_model.pth
[2024-03-01 01:56:17,158 INFO] 5153 iteration, USE_EMA: True, train/sup_loss: 0.05700, train/unsup_loss: 0.02783, train/total_loss: 0.08483, train/util_ratio: 0.80357, train/run_time: 0.94643, lr: 0.00655, train/prefecth_time: 0.03547, eval/loss: 0.99460, eval/top-1-acc: 0.71000, eval/balanced_acc: 0.63523, eval/precision: 0.64329, eval/recall: 0.63523, eval/F1: 0.63492, eval/spec: 0.67442, eval/sens: 0.87719, test/loss: 0.97102, test/top-1-acc: 0.64754, test/balanced_acc: 0.64981, test/precision: 0.68030, test/recall: 0.64981, test/F1: 0.65288, test/spec: 0.88750, test/sens: 0.45238 BEST_EVAL_ACC: 0.7800, at 4313 iters BEST_TEST_ACC: 0.6557, at 4313 iters
[2024-03-01 01:56:17,161 INFO] 

epoch 92
[2024-03-01 01:57:16,507 INFO] validating...
[2024-03-01 01:57:19,883 INFO] model saved: saved_models/radformer/selfkd_v8_exp2_4/latest_model.pth
[2024-03-01 01:57:19,885 INFO] 5209 iteration, USE_EMA: True, train/sup_loss: 0.05006, train/unsup_loss: 0.02766, train/total_loss: 0.07772, train/util_ratio: 0.79464, train/run_time: 0.94641, lr: 0.00626, train/prefecth_time: 0.02555, eval/loss: 0.94054, eval/top-1-acc: 0.74000, eval/balanced_acc: 0.67325, eval/precision: 0.69479, eval/recall: 0.67325, eval/F1: 0.68265, eval/spec: 0.74419, eval/sens: 0.87719, test/loss: 0.96762, test/top-1-acc: 0.63934, test/balanced_acc: 0.64187, test/precision: 0.67346, test/recall: 0.64187, test/F1: 0.64396, test/spec: 0.88750, test/sens: 0.42857 BEST_EVAL_ACC: 0.7800, at 4313 iters BEST_TEST_ACC: 0.6557, at 4313 iters
[2024-03-01 01:57:19,889 INFO] 

epoch 93
[2024-03-01 01:58:19,249 INFO] validating...
[2024-03-01 01:58:22,746 INFO] model saved: saved_models/radformer/selfkd_v8_exp2_4/latest_model.pth
[2024-03-01 01:58:22,748 INFO] 5265 iteration, USE_EMA: True, train/sup_loss: 0.03909, train/unsup_loss: 0.02120, train/total_loss: 0.06029, train/util_ratio: 0.78571, train/run_time: 0.94717, lr: 0.00597, train/prefecth_time: 0.03261, eval/loss: 0.88582, eval/top-1-acc: 0.74000, eval/balanced_acc: 0.66520, eval/precision: 0.70312, eval/recall: 0.66520, eval/F1: 0.68013, eval/spec: 0.69767, eval/sens: 0.89474, test/loss: 0.96713, test/top-1-acc: 0.65574, test/balanced_acc: 0.65888, test/precision: 0.68372, test/recall: 0.65888, test/F1: 0.66355, test/spec: 0.87500, test/sens: 0.50000 BEST_EVAL_ACC: 0.7800, at 4313 iters BEST_TEST_ACC: 0.6557, at 4313 iters
[2024-03-01 01:58:22,751 INFO] 

epoch 94
[2024-03-01 01:59:21,812 INFO] validating...
[2024-03-01 01:59:25,239 INFO] model saved: saved_models/radformer/selfkd_v8_exp2_4/latest_model.pth
[2024-03-01 01:59:25,240 INFO] 5321 iteration, USE_EMA: True, train/sup_loss: 0.06771, train/unsup_loss: 0.01684, train/total_loss: 0.08455, train/util_ratio: 0.76786, train/run_time: 0.94855, lr: 0.00568, train/prefecth_time: 0.02920, eval/loss: 0.92366, eval/top-1-acc: 0.77000, eval/balanced_acc: 0.69444, eval/precision: 0.71771, eval/recall: 0.69444, eval/F1: 0.69799, eval/spec: 0.74419, eval/sens: 0.92982, test/loss: 0.97117, test/top-1-acc: 0.63934, test/balanced_acc: 0.64527, test/precision: 0.66538, test/recall: 0.64527, test/F1: 0.65017, test/spec: 0.85000, test/sens: 0.50000 BEST_EVAL_ACC: 0.7800, at 4313 iters BEST_TEST_ACC: 0.6557, at 4313 iters
[2024-03-01 01:59:25,244 INFO] 

epoch 95
[2024-03-01 02:00:24,375 INFO] validating...
[2024-03-01 02:00:27,962 INFO] model saved: saved_models/radformer/selfkd_v8_exp2_4/latest_model.pth
[2024-03-01 02:00:27,964 INFO] 5377 iteration, USE_EMA: True, train/sup_loss: 0.04177, train/unsup_loss: 0.04122, train/total_loss: 0.08299, train/util_ratio: 0.84821, train/run_time: 0.94533, lr: 0.00539, train/prefecth_time: 0.03411, eval/loss: 1.06642, eval/top-1-acc: 0.67000, eval/balanced_acc: 0.58845, eval/precision: 0.60185, eval/recall: 0.58845, eval/F1: 0.59179, eval/spec: 0.62791, eval/sens: 0.84211, test/loss: 0.97299, test/top-1-acc: 0.65574, test/balanced_acc: 0.65774, test/precision: 0.68696, test/recall: 0.65774, test/F1: 0.66164, test/spec: 0.88750, test/sens: 0.47619 BEST_EVAL_ACC: 0.7800, at 4313 iters BEST_TEST_ACC: 0.6557, at 4313 iters
[2024-03-01 02:00:27,968 INFO] 

epoch 96
[2024-03-01 02:01:27,185 INFO] validating...
[2024-03-01 02:01:30,625 INFO] model saved: saved_models/radformer/selfkd_v8_exp2_4/latest_model.pth
[2024-03-01 02:01:30,627 INFO] 5433 iteration, USE_EMA: True, train/sup_loss: 0.01772, train/unsup_loss: 0.03739, train/total_loss: 0.05511, train/util_ratio: 0.80357, train/run_time: 0.94889, lr: 0.00509, train/prefecth_time: 0.03708, eval/loss: 0.88590, eval/top-1-acc: 0.75000, eval/balanced_acc: 0.67909, eval/precision: 0.71979, eval/recall: 0.67909, eval/F1: 0.69528, eval/spec: 0.69767, eval/sens: 0.89474, test/loss: 0.97766, test/top-1-acc: 0.64754, test/balanced_acc: 0.65207, test/precision: 0.67437, test/recall: 0.65207, test/F1: 0.65687, test/spec: 0.86250, test/sens: 0.50000 BEST_EVAL_ACC: 0.7800, at 4313 iters BEST_TEST_ACC: 0.6557, at 4313 iters
[2024-03-01 02:01:30,630 INFO] 

epoch 97
[2024-03-01 02:02:29,958 INFO] validating...
[2024-03-01 02:02:33,441 INFO] model saved: saved_models/radformer/selfkd_v8_exp2_4/latest_model.pth
[2024-03-01 02:02:34,023 INFO] model saved: saved_models/radformer/selfkd_v8_exp2_4/model_best.pth
[2024-03-01 02:02:34,024 INFO] 5489 iteration, USE_EMA: True, train/sup_loss: 0.01354, train/unsup_loss: 0.02576, train/total_loss: 0.03930, train/util_ratio: 0.79464, train/run_time: 0.94808, lr: 0.00480, train/prefecth_time: 0.02440, eval/loss: 0.92213, eval/top-1-acc: 0.79000, eval/balanced_acc: 0.73026, eval/precision: 0.76043, eval/recall: 0.73026, eval/F1: 0.74317, eval/spec: 0.76744, eval/sens: 0.91228, test/loss: 0.98526, test/top-1-acc: 0.64754, test/balanced_acc: 0.65094, test/precision: 0.67707, test/recall: 0.65094, test/F1: 0.65503, test/spec: 0.87500, test/sens: 0.47619 BEST_EVAL_ACC: 0.7900, at 5489 iters BEST_TEST_ACC: 0.6475, at 5489 iters
[2024-03-01 02:02:34,028 INFO] 

epoch 98
[2024-03-01 02:03:33,281 INFO] validating...
[2024-03-01 02:03:36,945 INFO] model saved: saved_models/radformer/selfkd_v8_exp2_4/latest_model.pth
[2024-03-01 02:03:36,947 INFO] 5545 iteration, USE_EMA: True, train/sup_loss: 0.02453, train/unsup_loss: 0.03025, train/total_loss: 0.05478, train/util_ratio: 0.79464, train/run_time: 0.94543, lr: 0.00450, train/prefecth_time: 0.02774, eval/loss: 0.91764, eval/top-1-acc: 0.76000, eval/balanced_acc: 0.68860, eval/precision: 0.70593, eval/recall: 0.68860, eval/F1: 0.69323, eval/spec: 0.74419, eval/sens: 0.91228, test/loss: 0.98377, test/top-1-acc: 0.64754, test/balanced_acc: 0.65094, test/precision: 0.67707, test/recall: 0.65094, test/F1: 0.65503, test/spec: 0.87500, test/sens: 0.47619 BEST_EVAL_ACC: 0.7900, at 5489 iters BEST_TEST_ACC: 0.6475, at 5489 iters
[2024-03-01 02:03:36,951 INFO] 

epoch 99
[2024-03-01 02:04:36,036 INFO] validating...
[2024-03-01 02:04:39,530 INFO] model saved: saved_models/radformer/selfkd_v8_exp2_4/latest_model.pth
[2024-03-01 02:04:39,531 INFO] 5601 iteration, USE_EMA: True, train/sup_loss: 0.00862, train/unsup_loss: 0.02220, train/total_loss: 0.03081, train/util_ratio: 0.80357, train/run_time: 0.94421, lr: 0.00420, train/prefecth_time: 0.03708, eval/loss: 0.94298, eval/top-1-acc: 0.73000, eval/balanced_acc: 0.66301, eval/precision: 0.68634, eval/recall: 0.66301, eval/F1: 0.67059, eval/spec: 0.67442, eval/sens: 0.87719, test/loss: 0.98238, test/top-1-acc: 0.64754, test/balanced_acc: 0.65207, test/precision: 0.67437, test/recall: 0.65207, test/F1: 0.65687, test/spec: 0.86250, test/sens: 0.50000 BEST_EVAL_ACC: 0.7900, at 5489 iters BEST_TEST_ACC: 0.6475, at 5489 iters
[2024-03-01 02:04:40,237 INFO] model saved: saved_models/radformer/selfkd_v8_exp2_4/latest_model.pth
[2024-03-01 02:04:40,596 INFO] Model loaded
wandb: - 0.009 MB of 0.009 MB uploadedwandb: \ 0.009 MB of 0.009 MB uploadedwandb: | 0.009 MB of 0.009 MB uploadedwandb: / 0.009 MB of 0.009 MB uploadedwandb: - 0.009 MB of 0.009 MB uploadedwandb: \ 0.009 MB of 0.009 MB uploadedwandb: | 0.009 MB of 0.009 MB uploadedwandb: / 0.009 MB of 0.009 MB uploadedwandb: - 0.009 MB of 0.104 MB uploadedwandb: \ 0.104 MB of 0.104 MB uploadedwandb: | 0.104 MB of 0.104 MB uploadedwandb: / 0.104 MB of 0.104 MB uploadedwandb:                                                                                
wandb: 
wandb: Run history:
wandb:          eval/F1 â–â–…â–„â–„â–…â–„â–†â–†â–†â–‡â–†â–†â–‡â–ˆâ–‡â–‡â–‡â–‡â–‡â–‡â–ˆâ–‡â–ˆâ–‡â–‡â–‡â–‡â–ˆâ–ˆâ–‡â–ˆâ–ˆâ–ˆâ–ˆâ–ˆâ–‡â–‡â–‡â–‡â–‡
wandb:    eval/best-acc â–â–ƒâ–…â–…â–…â–ˆâ–ˆâ–‡â–ˆâ–ˆâ–ˆâ–ˆâ–ˆâ–ˆâ–ˆâ–ˆâ–ˆâ–ˆâ–ˆâ–ˆâ–ˆâ–ˆâ–ˆ
wandb:   eval/precision â–â–†â–„â–†â–†â–…â–ˆâ–†â–‡â–ˆâ–‡â–†â–ˆâ–ˆâ–‡â–ˆâ–ˆâ–‡â–‡â–‡â–ˆâ–‡â–‡â–‡â–†â–‡â–‡â–‡â–‡â–‡â–ˆâ–ˆâ–ˆâ–ˆâ–ˆâ–‡â–†â–‡â–‡â–‡
wandb:      eval/recall â–â–„â–„â–„â–…â–„â–†â–†â–†â–‡â–†â–†â–‡â–ˆâ–‡â–‡â–‡â–‡â–‡â–‡â–ˆâ–‡â–ˆâ–‡â–‡â–‡â–‡â–ˆâ–ˆâ–‡â–ˆâ–‡â–ˆâ–ˆâ–ˆâ–‡â–‡â–‡â–‡â–‡
wandb:   eval/top-1-acc â–â–†â–†â–†â–†â–†â–‡â–‡â–‡â–‡â–‡â–‡â–ˆâ–ˆâ–‡â–ˆâ–‡â–‡â–‡â–‡â–ˆâ–‡â–ˆâ–ˆâ–‡â–‡â–‡â–ˆâ–ˆâ–‡â–ˆâ–ˆâ–ˆâ–ˆâ–ˆâ–‡â–‡â–‡â–ˆâ–‡
wandb:               lr â–â–ƒâ–…â–‡â–ˆâ–ˆâ–ˆâ–ˆâ–ˆâ–ˆâ–ˆâ–ˆâ–ˆâ–ˆâ–‡â–‡â–‡â–‡â–‡â–‡â–‡â–‡â–†â–†â–†â–†â–†â–…â–…â–…â–…â–…â–„â–„â–„â–„â–ƒâ–ƒâ–ƒâ–‚
wandb:          test/F1 â–â–â–‚â–â–â–â–‚â–ƒâ–ƒâ–„â–…â–…â–…â–†â–‡â–†â–†â–‡â–†â–‡â–†â–‡â–‡â–‡â–‡â–‡â–‡â–‡â–‡â–‡â–ˆâ–ˆâ–ˆâ–ˆâ–ˆâ–ˆâ–ˆâ–ˆâ–ˆâ–ˆ
wandb:   test/precision â–â–†â–†â–‡â–ˆâ–ˆâ–‡â–‡â–†â–‡â–‡â–‡â–‡â–‡â–‡â–‡â–‡â–‡â–†â–‡â–‡â–‡â–‡â–‡â–‡â–‡â–‡â–‡â–‡â–‡â–ˆâ–ˆâ–ˆâ–ˆâ–‡â–ˆâ–‡â–‡â–‡â–‡
wandb:      test/recall â–â–‚â–‚â–‚â–‚â–‚â–ƒâ–ƒâ–„â–„â–…â–…â–…â–…â–†â–†â–†â–†â–†â–‡â–†â–‡â–‡â–‡â–‡â–‡â–†â–‡â–‡â–‡â–ˆâ–ˆâ–ˆâ–ˆâ–ˆâ–ˆâ–ˆâ–ˆâ–ˆâ–ˆ
wandb:   test/top-1-acc â–â–‚â–ƒâ–ƒâ–ƒâ–ƒâ–„â–„â–…â–…â–†â–†â–†â–†â–‡â–†â–†â–‡â–†â–‡â–‡â–‡â–‡â–‡â–‡â–‡â–‡â–‡â–‡â–‡â–ˆâ–ˆâ–ˆâ–ˆâ–ˆâ–ˆâ–ˆâ–ˆâ–ˆâ–ˆ
wandb:   train/run_time â–ƒâ–…â–â–‚â–ƒâ–‚â–„â–ƒâ–ƒâ–ƒâ–‚â–ƒâ–‚â–â–‚â–ƒâ–ˆâ–…â–„â–‚â–ƒâ–ƒâ–ƒâ–ƒâ–ƒâ–‚â–â–‚â–ˆâ–‚â–‚â–ƒâ–‚â–…â–„â–‚â–‚â–ƒâ–â–‚
wandb:   train/sup_loss â–ˆâ–…â–„â–ƒâ–ƒâ–‚â–‚â–‚â–â–‚â–â–â–‚â–â–â–â–â–â–â–â–‚â–‚â–â–â–â–â–â–â–â–â–â–â–â–â–â–â–â–â–â–
wandb: train/total_loss â–ˆâ–…â–…â–ƒâ–ƒâ–ƒâ–‚â–‚â–‚â–‚â–‚â–‚â–‚â–â–â–â–â–â–â–â–‚â–‚â–â–â–â–â–â–â–â–â–â–â–â–â–â–â–â–â–â–
wandb: train/unsup_loss â–ˆâ–†â–…â–…â–„â–„â–„â–ƒâ–ƒâ–ƒâ–ƒâ–‚â–‚â–‚â–‚â–‚â–‚â–‚â–‚â–â–â–â–â–â–â–â–â–â–â–â–â–â–â–â–â–â–â–â–â–
wandb: train/util_ratio â–ƒâ–…â–„â–ƒâ–…â–„â–†â–…â–„â–†â–„â–†â–…â–ƒâ–„â–…â–‚â–„â–„â–ƒâ–„â–†â–…â–ƒâ–„â–„â–ƒâ–†â–„â–„â–ƒâ–ˆâ–„â–…â–…â–…â–‡â–…â–â–†
wandb: 
wandb: Run summary:
wandb:          eval/F1 0.67059
wandb:    eval/best-acc 0.78
wandb:   eval/precision 0.68634
wandb:      eval/recall 0.66301
wandb:   eval/top-1-acc 0.73
wandb:               lr 0.0042
wandb:          test/F1 0.65687
wandb:   test/precision 0.67437
wandb:      test/recall 0.65207
wandb:   test/top-1-acc 0.64754
wandb:   train/run_time 0.94421
wandb:   train/sup_loss 0.00862
wandb: train/total_loss 0.03081
wandb: train/unsup_loss 0.0222
wandb: train/util_ratio 0.80357
wandb: 
wandb: ðŸš€ View run selfkd_v8_exp2_4 at: https://wandb.ai/satwikdpshrit/radformer/runs/ieutcten
wandb: ï¸âš¡ View job at https://wandb.ai/satwikdpshrit/radformer/jobs/QXJ0aWZhY3RDb2xsZWN0aW9uOjE0Mzc3ODU5NQ==/version_details/v0
wandb: Synced 6 W&B file(s), 0 media file(s), 0 artifact file(s) and 0 other file(s)
wandb: Find logs at: saved_models/radformer/wandb/selfkd_v8_exp2_4/wandb/run-20240301_001838-ieutcten/logs
[2024-03-01 02:04:56,570 INFO] Model result - eval/best_f1 : 0.7431683784624962
[2024-03-01 02:04:56,570 INFO] Model result - eval/best_it : 5488
[2024-03-01 02:04:56,570 INFO] Model result - test/best_acc : 0.6475409836065574
[2024-03-01 02:04:59,883 INFO] Best model on target dataset (without EMA): acc = 0.6393, agreement = 0.6721, spec = 0.88, sens = 0.48
[2024-03-01 02:05:03,143 INFO] Best model on target dataset (with EMA): acc = 0.6475, agreement = 0.6803, spec = 0.88, sens = 0.48
[2024-03-01 02:05:03,143 WARNING] GPU 0 training is FINISHED
